[ 2018-11-11T16:16:46+08:00 ] 127.0.0.1 /
INFO: [ app_init ] --START--
INFO: Run Behavior\BuildLiteBehavior [ RunTime:0.000000s ]
INFO: [ app_init ] --END-- [ RunTime:0.002001s ]
INFO: [ app_begin ] --START--
INFO: Run Behavior\ReadHtmlCacheBehavior [ RunTime:0.000000s ]
INFO: Run Behavior\CronRunBehavior [ RunTime:0.001000s ]
INFO: [ app_begin ] --END-- [ RunTime:0.001000s ]
SQL: SHOW COLUMNS FROM `web_webconfig` [ RunTime:0.0050s ]
SQL: SELECT * FROM `web_webconfig` WHERE `id` = 1 LIMIT 1   [ RunTime:0.0010s ]
SQL: SHOW COLUMNS FROM `web_links` [ RunTime:0.0020s ]
SQL: SELECT * FROM `web_links`  [ RunTime:0.0010s ]
SQL: SHOW COLUMNS FROM `web_picture` [ RunTime:0.0020s ]
SQL: SHOW COLUMNS FROM `web_print` [ RunTime:0.0010s ]
SQL: SELECT * FROM `web_picture` WHERE `type` = 1 AND `status` = 1 LIMIT 3   [ RunTime:0.0000s ]
SQL: SELECT * FROM `web_print` ORDER BY id desc  [ RunTime:0.0000s ]
INFO: [ view_parse ] --START--
INFO: [ template_filter ] --START--
INFO: Run Behavior\ContentReplaceBehavior [ RunTime:0.000000s ]
INFO: [ template_filter ] --END-- [ RunTime:0.000000s ]
NOTIC: [8] Undefined index: id D:\lfs\lfs-master\App\Runtime\Cache\Home\fecaaaddcbaff093f7b7ce7eafabd0d2.php 第 53 行.
NOTIC: [8] Undefined index: id D:\lfs\lfs-master\App\Runtime\Cache\Home\fecaaaddcbaff093f7b7ce7eafabd0d2.php 第 54 行.
NOTIC: [8] Undefined index: id D:\lfs\lfs-master\App\Runtime\Cache\Home\fecaaaddcbaff093f7b7ce7eafabd0d2.php 第 55 行.
NOTIC: [8] Undefined index: id D:\lfs\lfs-master\App\Runtime\Cache\Home\fecaaaddcbaff093f7b7ce7eafabd0d2.php 第 56 行.
NOTIC: [8] Undefined index: id D:\lfs\lfs-master\App\Runtime\Cache\Home\fecaaaddcbaff093f7b7ce7eafabd0d2.php 第 57 行.
NOTIC: [8] Undefined index: id D:\lfs\lfs-master\App\Runtime\Cache\Home\fecaaaddcbaff093f7b7ce7eafabd0d2.php 第 58 行.
NOTIC: [8] Undefined index: id D:\lfs\lfs-master\App\Runtime\Cache\Home\fecaaaddcbaff093f7b7ce7eafabd0d2.php 第 59 行.
NOTIC: [8] Undefined index: art_type D:\lfs\lfs-master\App\Runtime\Cache\Home\fecaaaddcbaff093f7b7ce7eafabd0d2.php 第 106 行.
NOTIC: [8] Undefined index: art_type D:\lfs\lfs-master\App\Runtime\Cache\Home\fecaaaddcbaff093f7b7ce7eafabd0d2.php 第 106 行.
NOTIC: [8] Undefined index: art_type D:\lfs\lfs-master\App\Runtime\Cache\Home\fecaaaddcbaff093f7b7ce7eafabd0d2.php 第 106 行.
NOTIC: [8] Undefined index: art_type D:\lfs\lfs-master\App\Runtime\Cache\Home\fecaaaddcbaff093f7b7ce7eafabd0d2.php 第 106 行.
NOTIC: [8] Undefined index: art_type D:\lfs\lfs-master\App\Runtime\Cache\Home\fecaaaddcbaff093f7b7ce7eafabd0d2.php 第 106 行.
NOTIC: [8] Undefined index: art_type D:\lfs\lfs-master\App\Runtime\Cache\Home\fecaaaddcbaff093f7b7ce7eafabd0d2.php 第 106 行.
INFO: Run Behavior\ParseTemplateBehavior [ RunTime:0.009000s ]
INFO: [ view_parse ] --END-- [ RunTime:0.009000s ]
INFO: [ view_filter ] --START--
INFO: Run Behavior\WriteHtmlCacheBehavior [ RunTime:0.000000s ]
INFO: Run Behavior\TokenBuildBehavior [ RunTime:0.001000s ]
INFO: [ view_filter ] --END-- [ RunTime:0.001000s ]
INFO: [ app_end ] --START--
INFO: Run Behavior\ShowPageTraceBehavior [ RunTime:0.000000s ]
INFO: [ app_end ] --END-- [ RunTime:0.000000s ]

[ 2018-11-11T16:16:46+08:00 ] 127.0.0.1 /Public/images/home/1_03.png
INFO: [ app_init ] --START--
INFO: Run Behavior\BuildLiteBehavior [ RunTime:0.000000s ]
INFO: [ app_init ] --END-- [ RunTime:0.001000s ]

[ 2018-11-11T16:16:57+08:00 ] 127.0.0.1 /
INFO: [ app_init ] --START--
INFO: Run Behavior\BuildLiteBehavior [ RunTime:0.000000s ]
INFO: [ app_init ] --END-- [ RunTime:0.000000s ]
INFO: [ app_begin ] --START--
INFO: Run Behavior\ReadHtmlCacheBehavior [ RunTime:0.000000s ]
INFO: Run Behavior\CronRunBehavior [ RunTime:0.000000s ]
INFO: [ app_begin ] --END-- [ RunTime:0.000000s ]
SQL: SHOW COLUMNS FROM `web_webconfig` [ RunTime:0.0010s ]
SQL: SELECT * FROM `web_webconfig` WHERE `id` = 1 LIMIT 1   [ RunTime:0.0000s ]

[ 2018-11-11T16:28:41+08:00 ] 127.0.0.1 /
INFO: [ app_init ] --START--
INFO: Run Behavior\BuildLiteBehavior [ RunTime:0.000000s ]
INFO: [ app_init ] --END-- [ RunTime:0.000000s ]
INFO: [ app_begin ] --START--
INFO: Run Behavior\ReadHtmlCacheBehavior [ RunTime:0.001000s ]
INFO: Run Behavior\CronRunBehavior [ RunTime:0.000000s ]
INFO: [ app_begin ] --END-- [ RunTime:0.001000s ]
SQL: SHOW COLUMNS FROM `web_webconfig` [ RunTime:0.0010s ]
SQL: SELECT * FROM `web_webconfig` WHERE `id` = 1 LIMIT 1   [ RunTime:0.0000s ]
SQL: SHOW COLUMNS FROM `web_links` [ RunTime:0.0010s ]
SQL: SELECT * FROM `web_links`  [ RunTime:0.0000s ]
SQL: SHOW COLUMNS FROM `web_picture` [ RunTime:0.0010s ]
SQL: SHOW COLUMNS FROM `web_print` [ RunTime:0.0010s ]
SQL: SELECT * FROM `web_picture` WHERE `type` = 1 AND `status` = 1 LIMIT 3   [ RunTime:0.0000s ]
SQL: SELECT * FROM `web_print` ORDER BY id desc  [ RunTime:0.0000s ]
INFO: [ view_parse ] --START--
INFO: [ template_filter ] --START--
INFO: Run Behavior\ContentReplaceBehavior [ RunTime:0.000000s ]
INFO: [ template_filter ] --END-- [ RunTime:0.000000s ]
NOTIC: [8] Undefined index: id D:\lfs\lfs-master\App\Runtime\Cache\Home\fecaaaddcbaff093f7b7ce7eafabd0d2.php 第 53 行.
NOTIC: [8] Undefined index: id D:\lfs\lfs-master\App\Runtime\Cache\Home\fecaaaddcbaff093f7b7ce7eafabd0d2.php 第 54 行.
NOTIC: [8] Undefined index: id D:\lfs\lfs-master\App\Runtime\Cache\Home\fecaaaddcbaff093f7b7ce7eafabd0d2.php 第 55 行.
NOTIC: [8] Undefined index: id D:\lfs\lfs-master\App\Runtime\Cache\Home\fecaaaddcbaff093f7b7ce7eafabd0d2.php 第 56 行.
NOTIC: [8] Undefined index: id D:\lfs\lfs-master\App\Runtime\Cache\Home\fecaaaddcbaff093f7b7ce7eafabd0d2.php 第 57 行.
NOTIC: [8] Undefined index: id D:\lfs\lfs-master\App\Runtime\Cache\Home\fecaaaddcbaff093f7b7ce7eafabd0d2.php 第 58 行.
NOTIC: [8] Undefined index: id D:\lfs\lfs-master\App\Runtime\Cache\Home\fecaaaddcbaff093f7b7ce7eafabd0d2.php 第 59 行.
NOTIC: [8] Undefined index: art_type D:\lfs\lfs-master\App\Runtime\Cache\Home\fecaaaddcbaff093f7b7ce7eafabd0d2.php 第 106 行.
NOTIC: [8] Undefined index: art_type D:\lfs\lfs-master\App\Runtime\Cache\Home\fecaaaddcbaff093f7b7ce7eafabd0d2.php 第 106 行.
NOTIC: [8] Undefined index: art_type D:\lfs\lfs-master\App\Runtime\Cache\Home\fecaaaddcbaff093f7b7ce7eafabd0d2.php 第 106 行.
NOTIC: [8] Undefined index: art_type D:\lfs\lfs-master\App\Runtime\Cache\Home\fecaaaddcbaff093f7b7ce7eafabd0d2.php 第 106 行.
NOTIC: [8] Undefined index: art_type D:\lfs\lfs-master\App\Runtime\Cache\Home\fecaaaddcbaff093f7b7ce7eafabd0d2.php 第 106 行.
NOTIC: [8] Undefined index: art_type D:\lfs\lfs-master\App\Runtime\Cache\Home\fecaaaddcbaff093f7b7ce7eafabd0d2.php 第 106 行.
INFO: Run Behavior\ParseTemplateBehavior [ RunTime:0.010000s ]
INFO: [ view_parse ] --END-- [ RunTime:0.010000s ]
INFO: [ view_filter ] --START--
INFO: Run Behavior\WriteHtmlCacheBehavior [ RunTime:0.000000s ]
INFO: Run Behavior\TokenBuildBehavior [ RunTime:0.001000s ]
INFO: [ view_filter ] --END-- [ RunTime:0.001000s ]
INFO: [ app_end ] --START--
INFO: Run Behavior\ShowPageTraceBehavior [ RunTime:0.001000s ]
INFO: [ app_end ] --END-- [ RunTime:0.001000s ]

[ 2018-11-11T16:28:41+08:00 ] 127.0.0.1 /Public/images/home/1_03.png
INFO: [ app_init ] --START--
INFO: Run Behavior\BuildLiteBehavior [ RunTime:0.000000s ]
INFO: [ app_init ] --END-- [ RunTime:0.000000s ]

[ 2018-11-11T16:28:45+08:00 ] 127.0.0.1 /
INFO: [ app_init ] --START--
INFO: Run Behavior\BuildLiteBehavior [ RunTime:0.000000s ]
INFO: [ app_init ] --END-- [ RunTime:0.000000s ]
INFO: [ app_begin ] --START--
INFO: Run Behavior\ReadHtmlCacheBehavior [ RunTime:0.001001s ]
INFO: Run Behavior\CronRunBehavior [ RunTime:0.000000s ]
INFO: [ app_begin ] --END-- [ RunTime:0.001001s ]
SQL: SHOW COLUMNS FROM `web_webconfig` [ RunTime:0.0010s ]
SQL: SELECT * FROM `web_webconfig` WHERE `id` = 1 LIMIT 1   [ RunTime:0.0000s ]

[ 2018-11-11T16:33:36+08:00 ] 127.0.0.1 /
INFO: [ app_init ] --START--
INFO: Run Behavior\BuildLiteBehavior [ RunTime:0.000000s ]
INFO: [ app_init ] --END-- [ RunTime:0.001000s ]
INFO: [ app_begin ] --START--
INFO: Run Behavior\ReadHtmlCacheBehavior [ RunTime:0.000000s ]
INFO: Run Behavior\CronRunBehavior [ RunTime:0.001000s ]
INFO: [ app_begin ] --END-- [ RunTime:0.001000s ]
SQL: SHOW COLUMNS FROM `web_webconfig` [ RunTime:0.0010s ]
SQL: SELECT * FROM `web_webconfig` WHERE `id` = 1 LIMIT 1   [ RunTime:0.0000s ]

[ 2018-11-11T20:14:38+08:00 ] 127.0.0.1 /
INFO: [ app_init ] --START--
INFO: Run Behavior\BuildLiteBehavior [ RunTime:0.000000s ]
INFO: [ app_init ] --END-- [ RunTime:0.000000s ]
INFO: [ app_begin ] --START--
INFO: Run Behavior\ReadHtmlCacheBehavior [ RunTime:0.001000s ]
INFO: Run Behavior\CronRunBehavior [ RunTime:0.000000s ]
INFO: [ app_begin ] --END-- [ RunTime:0.001000s ]
SQL: SHOW COLUMNS FROM `web_webconfig` [ RunTime:0.0020s ]
SQL: SELECT * FROM `web_webconfig` WHERE `id` = 1 LIMIT 1   [ RunTime:0.0000s ]
SQL: SHOW COLUMNS FROM `web_links` [ RunTime:0.0020s ]
SQL: SELECT * FROM `web_links`  [ RunTime:0.0000s ]
SQL: SHOW COLUMNS FROM `web_picture` [ RunTime:0.0010s ]
SQL: SHOW COLUMNS FROM `web_print` [ RunTime:0.0020s ]
SQL: SELECT * FROM `web_picture` WHERE `type` = 1 AND `status` = 1 LIMIT 3   [ RunTime:0.0000s ]
SQL: SELECT * FROM `web_print` ORDER BY id desc  [ RunTime:0.0010s ]
INFO: [ view_parse ] --START--
INFO: [ template_filter ] --START--
INFO: Run Behavior\ContentReplaceBehavior [ RunTime:0.000000s ]
INFO: [ template_filter ] --END-- [ RunTime:0.000000s ]
NOTIC: [8] Undefined index: id D:\lfs\lfs-master\App\Runtime\Cache\Home\fecaaaddcbaff093f7b7ce7eafabd0d2.php 第 53 行.
NOTIC: [8] Undefined index: id D:\lfs\lfs-master\App\Runtime\Cache\Home\fecaaaddcbaff093f7b7ce7eafabd0d2.php 第 54 行.
NOTIC: [8] Undefined index: id D:\lfs\lfs-master\App\Runtime\Cache\Home\fecaaaddcbaff093f7b7ce7eafabd0d2.php 第 55 行.
NOTIC: [8] Undefined index: id D:\lfs\lfs-master\App\Runtime\Cache\Home\fecaaaddcbaff093f7b7ce7eafabd0d2.php 第 56 行.
NOTIC: [8] Undefined index: id D:\lfs\lfs-master\App\Runtime\Cache\Home\fecaaaddcbaff093f7b7ce7eafabd0d2.php 第 57 行.
NOTIC: [8] Undefined index: id D:\lfs\lfs-master\App\Runtime\Cache\Home\fecaaaddcbaff093f7b7ce7eafabd0d2.php 第 58 行.
NOTIC: [8] Undefined index: id D:\lfs\lfs-master\App\Runtime\Cache\Home\fecaaaddcbaff093f7b7ce7eafabd0d2.php 第 59 行.
NOTIC: [8] Undefined index: art_type D:\lfs\lfs-master\App\Runtime\Cache\Home\fecaaaddcbaff093f7b7ce7eafabd0d2.php 第 106 行.
NOTIC: [8] Undefined index: art_type D:\lfs\lfs-master\App\Runtime\Cache\Home\fecaaaddcbaff093f7b7ce7eafabd0d2.php 第 106 行.
NOTIC: [8] Undefined index: art_type D:\lfs\lfs-master\App\Runtime\Cache\Home\fecaaaddcbaff093f7b7ce7eafabd0d2.php 第 106 行.
NOTIC: [8] Undefined index: art_type D:\lfs\lfs-master\App\Runtime\Cache\Home\fecaaaddcbaff093f7b7ce7eafabd0d2.php 第 106 行.
NOTIC: [8] Undefined index: art_type D:\lfs\lfs-master\App\Runtime\Cache\Home\fecaaaddcbaff093f7b7ce7eafabd0d2.php 第 106 行.
NOTIC: [8] Undefined index: art_type D:\lfs\lfs-master\App\Runtime\Cache\Home\fecaaaddcbaff093f7b7ce7eafabd0d2.php 第 106 行.
INFO: Run Behavior\ParseTemplateBehavior [ RunTime:0.009001s ]
INFO: [ view_parse ] --END-- [ RunTime:0.009001s ]
INFO: [ view_filter ] --START--
INFO: Run Behavior\WriteHtmlCacheBehavior [ RunTime:0.000000s ]
INFO: Run Behavior\TokenBuildBehavior [ RunTime:0.000000s ]
INFO: [ view_filter ] --END-- [ RunTime:0.000000s ]
INFO: [ app_end ] --START--
INFO: Run Behavior\ShowPageTraceBehavior [ RunTime:0.001000s ]
INFO: [ app_end ] --END-- [ RunTime:0.001000s ]

[ 2018-11-11T20:14:38+08:00 ] 127.0.0.1 /Public/images/home/1_03.png
INFO: [ app_init ] --START--
INFO: Run Behavior\BuildLiteBehavior [ RunTime:0.000000s ]
INFO: [ app_init ] --END-- [ RunTime:0.001000s ]

[ 2018-11-11T20:14:40+08:00 ] 127.0.0.1 /
INFO: [ app_init ] --START--
INFO: Run Behavior\BuildLiteBehavior [ RunTime:0.000000s ]
INFO: [ app_init ] --END-- [ RunTime:0.000000s ]
INFO: [ app_begin ] --START--
INFO: Run Behavior\ReadHtmlCacheBehavior [ RunTime:0.000000s ]
INFO: Run Behavior\CronRunBehavior [ RunTime:0.000000s ]
INFO: [ app_begin ] --END-- [ RunTime:0.000000s ]
SQL: SHOW COLUMNS FROM `web_webconfig` [ RunTime:0.0010s ]
SQL: SELECT * FROM `web_webconfig` WHERE `id` = 1 LIMIT 1   [ RunTime:0.0010s ]

