[ 2018-11-07T14:50:22+08:00 ] 127.0.0.1 /
INFO: [ app_init ] --START--
INFO: Run Behavior\BuildLiteBehavior [ RunTime:0.000000s ]
INFO: [ app_init ] --END-- [ RunTime:0.001000s ]
INFO: [ app_begin ] --START--
INFO: Run Behavior\ReadHtmlCacheBehavior [ RunTime:0.001000s ]
INFO: Run Behavior\CronRunBehavior [ RunTime:0.001000s ]
INFO: [ app_begin ] --END-- [ RunTime:0.002000s ]
SQL: SHOW COLUMNS FROM `web_webconfig` [ RunTime:0.4530s ]
SQL: SELECT * FROM `web_webconfig` WHERE `id` = 1 LIMIT 1   [ RunTime:0.0010s ]
SQL: SHOW COLUMNS FROM `web_links` [ RunTime:0.2340s ]
SQL: SELECT * FROM `web_links`  [ RunTime:0.0000s ]
SQL: SHOW COLUMNS FROM `web_picture` [ RunTime:0.0350s ]
SQL: SHOW COLUMNS FROM `web_print` [ RunTime:0.0090s ]
SQL: SELECT * FROM `web_picture` WHERE `type` = 1 AND `status` = 1 LIMIT 3   [ RunTime:0.0000s ]
SQL: SELECT * FROM `web_print` ORDER BY id desc  [ RunTime:0.0030s ]
INFO: [ view_parse ] --START--
INFO: [ template_filter ] --START--
INFO: Run Behavior\ContentReplaceBehavior [ RunTime:0.001000s ]
INFO: [ template_filter ] --END-- [ RunTime:0.001000s ]
NOTIC: [8] Undefined index: id F:\lfs\lfs-master\App\Runtime\Cache\Home\b84fbf60cfcaca5ba8a02f59c36dcca3.php 第 53 行.
NOTIC: [8] Undefined index: id F:\lfs\lfs-master\App\Runtime\Cache\Home\b84fbf60cfcaca5ba8a02f59c36dcca3.php 第 54 行.
NOTIC: [8] Undefined index: id F:\lfs\lfs-master\App\Runtime\Cache\Home\b84fbf60cfcaca5ba8a02f59c36dcca3.php 第 55 行.
NOTIC: [8] Undefined index: id F:\lfs\lfs-master\App\Runtime\Cache\Home\b84fbf60cfcaca5ba8a02f59c36dcca3.php 第 56 行.
NOTIC: [8] Undefined index: id F:\lfs\lfs-master\App\Runtime\Cache\Home\b84fbf60cfcaca5ba8a02f59c36dcca3.php 第 57 行.
NOTIC: [8] Undefined index: id F:\lfs\lfs-master\App\Runtime\Cache\Home\b84fbf60cfcaca5ba8a02f59c36dcca3.php 第 58 行.
NOTIC: [8] Undefined index: id F:\lfs\lfs-master\App\Runtime\Cache\Home\b84fbf60cfcaca5ba8a02f59c36dcca3.php 第 59 行.
NOTIC: [8] Undefined index: art_type F:\lfs\lfs-master\App\Runtime\Cache\Home\b84fbf60cfcaca5ba8a02f59c36dcca3.php 第 106 行.
NOTIC: [8] Undefined index: art_type F:\lfs\lfs-master\App\Runtime\Cache\Home\b84fbf60cfcaca5ba8a02f59c36dcca3.php 第 106 行.
NOTIC: [8] Undefined index: art_type F:\lfs\lfs-master\App\Runtime\Cache\Home\b84fbf60cfcaca5ba8a02f59c36dcca3.php 第 106 行.
NOTIC: [8] Undefined index: art_type F:\lfs\lfs-master\App\Runtime\Cache\Home\b84fbf60cfcaca5ba8a02f59c36dcca3.php 第 106 行.
NOTIC: [8] Undefined index: art_type F:\lfs\lfs-master\App\Runtime\Cache\Home\b84fbf60cfcaca5ba8a02f59c36dcca3.php 第 106 行.
NOTIC: [8] Undefined index: art_type F:\lfs\lfs-master\App\Runtime\Cache\Home\b84fbf60cfcaca5ba8a02f59c36dcca3.php 第 106 行.
INFO: Run Behavior\ParseTemplateBehavior [ RunTime:0.047002s ]
INFO: [ view_parse ] --END-- [ RunTime:0.048002s ]
INFO: [ view_filter ] --START--
INFO: Run Behavior\WriteHtmlCacheBehavior [ RunTime:0.000000s ]
INFO: Run Behavior\TokenBuildBehavior [ RunTime:0.003001s ]
INFO: [ view_filter ] --END-- [ RunTime:0.003001s ]
INFO: [ app_end ] --START--
INFO: Run Behavior\ShowPageTraceBehavior [ RunTime:0.002000s ]
INFO: [ app_end ] --END-- [ RunTime:0.002000s ]

[ 2018-11-07T14:50:22+08:00 ] 127.0.0.1 /
INFO: [ app_init ] --START--
INFO: Run Behavior\BuildLiteBehavior [ RunTime:0.000000s ]
INFO: [ app_init ] --END-- [ RunTime:0.001000s ]
INFO: [ app_begin ] --START--
INFO: Run Behavior\ReadHtmlCacheBehavior [ RunTime:0.001000s ]
INFO: Run Behavior\CronRunBehavior [ RunTime:0.000000s ]
INFO: [ app_begin ] --END-- [ RunTime:0.002000s ]
SQL: SHOW COLUMNS FROM `web_webconfig` [ RunTime:0.4510s ]
SQL: SELECT * FROM `web_webconfig` WHERE `id` = 1 LIMIT 1   [ RunTime:0.0010s ]
SQL: SHOW COLUMNS FROM `web_links` [ RunTime:0.2380s ]
SQL: SELECT * FROM `web_links`  [ RunTime:0.0010s ]
SQL: SHOW COLUMNS FROM `web_picture` [ RunTime:0.0330s ]
SQL: SHOW COLUMNS FROM `web_print` [ RunTime:0.0090s ]
SQL: SELECT * FROM `web_picture` WHERE `type` = 1 AND `status` = 1 LIMIT 3   [ RunTime:0.0000s ]
SQL: SELECT * FROM `web_print` ORDER BY id desc  [ RunTime:0.0030s ]
INFO: [ view_parse ] --START--
INFO: [ template_filter ] --START--
INFO: Run Behavior\ContentReplaceBehavior [ RunTime:0.001000s ]
INFO: [ template_filter ] --END-- [ RunTime:0.001000s ]
NOTIC: [8] Undefined index: id F:\lfs\lfs-master\App\Runtime\Cache\Home\b84fbf60cfcaca5ba8a02f59c36dcca3.php 第 53 行.
NOTIC: [8] Undefined index: id F:\lfs\lfs-master\App\Runtime\Cache\Home\b84fbf60cfcaca5ba8a02f59c36dcca3.php 第 54 行.
NOTIC: [8] Undefined index: id F:\lfs\lfs-master\App\Runtime\Cache\Home\b84fbf60cfcaca5ba8a02f59c36dcca3.php 第 55 行.
NOTIC: [8] Undefined index: id F:\lfs\lfs-master\App\Runtime\Cache\Home\b84fbf60cfcaca5ba8a02f59c36dcca3.php 第 56 行.
NOTIC: [8] Undefined index: id F:\lfs\lfs-master\App\Runtime\Cache\Home\b84fbf60cfcaca5ba8a02f59c36dcca3.php 第 57 行.
NOTIC: [8] Undefined index: id F:\lfs\lfs-master\App\Runtime\Cache\Home\b84fbf60cfcaca5ba8a02f59c36dcca3.php 第 58 行.
NOTIC: [8] Undefined index: id F:\lfs\lfs-master\App\Runtime\Cache\Home\b84fbf60cfcaca5ba8a02f59c36dcca3.php 第 59 行.
NOTIC: [8] Undefined index: art_type F:\lfs\lfs-master\App\Runtime\Cache\Home\b84fbf60cfcaca5ba8a02f59c36dcca3.php 第 106 行.
NOTIC: [8] Undefined index: art_type F:\lfs\lfs-master\App\Runtime\Cache\Home\b84fbf60cfcaca5ba8a02f59c36dcca3.php 第 106 行.
NOTIC: [8] Undefined index: art_type F:\lfs\lfs-master\App\Runtime\Cache\Home\b84fbf60cfcaca5ba8a02f59c36dcca3.php 第 106 行.
NOTIC: [8] Undefined index: art_type F:\lfs\lfs-master\App\Runtime\Cache\Home\b84fbf60cfcaca5ba8a02f59c36dcca3.php 第 106 行.
NOTIC: [8] Undefined index: art_type F:\lfs\lfs-master\App\Runtime\Cache\Home\b84fbf60cfcaca5ba8a02f59c36dcca3.php 第 106 行.
NOTIC: [8] Undefined index: art_type F:\lfs\lfs-master\App\Runtime\Cache\Home\b84fbf60cfcaca5ba8a02f59c36dcca3.php 第 106 行.
INFO: Run Behavior\ParseTemplateBehavior [ RunTime:0.040002s ]
INFO: [ view_parse ] --END-- [ RunTime:0.040002s ]
INFO: [ view_filter ] --START--
INFO: Run Behavior\WriteHtmlCacheBehavior [ RunTime:0.001000s ]
INFO: Run Behavior\TokenBuildBehavior [ RunTime:0.004000s ]
INFO: [ view_filter ] --END-- [ RunTime:0.006000s ]
INFO: [ app_end ] --START--
INFO: Run Behavior\ShowPageTraceBehavior [ RunTime:0.001000s ]
INFO: [ app_end ] --END-- [ RunTime:0.001000s ]

[ 2018-11-07T14:50:24+08:00 ] 127.0.0.1 /
INFO: [ app_init ] --START--
INFO: Run Behavior\BuildLiteBehavior [ RunTime:0.000000s ]
INFO: [ app_init ] --END-- [ RunTime:0.002000s ]
INFO: [ app_begin ] --START--
INFO: Run Behavior\ReadHtmlCacheBehavior [ RunTime:0.001001s ]
INFO: Run Behavior\CronRunBehavior [ RunTime:0.001000s ]
INFO: [ app_begin ] --END-- [ RunTime:0.002001s ]
SQL: SHOW COLUMNS FROM `web_webconfig` [ RunTime:0.0020s ]
SQL: SELECT * FROM `web_webconfig` WHERE `id` = 1 LIMIT 1   [ RunTime:0.0010s ]
SQL: SHOW COLUMNS FROM `web_links` [ RunTime:0.0040s ]
SQL: SELECT * FROM `web_links`  [ RunTime:0.0010s ]
SQL: SHOW COLUMNS FROM `web_picture` [ RunTime:0.0020s ]
SQL: SHOW COLUMNS FROM `web_print` [ RunTime:0.0030s ]
SQL: SELECT * FROM `web_picture` WHERE `type` = 1 AND `status` = 1 LIMIT 3   [ RunTime:0.0010s ]
SQL: SELECT * FROM `web_print` ORDER BY id desc  [ RunTime:0.0030s ]
INFO: [ view_parse ] --START--
INFO: [ template_filter ] --START--
INFO: Run Behavior\ContentReplaceBehavior [ RunTime:0.000000s ]
INFO: [ template_filter ] --END-- [ RunTime:0.000000s ]
NOTIC: [8] Undefined index: id F:\lfs\lfs-master\App\Runtime\Cache\Home\b84fbf60cfcaca5ba8a02f59c36dcca3.php 第 53 行.
NOTIC: [8] Undefined index: id F:\lfs\lfs-master\App\Runtime\Cache\Home\b84fbf60cfcaca5ba8a02f59c36dcca3.php 第 54 行.
NOTIC: [8] Undefined index: id F:\lfs\lfs-master\App\Runtime\Cache\Home\b84fbf60cfcaca5ba8a02f59c36dcca3.php 第 55 行.
NOTIC: [8] Undefined index: id F:\lfs\lfs-master\App\Runtime\Cache\Home\b84fbf60cfcaca5ba8a02f59c36dcca3.php 第 56 行.
NOTIC: [8] Undefined index: id F:\lfs\lfs-master\App\Runtime\Cache\Home\b84fbf60cfcaca5ba8a02f59c36dcca3.php 第 57 行.
NOTIC: [8] Undefined index: id F:\lfs\lfs-master\App\Runtime\Cache\Home\b84fbf60cfcaca5ba8a02f59c36dcca3.php 第 58 行.
NOTIC: [8] Undefined index: id F:\lfs\lfs-master\App\Runtime\Cache\Home\b84fbf60cfcaca5ba8a02f59c36dcca3.php 第 59 行.
NOTIC: [8] Undefined index: art_type F:\lfs\lfs-master\App\Runtime\Cache\Home\b84fbf60cfcaca5ba8a02f59c36dcca3.php 第 106 行.
NOTIC: [8] Undefined index: art_type F:\lfs\lfs-master\App\Runtime\Cache\Home\b84fbf60cfcaca5ba8a02f59c36dcca3.php 第 106 行.
NOTIC: [8] Undefined index: art_type F:\lfs\lfs-master\App\Runtime\Cache\Home\b84fbf60cfcaca5ba8a02f59c36dcca3.php 第 106 行.
NOTIC: [8] Undefined index: art_type F:\lfs\lfs-master\App\Runtime\Cache\Home\b84fbf60cfcaca5ba8a02f59c36dcca3.php 第 106 行.
NOTIC: [8] Undefined index: art_type F:\lfs\lfs-master\App\Runtime\Cache\Home\b84fbf60cfcaca5ba8a02f59c36dcca3.php 第 106 行.
NOTIC: [8] Undefined index: art_type F:\lfs\lfs-master\App\Runtime\Cache\Home\b84fbf60cfcaca5ba8a02f59c36dcca3.php 第 106 行.
INFO: Run Behavior\ParseTemplateBehavior [ RunTime:0.022002s ]
INFO: [ view_parse ] --END-- [ RunTime:0.022002s ]
INFO: [ view_filter ] --START--
INFO: Run Behavior\WriteHtmlCacheBehavior [ RunTime:0.000000s ]
INFO: Run Behavior\TokenBuildBehavior [ RunTime:0.001000s ]
INFO: [ view_filter ] --END-- [ RunTime:0.001000s ]
INFO: [ app_end ] --START--
INFO: Run Behavior\ShowPageTraceBehavior [ RunTime:0.000000s ]
INFO: [ app_end ] --END-- [ RunTime:0.000000s ]

[ 2018-11-07T14:50:26+08:00 ] 127.0.0.1 /Public/images/home/1_03.png
INFO: [ app_init ] --START--
INFO: Run Behavior\BuildLiteBehavior [ RunTime:0.000000s ]
INFO: [ app_init ] --END-- [ RunTime:0.001000s ]

[ 2018-11-07T14:50:26+08:00 ] 127.0.0.1 /Public/images/home/1_03.png
INFO: [ app_init ] --START--
INFO: Run Behavior\BuildLiteBehavior [ RunTime:0.000000s ]
INFO: [ app_init ] --END-- [ RunTime:0.001000s ]

[ 2018-11-07T14:50:39+08:00 ] 127.0.0.1 /index.php/Article/product/id/100.html
INFO: [ app_init ] --START--
INFO: Run Behavior\BuildLiteBehavior [ RunTime:0.000000s ]
INFO: [ app_init ] --END-- [ RunTime:0.001000s ]
INFO: [ app_begin ] --START--
INFO: Run Behavior\ReadHtmlCacheBehavior [ RunTime:0.000000s ]
INFO: Run Behavior\CronRunBehavior [ RunTime:0.001000s ]
INFO: [ app_begin ] --END-- [ RunTime:0.001000s ]
SQL: SHOW COLUMNS FROM `web_webconfig` [ RunTime:0.0030s ]
SQL: SELECT * FROM `web_webconfig` WHERE `id` = 1 LIMIT 1   [ RunTime:0.0000s ]
SQL: SHOW COLUMNS FROM `web_links` [ RunTime:0.0020s ]
SQL: SELECT * FROM `web_links`  [ RunTime:0.0000s ]
SQL: SHOW COLUMNS FROM `web_article` [ RunTime:0.0870s ]
SQL: SHOW COLUMNS FROM `web_power` [ RunTime:0.0640s ]
SQL: SELECT p.pid,p.id,p.name,a.* FROM web_power as p INNER JOIN web_article as a on p.son_id=a.art_type  WHERE (  p.pid=86 ) AND (  son_id<>1 ) AND (  son_id<>4 ) AND (  son_id<>5 ) GROUP BY p.name ORDER BY p.id  [ RunTime:0.0110s ]
SQL: SELECT * FROM `web_article` WHERE ( art_type=1 ) LIMIT 1   [ RunTime:0.0010s ]
SQL: SELECT COUNT(*) AS tp_count FROM `web_article` WHERE `art_status` = 1 AND `art_type` = 100 LIMIT 1   [ RunTime:0.0010s ]
SQL: SELECT p.pid,p.id,p.name,a.* FROM web_power as p INNER JOIN web_article as a on p.son_id=a.art_type  WHERE `art_status` = 1 AND `art_type` = '100' ORDER BY p.id  [ RunTime:0.0030s ]
INFO: [ view_parse ] --START--
INFO: [ template_filter ] --START--
INFO: Run Behavior\ContentReplaceBehavior [ RunTime:0.000000s ]
INFO: [ template_filter ] --END-- [ RunTime:0.000000s ]
INFO: Run Behavior\ParseTemplateBehavior [ RunTime:0.023002s ]
INFO: [ view_parse ] --END-- [ RunTime:0.023002s ]
INFO: [ view_filter ] --START--
INFO: Run Behavior\WriteHtmlCacheBehavior [ RunTime:0.000000s ]
INFO: Run Behavior\TokenBuildBehavior [ RunTime:0.002000s ]
INFO: [ view_filter ] --END-- [ RunTime:0.002000s ]
INFO: [ app_end ] --START--
INFO: Run Behavior\ShowPageTraceBehavior [ RunTime:0.001000s ]
INFO: [ app_end ] --END-- [ RunTime:0.001000s ]

[ 2018-11-07T14:50:43+08:00 ] 127.0.0.1 /index.php/Article/activitylist/id/6.html
INFO: [ app_init ] --START--
INFO: Run Behavior\BuildLiteBehavior [ RunTime:0.000000s ]
INFO: [ app_init ] --END-- [ RunTime:0.001000s ]
INFO: [ app_begin ] --START--
INFO: Run Behavior\ReadHtmlCacheBehavior [ RunTime:0.001000s ]
INFO: Run Behavior\CronRunBehavior [ RunTime:0.001000s ]
INFO: [ app_begin ] --END-- [ RunTime:0.002000s ]
SQL: SHOW COLUMNS FROM `web_webconfig` [ RunTime:0.0020s ]
SQL: SELECT * FROM `web_webconfig` WHERE `id` = 1 LIMIT 1   [ RunTime:0.0000s ]
SQL: SHOW COLUMNS FROM `web_links` [ RunTime:0.0010s ]
SQL: SELECT * FROM `web_links`  [ RunTime:0.0000s ]
SQL: SHOW COLUMNS FROM `web_article` [ RunTime:0.0020s ]
SQL: SHOW COLUMNS FROM `web_power` [ RunTime:0.0020s ]
SQL: SELECT p.pid,p.name,a.art_title,a.id,a.art_type FROM web_power as p INNER JOIN web_article as a on p.son_id=a.art_type  WHERE ( pid=85 ) GROUP BY p.name ORDER BY p.id  [ RunTime:0.0010s ]
SQL: SELECT COUNT(*) AS tp_count FROM `web_article` WHERE `art_status` = 1 AND `art_type` = 6 LIMIT 1   [ RunTime:0.0010s ]
SQL: SELECT `art_title`,`id`,`art_type` FROM `web_article` WHERE ( art_type=6 ) LIMIT 0,10   [ RunTime:0.0010s ]
SQL: SELECT p.pid,p.name,a.* FROM web_power as p INNER JOIN web_article as a on p.son_id=a.art_type  WHERE `art_status` = 1 AND `art_type` = '6' ORDER BY p.id  [ RunTime:0.0030s ]
INFO: [ view_parse ] --START--
INFO: [ template_filter ] --START--
INFO: Run Behavior\ContentReplaceBehavior [ RunTime:0.001001s ]
INFO: [ template_filter ] --END-- [ RunTime:0.001001s ]
INFO: Run Behavior\ParseTemplateBehavior [ RunTime:0.047003s ]
INFO: [ view_parse ] --END-- [ RunTime:0.047003s ]
INFO: [ view_filter ] --START--
INFO: Run Behavior\WriteHtmlCacheBehavior [ RunTime:0.000000s ]
INFO: Run Behavior\TokenBuildBehavior [ RunTime:0.001000s ]
INFO: [ view_filter ] --END-- [ RunTime:0.001000s ]
INFO: [ app_end ] --START--
INFO: Run Behavior\ShowPageTraceBehavior [ RunTime:0.000000s ]
INFO: [ app_end ] --END-- [ RunTime:0.000000s ]

[ 2018-11-07T14:50:45+08:00 ] 127.0.0.1 /index.php/Index/drugstore/id/101.html
INFO: [ app_init ] --START--
INFO: Run Behavior\BuildLiteBehavior [ RunTime:0.000000s ]
INFO: [ app_init ] --END-- [ RunTime:0.000000s ]
INFO: [ app_begin ] --START--
INFO: Run Behavior\ReadHtmlCacheBehavior [ RunTime:0.001000s ]
INFO: Run Behavior\CronRunBehavior [ RunTime:0.000000s ]
INFO: [ app_begin ] --END-- [ RunTime:0.001000s ]
SQL: SHOW COLUMNS FROM `web_webconfig` [ RunTime:0.0020s ]
SQL: SELECT * FROM `web_webconfig` WHERE `id` = 1 LIMIT 1   [ RunTime:0.0010s ]
SQL: SHOW COLUMNS FROM `web_links` [ RunTime:0.0020s ]
SQL: SELECT * FROM `web_links`  [ RunTime:0.0000s ]
SQL: SHOW COLUMNS FROM `web_pharmacy` [ RunTime:0.0540s ]
SQL: SELECT * FROM `web_pharmacy`  [ RunTime:0.0000s ]
INFO: [ view_parse ] --START--
INFO: [ template_filter ] --START--
INFO: Run Behavior\ContentReplaceBehavior [ RunTime:0.000000s ]
INFO: [ template_filter ] --END-- [ RunTime:0.000000s ]
INFO: Run Behavior\ParseTemplateBehavior [ RunTime:0.032002s ]
INFO: [ view_parse ] --END-- [ RunTime:0.032002s ]
INFO: [ view_filter ] --START--
INFO: Run Behavior\WriteHtmlCacheBehavior [ RunTime:0.000000s ]
INFO: Run Behavior\TokenBuildBehavior [ RunTime:0.001000s ]
INFO: [ view_filter ] --END-- [ RunTime:0.001000s ]
INFO: [ app_end ] --START--
INFO: Run Behavior\ShowPageTraceBehavior [ RunTime:0.001000s ]
INFO: [ app_end ] --END-- [ RunTime:0.001000s ]

[ 2018-11-07T14:53:25+08:00 ] 127.0.0.1 /index.php/Index/drugstore/id/101.html
INFO: [ app_init ] --START--
INFO: Run Behavior\BuildLiteBehavior [ RunTime:0.001000s ]
INFO: [ app_init ] --END-- [ RunTime:0.001000s ]
INFO: [ app_begin ] --START--
INFO: Run Behavior\ReadHtmlCacheBehavior [ RunTime:0.001001s ]
INFO: Run Behavior\CronRunBehavior [ RunTime:0.000000s ]
INFO: [ app_begin ] --END-- [ RunTime:0.001001s ]
SQL: SHOW COLUMNS FROM `web_webconfig` [ RunTime:0.0020s ]
SQL: SELECT * FROM `web_webconfig` WHERE `id` = 1 LIMIT 1   [ RunTime:0.0010s ]
SQL: SHOW COLUMNS FROM `web_links` [ RunTime:0.0020s ]
SQL: SELECT * FROM `web_links`  [ RunTime:0.0000s ]
SQL: SHOW COLUMNS FROM `web_pharmacy` [ RunTime:0.0010s ]
SQL: SELECT * FROM `web_pharmacy`  [ RunTime:0.0000s ]
INFO: [ view_parse ] --START--
INFO: [ template_filter ] --START--
INFO: Run Behavior\ContentReplaceBehavior [ RunTime:0.000000s ]
INFO: [ template_filter ] --END-- [ RunTime:0.000000s ]
INFO: Run Behavior\ParseTemplateBehavior [ RunTime:0.014001s ]
INFO: [ view_parse ] --END-- [ RunTime:0.014001s ]
INFO: [ view_filter ] --START--
INFO: Run Behavior\WriteHtmlCacheBehavior [ RunTime:0.000000s ]
INFO: Run Behavior\TokenBuildBehavior [ RunTime:0.001000s ]
INFO: [ view_filter ] --END-- [ RunTime:0.001000s ]
INFO: [ app_end ] --START--
INFO: Run Behavior\ShowPageTraceBehavior [ RunTime:0.002000s ]
INFO: [ app_end ] --END-- [ RunTime:0.002000s ]

[ 2018-11-07T14:53:50+08:00 ] 127.0.0.1 /index.php/Index/drugstore/id/101.html
INFO: [ app_init ] --START--
INFO: Run Behavior\BuildLiteBehavior [ RunTime:0.000000s ]
INFO: [ app_init ] --END-- [ RunTime:0.001000s ]
INFO: [ app_begin ] --START--
INFO: Run Behavior\ReadHtmlCacheBehavior [ RunTime:0.001000s ]
INFO: Run Behavior\CronRunBehavior [ RunTime:0.000000s ]
INFO: [ app_begin ] --END-- [ RunTime:0.001000s ]
SQL: SHOW COLUMNS FROM `web_webconfig` [ RunTime:0.0020s ]
SQL: SELECT * FROM `web_webconfig` WHERE `id` = 1 LIMIT 1   [ RunTime:0.0000s ]
SQL: SHOW COLUMNS FROM `web_links` [ RunTime:0.0020s ]
SQL: SELECT * FROM `web_links`  [ RunTime:0.0000s ]
SQL: SHOW COLUMNS FROM `web_pharmacy` [ RunTime:0.0020s ]
SQL: SELECT * FROM `web_pharmacy`  [ RunTime:0.0000s ]
INFO: [ view_parse ] --START--
INFO: [ template_filter ] --START--
INFO: Run Behavior\ContentReplaceBehavior [ RunTime:0.000000s ]
INFO: [ template_filter ] --END-- [ RunTime:0.000000s ]
INFO: Run Behavior\ParseTemplateBehavior [ RunTime:0.014001s ]
INFO: [ view_parse ] --END-- [ RunTime:0.014001s ]
INFO: [ view_filter ] --START--
INFO: Run Behavior\WriteHtmlCacheBehavior [ RunTime:0.001000s ]
INFO: Run Behavior\TokenBuildBehavior [ RunTime:0.001000s ]
INFO: [ view_filter ] --END-- [ RunTime:0.002000s ]
INFO: [ app_end ] --START--
INFO: Run Behavior\ShowPageTraceBehavior [ RunTime:0.001000s ]
INFO: [ app_end ] --END-- [ RunTime:0.001000s ]

[ 2018-11-07T14:56:29+08:00 ] 127.0.0.1 /index.php/Index/drugstore/id/101.html
INFO: [ app_init ] --START--
INFO: Run Behavior\BuildLiteBehavior [ RunTime:0.001000s ]
INFO: [ app_init ] --END-- [ RunTime:0.001000s ]
INFO: [ app_begin ] --START--
INFO: Run Behavior\ReadHtmlCacheBehavior [ RunTime:0.001000s ]
INFO: Run Behavior\CronRunBehavior [ RunTime:0.000000s ]
INFO: [ app_begin ] --END-- [ RunTime:0.001000s ]
SQL: SHOW COLUMNS FROM `web_webconfig` [ RunTime:0.0020s ]
SQL: SELECT * FROM `web_webconfig` WHERE `id` = 1 LIMIT 1   [ RunTime:0.0000s ]
SQL: SHOW COLUMNS FROM `web_links` [ RunTime:0.0020s ]
SQL: SELECT * FROM `web_links`  [ RunTime:0.0000s ]
SQL: SHOW COLUMNS FROM `web_pharmacy` [ RunTime:0.0020s ]
SQL: SELECT * FROM `web_pharmacy`  [ RunTime:0.0000s ]
INFO: [ view_parse ] --START--
INFO: [ template_filter ] --START--
INFO: Run Behavior\ContentReplaceBehavior [ RunTime:0.000000s ]
INFO: [ template_filter ] --END-- [ RunTime:0.000000s ]
INFO: Run Behavior\ParseTemplateBehavior [ RunTime:0.014000s ]
INFO: [ view_parse ] --END-- [ RunTime:0.014000s ]
INFO: [ view_filter ] --START--
INFO: Run Behavior\WriteHtmlCacheBehavior [ RunTime:0.001000s ]
INFO: Run Behavior\TokenBuildBehavior [ RunTime:0.001001s ]
INFO: [ view_filter ] --END-- [ RunTime:0.002001s ]
INFO: [ app_end ] --START--
INFO: Run Behavior\ShowPageTraceBehavior [ RunTime:0.001000s ]
INFO: [ app_end ] --END-- [ RunTime:0.001000s ]

[ 2018-11-07T14:56:39+08:00 ] 127.0.0.1 /index.php/Index/drugstore/id/101.html
INFO: [ app_init ] --START--
INFO: Run Behavior\BuildLiteBehavior [ RunTime:0.000000s ]
INFO: [ app_init ] --END-- [ RunTime:0.001000s ]
INFO: [ app_begin ] --START--
INFO: Run Behavior\ReadHtmlCacheBehavior [ RunTime:0.001000s ]
INFO: Run Behavior\CronRunBehavior [ RunTime:0.000000s ]
INFO: [ app_begin ] --END-- [ RunTime:0.001000s ]
SQL: SHOW COLUMNS FROM `web_webconfig` [ RunTime:0.0050s ]
SQL: SELECT * FROM `web_webconfig` WHERE `id` = 1 LIMIT 1   [ RunTime:0.0000s ]
SQL: SHOW COLUMNS FROM `web_links` [ RunTime:0.0020s ]
SQL: SELECT * FROM `web_links`  [ RunTime:0.0000s ]
SQL: SHOW COLUMNS FROM `web_pharmacy` [ RunTime:0.0020s ]
SQL: SELECT * FROM `web_pharmacy`  [ RunTime:0.0010s ]
INFO: [ view_parse ] --START--
INFO: [ template_filter ] --START--
INFO: Run Behavior\ContentReplaceBehavior [ RunTime:0.000000s ]
INFO: [ template_filter ] --END-- [ RunTime:0.000000s ]
INFO: Run Behavior\ParseTemplateBehavior [ RunTime:0.014001s ]
INFO: [ view_parse ] --END-- [ RunTime:0.014001s ]
INFO: [ view_filter ] --START--
INFO: Run Behavior\WriteHtmlCacheBehavior [ RunTime:0.001000s ]
INFO: Run Behavior\TokenBuildBehavior [ RunTime:0.001000s ]
INFO: [ view_filter ] --END-- [ RunTime:0.002000s ]
INFO: [ app_end ] --START--
INFO: Run Behavior\ShowPageTraceBehavior [ RunTime:0.001000s ]
INFO: [ app_end ] --END-- [ RunTime:0.001000s ]

[ 2018-11-07T14:56:53+08:00 ] 127.0.0.1 /index.php/Index/drugstore/id/101.html
INFO: [ app_init ] --START--
INFO: Run Behavior\BuildLiteBehavior [ RunTime:0.000000s ]
INFO: [ app_init ] --END-- [ RunTime:0.001000s ]
INFO: [ app_begin ] --START--
INFO: Run Behavior\ReadHtmlCacheBehavior [ RunTime:0.001000s ]
INFO: Run Behavior\CronRunBehavior [ RunTime:0.000000s ]
INFO: [ app_begin ] --END-- [ RunTime:0.002000s ]
SQL: SHOW COLUMNS FROM `web_webconfig` [ RunTime:0.0020s ]
SQL: SELECT * FROM `web_webconfig` WHERE `id` = 1 LIMIT 1   [ RunTime:0.0000s ]
SQL: SHOW COLUMNS FROM `web_links` [ RunTime:0.0020s ]
SQL: SELECT * FROM `web_links`  [ RunTime:0.0000s ]
SQL: SHOW COLUMNS FROM `web_pharmacy` [ RunTime:0.0020s ]
SQL: SELECT * FROM `web_pharmacy`  [ RunTime:0.0010s ]
INFO: [ view_parse ] --START--
INFO: [ template_filter ] --START--
INFO: Run Behavior\ContentReplaceBehavior [ RunTime:0.000000s ]
INFO: [ template_filter ] --END-- [ RunTime:0.000000s ]
INFO: Run Behavior\ParseTemplateBehavior [ RunTime:0.013001s ]
INFO: [ view_parse ] --END-- [ RunTime:0.013001s ]
INFO: [ view_filter ] --START--
INFO: Run Behavior\WriteHtmlCacheBehavior [ RunTime:0.000000s ]
INFO: Run Behavior\TokenBuildBehavior [ RunTime:0.001000s ]
INFO: [ view_filter ] --END-- [ RunTime:0.001000s ]
INFO: [ app_end ] --START--
INFO: Run Behavior\ShowPageTraceBehavior [ RunTime:0.001000s ]
INFO: [ app_end ] --END-- [ RunTime:0.001000s ]

[ 2018-11-07T14:57:51+08:00 ] 127.0.0.1 /index.php/Index/drugstore/id/101.html
INFO: [ app_init ] --START--
INFO: Run Behavior\BuildLiteBehavior [ RunTime:0.000000s ]
INFO: [ app_init ] --END-- [ RunTime:0.001000s ]
INFO: [ app_begin ] --START--
INFO: Run Behavior\ReadHtmlCacheBehavior [ RunTime:0.001001s ]
INFO: Run Behavior\CronRunBehavior [ RunTime:0.000000s ]
INFO: [ app_begin ] --END-- [ RunTime:0.001001s ]
SQL: SHOW COLUMNS FROM `web_webconfig` [ RunTime:0.0020s ]
SQL: SELECT * FROM `web_webconfig` WHERE `id` = 1 LIMIT 1   [ RunTime:0.0000s ]
SQL: SHOW COLUMNS FROM `web_links` [ RunTime:0.0030s ]
SQL: SELECT * FROM `web_links`  [ RunTime:0.0010s ]
SQL: SHOW COLUMNS FROM `web_pharmacy` [ RunTime:0.0030s ]
SQL: SELECT * FROM `web_pharmacy`  [ RunTime:0.0000s ]
INFO: [ view_parse ] --START--
INFO: [ template_filter ] --START--
INFO: Run Behavior\ContentReplaceBehavior [ RunTime:0.000000s ]
INFO: [ template_filter ] --END-- [ RunTime:0.000000s ]
INFO: Run Behavior\ParseTemplateBehavior [ RunTime:0.016001s ]
INFO: [ view_parse ] --END-- [ RunTime:0.016001s ]
INFO: [ view_filter ] --START--
INFO: Run Behavior\WriteHtmlCacheBehavior [ RunTime:0.001000s ]
INFO: Run Behavior\TokenBuildBehavior [ RunTime:0.001000s ]
INFO: [ view_filter ] --END-- [ RunTime:0.002000s ]
INFO: [ app_end ] --START--
INFO: Run Behavior\ShowPageTraceBehavior [ RunTime:0.001000s ]
INFO: [ app_end ] --END-- [ RunTime:0.001000s ]

[ 2018-11-07T15:02:06+08:00 ] 127.0.0.1 /index.php/Index/drugstore/id/101.html
INFO: [ app_init ] --START--
INFO: Run Behavior\BuildLiteBehavior [ RunTime:0.000000s ]
INFO: [ app_init ] --END-- [ RunTime:0.000000s ]
INFO: [ app_begin ] --START--
INFO: Run Behavior\ReadHtmlCacheBehavior [ RunTime:0.001000s ]
INFO: Run Behavior\CronRunBehavior [ RunTime:0.000000s ]
INFO: [ app_begin ] --END-- [ RunTime:0.001000s ]
SQL: SHOW COLUMNS FROM `web_webconfig` [ RunTime:0.0020s ]
SQL: SELECT * FROM `web_webconfig` WHERE `id` = 1 LIMIT 1   [ RunTime:0.0000s ]
SQL: SHOW COLUMNS FROM `web_links` [ RunTime:0.0020s ]
SQL: SELECT * FROM `web_links`  [ RunTime:0.0010s ]
SQL: SHOW COLUMNS FROM `web_pharmacy` [ RunTime:0.0020s ]
SQL: SELECT * FROM `web_pharmacy`  [ RunTime:0.0000s ]
INFO: [ view_parse ] --START--
INFO: [ template_filter ] --START--
INFO: Run Behavior\ContentReplaceBehavior [ RunTime:0.000000s ]
INFO: [ template_filter ] --END-- [ RunTime:0.000000s ]
INFO: Run Behavior\ParseTemplateBehavior [ RunTime:0.016001s ]
INFO: [ view_parse ] --END-- [ RunTime:0.016001s ]
INFO: [ view_filter ] --START--
INFO: Run Behavior\WriteHtmlCacheBehavior [ RunTime:0.000000s ]
INFO: Run Behavior\TokenBuildBehavior [ RunTime:0.002000s ]
INFO: [ view_filter ] --END-- [ RunTime:0.002000s ]
INFO: [ app_end ] --START--
INFO: Run Behavior\ShowPageTraceBehavior [ RunTime:0.001000s ]
INFO: [ app_end ] --END-- [ RunTime:0.001000s ]

[ 2018-11-07T15:02:17+08:00 ] 127.0.0.1 /index.php/Index/drugstore/id/101.html
INFO: [ app_init ] --START--
INFO: Run Behavior\BuildLiteBehavior [ RunTime:0.000000s ]
INFO: [ app_init ] --END-- [ RunTime:0.000000s ]
INFO: [ app_begin ] --START--
INFO: Run Behavior\ReadHtmlCacheBehavior [ RunTime:0.001000s ]
INFO: Run Behavior\CronRunBehavior [ RunTime:0.001000s ]
INFO: [ app_begin ] --END-- [ RunTime:0.002000s ]
SQL: SHOW COLUMNS FROM `web_webconfig` [ RunTime:0.0020s ]
SQL: SELECT * FROM `web_webconfig` WHERE `id` = 1 LIMIT 1   [ RunTime:0.0000s ]
SQL: SHOW COLUMNS FROM `web_links` [ RunTime:0.0010s ]
SQL: SELECT * FROM `web_links`  [ RunTime:0.0000s ]
SQL: SHOW COLUMNS FROM `web_pharmacy` [ RunTime:0.0030s ]
SQL: SELECT * FROM `web_pharmacy`  [ RunTime:0.0010s ]
INFO: [ view_parse ] --START--
INFO: [ template_filter ] --START--
INFO: Run Behavior\ContentReplaceBehavior [ RunTime:0.001000s ]
INFO: [ template_filter ] --END-- [ RunTime:0.001000s ]
INFO: Run Behavior\ParseTemplateBehavior [ RunTime:0.015001s ]
INFO: [ view_parse ] --END-- [ RunTime:0.015001s ]
INFO: [ view_filter ] --START--
INFO: Run Behavior\WriteHtmlCacheBehavior [ RunTime:0.000000s ]
INFO: Run Behavior\TokenBuildBehavior [ RunTime:0.001000s ]
INFO: [ view_filter ] --END-- [ RunTime:0.002000s ]
INFO: [ app_end ] --START--
INFO: Run Behavior\ShowPageTraceBehavior [ RunTime:0.000000s ]
INFO: [ app_end ] --END-- [ RunTime:0.001000s ]

[ 2018-11-07T15:02:26+08:00 ] 127.0.0.1 /index.php/Index/drugstore/id/101.html
INFO: [ app_init ] --START--
INFO: Run Behavior\BuildLiteBehavior [ RunTime:0.000000s ]
INFO: [ app_init ] --END-- [ RunTime:0.000000s ]
INFO: [ app_begin ] --START--
INFO: Run Behavior\ReadHtmlCacheBehavior [ RunTime:0.001000s ]
INFO: Run Behavior\CronRunBehavior [ RunTime:0.000000s ]
INFO: [ app_begin ] --END-- [ RunTime:0.001000s ]
SQL: SHOW COLUMNS FROM `web_webconfig` [ RunTime:0.0040s ]
SQL: SELECT * FROM `web_webconfig` WHERE `id` = 1 LIMIT 1   [ RunTime:0.0010s ]
SQL: SHOW COLUMNS FROM `web_links` [ RunTime:0.0030s ]
SQL: SELECT * FROM `web_links`  [ RunTime:0.0000s ]
SQL: SHOW COLUMNS FROM `web_pharmacy` [ RunTime:0.0020s ]
SQL: SELECT * FROM `web_pharmacy`  [ RunTime:0.0000s ]
INFO: [ view_parse ] --START--
INFO: [ template_filter ] --START--
INFO: Run Behavior\ContentReplaceBehavior [ RunTime:0.000000s ]
INFO: [ template_filter ] --END-- [ RunTime:0.000000s ]
INFO: Run Behavior\ParseTemplateBehavior [ RunTime:0.014001s ]
INFO: [ view_parse ] --END-- [ RunTime:0.014001s ]
INFO: [ view_filter ] --START--
INFO: Run Behavior\WriteHtmlCacheBehavior [ RunTime:0.001000s ]
INFO: Run Behavior\TokenBuildBehavior [ RunTime:0.001000s ]
INFO: [ view_filter ] --END-- [ RunTime:0.002000s ]
INFO: [ app_end ] --START--
INFO: Run Behavior\ShowPageTraceBehavior [ RunTime:0.001000s ]
INFO: [ app_end ] --END-- [ RunTime:0.001000s ]

[ 2018-11-07T15:03:37+08:00 ] 127.0.0.1 /index.php/Index/drugstore/id/101.html
INFO: [ app_init ] --START--
INFO: Run Behavior\BuildLiteBehavior [ RunTime:0.000000s ]
INFO: [ app_init ] --END-- [ RunTime:0.000000s ]
INFO: [ app_begin ] --START--
INFO: Run Behavior\ReadHtmlCacheBehavior [ RunTime:0.001000s ]
INFO: Run Behavior\CronRunBehavior [ RunTime:0.001000s ]
INFO: [ app_begin ] --END-- [ RunTime:0.002000s ]
SQL: SHOW COLUMNS FROM `web_webconfig` [ RunTime:0.0030s ]
SQL: SELECT * FROM `web_webconfig` WHERE `id` = 1 LIMIT 1   [ RunTime:0.0000s ]
SQL: SHOW COLUMNS FROM `web_links` [ RunTime:0.0030s ]
SQL: SELECT * FROM `web_links`  [ RunTime:0.0010s ]
SQL: SHOW COLUMNS FROM `web_pharmacy` [ RunTime:0.0020s ]
SQL: SELECT * FROM `web_pharmacy`  [ RunTime:0.0010s ]
INFO: [ view_parse ] --START--
INFO: [ template_filter ] --START--
INFO: Run Behavior\ContentReplaceBehavior [ RunTime:0.000000s ]
INFO: [ template_filter ] --END-- [ RunTime:0.000000s ]
INFO: Run Behavior\ParseTemplateBehavior [ RunTime:0.013001s ]
INFO: [ view_parse ] --END-- [ RunTime:0.013001s ]
INFO: [ view_filter ] --START--
INFO: Run Behavior\WriteHtmlCacheBehavior [ RunTime:0.000000s ]
INFO: Run Behavior\TokenBuildBehavior [ RunTime:0.002000s ]
INFO: [ view_filter ] --END-- [ RunTime:0.002000s ]
INFO: [ app_end ] --START--
INFO: Run Behavior\ShowPageTraceBehavior [ RunTime:0.001000s ]
INFO: [ app_end ] --END-- [ RunTime:0.001000s ]

[ 2018-11-07T15:05:28+08:00 ] 127.0.0.1 /index.php/Index/drugstore/id/101.html
INFO: [ app_init ] --START--
INFO: Run Behavior\BuildLiteBehavior [ RunTime:0.000000s ]
INFO: [ app_init ] --END-- [ RunTime:0.000000s ]
INFO: [ app_begin ] --START--
INFO: Run Behavior\ReadHtmlCacheBehavior [ RunTime:0.001000s ]
INFO: Run Behavior\CronRunBehavior [ RunTime:0.000000s ]
INFO: [ app_begin ] --END-- [ RunTime:0.001000s ]
SQL: SHOW COLUMNS FROM `web_webconfig` [ RunTime:0.0020s ]
SQL: SELECT * FROM `web_webconfig` WHERE `id` = 1 LIMIT 1   [ RunTime:0.0000s ]
SQL: SHOW COLUMNS FROM `web_links` [ RunTime:0.0020s ]
SQL: SELECT * FROM `web_links`  [ RunTime:0.0000s ]
SQL: SHOW COLUMNS FROM `web_pharmacy` [ RunTime:0.0040s ]
SQL: SELECT * FROM `web_pharmacy`  [ RunTime:0.0000s ]
INFO: [ view_parse ] --START--
INFO: [ template_filter ] --START--
INFO: Run Behavior\ContentReplaceBehavior [ RunTime:0.000000s ]
INFO: [ template_filter ] --END-- [ RunTime:0.000000s ]
INFO: Run Behavior\ParseTemplateBehavior [ RunTime:0.016001s ]
INFO: [ view_parse ] --END-- [ RunTime:0.016001s ]
INFO: [ view_filter ] --START--
INFO: Run Behavior\WriteHtmlCacheBehavior [ RunTime:0.000000s ]
INFO: Run Behavior\TokenBuildBehavior [ RunTime:0.002000s ]
INFO: [ view_filter ] --END-- [ RunTime:0.002000s ]
INFO: [ app_end ] --START--
INFO: Run Behavior\ShowPageTraceBehavior [ RunTime:0.001000s ]
INFO: [ app_end ] --END-- [ RunTime:0.001000s ]

[ 2018-11-07T15:05:35+08:00 ] 127.0.0.1 /index.php/Article/huodong/id/7.html
INFO: [ app_init ] --START--
INFO: Run Behavior\BuildLiteBehavior [ RunTime:0.000000s ]
INFO: [ app_init ] --END-- [ RunTime:0.000000s ]
INFO: [ app_begin ] --START--
INFO: Run Behavior\ReadHtmlCacheBehavior [ RunTime:0.001000s ]
INFO: Run Behavior\CronRunBehavior [ RunTime:0.000000s ]
INFO: [ app_begin ] --END-- [ RunTime:0.001000s ]
SQL: SHOW COLUMNS FROM `web_webconfig` [ RunTime:0.0020s ]
SQL: SELECT * FROM `web_webconfig` WHERE `id` = 1 LIMIT 1   [ RunTime:0.0000s ]
SQL: SHOW COLUMNS FROM `web_links` [ RunTime:0.0020s ]
SQL: SELECT * FROM `web_links`  [ RunTime:0.0000s ]
SQL: SHOW COLUMNS FROM `web_article` [ RunTime:0.0020s ]
SQL: SHOW COLUMNS FROM `web_power` [ RunTime:0.0020s ]
SQL: SELECT p.pid,p.name,a.art_title,a.id,a.art_type FROM web_power as p INNER JOIN web_article as a on p.son_id=a.art_type  WHERE ( p.pid=234 ) GROUP BY p.name ORDER BY p.id  [ RunTime:0.0140s ]
SQL: SELECT COUNT(*) AS tp_count FROM `web_article` WHERE `art_status` = 1 AND `art_type` = 7 LIMIT 1   [ RunTime:0.0000s ]
SQL: SELECT `art_title`,`id`,`art_type` FROM `web_article` WHERE ( art_type=7 ) LIMIT 0,10   [ RunTime:0.0000s ]
SQL: SELECT p.pid,p.name,a.* FROM web_power as p INNER JOIN web_article as a on p.son_id=a.art_type  WHERE `art_status` = 1 AND `art_type` = '7' ORDER BY p.id  [ RunTime:0.0030s ]
INFO: [ view_parse ] --START--
INFO: [ template_filter ] --START--
INFO: Run Behavior\ContentReplaceBehavior [ RunTime:0.001000s ]
INFO: [ template_filter ] --END-- [ RunTime:0.001000s ]
INFO: Run Behavior\ParseTemplateBehavior [ RunTime:0.032002s ]
INFO: [ view_parse ] --END-- [ RunTime:0.032002s ]
INFO: [ view_filter ] --START--
INFO: Run Behavior\WriteHtmlCacheBehavior [ RunTime:0.000000s ]
INFO: Run Behavior\TokenBuildBehavior [ RunTime:0.001000s ]
INFO: [ view_filter ] --END-- [ RunTime:0.001000s ]
INFO: [ app_end ] --START--
INFO: Run Behavior\ShowPageTraceBehavior [ RunTime:0.000000s ]
INFO: [ app_end ] --END-- [ RunTime:0.000000s ]

[ 2018-11-07T15:05:39+08:00 ] 127.0.0.1 /index.php/Article/brand/id/102.html
INFO: [ app_init ] --START--
INFO: Run Behavior\BuildLiteBehavior [ RunTime:0.000000s ]
INFO: [ app_init ] --END-- [ RunTime:0.001000s ]
INFO: [ app_begin ] --START--
INFO: Run Behavior\ReadHtmlCacheBehavior [ RunTime:0.001000s ]
INFO: Run Behavior\CronRunBehavior [ RunTime:0.000000s ]
INFO: [ app_begin ] --END-- [ RunTime:0.001000s ]
SQL: SHOW COLUMNS FROM `web_webconfig` [ RunTime:0.0020s ]
SQL: SELECT * FROM `web_webconfig` WHERE `id` = 1 LIMIT 1   [ RunTime:0.0010s ]
SQL: SHOW COLUMNS FROM `web_links` [ RunTime:0.0020s ]
SQL: SELECT * FROM `web_links`  [ RunTime:0.0000s ]
SQL: SHOW COLUMNS FROM `web_article` [ RunTime:0.0030s ]
SQL: SHOW COLUMNS FROM `web_power` [ RunTime:0.0020s ]
SQL: SELECT p.pid,p.id,p.name,a.* FROM web_power as p INNER JOIN web_article as a on p.son_id=a.art_type  WHERE (  p.pid=92 ) AND (  p.son_id<>13 ) GROUP BY p.name ORDER BY p.id  [ RunTime:0.0450s ]
SQL: SELECT * FROM `web_article` WHERE ( art_type=8 ) LIMIT 1   [ RunTime:0.0000s ]
SQL: SELECT `art_title`,`id`,`art_type` FROM `web_article` WHERE ( art_type=102 )  [ RunTime:0.0000s ]
SQL: SELECT COUNT(*) AS tp_count FROM `web_article` WHERE `art_status` = 1 AND `art_type` = 102 LIMIT 1   [ RunTime:0.0000s ]
SQL: SELECT p.pid,p.name,a.* FROM web_power as p INNER JOIN web_article as a on p.son_id=a.art_type  WHERE `art_status` = 1 AND `art_type` = '102' ORDER BY p.id  [ RunTime:0.0020s ]
INFO: [ view_parse ] --START--
INFO: [ template_filter ] --START--
INFO: Run Behavior\ContentReplaceBehavior [ RunTime:0.000000s ]
INFO: [ template_filter ] --END-- [ RunTime:0.000000s ]
NOTIC: [8] Use of undefined constant ids - assumed 'ids' F:\lfs\lfs-master\App\Runtime\Cache\Home\374581a36d4c76f368dae12e455e4875.php 第 61 行.
NOTIC: [8] Use of undefined constant ids - assumed 'ids' F:\lfs\lfs-master\App\Runtime\Cache\Home\374581a36d4c76f368dae12e455e4875.php 第 61 行.
NOTIC: [8] Use of undefined constant ids - assumed 'ids' F:\lfs\lfs-master\App\Runtime\Cache\Home\374581a36d4c76f368dae12e455e4875.php 第 61 行.
NOTIC: [8] Use of undefined constant ids - assumed 'ids' F:\lfs\lfs-master\App\Runtime\Cache\Home\374581a36d4c76f368dae12e455e4875.php 第 61 行.
NOTIC: [8] Use of undefined constant ids - assumed 'ids' F:\lfs\lfs-master\App\Runtime\Cache\Home\374581a36d4c76f368dae12e455e4875.php 第 61 行.
INFO: Run Behavior\ParseTemplateBehavior [ RunTime:0.034002s ]
INFO: [ view_parse ] --END-- [ RunTime:0.034002s ]
INFO: [ view_filter ] --START--
INFO: Run Behavior\WriteHtmlCacheBehavior [ RunTime:0.001000s ]
INFO: Run Behavior\TokenBuildBehavior [ RunTime:0.001000s ]
INFO: [ view_filter ] --END-- [ RunTime:0.002000s ]
INFO: [ app_end ] --START--
INFO: Run Behavior\ShowPageTraceBehavior [ RunTime:0.001000s ]
INFO: [ app_end ] --END-- [ RunTime:0.001000s ]

[ 2018-11-07T15:05:43+08:00 ] 127.0.0.1 /index.php/Article/about/id/19.html
INFO: [ app_init ] --START--
INFO: Run Behavior\BuildLiteBehavior [ RunTime:0.000000s ]
INFO: [ app_init ] --END-- [ RunTime:0.001000s ]
INFO: [ app_begin ] --START--
INFO: Run Behavior\ReadHtmlCacheBehavior [ RunTime:0.001000s ]
INFO: Run Behavior\CronRunBehavior [ RunTime:0.000000s ]
INFO: [ app_begin ] --END-- [ RunTime:0.001000s ]
SQL: SHOW COLUMNS FROM `web_webconfig` [ RunTime:0.0020s ]
SQL: SELECT * FROM `web_webconfig` WHERE `id` = 1 LIMIT 1   [ RunTime:0.0000s ]
SQL: SHOW COLUMNS FROM `web_links` [ RunTime:0.0020s ]
SQL: SELECT * FROM `web_links`  [ RunTime:0.0000s ]
SQL: SHOW COLUMNS FROM `web_webconfig` [ RunTime:0.0020s ]
SQL: SHOW COLUMNS FROM `web_article` [ RunTime:0.0020s ]
SQL: SELECT * FROM `web_webconfig` WHERE `id` = 2 LIMIT 1   [ RunTime:0.0000s ]
INFO: [ view_parse ] --START--
INFO: [ template_filter ] --START--
INFO: Run Behavior\ContentReplaceBehavior [ RunTime:0.000000s ]
INFO: [ template_filter ] --END-- [ RunTime:0.000000s ]
INFO: Run Behavior\ParseTemplateBehavior [ RunTime:0.014001s ]
INFO: [ view_parse ] --END-- [ RunTime:0.014001s ]
INFO: [ view_filter ] --START--
INFO: Run Behavior\WriteHtmlCacheBehavior [ RunTime:0.000000s ]
INFO: Run Behavior\TokenBuildBehavior [ RunTime:0.001000s ]
INFO: [ view_filter ] --END-- [ RunTime:0.001000s ]
INFO: [ app_end ] --START--
INFO: Run Behavior\ShowPageTraceBehavior [ RunTime:0.001000s ]
INFO: [ app_end ] --END-- [ RunTime:0.001000s ]

[ 2018-11-07T15:05:44+08:00 ] 127.0.0.1 /index.php/Index/index.html
INFO: [ app_init ] --START--
INFO: Run Behavior\BuildLiteBehavior [ RunTime:0.000000s ]
INFO: [ app_init ] --END-- [ RunTime:0.000000s ]
INFO: [ app_begin ] --START--
INFO: Run Behavior\ReadHtmlCacheBehavior [ RunTime:0.001000s ]
INFO: Run Behavior\CronRunBehavior [ RunTime:0.000000s ]
INFO: [ app_begin ] --END-- [ RunTime:0.001000s ]
SQL: SHOW COLUMNS FROM `web_webconfig` [ RunTime:0.0020s ]
SQL: SELECT * FROM `web_webconfig` WHERE `id` = 1 LIMIT 1   [ RunTime:0.0000s ]
SQL: SHOW COLUMNS FROM `web_links` [ RunTime:0.0010s ]
SQL: SELECT * FROM `web_links`  [ RunTime:0.0000s ]
SQL: SHOW COLUMNS FROM `web_picture` [ RunTime:0.0020s ]
SQL: SHOW COLUMNS FROM `web_print` [ RunTime:0.0030s ]
SQL: SELECT * FROM `web_picture` WHERE `type` = 1 AND `status` = 1 LIMIT 3   [ RunTime:0.0010s ]
SQL: SELECT * FROM `web_print` ORDER BY id desc  [ RunTime:0.0010s ]
INFO: [ view_parse ] --START--
INFO: [ template_filter ] --START--
INFO: Run Behavior\ContentReplaceBehavior [ RunTime:0.000000s ]
INFO: [ template_filter ] --END-- [ RunTime:0.000000s ]
NOTIC: [8] Undefined index: id F:\lfs\lfs-master\App\Runtime\Cache\Home\b84fbf60cfcaca5ba8a02f59c36dcca3.php 第 53 行.
NOTIC: [8] Undefined index: id F:\lfs\lfs-master\App\Runtime\Cache\Home\b84fbf60cfcaca5ba8a02f59c36dcca3.php 第 54 行.
NOTIC: [8] Undefined index: id F:\lfs\lfs-master\App\Runtime\Cache\Home\b84fbf60cfcaca5ba8a02f59c36dcca3.php 第 55 行.
NOTIC: [8] Undefined index: id F:\lfs\lfs-master\App\Runtime\Cache\Home\b84fbf60cfcaca5ba8a02f59c36dcca3.php 第 56 行.
NOTIC: [8] Undefined index: id F:\lfs\lfs-master\App\Runtime\Cache\Home\b84fbf60cfcaca5ba8a02f59c36dcca3.php 第 57 行.
NOTIC: [8] Undefined index: id F:\lfs\lfs-master\App\Runtime\Cache\Home\b84fbf60cfcaca5ba8a02f59c36dcca3.php 第 58 行.
NOTIC: [8] Undefined index: id F:\lfs\lfs-master\App\Runtime\Cache\Home\b84fbf60cfcaca5ba8a02f59c36dcca3.php 第 59 行.
NOTIC: [8] Undefined index: art_type F:\lfs\lfs-master\App\Runtime\Cache\Home\b84fbf60cfcaca5ba8a02f59c36dcca3.php 第 106 行.
NOTIC: [8] Undefined index: art_type F:\lfs\lfs-master\App\Runtime\Cache\Home\b84fbf60cfcaca5ba8a02f59c36dcca3.php 第 106 行.
NOTIC: [8] Undefined index: art_type F:\lfs\lfs-master\App\Runtime\Cache\Home\b84fbf60cfcaca5ba8a02f59c36dcca3.php 第 106 行.
NOTIC: [8] Undefined index: art_type F:\lfs\lfs-master\App\Runtime\Cache\Home\b84fbf60cfcaca5ba8a02f59c36dcca3.php 第 106 行.
NOTIC: [8] Undefined index: art_type F:\lfs\lfs-master\App\Runtime\Cache\Home\b84fbf60cfcaca5ba8a02f59c36dcca3.php 第 106 行.
NOTIC: [8] Undefined index: art_type F:\lfs\lfs-master\App\Runtime\Cache\Home\b84fbf60cfcaca5ba8a02f59c36dcca3.php 第 106 行.
INFO: Run Behavior\ParseTemplateBehavior [ RunTime:0.017001s ]
INFO: [ view_parse ] --END-- [ RunTime:0.017001s ]
INFO: [ view_filter ] --START--
INFO: Run Behavior\WriteHtmlCacheBehavior [ RunTime:0.001000s ]
INFO: Run Behavior\TokenBuildBehavior [ RunTime:0.001000s ]
INFO: [ view_filter ] --END-- [ RunTime:0.002000s ]
INFO: [ app_end ] --START--
INFO: Run Behavior\ShowPageTraceBehavior [ RunTime:0.001000s ]
INFO: [ app_end ] --END-- [ RunTime:0.001000s ]

[ 2018-11-07T15:05:45+08:00 ] 127.0.0.1 /Public/images/home/1_03.png
INFO: [ app_init ] --START--
INFO: Run Behavior\BuildLiteBehavior [ RunTime:0.001001s ]
INFO: [ app_init ] --END-- [ RunTime:0.002001s ]

[ 2018-11-07T15:08:22+08:00 ] 127.0.0.1 /index.php/Article/product/id/100.html
INFO: [ app_init ] --START--
INFO: Run Behavior\BuildLiteBehavior [ RunTime:0.000000s ]
INFO: [ app_init ] --END-- [ RunTime:0.001000s ]
INFO: [ app_begin ] --START--
INFO: Run Behavior\ReadHtmlCacheBehavior [ RunTime:0.001000s ]
INFO: Run Behavior\CronRunBehavior [ RunTime:0.000000s ]
INFO: [ app_begin ] --END-- [ RunTime:0.001000s ]
SQL: SHOW COLUMNS FROM `web_webconfig` [ RunTime:0.0020s ]
SQL: SELECT * FROM `web_webconfig` WHERE `id` = 1 LIMIT 1   [ RunTime:0.0010s ]
SQL: SHOW COLUMNS FROM `web_links` [ RunTime:0.0020s ]
SQL: SELECT * FROM `web_links`  [ RunTime:0.0000s ]
SQL: SHOW COLUMNS FROM `web_article` [ RunTime:0.0020s ]
SQL: SHOW COLUMNS FROM `web_power` [ RunTime:0.0020s ]
SQL: SELECT p.pid,p.id,p.name,a.* FROM web_power as p INNER JOIN web_article as a on p.son_id=a.art_type  WHERE (  p.pid=86 ) AND (  son_id<>1 ) AND (  son_id<>4 ) AND (  son_id<>5 ) GROUP BY p.name ORDER BY p.id  [ RunTime:0.0020s ]
SQL: SELECT * FROM `web_article` WHERE ( art_type=1 ) LIMIT 1   [ RunTime:0.0000s ]
SQL: SELECT COUNT(*) AS tp_count FROM `web_article` WHERE `art_status` = 1 AND `art_type` = 100 LIMIT 1   [ RunTime:0.0010s ]
SQL: SELECT p.pid,p.id,p.name,a.* FROM web_power as p INNER JOIN web_article as a on p.son_id=a.art_type  WHERE `art_status` = 1 AND `art_type` = '100' ORDER BY p.id  [ RunTime:0.0020s ]
INFO: [ view_parse ] --START--
INFO: [ template_filter ] --START--
INFO: Run Behavior\ContentReplaceBehavior [ RunTime:0.000000s ]
INFO: [ template_filter ] --END-- [ RunTime:0.000000s ]
INFO: Run Behavior\ParseTemplateBehavior [ RunTime:0.017000s ]
INFO: [ view_parse ] --END-- [ RunTime:0.017000s ]
INFO: [ view_filter ] --START--
INFO: Run Behavior\WriteHtmlCacheBehavior [ RunTime:0.000000s ]
INFO: Run Behavior\TokenBuildBehavior [ RunTime:0.001001s ]
INFO: [ view_filter ] --END-- [ RunTime:0.001001s ]
INFO: [ app_end ] --START--
INFO: Run Behavior\ShowPageTraceBehavior [ RunTime:0.001000s ]
INFO: [ app_end ] --END-- [ RunTime:0.001000s ]

[ 2018-11-07T15:08:29+08:00 ] 127.0.0.1 /index.php/Index/drugstore/id/101.html
INFO: [ app_init ] --START--
INFO: Run Behavior\BuildLiteBehavior [ RunTime:0.000000s ]
INFO: [ app_init ] --END-- [ RunTime:0.001000s ]
INFO: [ app_begin ] --START--
INFO: Run Behavior\ReadHtmlCacheBehavior [ RunTime:0.001000s ]
INFO: Run Behavior\CronRunBehavior [ RunTime:0.000000s ]
INFO: [ app_begin ] --END-- [ RunTime:0.001000s ]
SQL: SHOW COLUMNS FROM `web_webconfig` [ RunTime:0.0020s ]
SQL: SELECT * FROM `web_webconfig` WHERE `id` = 1 LIMIT 1   [ RunTime:0.0000s ]
SQL: SHOW COLUMNS FROM `web_links` [ RunTime:0.0020s ]
SQL: SELECT * FROM `web_links`  [ RunTime:0.0000s ]
SQL: SHOW COLUMNS FROM `web_pharmacy` [ RunTime:0.0020s ]
SQL: SELECT * FROM `web_pharmacy`  [ RunTime:0.0000s ]
INFO: [ view_parse ] --START--
INFO: [ template_filter ] --START--
INFO: Run Behavior\ContentReplaceBehavior [ RunTime:0.000000s ]
INFO: [ template_filter ] --END-- [ RunTime:0.000000s ]
INFO: Run Behavior\ParseTemplateBehavior [ RunTime:0.015001s ]
INFO: [ view_parse ] --END-- [ RunTime:0.015001s ]
INFO: [ view_filter ] --START--
INFO: Run Behavior\WriteHtmlCacheBehavior [ RunTime:0.000000s ]
INFO: Run Behavior\TokenBuildBehavior [ RunTime:0.001000s ]
INFO: [ view_filter ] --END-- [ RunTime:0.001000s ]
INFO: [ app_end ] --START--
INFO: Run Behavior\ShowPageTraceBehavior [ RunTime:0.000000s ]
INFO: [ app_end ] --END-- [ RunTime:0.001000s ]

[ 2018-11-07T15:08:29+08:00 ] 127.0.0.1 /index.php
INFO: [ app_init ] --START--
INFO: Run Behavior\BuildLiteBehavior [ RunTime:0.000000s ]
INFO: [ app_init ] --END-- [ RunTime:0.000000s ]
INFO: [ app_begin ] --START--
INFO: Run Behavior\ReadHtmlCacheBehavior [ RunTime:0.001000s ]
INFO: Run Behavior\CronRunBehavior [ RunTime:0.001000s ]
INFO: [ app_begin ] --END-- [ RunTime:0.002000s ]
SQL: SHOW COLUMNS FROM `web_webconfig` [ RunTime:0.0010s ]
SQL: SELECT * FROM `web_webconfig` WHERE `id` = 1 LIMIT 1   [ RunTime:0.0000s ]
SQL: SHOW COLUMNS FROM `web_links` [ RunTime:0.0020s ]
SQL: SELECT * FROM `web_links`  [ RunTime:0.0010s ]
SQL: SHOW COLUMNS FROM `web_picture` [ RunTime:0.0020s ]
SQL: SHOW COLUMNS FROM `web_print` [ RunTime:0.0020s ]
SQL: SELECT * FROM `web_picture` WHERE `type` = 1 AND `status` = 1 LIMIT 3   [ RunTime:0.0000s ]
SQL: SELECT * FROM `web_print` ORDER BY id desc  [ RunTime:0.0000s ]
INFO: [ view_parse ] --START--
INFO: [ template_filter ] --START--
INFO: Run Behavior\ContentReplaceBehavior [ RunTime:0.000000s ]
INFO: [ template_filter ] --END-- [ RunTime:0.000000s ]
NOTIC: [8] Undefined index: id F:\lfs\lfs-master\App\Runtime\Cache\Home\b84fbf60cfcaca5ba8a02f59c36dcca3.php 第 53 行.
NOTIC: [8] Undefined index: id F:\lfs\lfs-master\App\Runtime\Cache\Home\b84fbf60cfcaca5ba8a02f59c36dcca3.php 第 54 行.
NOTIC: [8] Undefined index: id F:\lfs\lfs-master\App\Runtime\Cache\Home\b84fbf60cfcaca5ba8a02f59c36dcca3.php 第 55 行.
NOTIC: [8] Undefined index: id F:\lfs\lfs-master\App\Runtime\Cache\Home\b84fbf60cfcaca5ba8a02f59c36dcca3.php 第 56 行.
NOTIC: [8] Undefined index: id F:\lfs\lfs-master\App\Runtime\Cache\Home\b84fbf60cfcaca5ba8a02f59c36dcca3.php 第 57 行.
NOTIC: [8] Undefined index: id F:\lfs\lfs-master\App\Runtime\Cache\Home\b84fbf60cfcaca5ba8a02f59c36dcca3.php 第 58 行.
NOTIC: [8] Undefined index: id F:\lfs\lfs-master\App\Runtime\Cache\Home\b84fbf60cfcaca5ba8a02f59c36dcca3.php 第 59 行.
NOTIC: [8] Undefined index: art_type F:\lfs\lfs-master\App\Runtime\Cache\Home\b84fbf60cfcaca5ba8a02f59c36dcca3.php 第 106 行.
NOTIC: [8] Undefined index: art_type F:\lfs\lfs-master\App\Runtime\Cache\Home\b84fbf60cfcaca5ba8a02f59c36dcca3.php 第 106 行.
NOTIC: [8] Undefined index: art_type F:\lfs\lfs-master\App\Runtime\Cache\Home\b84fbf60cfcaca5ba8a02f59c36dcca3.php 第 106 行.
NOTIC: [8] Undefined index: art_type F:\lfs\lfs-master\App\Runtime\Cache\Home\b84fbf60cfcaca5ba8a02f59c36dcca3.php 第 106 行.
NOTIC: [8] Undefined index: art_type F:\lfs\lfs-master\App\Runtime\Cache\Home\b84fbf60cfcaca5ba8a02f59c36dcca3.php 第 106 行.
NOTIC: [8] Undefined index: art_type F:\lfs\lfs-master\App\Runtime\Cache\Home\b84fbf60cfcaca5ba8a02f59c36dcca3.php 第 106 行.
INFO: Run Behavior\ParseTemplateBehavior [ RunTime:0.021001s ]
INFO: [ view_parse ] --END-- [ RunTime:0.021001s ]
INFO: [ view_filter ] --START--
INFO: Run Behavior\WriteHtmlCacheBehavior [ RunTime:0.000000s ]
INFO: Run Behavior\TokenBuildBehavior [ RunTime:0.002001s ]
INFO: [ view_filter ] --END-- [ RunTime:0.002001s ]
INFO: [ app_end ] --START--
INFO: Run Behavior\ShowPageTraceBehavior [ RunTime:0.000000s ]
INFO: [ app_end ] --END-- [ RunTime:0.000000s ]

[ 2018-11-07T15:08:42+08:00 ] 127.0.0.1 /index.php/Article/huodong/id/7.html
INFO: [ app_init ] --START--
INFO: Run Behavior\BuildLiteBehavior [ RunTime:0.000000s ]
INFO: [ app_init ] --END-- [ RunTime:0.000000s ]
INFO: [ app_begin ] --START--
INFO: Run Behavior\ReadHtmlCacheBehavior [ RunTime:0.000000s ]
INFO: Run Behavior\CronRunBehavior [ RunTime:0.001000s ]
INFO: [ app_begin ] --END-- [ RunTime:0.001000s ]
SQL: SHOW COLUMNS FROM `web_webconfig` [ RunTime:0.0020s ]
SQL: SELECT * FROM `web_webconfig` WHERE `id` = 1 LIMIT 1   [ RunTime:0.0010s ]
SQL: SHOW COLUMNS FROM `web_links` [ RunTime:0.0020s ]
SQL: SELECT * FROM `web_links`  [ RunTime:0.0010s ]
SQL: SHOW COLUMNS FROM `web_article` [ RunTime:0.0020s ]
SQL: SHOW COLUMNS FROM `web_power` [ RunTime:0.0020s ]
SQL: SELECT p.pid,p.name,a.art_title,a.id,a.art_type FROM web_power as p INNER JOIN web_article as a on p.son_id=a.art_type  WHERE ( p.pid=234 ) GROUP BY p.name ORDER BY p.id  [ RunTime:0.0010s ]
SQL: SELECT COUNT(*) AS tp_count FROM `web_article` WHERE `art_status` = 1 AND `art_type` = 7 LIMIT 1   [ RunTime:0.0000s ]
SQL: SELECT `art_title`,`id`,`art_type` FROM `web_article` WHERE ( art_type=7 ) LIMIT 0,10   [ RunTime:0.0010s ]
SQL: SELECT p.pid,p.name,a.* FROM web_power as p INNER JOIN web_article as a on p.son_id=a.art_type  WHERE `art_status` = 1 AND `art_type` = '7' ORDER BY p.id  [ RunTime:0.0030s ]
INFO: [ view_parse ] --START--
INFO: [ template_filter ] --START--
INFO: Run Behavior\ContentReplaceBehavior [ RunTime:0.000000s ]
INFO: [ template_filter ] --END-- [ RunTime:0.000000s ]
INFO: Run Behavior\ParseTemplateBehavior [ RunTime:0.012001s ]
INFO: [ view_parse ] --END-- [ RunTime:0.012001s ]
INFO: [ view_filter ] --START--
INFO: Run Behavior\WriteHtmlCacheBehavior [ RunTime:0.000000s ]
INFO: Run Behavior\TokenBuildBehavior [ RunTime:0.001000s ]
INFO: [ view_filter ] --END-- [ RunTime:0.002000s ]
INFO: [ app_end ] --START--
INFO: Run Behavior\ShowPageTraceBehavior [ RunTime:0.000000s ]
INFO: [ app_end ] --END-- [ RunTime:0.000000s ]

[ 2018-11-07T15:08:57+08:00 ] 127.0.0.1 /index.php/Index/index.html
INFO: [ app_init ] --START--
INFO: Run Behavior\BuildLiteBehavior [ RunTime:0.000000s ]
INFO: [ app_init ] --END-- [ RunTime:0.001000s ]
INFO: [ app_begin ] --START--
INFO: Run Behavior\ReadHtmlCacheBehavior [ RunTime:0.002000s ]
INFO: Run Behavior\CronRunBehavior [ RunTime:0.000000s ]
INFO: [ app_begin ] --END-- [ RunTime:0.002000s ]
SQL: SHOW COLUMNS FROM `web_webconfig` [ RunTime:0.0020s ]
SQL: SELECT * FROM `web_webconfig` WHERE `id` = 1 LIMIT 1   [ RunTime:0.0010s ]
SQL: SHOW COLUMNS FROM `web_links` [ RunTime:0.0020s ]
SQL: SELECT * FROM `web_links`  [ RunTime:0.0000s ]
SQL: SHOW COLUMNS FROM `web_picture` [ RunTime:0.0030s ]
SQL: SHOW COLUMNS FROM `web_print` [ RunTime:0.0030s ]
SQL: SELECT * FROM `web_picture` WHERE `type` = 1 AND `status` = 1 LIMIT 3   [ RunTime:0.0000s ]
SQL: SELECT * FROM `web_print` ORDER BY id desc  [ RunTime:0.0010s ]
INFO: [ view_parse ] --START--
INFO: [ template_filter ] --START--
INFO: Run Behavior\ContentReplaceBehavior [ RunTime:0.000000s ]
INFO: [ template_filter ] --END-- [ RunTime:0.000000s ]
NOTIC: [8] Undefined index: id F:\lfs\lfs-master\App\Runtime\Cache\Home\b84fbf60cfcaca5ba8a02f59c36dcca3.php 第 53 行.
NOTIC: [8] Undefined index: id F:\lfs\lfs-master\App\Runtime\Cache\Home\b84fbf60cfcaca5ba8a02f59c36dcca3.php 第 54 行.
NOTIC: [8] Undefined index: id F:\lfs\lfs-master\App\Runtime\Cache\Home\b84fbf60cfcaca5ba8a02f59c36dcca3.php 第 55 行.
NOTIC: [8] Undefined index: id F:\lfs\lfs-master\App\Runtime\Cache\Home\b84fbf60cfcaca5ba8a02f59c36dcca3.php 第 56 行.
NOTIC: [8] Undefined index: id F:\lfs\lfs-master\App\Runtime\Cache\Home\b84fbf60cfcaca5ba8a02f59c36dcca3.php 第 57 行.
NOTIC: [8] Undefined index: id F:\lfs\lfs-master\App\Runtime\Cache\Home\b84fbf60cfcaca5ba8a02f59c36dcca3.php 第 58 行.
NOTIC: [8] Undefined index: id F:\lfs\lfs-master\App\Runtime\Cache\Home\b84fbf60cfcaca5ba8a02f59c36dcca3.php 第 59 行.
NOTIC: [8] Undefined index: art_type F:\lfs\lfs-master\App\Runtime\Cache\Home\b84fbf60cfcaca5ba8a02f59c36dcca3.php 第 106 行.
NOTIC: [8] Undefined index: art_type F:\lfs\lfs-master\App\Runtime\Cache\Home\b84fbf60cfcaca5ba8a02f59c36dcca3.php 第 106 行.
NOTIC: [8] Undefined index: art_type F:\lfs\lfs-master\App\Runtime\Cache\Home\b84fbf60cfcaca5ba8a02f59c36dcca3.php 第 106 行.
NOTIC: [8] Undefined index: art_type F:\lfs\lfs-master\App\Runtime\Cache\Home\b84fbf60cfcaca5ba8a02f59c36dcca3.php 第 106 行.
NOTIC: [8] Undefined index: art_type F:\lfs\lfs-master\App\Runtime\Cache\Home\b84fbf60cfcaca5ba8a02f59c36dcca3.php 第 106 行.
NOTIC: [8] Undefined index: art_type F:\lfs\lfs-master\App\Runtime\Cache\Home\b84fbf60cfcaca5ba8a02f59c36dcca3.php 第 106 行.
INFO: Run Behavior\ParseTemplateBehavior [ RunTime:0.016001s ]
INFO: [ view_parse ] --END-- [ RunTime:0.016001s ]
INFO: [ view_filter ] --START--
INFO: Run Behavior\WriteHtmlCacheBehavior [ RunTime:0.000000s ]
INFO: Run Behavior\TokenBuildBehavior [ RunTime:0.002000s ]
INFO: [ view_filter ] --END-- [ RunTime:0.002000s ]
INFO: [ app_end ] --START--
INFO: Run Behavior\ShowPageTraceBehavior [ RunTime:0.000000s ]
INFO: [ app_end ] --END-- [ RunTime:0.001000s ]

[ 2018-11-07T15:08:57+08:00 ] 127.0.0.1 /Public/images/home/1_03.png
INFO: [ app_init ] --START--
INFO: Run Behavior\BuildLiteBehavior [ RunTime:0.000000s ]
INFO: [ app_init ] --END-- [ RunTime:0.001000s ]

[ 2018-11-07T15:09:44+08:00 ] 127.0.0.1 /index.php/Article/product/id/100.html
INFO: [ app_init ] --START--
INFO: Run Behavior\BuildLiteBehavior [ RunTime:0.000000s ]
INFO: [ app_init ] --END-- [ RunTime:0.001000s ]
INFO: [ app_begin ] --START--
INFO: Run Behavior\ReadHtmlCacheBehavior [ RunTime:0.001000s ]
INFO: Run Behavior\CronRunBehavior [ RunTime:0.000000s ]
INFO: [ app_begin ] --END-- [ RunTime:0.001000s ]
SQL: SHOW COLUMNS FROM `web_webconfig` [ RunTime:0.0020s ]
SQL: SELECT * FROM `web_webconfig` WHERE `id` = 1 LIMIT 1   [ RunTime:0.0010s ]
SQL: SHOW COLUMNS FROM `web_links` [ RunTime:0.0030s ]
SQL: SELECT * FROM `web_links`  [ RunTime:0.0010s ]
SQL: SHOW COLUMNS FROM `web_article` [ RunTime:0.0020s ]
SQL: SHOW COLUMNS FROM `web_power` [ RunTime:0.0030s ]
SQL: SELECT p.pid,p.id,p.name,a.* FROM web_power as p INNER JOIN web_article as a on p.son_id=a.art_type  WHERE (  p.pid=86 ) AND (  son_id<>1 ) AND (  son_id<>4 ) AND (  son_id<>5 ) GROUP BY p.name ORDER BY p.id  [ RunTime:0.0020s ]
SQL: SELECT * FROM `web_article` WHERE ( art_type=1 ) LIMIT 1   [ RunTime:0.0010s ]
SQL: SELECT COUNT(*) AS tp_count FROM `web_article` WHERE `art_status` = 1 AND `art_type` = 100 LIMIT 1   [ RunTime:0.0000s ]
SQL: SELECT p.pid,p.id,p.name,a.* FROM web_power as p INNER JOIN web_article as a on p.son_id=a.art_type  WHERE `art_status` = 1 AND `art_type` = '100' ORDER BY p.id  [ RunTime:0.0020s ]
INFO: [ view_parse ] --START--
INFO: [ template_filter ] --START--
INFO: Run Behavior\ContentReplaceBehavior [ RunTime:0.000000s ]
INFO: [ template_filter ] --END-- [ RunTime:0.000000s ]
INFO: Run Behavior\ParseTemplateBehavior [ RunTime:0.015000s ]
INFO: [ view_parse ] --END-- [ RunTime:0.015000s ]
INFO: [ view_filter ] --START--
INFO: Run Behavior\WriteHtmlCacheBehavior [ RunTime:0.000000s ]
INFO: Run Behavior\TokenBuildBehavior [ RunTime:0.001000s ]
INFO: [ view_filter ] --END-- [ RunTime:0.001000s ]
INFO: [ app_end ] --START--
INFO: Run Behavior\ShowPageTraceBehavior [ RunTime:0.001001s ]
INFO: [ app_end ] --END-- [ RunTime:0.001001s ]

[ 2018-11-07T15:09:47+08:00 ] 127.0.0.1 /index.php/Article/activitylist/id/6.html
INFO: [ app_init ] --START--
INFO: Run Behavior\BuildLiteBehavior [ RunTime:0.001000s ]
INFO: [ app_init ] --END-- [ RunTime:0.001000s ]
INFO: [ app_begin ] --START--
INFO: Run Behavior\ReadHtmlCacheBehavior [ RunTime:0.001000s ]
INFO: Run Behavior\CronRunBehavior [ RunTime:0.000000s ]
INFO: [ app_begin ] --END-- [ RunTime:0.002000s ]
SQL: SHOW COLUMNS FROM `web_webconfig` [ RunTime:0.0020s ]
SQL: SELECT * FROM `web_webconfig` WHERE `id` = 1 LIMIT 1   [ RunTime:0.0000s ]
SQL: SHOW COLUMNS FROM `web_links` [ RunTime:0.0030s ]
SQL: SELECT * FROM `web_links`  [ RunTime:0.0000s ]
SQL: SHOW COLUMNS FROM `web_article` [ RunTime:0.0020s ]
SQL: SHOW COLUMNS FROM `web_power` [ RunTime:0.0020s ]
SQL: SELECT p.pid,p.name,a.art_title,a.id,a.art_type FROM web_power as p INNER JOIN web_article as a on p.son_id=a.art_type  WHERE ( pid=85 ) GROUP BY p.name ORDER BY p.id  [ RunTime:0.0010s ]
SQL: SELECT COUNT(*) AS tp_count FROM `web_article` WHERE `art_status` = 1 AND `art_type` = 6 LIMIT 1   [ RunTime:0.0000s ]
SQL: SELECT `art_title`,`id`,`art_type` FROM `web_article` WHERE ( art_type=6 ) LIMIT 0,10   [ RunTime:0.0010s ]
SQL: SELECT p.pid,p.name,a.* FROM web_power as p INNER JOIN web_article as a on p.son_id=a.art_type  WHERE `art_status` = 1 AND `art_type` = '6' ORDER BY p.id  [ RunTime:0.0020s ]
INFO: [ view_parse ] --START--
INFO: [ template_filter ] --START--
INFO: Run Behavior\ContentReplaceBehavior [ RunTime:0.000000s ]
INFO: [ template_filter ] --END-- [ RunTime:0.000000s ]
INFO: Run Behavior\ParseTemplateBehavior [ RunTime:0.013001s ]
INFO: [ view_parse ] --END-- [ RunTime:0.013001s ]
INFO: [ view_filter ] --START--
INFO: Run Behavior\WriteHtmlCacheBehavior [ RunTime:0.000000s ]
INFO: Run Behavior\TokenBuildBehavior [ RunTime:0.001000s ]
INFO: [ view_filter ] --END-- [ RunTime:0.001000s ]
INFO: [ app_end ] --START--
INFO: Run Behavior\ShowPageTraceBehavior [ RunTime:0.000000s ]
INFO: [ app_end ] --END-- [ RunTime:0.000000s ]

[ 2018-11-07T15:09:50+08:00 ] 127.0.0.1 /index.php/Index/drugstore/id/101.html
INFO: [ app_init ] --START--
INFO: Run Behavior\BuildLiteBehavior [ RunTime:0.000000s ]
INFO: [ app_init ] --END-- [ RunTime:0.000000s ]
INFO: [ app_begin ] --START--
INFO: Run Behavior\ReadHtmlCacheBehavior [ RunTime:0.001000s ]
INFO: Run Behavior\CronRunBehavior [ RunTime:0.000000s ]
INFO: [ app_begin ] --END-- [ RunTime:0.001000s ]
SQL: SHOW COLUMNS FROM `web_webconfig` [ RunTime:0.0020s ]
SQL: SELECT * FROM `web_webconfig` WHERE `id` = 1 LIMIT 1   [ RunTime:0.0010s ]
SQL: SHOW COLUMNS FROM `web_links` [ RunTime:0.0020s ]
SQL: SELECT * FROM `web_links`  [ RunTime:0.0000s ]
SQL: SHOW COLUMNS FROM `web_pharmacy` [ RunTime:0.0020s ]
SQL: SELECT * FROM `web_pharmacy`  [ RunTime:0.0010s ]
INFO: [ view_parse ] --START--
INFO: [ template_filter ] --START--
INFO: Run Behavior\ContentReplaceBehavior [ RunTime:0.001000s ]
INFO: [ template_filter ] --END-- [ RunTime:0.001000s ]
INFO: Run Behavior\ParseTemplateBehavior [ RunTime:0.014001s ]
INFO: [ view_parse ] --END-- [ RunTime:0.014001s ]
INFO: [ view_filter ] --START--
INFO: Run Behavior\WriteHtmlCacheBehavior [ RunTime:0.000000s ]
INFO: Run Behavior\TokenBuildBehavior [ RunTime:0.002000s ]
INFO: [ view_filter ] --END-- [ RunTime:0.002000s ]
INFO: [ app_end ] --START--
INFO: Run Behavior\ShowPageTraceBehavior [ RunTime:0.001000s ]
INFO: [ app_end ] --END-- [ RunTime:0.001000s ]

