[ 2018-11-12T20:30:16+08:00 ] 192.168.1.101 /
INFO: [ app_init ] --START--
INFO: Run Behavior\BuildLiteBehavior [ RunTime:0.000000s ]
INFO: [ app_init ] --END-- [ RunTime:0.002000s ]
INFO: [ app_begin ] --START--
INFO: Run Behavior\ReadHtmlCacheBehavior [ RunTime:0.012000s ]
INFO: Run Behavior\CronRunBehavior [ RunTime:0.001001s ]
INFO: [ app_begin ] --END-- [ RunTime:0.013001s ]
SQL: SHOW COLUMNS FROM `web_webconfig` [ RunTime:0.0340s ]
SQL: SELECT * FROM `web_webconfig` WHERE `id` = 1 LIMIT 1   [ RunTime:0.0000s ]
SQL: SHOW COLUMNS FROM `web_links` [ RunTime:0.0110s ]
SQL: SELECT * FROM `web_links`  [ RunTime:0.0000s ]
SQL: SHOW COLUMNS FROM `web_picture` [ RunTime:0.0020s ]
SQL: SHOW COLUMNS FROM `web_print` [ RunTime:0.0080s ]
SQL: SELECT * FROM `web_picture` WHERE `type` = 1 AND `status` = 1 LIMIT 3   [ RunTime:0.0010s ]
SQL: SELECT * FROM `web_print` ORDER BY id desc  [ RunTime:0.0090s ]
INFO: [ view_parse ] --START--
INFO: [ template_filter ] --START--
INFO: Run Behavior\ContentReplaceBehavior [ RunTime:0.006000s ]
INFO: [ template_filter ] --END-- [ RunTime:0.006000s ]
NOTIC: [8] Undefined index: id D:\lfs\lfs-master\App\Runtime\Cache\Home\fecaaaddcbaff093f7b7ce7eafabd0d2.php 第 53 行.
NOTIC: [8] Undefined index: id D:\lfs\lfs-master\App\Runtime\Cache\Home\fecaaaddcbaff093f7b7ce7eafabd0d2.php 第 54 行.
NOTIC: [8] Undefined index: id D:\lfs\lfs-master\App\Runtime\Cache\Home\fecaaaddcbaff093f7b7ce7eafabd0d2.php 第 55 行.
NOTIC: [8] Undefined index: id D:\lfs\lfs-master\App\Runtime\Cache\Home\fecaaaddcbaff093f7b7ce7eafabd0d2.php 第 56 行.
NOTIC: [8] Undefined index: id D:\lfs\lfs-master\App\Runtime\Cache\Home\fecaaaddcbaff093f7b7ce7eafabd0d2.php 第 57 行.
NOTIC: [8] Undefined index: id D:\lfs\lfs-master\App\Runtime\Cache\Home\fecaaaddcbaff093f7b7ce7eafabd0d2.php 第 58 行.
NOTIC: [8] Undefined index: id D:\lfs\lfs-master\App\Runtime\Cache\Home\fecaaaddcbaff093f7b7ce7eafabd0d2.php 第 59 行.
NOTIC: [8] Undefined index: art_type D:\lfs\lfs-master\App\Runtime\Cache\Home\fecaaaddcbaff093f7b7ce7eafabd0d2.php 第 106 行.
NOTIC: [8] Undefined index: art_type D:\lfs\lfs-master\App\Runtime\Cache\Home\fecaaaddcbaff093f7b7ce7eafabd0d2.php 第 106 行.
NOTIC: [8] Undefined index: art_type D:\lfs\lfs-master\App\Runtime\Cache\Home\fecaaaddcbaff093f7b7ce7eafabd0d2.php 第 106 行.
NOTIC: [8] Undefined index: art_type D:\lfs\lfs-master\App\Runtime\Cache\Home\fecaaaddcbaff093f7b7ce7eafabd0d2.php 第 106 行.
NOTIC: [8] Undefined index: art_type D:\lfs\lfs-master\App\Runtime\Cache\Home\fecaaaddcbaff093f7b7ce7eafabd0d2.php 第 106 行.
NOTIC: [8] Undefined index: art_type D:\lfs\lfs-master\App\Runtime\Cache\Home\fecaaaddcbaff093f7b7ce7eafabd0d2.php 第 106 行.
INFO: Run Behavior\ParseTemplateBehavior [ RunTime:0.114007s ]
INFO: [ view_parse ] --END-- [ RunTime:0.114007s ]
INFO: [ view_filter ] --START--
INFO: Run Behavior\WriteHtmlCacheBehavior [ RunTime:0.003000s ]
INFO: Run Behavior\TokenBuildBehavior [ RunTime:0.001000s ]
INFO: [ view_filter ] --END-- [ RunTime:0.004000s ]
INFO: [ app_end ] --START--
INFO: Run Behavior\ShowPageTraceBehavior [ RunTime:0.003000s ]
INFO: [ app_end ] --END-- [ RunTime:0.003000s ]

[ 2018-11-12T20:30:17+08:00 ] 192.168.1.101 /Public/images/home/1_03.png
INFO: [ app_init ] --START--
INFO: Run Behavior\BuildLiteBehavior [ RunTime:0.000000s ]
INFO: [ app_init ] --END-- [ RunTime:0.000000s ]

[ 2018-11-12T20:33:40+08:00 ] 192.168.1.101 /
INFO: [ app_init ] --START--
INFO: Run Behavior\BuildLiteBehavior [ RunTime:0.000000s ]
INFO: [ app_init ] --END-- [ RunTime:0.000000s ]
INFO: [ app_begin ] --START--
INFO: Run Behavior\ReadHtmlCacheBehavior [ RunTime:0.000000s ]
INFO: Run Behavior\CronRunBehavior [ RunTime:0.000000s ]
INFO: [ app_begin ] --END-- [ RunTime:0.000000s ]
SQL: SHOW COLUMNS FROM `web_webconfig` [ RunTime:0.0010s ]
SQL: SELECT * FROM `web_webconfig` WHERE `id` = 1 LIMIT 1   [ RunTime:0.0000s ]
SQL: SHOW COLUMNS FROM `web_links` [ RunTime:0.0010s ]
SQL: SELECT * FROM `web_links`  [ RunTime:0.0000s ]
SQL: SHOW COLUMNS FROM `web_picture` [ RunTime:0.0010s ]
SQL: SHOW COLUMNS FROM `web_print` [ RunTime:0.0010s ]
SQL: SELECT * FROM `web_picture` WHERE `type` = 1 AND `status` = 1 LIMIT 3   [ RunTime:0.0010s ]
SQL: SELECT * FROM `web_print` ORDER BY id desc  [ RunTime:0.0000s ]
INFO: [ view_parse ] --START--
INFO: [ template_filter ] --START--
INFO: Run Behavior\ContentReplaceBehavior [ RunTime:0.000000s ]
INFO: [ template_filter ] --END-- [ RunTime:0.000000s ]
NOTIC: [8] Undefined index: id D:\lfs\lfs-master\App\Runtime\Cache\Home\fecaaaddcbaff093f7b7ce7eafabd0d2.php 第 53 行.
NOTIC: [8] Undefined index: id D:\lfs\lfs-master\App\Runtime\Cache\Home\fecaaaddcbaff093f7b7ce7eafabd0d2.php 第 54 行.
NOTIC: [8] Undefined index: id D:\lfs\lfs-master\App\Runtime\Cache\Home\fecaaaddcbaff093f7b7ce7eafabd0d2.php 第 55 行.
NOTIC: [8] Undefined index: id D:\lfs\lfs-master\App\Runtime\Cache\Home\fecaaaddcbaff093f7b7ce7eafabd0d2.php 第 56 行.
NOTIC: [8] Undefined index: id D:\lfs\lfs-master\App\Runtime\Cache\Home\fecaaaddcbaff093f7b7ce7eafabd0d2.php 第 57 行.
NOTIC: [8] Undefined index: id D:\lfs\lfs-master\App\Runtime\Cache\Home\fecaaaddcbaff093f7b7ce7eafabd0d2.php 第 58 行.
NOTIC: [8] Undefined index: id D:\lfs\lfs-master\App\Runtime\Cache\Home\fecaaaddcbaff093f7b7ce7eafabd0d2.php 第 59 行.
NOTIC: [8] Undefined index: art_type D:\lfs\lfs-master\App\Runtime\Cache\Home\fecaaaddcbaff093f7b7ce7eafabd0d2.php 第 106 行.
NOTIC: [8] Undefined index: art_type D:\lfs\lfs-master\App\Runtime\Cache\Home\fecaaaddcbaff093f7b7ce7eafabd0d2.php 第 106 行.
NOTIC: [8] Undefined index: art_type D:\lfs\lfs-master\App\Runtime\Cache\Home\fecaaaddcbaff093f7b7ce7eafabd0d2.php 第 106 行.
NOTIC: [8] Undefined index: art_type D:\lfs\lfs-master\App\Runtime\Cache\Home\fecaaaddcbaff093f7b7ce7eafabd0d2.php 第 106 行.
NOTIC: [8] Undefined index: art_type D:\lfs\lfs-master\App\Runtime\Cache\Home\fecaaaddcbaff093f7b7ce7eafabd0d2.php 第 106 行.
NOTIC: [8] Undefined index: art_type D:\lfs\lfs-master\App\Runtime\Cache\Home\fecaaaddcbaff093f7b7ce7eafabd0d2.php 第 106 行.
INFO: Run Behavior\ParseTemplateBehavior [ RunTime:0.008000s ]
INFO: [ view_parse ] --END-- [ RunTime:0.008000s ]
INFO: [ view_filter ] --START--
INFO: Run Behavior\WriteHtmlCacheBehavior [ RunTime:0.000000s ]
INFO: Run Behavior\TokenBuildBehavior [ RunTime:0.001000s ]
INFO: [ view_filter ] --END-- [ RunTime:0.001000s ]
INFO: [ app_end ] --START--
INFO: Run Behavior\ShowPageTraceBehavior [ RunTime:0.000000s ]
INFO: [ app_end ] --END-- [ RunTime:0.000000s ]

[ 2018-11-12T20:33:40+08:00 ] 192.168.1.101 /Public/images/home/1_03.png
INFO: [ app_init ] --START--
INFO: Run Behavior\BuildLiteBehavior [ RunTime:0.000000s ]
INFO: [ app_init ] --END-- [ RunTime:0.000000s ]

[ 2018-11-12T20:33:42+08:00 ] 192.168.1.101 /
INFO: [ app_init ] --START--
INFO: Run Behavior\BuildLiteBehavior [ RunTime:0.000000s ]
INFO: [ app_init ] --END-- [ RunTime:0.000000s ]
INFO: [ app_begin ] --START--
INFO: Run Behavior\ReadHtmlCacheBehavior [ RunTime:0.001000s ]
INFO: Run Behavior\CronRunBehavior [ RunTime:0.000000s ]
INFO: [ app_begin ] --END-- [ RunTime:0.001000s ]
SQL: SHOW COLUMNS FROM `web_webconfig` [ RunTime:0.0010s ]
SQL: SELECT * FROM `web_webconfig` WHERE `id` = 1 LIMIT 1   [ RunTime:0.0000s ]
SQL: SHOW COLUMNS FROM `web_links` [ RunTime:0.0010s ]
SQL: SELECT * FROM `web_links`  [ RunTime:0.0000s ]
SQL: SHOW COLUMNS FROM `web_picture` [ RunTime:0.0010s ]
SQL: SHOW COLUMNS FROM `web_print` [ RunTime:0.0010s ]
SQL: SELECT * FROM `web_picture` WHERE `type` = 1 AND `status` = 1 LIMIT 3   [ RunTime:0.0010s ]
SQL: SELECT * FROM `web_print` ORDER BY id desc  [ RunTime:0.0000s ]
INFO: [ view_parse ] --START--
INFO: [ template_filter ] --START--
INFO: Run Behavior\ContentReplaceBehavior [ RunTime:0.000000s ]
INFO: [ template_filter ] --END-- [ RunTime:0.000000s ]
NOTIC: [8] Undefined index: id D:\lfs\lfs-master\App\Runtime\Cache\Home\fecaaaddcbaff093f7b7ce7eafabd0d2.php 第 53 行.
NOTIC: [8] Undefined index: id D:\lfs\lfs-master\App\Runtime\Cache\Home\fecaaaddcbaff093f7b7ce7eafabd0d2.php 第 54 行.
NOTIC: [8] Undefined index: id D:\lfs\lfs-master\App\Runtime\Cache\Home\fecaaaddcbaff093f7b7ce7eafabd0d2.php 第 55 行.
NOTIC: [8] Undefined index: id D:\lfs\lfs-master\App\Runtime\Cache\Home\fecaaaddcbaff093f7b7ce7eafabd0d2.php 第 56 行.
NOTIC: [8] Undefined index: id D:\lfs\lfs-master\App\Runtime\Cache\Home\fecaaaddcbaff093f7b7ce7eafabd0d2.php 第 57 行.
NOTIC: [8] Undefined index: id D:\lfs\lfs-master\App\Runtime\Cache\Home\fecaaaddcbaff093f7b7ce7eafabd0d2.php 第 58 行.
NOTIC: [8] Undefined index: id D:\lfs\lfs-master\App\Runtime\Cache\Home\fecaaaddcbaff093f7b7ce7eafabd0d2.php 第 59 行.
NOTIC: [8] Undefined index: art_type D:\lfs\lfs-master\App\Runtime\Cache\Home\fecaaaddcbaff093f7b7ce7eafabd0d2.php 第 106 行.
NOTIC: [8] Undefined index: art_type D:\lfs\lfs-master\App\Runtime\Cache\Home\fecaaaddcbaff093f7b7ce7eafabd0d2.php 第 106 行.
NOTIC: [8] Undefined index: art_type D:\lfs\lfs-master\App\Runtime\Cache\Home\fecaaaddcbaff093f7b7ce7eafabd0d2.php 第 106 行.
NOTIC: [8] Undefined index: art_type D:\lfs\lfs-master\App\Runtime\Cache\Home\fecaaaddcbaff093f7b7ce7eafabd0d2.php 第 106 行.
NOTIC: [8] Undefined index: art_type D:\lfs\lfs-master\App\Runtime\Cache\Home\fecaaaddcbaff093f7b7ce7eafabd0d2.php 第 106 行.
NOTIC: [8] Undefined index: art_type D:\lfs\lfs-master\App\Runtime\Cache\Home\fecaaaddcbaff093f7b7ce7eafabd0d2.php 第 106 行.
INFO: Run Behavior\ParseTemplateBehavior [ RunTime:0.008001s ]
INFO: [ view_parse ] --END-- [ RunTime:0.008001s ]
INFO: [ view_filter ] --START--
INFO: Run Behavior\WriteHtmlCacheBehavior [ RunTime:0.000000s ]
INFO: Run Behavior\TokenBuildBehavior [ RunTime:0.001000s ]
INFO: [ view_filter ] --END-- [ RunTime:0.001000s ]
INFO: [ app_end ] --START--
INFO: Run Behavior\ShowPageTraceBehavior [ RunTime:0.000000s ]
INFO: [ app_end ] --END-- [ RunTime:0.000000s ]

[ 2018-11-12T20:33:42+08:00 ] 192.168.1.101 /Public/images/home/1_03.png
INFO: [ app_init ] --START--
INFO: Run Behavior\BuildLiteBehavior [ RunTime:0.000000s ]
INFO: [ app_init ] --END-- [ RunTime:0.000000s ]

[ 2018-11-12T20:33:50+08:00 ] 192.168.1.101 /
INFO: [ app_init ] --START--
INFO: Run Behavior\BuildLiteBehavior [ RunTime:0.000000s ]
INFO: [ app_init ] --END-- [ RunTime:0.000000s ]
INFO: [ app_begin ] --START--
INFO: Run Behavior\ReadHtmlCacheBehavior [ RunTime:0.000000s ]
INFO: Run Behavior\CronRunBehavior [ RunTime:0.000000s ]
INFO: [ app_begin ] --END-- [ RunTime:0.000000s ]
SQL: SHOW COLUMNS FROM `web_webconfig` [ RunTime:0.0010s ]
SQL: SELECT * FROM `web_webconfig` WHERE `id` = 1 LIMIT 1   [ RunTime:0.0000s ]
SQL: SHOW COLUMNS FROM `web_links` [ RunTime:0.0010s ]
SQL: SELECT * FROM `web_links`  [ RunTime:0.0000s ]
SQL: SHOW COLUMNS FROM `web_picture` [ RunTime:0.0010s ]
SQL: SHOW COLUMNS FROM `web_print` [ RunTime:0.0010s ]
SQL: SELECT * FROM `web_picture` WHERE `type` = 1 AND `status` = 1 LIMIT 3   [ RunTime:0.0010s ]
SQL: SELECT * FROM `web_print` ORDER BY id desc  [ RunTime:0.0000s ]
INFO: [ view_parse ] --START--
INFO: [ template_filter ] --START--
INFO: Run Behavior\ContentReplaceBehavior [ RunTime:0.000000s ]
INFO: [ template_filter ] --END-- [ RunTime:0.000000s ]
NOTIC: [8] Undefined index: id D:\lfs\lfs-master\App\Runtime\Cache\Home\fecaaaddcbaff093f7b7ce7eafabd0d2.php 第 53 行.
NOTIC: [8] Undefined index: id D:\lfs\lfs-master\App\Runtime\Cache\Home\fecaaaddcbaff093f7b7ce7eafabd0d2.php 第 54 行.
NOTIC: [8] Undefined index: id D:\lfs\lfs-master\App\Runtime\Cache\Home\fecaaaddcbaff093f7b7ce7eafabd0d2.php 第 55 行.
NOTIC: [8] Undefined index: id D:\lfs\lfs-master\App\Runtime\Cache\Home\fecaaaddcbaff093f7b7ce7eafabd0d2.php 第 56 行.
NOTIC: [8] Undefined index: id D:\lfs\lfs-master\App\Runtime\Cache\Home\fecaaaddcbaff093f7b7ce7eafabd0d2.php 第 57 行.
NOTIC: [8] Undefined index: id D:\lfs\lfs-master\App\Runtime\Cache\Home\fecaaaddcbaff093f7b7ce7eafabd0d2.php 第 58 行.
NOTIC: [8] Undefined index: id D:\lfs\lfs-master\App\Runtime\Cache\Home\fecaaaddcbaff093f7b7ce7eafabd0d2.php 第 59 行.
NOTIC: [8] Undefined index: art_type D:\lfs\lfs-master\App\Runtime\Cache\Home\fecaaaddcbaff093f7b7ce7eafabd0d2.php 第 106 行.
NOTIC: [8] Undefined index: art_type D:\lfs\lfs-master\App\Runtime\Cache\Home\fecaaaddcbaff093f7b7ce7eafabd0d2.php 第 106 行.
NOTIC: [8] Undefined index: art_type D:\lfs\lfs-master\App\Runtime\Cache\Home\fecaaaddcbaff093f7b7ce7eafabd0d2.php 第 106 行.
NOTIC: [8] Undefined index: art_type D:\lfs\lfs-master\App\Runtime\Cache\Home\fecaaaddcbaff093f7b7ce7eafabd0d2.php 第 106 行.
NOTIC: [8] Undefined index: art_type D:\lfs\lfs-master\App\Runtime\Cache\Home\fecaaaddcbaff093f7b7ce7eafabd0d2.php 第 106 行.
NOTIC: [8] Undefined index: art_type D:\lfs\lfs-master\App\Runtime\Cache\Home\fecaaaddcbaff093f7b7ce7eafabd0d2.php 第 106 行.
INFO: Run Behavior\ParseTemplateBehavior [ RunTime:0.007000s ]
INFO: [ view_parse ] --END-- [ RunTime:0.007000s ]
INFO: [ view_filter ] --START--
INFO: Run Behavior\WriteHtmlCacheBehavior [ RunTime:0.000000s ]
INFO: Run Behavior\TokenBuildBehavior [ RunTime:0.000000s ]
INFO: [ view_filter ] --END-- [ RunTime:0.001000s ]
INFO: [ app_end ] --START--
INFO: Run Behavior\ShowPageTraceBehavior [ RunTime:0.000000s ]
INFO: [ app_end ] --END-- [ RunTime:0.000000s ]

[ 2018-11-12T20:33:50+08:00 ] 192.168.1.101 /Public/images/home/1_03.png
INFO: [ app_init ] --START--
INFO: Run Behavior\BuildLiteBehavior [ RunTime:0.000000s ]
INFO: [ app_init ] --END-- [ RunTime:0.000000s ]

[ 2018-11-12T20:34:03+08:00 ] 192.168.1.101 /
INFO: [ app_init ] --START--
INFO: Run Behavior\BuildLiteBehavior [ RunTime:0.000000s ]
INFO: [ app_init ] --END-- [ RunTime:0.000000s ]
INFO: [ app_begin ] --START--
INFO: Run Behavior\ReadHtmlCacheBehavior [ RunTime:0.000000s ]
INFO: Run Behavior\CronRunBehavior [ RunTime:0.000000s ]
INFO: [ app_begin ] --END-- [ RunTime:0.000000s ]
SQL: SHOW COLUMNS FROM `web_webconfig` [ RunTime:0.0010s ]
SQL: SELECT * FROM `web_webconfig` WHERE `id` = 1 LIMIT 1   [ RunTime:0.0000s ]
SQL: SHOW COLUMNS FROM `web_links` [ RunTime:0.0010s ]
SQL: SELECT * FROM `web_links`  [ RunTime:0.0000s ]
SQL: SHOW COLUMNS FROM `web_picture` [ RunTime:0.0010s ]
SQL: SHOW COLUMNS FROM `web_print` [ RunTime:0.0010s ]
SQL: SELECT * FROM `web_picture` WHERE `type` = 1 AND `status` = 1 LIMIT 3   [ RunTime:0.0000s ]
SQL: SELECT * FROM `web_print` ORDER BY id desc  [ RunTime:0.0000s ]
INFO: [ view_parse ] --START--
INFO: [ template_filter ] --START--
INFO: Run Behavior\ContentReplaceBehavior [ RunTime:0.000000s ]
INFO: [ template_filter ] --END-- [ RunTime:0.000000s ]
NOTIC: [8] Undefined index: id D:\lfs\lfs-master\App\Runtime\Cache\Home\fecaaaddcbaff093f7b7ce7eafabd0d2.php 第 53 行.
NOTIC: [8] Undefined index: id D:\lfs\lfs-master\App\Runtime\Cache\Home\fecaaaddcbaff093f7b7ce7eafabd0d2.php 第 54 行.
NOTIC: [8] Undefined index: id D:\lfs\lfs-master\App\Runtime\Cache\Home\fecaaaddcbaff093f7b7ce7eafabd0d2.php 第 55 行.
NOTIC: [8] Undefined index: id D:\lfs\lfs-master\App\Runtime\Cache\Home\fecaaaddcbaff093f7b7ce7eafabd0d2.php 第 56 行.
NOTIC: [8] Undefined index: id D:\lfs\lfs-master\App\Runtime\Cache\Home\fecaaaddcbaff093f7b7ce7eafabd0d2.php 第 57 行.
NOTIC: [8] Undefined index: id D:\lfs\lfs-master\App\Runtime\Cache\Home\fecaaaddcbaff093f7b7ce7eafabd0d2.php 第 58 行.
NOTIC: [8] Undefined index: id D:\lfs\lfs-master\App\Runtime\Cache\Home\fecaaaddcbaff093f7b7ce7eafabd0d2.php 第 59 行.
NOTIC: [8] Undefined index: art_type D:\lfs\lfs-master\App\Runtime\Cache\Home\fecaaaddcbaff093f7b7ce7eafabd0d2.php 第 106 行.
NOTIC: [8] Undefined index: art_type D:\lfs\lfs-master\App\Runtime\Cache\Home\fecaaaddcbaff093f7b7ce7eafabd0d2.php 第 106 行.
NOTIC: [8] Undefined index: art_type D:\lfs\lfs-master\App\Runtime\Cache\Home\fecaaaddcbaff093f7b7ce7eafabd0d2.php 第 106 行.
NOTIC: [8] Undefined index: art_type D:\lfs\lfs-master\App\Runtime\Cache\Home\fecaaaddcbaff093f7b7ce7eafabd0d2.php 第 106 行.
NOTIC: [8] Undefined index: art_type D:\lfs\lfs-master\App\Runtime\Cache\Home\fecaaaddcbaff093f7b7ce7eafabd0d2.php 第 106 行.
NOTIC: [8] Undefined index: art_type D:\lfs\lfs-master\App\Runtime\Cache\Home\fecaaaddcbaff093f7b7ce7eafabd0d2.php 第 106 行.
INFO: Run Behavior\ParseTemplateBehavior [ RunTime:0.008001s ]
INFO: [ view_parse ] --END-- [ RunTime:0.008001s ]
INFO: [ view_filter ] --START--
INFO: Run Behavior\WriteHtmlCacheBehavior [ RunTime:0.001000s ]
INFO: Run Behavior\TokenBuildBehavior [ RunTime:0.000000s ]
INFO: [ view_filter ] --END-- [ RunTime:0.001000s ]
INFO: [ app_end ] --START--
INFO: Run Behavior\ShowPageTraceBehavior [ RunTime:0.001000s ]
INFO: [ app_end ] --END-- [ RunTime:0.001000s ]

[ 2018-11-12T20:34:03+08:00 ] 192.168.1.101 /Public/images/home/1_03.png
INFO: [ app_init ] --START--
INFO: Run Behavior\BuildLiteBehavior [ RunTime:0.000000s ]
INFO: [ app_init ] --END-- [ RunTime:0.000000s ]

[ 2018-11-12T20:34:06+08:00 ] 192.168.1.101 /
INFO: [ app_init ] --START--
INFO: Run Behavior\BuildLiteBehavior [ RunTime:0.000000s ]
INFO: [ app_init ] --END-- [ RunTime:0.000000s ]
INFO: [ app_begin ] --START--
INFO: Run Behavior\ReadHtmlCacheBehavior [ RunTime:0.000000s ]
INFO: Run Behavior\CronRunBehavior [ RunTime:0.001000s ]
INFO: [ app_begin ] --END-- [ RunTime:0.001000s ]
SQL: SHOW COLUMNS FROM `web_webconfig` [ RunTime:0.0020s ]
SQL: SELECT * FROM `web_webconfig` WHERE `id` = 1 LIMIT 1   [ RunTime:0.0000s ]

[ 2018-11-12T20:35:37+08:00 ] 192.168.1.101 /
INFO: [ app_init ] --START--
INFO: Run Behavior\BuildLiteBehavior [ RunTime:0.000000s ]
INFO: [ app_init ] --END-- [ RunTime:0.000000s ]
INFO: [ app_begin ] --START--
INFO: Run Behavior\ReadHtmlCacheBehavior [ RunTime:0.000000s ]
INFO: Run Behavior\CronRunBehavior [ RunTime:0.000000s ]
INFO: [ app_begin ] --END-- [ RunTime:0.000000s ]
SQL: SHOW COLUMNS FROM `web_webconfig` [ RunTime:0.0010s ]
SQL: SELECT * FROM `web_webconfig` WHERE `id` = 1 LIMIT 1   [ RunTime:0.0000s ]
SQL: SHOW COLUMNS FROM `web_links` [ RunTime:0.0010s ]
SQL: SELECT * FROM `web_links`  [ RunTime:0.0000s ]
SQL: SHOW COLUMNS FROM `web_picture` [ RunTime:0.0010s ]
SQL: SHOW COLUMNS FROM `web_print` [ RunTime:0.0010s ]
SQL: SELECT * FROM `web_picture` WHERE `type` = 1 AND `status` = 1 LIMIT 3   [ RunTime:0.0010s ]
SQL: SELECT * FROM `web_print` ORDER BY id desc  [ RunTime:0.0000s ]
INFO: [ view_parse ] --START--
INFO: [ template_filter ] --START--
INFO: Run Behavior\ContentReplaceBehavior [ RunTime:0.001000s ]
INFO: [ template_filter ] --END-- [ RunTime:0.001000s ]
NOTIC: [8] Undefined index: id D:\lfs\lfs-master\App\Runtime\Cache\Home\fecaaaddcbaff093f7b7ce7eafabd0d2.php 第 53 行.
NOTIC: [8] Undefined index: id D:\lfs\lfs-master\App\Runtime\Cache\Home\fecaaaddcbaff093f7b7ce7eafabd0d2.php 第 54 行.
NOTIC: [8] Undefined index: id D:\lfs\lfs-master\App\Runtime\Cache\Home\fecaaaddcbaff093f7b7ce7eafabd0d2.php 第 55 行.
NOTIC: [8] Undefined index: id D:\lfs\lfs-master\App\Runtime\Cache\Home\fecaaaddcbaff093f7b7ce7eafabd0d2.php 第 56 行.
NOTIC: [8] Undefined index: id D:\lfs\lfs-master\App\Runtime\Cache\Home\fecaaaddcbaff093f7b7ce7eafabd0d2.php 第 57 行.
NOTIC: [8] Undefined index: id D:\lfs\lfs-master\App\Runtime\Cache\Home\fecaaaddcbaff093f7b7ce7eafabd0d2.php 第 58 行.
NOTIC: [8] Undefined index: id D:\lfs\lfs-master\App\Runtime\Cache\Home\fecaaaddcbaff093f7b7ce7eafabd0d2.php 第 59 行.
NOTIC: [8] Undefined index: art_type D:\lfs\lfs-master\App\Runtime\Cache\Home\fecaaaddcbaff093f7b7ce7eafabd0d2.php 第 106 行.
NOTIC: [8] Undefined index: art_type D:\lfs\lfs-master\App\Runtime\Cache\Home\fecaaaddcbaff093f7b7ce7eafabd0d2.php 第 106 行.
NOTIC: [8] Undefined index: art_type D:\lfs\lfs-master\App\Runtime\Cache\Home\fecaaaddcbaff093f7b7ce7eafabd0d2.php 第 106 行.
NOTIC: [8] Undefined index: art_type D:\lfs\lfs-master\App\Runtime\Cache\Home\fecaaaddcbaff093f7b7ce7eafabd0d2.php 第 106 行.
NOTIC: [8] Undefined index: art_type D:\lfs\lfs-master\App\Runtime\Cache\Home\fecaaaddcbaff093f7b7ce7eafabd0d2.php 第 106 行.
NOTIC: [8] Undefined index: art_type D:\lfs\lfs-master\App\Runtime\Cache\Home\fecaaaddcbaff093f7b7ce7eafabd0d2.php 第 106 行.
INFO: Run Behavior\ParseTemplateBehavior [ RunTime:0.009001s ]
INFO: [ view_parse ] --END-- [ RunTime:0.009001s ]
INFO: [ view_filter ] --START--
INFO: Run Behavior\WriteHtmlCacheBehavior [ RunTime:0.000000s ]
INFO: Run Behavior\TokenBuildBehavior [ RunTime:0.001000s ]
INFO: [ view_filter ] --END-- [ RunTime:0.001000s ]
INFO: [ app_end ] --START--
INFO: Run Behavior\ShowPageTraceBehavior [ RunTime:0.000000s ]
INFO: [ app_end ] --END-- [ RunTime:0.000000s ]

[ 2018-11-12T20:35:38+08:00 ] 192.168.1.101 /Public/images/home/1_03.png
INFO: [ app_init ] --START--
INFO: Run Behavior\BuildLiteBehavior [ RunTime:0.000000s ]
INFO: [ app_init ] --END-- [ RunTime:0.000000s ]

[ 2018-11-12T20:36:01+08:00 ] 192.168.1.101 /
INFO: [ app_init ] --START--
INFO: Run Behavior\BuildLiteBehavior [ RunTime:0.000000s ]
INFO: [ app_init ] --END-- [ RunTime:0.001000s ]
INFO: [ app_begin ] --START--
INFO: Run Behavior\ReadHtmlCacheBehavior [ RunTime:0.001000s ]
INFO: Run Behavior\CronRunBehavior [ RunTime:0.000000s ]
INFO: [ app_begin ] --END-- [ RunTime:0.001000s ]
SQL: SHOW COLUMNS FROM `web_webconfig` [ RunTime:0.0010s ]
SQL: SELECT * FROM `web_webconfig` WHERE `id` = 1 LIMIT 1   [ RunTime:0.0010s ]

[ 2018-11-12T20:36:07+08:00 ] 192.168.1.101 /
INFO: [ app_init ] --START--
INFO: Run Behavior\BuildLiteBehavior [ RunTime:0.000000s ]
INFO: [ app_init ] --END-- [ RunTime:0.000000s ]
INFO: [ app_begin ] --START--
INFO: Run Behavior\ReadHtmlCacheBehavior [ RunTime:0.000000s ]
INFO: Run Behavior\CronRunBehavior [ RunTime:0.000000s ]
INFO: [ app_begin ] --END-- [ RunTime:0.000000s ]
SQL: SHOW COLUMNS FROM `web_webconfig` [ RunTime:0.0010s ]
SQL: SELECT * FROM `web_webconfig` WHERE `id` = 1 LIMIT 1   [ RunTime:0.0010s ]
SQL: SHOW COLUMNS FROM `web_links` [ RunTime:0.0010s ]
SQL: SELECT * FROM `web_links`  [ RunTime:0.0000s ]
SQL: SHOW COLUMNS FROM `web_picture` [ RunTime:0.0020s ]
SQL: SHOW COLUMNS FROM `web_print` [ RunTime:0.0010s ]
SQL: SELECT * FROM `web_picture` WHERE `type` = 1 AND `status` = 1 LIMIT 3   [ RunTime:0.0000s ]
SQL: SELECT * FROM `web_print` ORDER BY id desc  [ RunTime:0.0010s ]
INFO: [ view_parse ] --START--
INFO: [ template_filter ] --START--
INFO: Run Behavior\ContentReplaceBehavior [ RunTime:0.001000s ]
INFO: [ template_filter ] --END-- [ RunTime:0.001000s ]
NOTIC: [8] Undefined index: id D:\lfs\lfs-master\App\Runtime\Cache\Home\fecaaaddcbaff093f7b7ce7eafabd0d2.php 第 53 行.
NOTIC: [8] Undefined index: id D:\lfs\lfs-master\App\Runtime\Cache\Home\fecaaaddcbaff093f7b7ce7eafabd0d2.php 第 54 行.
NOTIC: [8] Undefined index: id D:\lfs\lfs-master\App\Runtime\Cache\Home\fecaaaddcbaff093f7b7ce7eafabd0d2.php 第 55 行.
NOTIC: [8] Undefined index: id D:\lfs\lfs-master\App\Runtime\Cache\Home\fecaaaddcbaff093f7b7ce7eafabd0d2.php 第 56 行.
NOTIC: [8] Undefined index: id D:\lfs\lfs-master\App\Runtime\Cache\Home\fecaaaddcbaff093f7b7ce7eafabd0d2.php 第 57 行.
NOTIC: [8] Undefined index: id D:\lfs\lfs-master\App\Runtime\Cache\Home\fecaaaddcbaff093f7b7ce7eafabd0d2.php 第 58 行.
NOTIC: [8] Undefined index: id D:\lfs\lfs-master\App\Runtime\Cache\Home\fecaaaddcbaff093f7b7ce7eafabd0d2.php 第 59 行.
NOTIC: [8] Undefined index: art_type D:\lfs\lfs-master\App\Runtime\Cache\Home\fecaaaddcbaff093f7b7ce7eafabd0d2.php 第 106 行.
NOTIC: [8] Undefined index: art_type D:\lfs\lfs-master\App\Runtime\Cache\Home\fecaaaddcbaff093f7b7ce7eafabd0d2.php 第 106 行.
NOTIC: [8] Undefined index: art_type D:\lfs\lfs-master\App\Runtime\Cache\Home\fecaaaddcbaff093f7b7ce7eafabd0d2.php 第 106 行.
NOTIC: [8] Undefined index: art_type D:\lfs\lfs-master\App\Runtime\Cache\Home\fecaaaddcbaff093f7b7ce7eafabd0d2.php 第 106 行.
NOTIC: [8] Undefined index: art_type D:\lfs\lfs-master\App\Runtime\Cache\Home\fecaaaddcbaff093f7b7ce7eafabd0d2.php 第 106 行.
NOTIC: [8] Undefined index: art_type D:\lfs\lfs-master\App\Runtime\Cache\Home\fecaaaddcbaff093f7b7ce7eafabd0d2.php 第 106 行.
INFO: Run Behavior\ParseTemplateBehavior [ RunTime:0.007001s ]
INFO: [ view_parse ] --END-- [ RunTime:0.007001s ]
INFO: [ view_filter ] --START--
INFO: Run Behavior\WriteHtmlCacheBehavior [ RunTime:0.001000s ]
INFO: Run Behavior\TokenBuildBehavior [ RunTime:0.000000s ]
INFO: [ view_filter ] --END-- [ RunTime:0.001000s ]
INFO: [ app_end ] --START--
INFO: Run Behavior\ShowPageTraceBehavior [ RunTime:0.001000s ]
INFO: [ app_end ] --END-- [ RunTime:0.001000s ]

[ 2018-11-12T20:36:07+08:00 ] 192.168.1.101 /Public/images/home/1_03.png
INFO: [ app_init ] --START--
INFO: Run Behavior\BuildLiteBehavior [ RunTime:0.000000s ]
INFO: [ app_init ] --END-- [ RunTime:0.000000s ]

[ 2018-11-12T20:36:10+08:00 ] 192.168.1.101 /index.php/Article/product/id/100.html
INFO: [ app_init ] --START--
INFO: Run Behavior\BuildLiteBehavior [ RunTime:0.000000s ]
INFO: [ app_init ] --END-- [ RunTime:0.000000s ]
INFO: [ app_begin ] --START--
INFO: Run Behavior\ReadHtmlCacheBehavior [ RunTime:0.001000s ]
INFO: Run Behavior\CronRunBehavior [ RunTime:0.000000s ]
INFO: [ app_begin ] --END-- [ RunTime:0.001000s ]
SQL: SHOW COLUMNS FROM `web_webconfig` [ RunTime:0.0010s ]
SQL: SELECT * FROM `web_webconfig` WHERE `id` = 1 LIMIT 1   [ RunTime:0.0000s ]
SQL: SHOW COLUMNS FROM `web_links` [ RunTime:0.0010s ]
SQL: SELECT * FROM `web_links`  [ RunTime:0.0000s ]
SQL: SHOW COLUMNS FROM `web_article` [ RunTime:0.0010s ]
SQL: SHOW COLUMNS FROM `web_power` [ RunTime:0.0250s ]
SQL: SELECT p.pid,p.id,p.name,a.* FROM web_power as p INNER JOIN web_article as a on p.son_id=a.art_type  WHERE (  p.pid=86 ) AND (  son_id<>1 ) AND (  son_id<>4 ) AND (  son_id<>5 ) GROUP BY p.name ORDER BY p.id  [ RunTime:0.0390s ]
SQL: SELECT * FROM `web_article` WHERE ( art_type=1 ) LIMIT 1   [ RunTime:0.0000s ]
SQL: SELECT COUNT(*) AS tp_count FROM `web_article` WHERE `art_status` = 1 AND `art_type` = 100 LIMIT 1   [ RunTime:0.0060s ]
SQL: SELECT p.pid,p.id,p.name,a.* FROM web_power as p INNER JOIN web_article as a on p.son_id=a.art_type  WHERE `art_status` = 1 AND `art_type` = '100' ORDER BY p.id  [ RunTime:0.0020s ]
INFO: [ view_parse ] --START--
INFO: [ template_filter ] --START--
INFO: Run Behavior\ContentReplaceBehavior [ RunTime:0.001000s ]
INFO: [ template_filter ] --END-- [ RunTime:0.001000s ]
INFO: Run Behavior\ParseTemplateBehavior [ RunTime:0.015001s ]
INFO: [ view_parse ] --END-- [ RunTime:0.015001s ]
INFO: [ view_filter ] --START--
INFO: Run Behavior\WriteHtmlCacheBehavior [ RunTime:0.001000s ]
INFO: Run Behavior\TokenBuildBehavior [ RunTime:0.000000s ]
INFO: [ view_filter ] --END-- [ RunTime:0.001000s ]
INFO: [ app_end ] --START--
INFO: Run Behavior\ShowPageTraceBehavior [ RunTime:0.001000s ]
INFO: [ app_end ] --END-- [ RunTime:0.001000s ]

[ 2018-11-12T20:36:11+08:00 ] 192.168.1.101 /index.php/Article/activitylist/id/6.html
INFO: [ app_init ] --START--
INFO: Run Behavior\BuildLiteBehavior [ RunTime:0.000000s ]
INFO: [ app_init ] --END-- [ RunTime:0.001000s ]
INFO: [ app_begin ] --START--
INFO: Run Behavior\ReadHtmlCacheBehavior [ RunTime:0.000000s ]
INFO: Run Behavior\CronRunBehavior [ RunTime:0.000000s ]
INFO: [ app_begin ] --END-- [ RunTime:0.000000s ]
SQL: SHOW COLUMNS FROM `web_webconfig` [ RunTime:0.0010s ]
SQL: SELECT * FROM `web_webconfig` WHERE `id` = 1 LIMIT 1   [ RunTime:0.0010s ]
SQL: SHOW COLUMNS FROM `web_links` [ RunTime:0.0010s ]
SQL: SELECT * FROM `web_links`  [ RunTime:0.0000s ]
SQL: SHOW COLUMNS FROM `web_article` [ RunTime:0.0010s ]
SQL: SHOW COLUMNS FROM `web_power` [ RunTime:0.0020s ]
SQL: SELECT p.pid,p.name,a.art_title,a.id,a.art_type FROM web_power as p INNER JOIN web_article as a on p.son_id=a.art_type  WHERE ( pid=85 ) GROUP BY p.name ORDER BY p.id  [ RunTime:0.0010s ]
SQL: SELECT COUNT(*) AS tp_count FROM `web_article` WHERE `art_status` = 1 AND `art_type` = 6 LIMIT 1   [ RunTime:0.0000s ]
SQL: SELECT `art_title`,`id`,`art_type` FROM `web_article` WHERE ( art_type=6 ) LIMIT 0,10   [ RunTime:0.0000s ]
SQL: SELECT p.pid,p.name,a.* FROM web_power as p INNER JOIN web_article as a on p.son_id=a.art_type  WHERE `art_status` = 1 AND `art_type` = '6' ORDER BY p.id  [ RunTime:0.0020s ]
INFO: [ view_parse ] --START--
INFO: [ template_filter ] --START--
INFO: Run Behavior\ContentReplaceBehavior [ RunTime:0.000000s ]
INFO: [ template_filter ] --END-- [ RunTime:0.000000s ]
INFO: Run Behavior\ParseTemplateBehavior [ RunTime:0.023002s ]
INFO: [ view_parse ] --END-- [ RunTime:0.023002s ]
INFO: [ view_filter ] --START--
INFO: Run Behavior\WriteHtmlCacheBehavior [ RunTime:0.000000s ]
INFO: Run Behavior\TokenBuildBehavior [ RunTime:0.000000s ]
INFO: [ view_filter ] --END-- [ RunTime:0.000000s ]
INFO: [ app_end ] --START--
INFO: Run Behavior\ShowPageTraceBehavior [ RunTime:0.001000s ]
INFO: [ app_end ] --END-- [ RunTime:0.001000s ]

[ 2018-11-12T20:36:12+08:00 ] 192.168.1.101 /index.php/Index/drugstore/id/101.html
INFO: [ app_init ] --START--
INFO: Run Behavior\BuildLiteBehavior [ RunTime:0.000000s ]
INFO: [ app_init ] --END-- [ RunTime:0.000000s ]
INFO: [ app_begin ] --START--
INFO: Run Behavior\ReadHtmlCacheBehavior [ RunTime:0.001000s ]
INFO: Run Behavior\CronRunBehavior [ RunTime:0.000000s ]
INFO: [ app_begin ] --END-- [ RunTime:0.001000s ]
SQL: SHOW COLUMNS FROM `web_webconfig` [ RunTime:0.0020s ]
SQL: SELECT * FROM `web_webconfig` WHERE `id` = 1 LIMIT 1   [ RunTime:0.0000s ]
SQL: SHOW COLUMNS FROM `web_links` [ RunTime:0.0010s ]
SQL: SELECT * FROM `web_links`  [ RunTime:0.0000s ]
SQL: SHOW COLUMNS FROM `web_pharmacy` [ RunTime:0.0020s ]
SQL: SELECT * FROM `web_pharmacy`  [ RunTime:0.0000s ]
INFO: [ view_parse ] --START--
INFO: [ template_filter ] --START--
INFO: Run Behavior\ContentReplaceBehavior [ RunTime:0.000000s ]
INFO: [ template_filter ] --END-- [ RunTime:0.000000s ]
INFO: Run Behavior\ParseTemplateBehavior [ RunTime:0.019001s ]
INFO: [ view_parse ] --END-- [ RunTime:0.019001s ]
INFO: [ view_filter ] --START--
INFO: Run Behavior\WriteHtmlCacheBehavior [ RunTime:0.000000s ]
INFO: Run Behavior\TokenBuildBehavior [ RunTime:0.001000s ]
INFO: [ view_filter ] --END-- [ RunTime:0.001000s ]
INFO: [ app_end ] --START--
INFO: Run Behavior\ShowPageTraceBehavior [ RunTime:0.000000s ]
INFO: [ app_end ] --END-- [ RunTime:0.000000s ]

[ 2018-11-12T20:36:13+08:00 ] 192.168.1.101 /index.php/Article/huodong/id/7.html
INFO: [ app_init ] --START--
INFO: Run Behavior\BuildLiteBehavior [ RunTime:0.000000s ]
INFO: [ app_init ] --END-- [ RunTime:0.000000s ]
INFO: [ app_begin ] --START--
INFO: Run Behavior\ReadHtmlCacheBehavior [ RunTime:0.000000s ]
INFO: Run Behavior\CronRunBehavior [ RunTime:0.000000s ]
INFO: [ app_begin ] --END-- [ RunTime:0.000000s ]
SQL: SHOW COLUMNS FROM `web_webconfig` [ RunTime:0.0010s ]
SQL: SELECT * FROM `web_webconfig` WHERE `id` = 1 LIMIT 1   [ RunTime:0.0000s ]
SQL: SHOW COLUMNS FROM `web_links` [ RunTime:0.0010s ]
SQL: SELECT * FROM `web_links`  [ RunTime:0.0000s ]
SQL: SHOW COLUMNS FROM `web_article` [ RunTime:0.0010s ]
SQL: SHOW COLUMNS FROM `web_power` [ RunTime:0.0020s ]
SQL: SELECT p.pid,p.name,a.art_title,a.id,a.art_type FROM web_power as p INNER JOIN web_article as a on p.son_id=a.art_type  WHERE ( p.pid=234 ) GROUP BY p.name ORDER BY p.id  [ RunTime:0.0000s ]
SQL: SELECT COUNT(*) AS tp_count FROM `web_article` WHERE `art_status` = 1 AND `art_type` = 7 LIMIT 1   [ RunTime:0.0010s ]
SQL: SELECT `art_title`,`id`,`art_type` FROM `web_article` WHERE ( art_type=7 ) LIMIT 0,10   [ RunTime:0.0000s ]
SQL: SELECT p.pid,p.name,a.* FROM web_power as p INNER JOIN web_article as a on p.son_id=a.art_type  WHERE `art_status` = 1 AND `art_type` = '7' ORDER BY p.id  [ RunTime:0.0020s ]
INFO: [ view_parse ] --START--
INFO: [ template_filter ] --START--
INFO: Run Behavior\ContentReplaceBehavior [ RunTime:0.000000s ]
INFO: [ template_filter ] --END-- [ RunTime:0.000000s ]
INFO: Run Behavior\ParseTemplateBehavior [ RunTime:0.017001s ]
INFO: [ view_parse ] --END-- [ RunTime:0.017001s ]
INFO: [ view_filter ] --START--
INFO: Run Behavior\WriteHtmlCacheBehavior [ RunTime:0.000000s ]
INFO: Run Behavior\TokenBuildBehavior [ RunTime:0.000000s ]
INFO: [ view_filter ] --END-- [ RunTime:0.000000s ]
INFO: [ app_end ] --START--
INFO: Run Behavior\ShowPageTraceBehavior [ RunTime:0.001000s ]
INFO: [ app_end ] --END-- [ RunTime:0.001000s ]

[ 2018-11-12T20:36:14+08:00 ] 192.168.1.101 /index.php/Index/drugstore/id/101.html
INFO: [ app_init ] --START--
INFO: Run Behavior\BuildLiteBehavior [ RunTime:0.000000s ]
INFO: [ app_init ] --END-- [ RunTime:0.000000s ]
INFO: [ app_begin ] --START--
INFO: Run Behavior\ReadHtmlCacheBehavior [ RunTime:0.000000s ]
INFO: Run Behavior\CronRunBehavior [ RunTime:0.000000s ]
INFO: [ app_begin ] --END-- [ RunTime:0.001000s ]
SQL: SHOW COLUMNS FROM `web_webconfig` [ RunTime:0.0010s ]
SQL: SELECT * FROM `web_webconfig` WHERE `id` = 1 LIMIT 1   [ RunTime:0.0000s ]
SQL: SHOW COLUMNS FROM `web_links` [ RunTime:0.0010s ]
SQL: SELECT * FROM `web_links`  [ RunTime:0.0000s ]
SQL: SHOW COLUMNS FROM `web_pharmacy` [ RunTime:0.0010s ]
SQL: SELECT * FROM `web_pharmacy`  [ RunTime:0.0010s ]
INFO: [ view_parse ] --START--
INFO: [ template_filter ] --START--
INFO: Run Behavior\ContentReplaceBehavior [ RunTime:0.000000s ]
INFO: [ template_filter ] --END-- [ RunTime:0.000000s ]
INFO: Run Behavior\ParseTemplateBehavior [ RunTime:0.006000s ]
INFO: [ view_parse ] --END-- [ RunTime:0.006000s ]
INFO: [ view_filter ] --START--
INFO: Run Behavior\WriteHtmlCacheBehavior [ RunTime:0.000000s ]
INFO: Run Behavior\TokenBuildBehavior [ RunTime:0.001000s ]
INFO: [ view_filter ] --END-- [ RunTime:0.001000s ]
INFO: [ app_end ] --START--
INFO: Run Behavior\ShowPageTraceBehavior [ RunTime:0.000000s ]
INFO: [ app_end ] --END-- [ RunTime:0.001000s ]

[ 2018-11-12T20:36:23+08:00 ] 192.168.1.101 /index.php/Article/product/id/100.html
INFO: [ app_init ] --START--
INFO: Run Behavior\BuildLiteBehavior [ RunTime:0.000000s ]
INFO: [ app_init ] --END-- [ RunTime:0.000000s ]
INFO: [ app_begin ] --START--
INFO: Run Behavior\ReadHtmlCacheBehavior [ RunTime:0.001000s ]
INFO: Run Behavior\CronRunBehavior [ RunTime:0.000000s ]
INFO: [ app_begin ] --END-- [ RunTime:0.001000s ]
SQL: SHOW COLUMNS FROM `web_webconfig` [ RunTime:0.0010s ]
SQL: SELECT * FROM `web_webconfig` WHERE `id` = 1 LIMIT 1   [ RunTime:0.0010s ]
SQL: SHOW COLUMNS FROM `web_links` [ RunTime:0.0010s ]
SQL: SELECT * FROM `web_links`  [ RunTime:0.0000s ]
SQL: SHOW COLUMNS FROM `web_article` [ RunTime:0.0020s ]
SQL: SHOW COLUMNS FROM `web_power` [ RunTime:0.0010s ]
SQL: SELECT p.pid,p.id,p.name,a.* FROM web_power as p INNER JOIN web_article as a on p.son_id=a.art_type  WHERE (  p.pid=86 ) AND (  son_id<>1 ) AND (  son_id<>4 ) AND (  son_id<>5 ) GROUP BY p.name ORDER BY p.id  [ RunTime:0.0010s ]
SQL: SELECT * FROM `web_article` WHERE ( art_type=1 ) LIMIT 1   [ RunTime:0.0000s ]
SQL: SELECT COUNT(*) AS tp_count FROM `web_article` WHERE `art_status` = 1 AND `art_type` = 100 LIMIT 1   [ RunTime:0.0000s ]
SQL: SELECT p.pid,p.id,p.name,a.* FROM web_power as p INNER JOIN web_article as a on p.son_id=a.art_type  WHERE `art_status` = 1 AND `art_type` = '100' ORDER BY p.id  [ RunTime:0.0020s ]
INFO: [ view_parse ] --START--
INFO: [ template_filter ] --START--
INFO: Run Behavior\ContentReplaceBehavior [ RunTime:0.000000s ]
INFO: [ template_filter ] --END-- [ RunTime:0.000000s ]
INFO: Run Behavior\ParseTemplateBehavior [ RunTime:0.007001s ]
INFO: [ view_parse ] --END-- [ RunTime:0.007001s ]
INFO: [ view_filter ] --START--
INFO: Run Behavior\WriteHtmlCacheBehavior [ RunTime:0.000000s ]
INFO: Run Behavior\TokenBuildBehavior [ RunTime:0.000000s ]
INFO: [ view_filter ] --END-- [ RunTime:0.000000s ]
INFO: [ app_end ] --START--
INFO: Run Behavior\ShowPageTraceBehavior [ RunTime:0.000000s ]
INFO: [ app_end ] --END-- [ RunTime:0.000000s ]

[ 2018-11-12T20:36:24+08:00 ] 192.168.1.101 /index.php/Article/activitylist/id/6.html
INFO: [ app_init ] --START--
INFO: Run Behavior\BuildLiteBehavior [ RunTime:0.000000s ]
INFO: [ app_init ] --END-- [ RunTime:0.000000s ]
INFO: [ app_begin ] --START--
INFO: Run Behavior\ReadHtmlCacheBehavior [ RunTime:0.001000s ]
INFO: Run Behavior\CronRunBehavior [ RunTime:0.000000s ]
INFO: [ app_begin ] --END-- [ RunTime:0.001000s ]
SQL: SHOW COLUMNS FROM `web_webconfig` [ RunTime:0.0010s ]
SQL: SELECT * FROM `web_webconfig` WHERE `id` = 1 LIMIT 1   [ RunTime:0.0000s ]
SQL: SHOW COLUMNS FROM `web_links` [ RunTime:0.0010s ]
SQL: SELECT * FROM `web_links`  [ RunTime:0.0000s ]
SQL: SHOW COLUMNS FROM `web_article` [ RunTime:0.0010s ]
SQL: SHOW COLUMNS FROM `web_power` [ RunTime:0.0020s ]
SQL: SELECT p.pid,p.name,a.art_title,a.id,a.art_type FROM web_power as p INNER JOIN web_article as a on p.son_id=a.art_type  WHERE ( pid=85 ) GROUP BY p.name ORDER BY p.id  [ RunTime:0.0000s ]
SQL: SELECT COUNT(*) AS tp_count FROM `web_article` WHERE `art_status` = 1 AND `art_type` = 6 LIMIT 1   [ RunTime:0.0010s ]
SQL: SELECT `art_title`,`id`,`art_type` FROM `web_article` WHERE ( art_type=6 ) LIMIT 0,10   [ RunTime:0.0000s ]
SQL: SELECT p.pid,p.name,a.* FROM web_power as p INNER JOIN web_article as a on p.son_id=a.art_type  WHERE `art_status` = 1 AND `art_type` = '6' ORDER BY p.id  [ RunTime:0.0020s ]
INFO: [ view_parse ] --START--
INFO: [ template_filter ] --START--
INFO: Run Behavior\ContentReplaceBehavior [ RunTime:0.000000s ]
INFO: [ template_filter ] --END-- [ RunTime:0.000000s ]
INFO: Run Behavior\ParseTemplateBehavior [ RunTime:0.007000s ]
INFO: [ view_parse ] --END-- [ RunTime:0.007000s ]
INFO: [ view_filter ] --START--
INFO: Run Behavior\WriteHtmlCacheBehavior [ RunTime:0.000000s ]
INFO: Run Behavior\TokenBuildBehavior [ RunTime:0.000000s ]
INFO: [ view_filter ] --END-- [ RunTime:0.000000s ]
INFO: [ app_end ] --START--
INFO: Run Behavior\ShowPageTraceBehavior [ RunTime:0.000000s ]
INFO: [ app_end ] --END-- [ RunTime:0.000000s ]

[ 2018-11-12T20:36:25+08:00 ] 192.168.1.101 /index.php/Index/drugstore/id/101.html
INFO: [ app_init ] --START--
INFO: Run Behavior\BuildLiteBehavior [ RunTime:0.000000s ]
INFO: [ app_init ] --END-- [ RunTime:0.000000s ]
INFO: [ app_begin ] --START--
INFO: Run Behavior\ReadHtmlCacheBehavior [ RunTime:0.000000s ]
INFO: Run Behavior\CronRunBehavior [ RunTime:0.000000s ]
INFO: [ app_begin ] --END-- [ RunTime:0.000000s ]
SQL: SHOW COLUMNS FROM `web_webconfig` [ RunTime:0.0010s ]
SQL: SELECT * FROM `web_webconfig` WHERE `id` = 1 LIMIT 1   [ RunTime:0.0010s ]
SQL: SHOW COLUMNS FROM `web_links` [ RunTime:0.0010s ]
SQL: SELECT * FROM `web_links`  [ RunTime:0.0000s ]
SQL: SHOW COLUMNS FROM `web_pharmacy` [ RunTime:0.0010s ]
SQL: SELECT * FROM `web_pharmacy`  [ RunTime:0.0000s ]
INFO: [ view_parse ] --START--
INFO: [ template_filter ] --START--
INFO: Run Behavior\ContentReplaceBehavior [ RunTime:0.000000s ]
INFO: [ template_filter ] --END-- [ RunTime:0.000000s ]
INFO: Run Behavior\ParseTemplateBehavior [ RunTime:0.007000s ]
INFO: [ view_parse ] --END-- [ RunTime:0.007000s ]
INFO: [ view_filter ] --START--
INFO: Run Behavior\WriteHtmlCacheBehavior [ RunTime:0.000000s ]
INFO: Run Behavior\TokenBuildBehavior [ RunTime:0.000000s ]
INFO: [ view_filter ] --END-- [ RunTime:0.000000s ]
INFO: [ app_end ] --START--
INFO: Run Behavior\ShowPageTraceBehavior [ RunTime:0.001000s ]
INFO: [ app_end ] --END-- [ RunTime:0.001000s ]

[ 2018-11-12T20:36:31+08:00 ] 192.168.1.101 /index.php/Article/huodong/id/7.html
INFO: [ app_init ] --START--
INFO: Run Behavior\BuildLiteBehavior [ RunTime:0.000000s ]
INFO: [ app_init ] --END-- [ RunTime:0.000000s ]
INFO: [ app_begin ] --START--
INFO: Run Behavior\ReadHtmlCacheBehavior [ RunTime:0.000000s ]
INFO: Run Behavior\CronRunBehavior [ RunTime:0.000000s ]
INFO: [ app_begin ] --END-- [ RunTime:0.000000s ]
SQL: SHOW COLUMNS FROM `web_webconfig` [ RunTime:0.0010s ]
SQL: SELECT * FROM `web_webconfig` WHERE `id` = 1 LIMIT 1   [ RunTime:0.0000s ]
SQL: SHOW COLUMNS FROM `web_links` [ RunTime:0.0010s ]
SQL: SELECT * FROM `web_links`  [ RunTime:0.0000s ]
SQL: SHOW COLUMNS FROM `web_article` [ RunTime:0.0020s ]
SQL: SHOW COLUMNS FROM `web_power` [ RunTime:0.0010s ]
SQL: SELECT p.pid,p.name,a.art_title,a.id,a.art_type FROM web_power as p INNER JOIN web_article as a on p.son_id=a.art_type  WHERE ( p.pid=234 ) GROUP BY p.name ORDER BY p.id  [ RunTime:0.0010s ]
SQL: SELECT COUNT(*) AS tp_count FROM `web_article` WHERE `art_status` = 1 AND `art_type` = 7 LIMIT 1   [ RunTime:0.0000s ]
SQL: SELECT `art_title`,`id`,`art_type` FROM `web_article` WHERE ( art_type=7 ) LIMIT 0,10   [ RunTime:0.0010s ]
SQL: SELECT p.pid,p.name,a.* FROM web_power as p INNER JOIN web_article as a on p.son_id=a.art_type  WHERE `art_status` = 1 AND `art_type` = '7' ORDER BY p.id  [ RunTime:0.0010s ]
INFO: [ view_parse ] --START--
INFO: [ template_filter ] --START--
INFO: Run Behavior\ContentReplaceBehavior [ RunTime:0.000000s ]
INFO: [ template_filter ] --END-- [ RunTime:0.000000s ]
INFO: Run Behavior\ParseTemplateBehavior [ RunTime:0.006000s ]
INFO: [ view_parse ] --END-- [ RunTime:0.006000s ]
INFO: [ view_filter ] --START--
INFO: Run Behavior\WriteHtmlCacheBehavior [ RunTime:0.000000s ]
INFO: Run Behavior\TokenBuildBehavior [ RunTime:0.001000s ]
INFO: [ view_filter ] --END-- [ RunTime:0.001000s ]
INFO: [ app_end ] --START--
INFO: Run Behavior\ShowPageTraceBehavior [ RunTime:0.000000s ]
INFO: [ app_end ] --END-- [ RunTime:0.000000s ]

[ 2018-11-12T20:36:31+08:00 ] 192.168.1.101 /index.php/Article/activitylist/id/6.html
INFO: [ app_init ] --START--
INFO: Run Behavior\BuildLiteBehavior [ RunTime:0.000000s ]
INFO: [ app_init ] --END-- [ RunTime:0.001000s ]
INFO: [ app_begin ] --START--
INFO: Run Behavior\ReadHtmlCacheBehavior [ RunTime:0.000000s ]
INFO: Run Behavior\CronRunBehavior [ RunTime:0.001000s ]
INFO: [ app_begin ] --END-- [ RunTime:0.001000s ]
SQL: SHOW COLUMNS FROM `web_webconfig` [ RunTime:0.0020s ]
SQL: SELECT * FROM `web_webconfig` WHERE `id` = 1 LIMIT 1   [ RunTime:0.0000s ]
SQL: SHOW COLUMNS FROM `web_links` [ RunTime:0.0010s ]
SQL: SELECT * FROM `web_links`  [ RunTime:0.0000s ]
SQL: SHOW COLUMNS FROM `web_article` [ RunTime:0.0020s ]
SQL: SHOW COLUMNS FROM `web_power` [ RunTime:0.0010s ]
SQL: SELECT p.pid,p.name,a.art_title,a.id,a.art_type FROM web_power as p INNER JOIN web_article as a on p.son_id=a.art_type  WHERE ( pid=85 ) GROUP BY p.name ORDER BY p.id  [ RunTime:0.0010s ]
SQL: SELECT COUNT(*) AS tp_count FROM `web_article` WHERE `art_status` = 1 AND `art_type` = 6 LIMIT 1   [ RunTime:0.0000s ]
SQL: SELECT `art_title`,`id`,`art_type` FROM `web_article` WHERE ( art_type=6 ) LIMIT 0,10   [ RunTime:0.0000s ]
SQL: SELECT p.pid,p.name,a.* FROM web_power as p INNER JOIN web_article as a on p.son_id=a.art_type  WHERE `art_status` = 1 AND `art_type` = '6' ORDER BY p.id  [ RunTime:0.0010s ]
INFO: [ view_parse ] --START--
INFO: [ template_filter ] --START--
INFO: Run Behavior\ContentReplaceBehavior [ RunTime:0.000000s ]
INFO: [ template_filter ] --END-- [ RunTime:0.000000s ]
INFO: Run Behavior\ParseTemplateBehavior [ RunTime:0.007001s ]
INFO: [ view_parse ] --END-- [ RunTime:0.007001s ]
INFO: [ view_filter ] --START--
INFO: Run Behavior\WriteHtmlCacheBehavior [ RunTime:0.000000s ]
INFO: Run Behavior\TokenBuildBehavior [ RunTime:0.001000s ]
INFO: [ view_filter ] --END-- [ RunTime:0.001000s ]
INFO: [ app_end ] --START--
INFO: Run Behavior\ShowPageTraceBehavior [ RunTime:0.000000s ]
INFO: [ app_end ] --END-- [ RunTime:0.000000s ]

[ 2018-11-12T20:37:18+08:00 ] 192.168.1.101 /index.php/Article/activitylist/id/6.html
INFO: [ app_init ] --START--
INFO: Run Behavior\BuildLiteBehavior [ RunTime:0.000000s ]
INFO: [ app_init ] --END-- [ RunTime:0.000000s ]
INFO: [ app_begin ] --START--
INFO: Run Behavior\ReadHtmlCacheBehavior [ RunTime:0.001000s ]
INFO: Run Behavior\CronRunBehavior [ RunTime:0.000000s ]
INFO: [ app_begin ] --END-- [ RunTime:0.001000s ]
SQL: SHOW COLUMNS FROM `web_webconfig` [ RunTime:0.0010s ]
SQL: SELECT * FROM `web_webconfig` WHERE `id` = 1 LIMIT 1   [ RunTime:0.0000s ]
SQL: SHOW COLUMNS FROM `web_links` [ RunTime:0.0010s ]
SQL: SELECT * FROM `web_links`  [ RunTime:0.0000s ]
SQL: SHOW COLUMNS FROM `web_article` [ RunTime:0.0010s ]
SQL: SHOW COLUMNS FROM `web_power` [ RunTime:0.0010s ]
SQL: SELECT p.pid,p.name,a.art_title,a.id,a.art_type FROM web_power as p INNER JOIN web_article as a on p.son_id=a.art_type  WHERE ( pid=85 ) GROUP BY p.name ORDER BY p.id  [ RunTime:0.0000s ]
SQL: SELECT COUNT(*) AS tp_count FROM `web_article` WHERE `art_status` = 1 AND `art_type` = 6 LIMIT 1   [ RunTime:0.0000s ]
SQL: SELECT `art_title`,`id`,`art_type` FROM `web_article` WHERE ( art_type=6 ) LIMIT 0,10   [ RunTime:0.0010s ]
SQL: SELECT p.pid,p.name,a.* FROM web_power as p INNER JOIN web_article as a on p.son_id=a.art_type  WHERE `art_status` = 1 AND `art_type` = '6' ORDER BY p.id  [ RunTime:0.0010s ]
INFO: [ view_parse ] --START--
INFO: [ template_filter ] --START--
INFO: Run Behavior\ContentReplaceBehavior [ RunTime:0.000000s ]
INFO: [ template_filter ] --END-- [ RunTime:0.000000s ]
INFO: Run Behavior\ParseTemplateBehavior [ RunTime:0.006001s ]
INFO: [ view_parse ] --END-- [ RunTime:0.006001s ]
INFO: [ view_filter ] --START--
INFO: Run Behavior\WriteHtmlCacheBehavior [ RunTime:0.000000s ]
INFO: Run Behavior\TokenBuildBehavior [ RunTime:0.000000s ]
INFO: [ view_filter ] --END-- [ RunTime:0.000000s ]
INFO: [ app_end ] --START--
INFO: Run Behavior\ShowPageTraceBehavior [ RunTime:0.000000s ]
INFO: [ app_end ] --END-- [ RunTime:0.000000s ]

[ 2018-11-12T20:37:19+08:00 ] 192.168.1.101 /index.php/Index/drugstore/id/101.html
INFO: [ app_init ] --START--
INFO: Run Behavior\BuildLiteBehavior [ RunTime:0.001000s ]
INFO: [ app_init ] --END-- [ RunTime:0.001000s ]
INFO: [ app_begin ] --START--
INFO: Run Behavior\ReadHtmlCacheBehavior [ RunTime:0.000000s ]
INFO: Run Behavior\CronRunBehavior [ RunTime:0.000000s ]
INFO: [ app_begin ] --END-- [ RunTime:0.000000s ]
SQL: SHOW COLUMNS FROM `web_webconfig` [ RunTime:0.0010s ]
SQL: SELECT * FROM `web_webconfig` WHERE `id` = 1 LIMIT 1   [ RunTime:0.0010s ]
SQL: SHOW COLUMNS FROM `web_links` [ RunTime:0.0010s ]
SQL: SELECT * FROM `web_links`  [ RunTime:0.0000s ]
SQL: SHOW COLUMNS FROM `web_pharmacy` [ RunTime:0.0010s ]
SQL: SELECT * FROM `web_pharmacy`  [ RunTime:0.0010s ]
INFO: [ view_parse ] --START--
INFO: [ template_filter ] --START--
INFO: Run Behavior\ContentReplaceBehavior [ RunTime:0.000000s ]
INFO: [ template_filter ] --END-- [ RunTime:0.000000s ]
INFO: Run Behavior\ParseTemplateBehavior [ RunTime:0.007000s ]
INFO: [ view_parse ] --END-- [ RunTime:0.007000s ]
INFO: [ view_filter ] --START--
INFO: Run Behavior\WriteHtmlCacheBehavior [ RunTime:0.000000s ]
INFO: Run Behavior\TokenBuildBehavior [ RunTime:0.001001s ]
INFO: [ view_filter ] --END-- [ RunTime:0.001001s ]
INFO: [ app_end ] --START--
INFO: Run Behavior\ShowPageTraceBehavior [ RunTime:0.000000s ]
INFO: [ app_end ] --END-- [ RunTime:0.000000s ]

[ 2018-11-12T20:37:20+08:00 ] 192.168.1.101 /index.php/Article/huodong/id/7.html
INFO: [ app_init ] --START--
INFO: Run Behavior\BuildLiteBehavior [ RunTime:0.000000s ]
INFO: [ app_init ] --END-- [ RunTime:0.000000s ]
INFO: [ app_begin ] --START--
INFO: Run Behavior\ReadHtmlCacheBehavior [ RunTime:0.001001s ]
INFO: Run Behavior\CronRunBehavior [ RunTime:0.000000s ]
INFO: [ app_begin ] --END-- [ RunTime:0.001001s ]
SQL: SHOW COLUMNS FROM `web_webconfig` [ RunTime:0.0010s ]
SQL: SELECT * FROM `web_webconfig` WHERE `id` = 1 LIMIT 1   [ RunTime:0.0010s ]
SQL: SHOW COLUMNS FROM `web_links` [ RunTime:0.0010s ]
SQL: SELECT * FROM `web_links`  [ RunTime:0.0000s ]
SQL: SHOW COLUMNS FROM `web_article` [ RunTime:0.0010s ]
SQL: SHOW COLUMNS FROM `web_power` [ RunTime:0.0010s ]
SQL: SELECT p.pid,p.name,a.art_title,a.id,a.art_type FROM web_power as p INNER JOIN web_article as a on p.son_id=a.art_type  WHERE ( p.pid=234 ) GROUP BY p.name ORDER BY p.id  [ RunTime:0.0000s ]
SQL: SELECT COUNT(*) AS tp_count FROM `web_article` WHERE `art_status` = 1 AND `art_type` = 7 LIMIT 1   [ RunTime:0.0010s ]
SQL: SELECT `art_title`,`id`,`art_type` FROM `web_article` WHERE ( art_type=7 ) LIMIT 0,10   [ RunTime:0.0000s ]
SQL: SELECT p.pid,p.name,a.* FROM web_power as p INNER JOIN web_article as a on p.son_id=a.art_type  WHERE `art_status` = 1 AND `art_type` = '7' ORDER BY p.id  [ RunTime:0.0020s ]
INFO: [ view_parse ] --START--
INFO: [ template_filter ] --START--
INFO: Run Behavior\ContentReplaceBehavior [ RunTime:0.000000s ]
INFO: [ template_filter ] --END-- [ RunTime:0.001000s ]
INFO: Run Behavior\ParseTemplateBehavior [ RunTime:0.006000s ]
INFO: [ view_parse ] --END-- [ RunTime:0.006000s ]
INFO: [ view_filter ] --START--
INFO: Run Behavior\WriteHtmlCacheBehavior [ RunTime:0.000000s ]
INFO: Run Behavior\TokenBuildBehavior [ RunTime:0.001000s ]
INFO: [ view_filter ] --END-- [ RunTime:0.001000s ]
INFO: [ app_end ] --START--
INFO: Run Behavior\ShowPageTraceBehavior [ RunTime:0.000000s ]
INFO: [ app_end ] --END-- [ RunTime:0.000000s ]

[ 2018-11-12T20:37:21+08:00 ] 192.168.1.101 /index.php/Article/brand/id/102.html
INFO: [ app_init ] --START--
INFO: Run Behavior\BuildLiteBehavior [ RunTime:0.000000s ]
INFO: [ app_init ] --END-- [ RunTime:0.000000s ]
INFO: [ app_begin ] --START--
INFO: Run Behavior\ReadHtmlCacheBehavior [ RunTime:0.001000s ]
INFO: Run Behavior\CronRunBehavior [ RunTime:0.000000s ]
INFO: [ app_begin ] --END-- [ RunTime:0.001000s ]
SQL: SHOW COLUMNS FROM `web_webconfig` [ RunTime:0.0010s ]
SQL: SELECT * FROM `web_webconfig` WHERE `id` = 1 LIMIT 1   [ RunTime:0.0010s ]
SQL: SHOW COLUMNS FROM `web_links` [ RunTime:0.0010s ]
SQL: SELECT * FROM `web_links`  [ RunTime:0.0000s ]
SQL: SHOW COLUMNS FROM `web_article` [ RunTime:0.0010s ]
SQL: SHOW COLUMNS FROM `web_power` [ RunTime:0.0010s ]
SQL: SELECT p.pid,p.id,p.name,a.* FROM web_power as p INNER JOIN web_article as a on p.son_id=a.art_type  WHERE (  p.pid=92 ) AND (  p.son_id<>13 ) GROUP BY p.name ORDER BY p.id  [ RunTime:0.0130s ]
SQL: SELECT * FROM `web_article` WHERE ( art_type=8 ) LIMIT 1   [ RunTime:0.0000s ]
SQL: SELECT `art_title`,`id`,`art_type` FROM `web_article` WHERE ( art_type=102 )  [ RunTime:0.0000s ]
SQL: SELECT COUNT(*) AS tp_count FROM `web_article` WHERE `art_status` = 1 AND `art_type` = 102 LIMIT 1   [ RunTime:0.0000s ]
SQL: SELECT p.pid,p.name,a.* FROM web_power as p INNER JOIN web_article as a on p.son_id=a.art_type  WHERE `art_status` = 1 AND `art_type` = '102' ORDER BY p.id  [ RunTime:0.0010s ]
INFO: [ view_parse ] --START--
INFO: [ template_filter ] --START--
INFO: Run Behavior\ContentReplaceBehavior [ RunTime:0.000000s ]
INFO: [ template_filter ] --END-- [ RunTime:0.000000s ]
NOTIC: [8] Use of undefined constant ids - assumed 'ids' D:\lfs\lfs-master\App\Runtime\Cache\Home\c99772e9de07fb1f4917bd40503e9387.php 第 61 行.
NOTIC: [8] Use of undefined constant ids - assumed 'ids' D:\lfs\lfs-master\App\Runtime\Cache\Home\c99772e9de07fb1f4917bd40503e9387.php 第 61 行.
NOTIC: [8] Use of undefined constant ids - assumed 'ids' D:\lfs\lfs-master\App\Runtime\Cache\Home\c99772e9de07fb1f4917bd40503e9387.php 第 61 行.
NOTIC: [8] Use of undefined constant ids - assumed 'ids' D:\lfs\lfs-master\App\Runtime\Cache\Home\c99772e9de07fb1f4917bd40503e9387.php 第 61 行.
NOTIC: [8] Use of undefined constant ids - assumed 'ids' D:\lfs\lfs-master\App\Runtime\Cache\Home\c99772e9de07fb1f4917bd40503e9387.php 第 61 行.
INFO: Run Behavior\ParseTemplateBehavior [ RunTime:0.014001s ]
INFO: [ view_parse ] --END-- [ RunTime:0.014001s ]
INFO: [ view_filter ] --START--
INFO: Run Behavior\WriteHtmlCacheBehavior [ RunTime:0.000000s ]
INFO: Run Behavior\TokenBuildBehavior [ RunTime:0.000000s ]
INFO: [ view_filter ] --END-- [ RunTime:0.000000s ]
INFO: [ app_end ] --START--
INFO: Run Behavior\ShowPageTraceBehavior [ RunTime:0.000000s ]
INFO: [ app_end ] --END-- [ RunTime:0.000000s ]

[ 2018-11-12T20:37:22+08:00 ] 192.168.1.101 /index.php/Article/about/id/19.html
INFO: [ app_init ] --START--
INFO: Run Behavior\BuildLiteBehavior [ RunTime:0.000000s ]
INFO: [ app_init ] --END-- [ RunTime:0.000000s ]
INFO: [ app_begin ] --START--
INFO: Run Behavior\ReadHtmlCacheBehavior [ RunTime:0.001000s ]
INFO: Run Behavior\CronRunBehavior [ RunTime:0.000000s ]
INFO: [ app_begin ] --END-- [ RunTime:0.001000s ]
SQL: SHOW COLUMNS FROM `web_webconfig` [ RunTime:0.0010s ]
SQL: SELECT * FROM `web_webconfig` WHERE `id` = 1 LIMIT 1   [ RunTime:0.0000s ]
SQL: SHOW COLUMNS FROM `web_links` [ RunTime:0.0010s ]
SQL: SELECT * FROM `web_links`  [ RunTime:0.0000s ]
SQL: SHOW COLUMNS FROM `web_webconfig` [ RunTime:0.0010s ]
SQL: SHOW COLUMNS FROM `web_article` [ RunTime:0.0020s ]
SQL: SELECT * FROM `web_webconfig` WHERE `id` = 2 LIMIT 1   [ RunTime:0.0040s ]
INFO: [ view_parse ] --START--
INFO: [ template_filter ] --START--
INFO: Run Behavior\ContentReplaceBehavior [ RunTime:0.001000s ]
INFO: [ template_filter ] --END-- [ RunTime:0.001000s ]
INFO: Run Behavior\ParseTemplateBehavior [ RunTime:0.007001s ]
INFO: [ view_parse ] --END-- [ RunTime:0.007001s ]
INFO: [ view_filter ] --START--
INFO: Run Behavior\WriteHtmlCacheBehavior [ RunTime:0.000000s ]
INFO: Run Behavior\TokenBuildBehavior [ RunTime:0.001000s ]
INFO: [ view_filter ] --END-- [ RunTime:0.001000s ]
INFO: [ app_end ] --START--
INFO: Run Behavior\ShowPageTraceBehavior [ RunTime:0.000000s ]
INFO: [ app_end ] --END-- [ RunTime:0.000000s ]

[ 2018-11-12T20:37:22+08:00 ] 192.168.1.101 /index.php/Article/brand/id/102.html
INFO: [ app_init ] --START--
INFO: Run Behavior\BuildLiteBehavior [ RunTime:0.000000s ]
INFO: [ app_init ] --END-- [ RunTime:0.000000s ]
INFO: [ app_begin ] --START--
INFO: Run Behavior\ReadHtmlCacheBehavior [ RunTime:0.001000s ]
INFO: Run Behavior\CronRunBehavior [ RunTime:0.000000s ]
INFO: [ app_begin ] --END-- [ RunTime:0.001000s ]
SQL: SHOW COLUMNS FROM `web_webconfig` [ RunTime:0.0010s ]
SQL: SELECT * FROM `web_webconfig` WHERE `id` = 1 LIMIT 1   [ RunTime:0.0010s ]
SQL: SHOW COLUMNS FROM `web_links` [ RunTime:0.0010s ]
SQL: SELECT * FROM `web_links`  [ RunTime:0.0000s ]
SQL: SHOW COLUMNS FROM `web_article` [ RunTime:0.0020s ]
SQL: SHOW COLUMNS FROM `web_power` [ RunTime:0.0010s ]
SQL: SELECT p.pid,p.id,p.name,a.* FROM web_power as p INNER JOIN web_article as a on p.son_id=a.art_type  WHERE (  p.pid=92 ) AND (  p.son_id<>13 ) GROUP BY p.name ORDER BY p.id  [ RunTime:0.0020s ]
SQL: SELECT * FROM `web_article` WHERE ( art_type=8 ) LIMIT 1   [ RunTime:0.0000s ]
SQL: SELECT `art_title`,`id`,`art_type` FROM `web_article` WHERE ( art_type=102 )  [ RunTime:0.0000s ]
SQL: SELECT COUNT(*) AS tp_count FROM `web_article` WHERE `art_status` = 1 AND `art_type` = 102 LIMIT 1   [ RunTime:0.0000s ]
SQL: SELECT p.pid,p.name,a.* FROM web_power as p INNER JOIN web_article as a on p.son_id=a.art_type  WHERE `art_status` = 1 AND `art_type` = '102' ORDER BY p.id  [ RunTime:0.0010s ]
INFO: [ view_parse ] --START--
INFO: [ template_filter ] --START--
INFO: Run Behavior\ContentReplaceBehavior [ RunTime:0.000000s ]
INFO: [ template_filter ] --END-- [ RunTime:0.000000s ]
NOTIC: [8] Use of undefined constant ids - assumed 'ids' D:\lfs\lfs-master\App\Runtime\Cache\Home\c99772e9de07fb1f4917bd40503e9387.php 第 61 行.
NOTIC: [8] Use of undefined constant ids - assumed 'ids' D:\lfs\lfs-master\App\Runtime\Cache\Home\c99772e9de07fb1f4917bd40503e9387.php 第 61 行.
NOTIC: [8] Use of undefined constant ids - assumed 'ids' D:\lfs\lfs-master\App\Runtime\Cache\Home\c99772e9de07fb1f4917bd40503e9387.php 第 61 行.
NOTIC: [8] Use of undefined constant ids - assumed 'ids' D:\lfs\lfs-master\App\Runtime\Cache\Home\c99772e9de07fb1f4917bd40503e9387.php 第 61 行.
NOTIC: [8] Use of undefined constant ids - assumed 'ids' D:\lfs\lfs-master\App\Runtime\Cache\Home\c99772e9de07fb1f4917bd40503e9387.php 第 61 行.
INFO: Run Behavior\ParseTemplateBehavior [ RunTime:0.008000s ]
INFO: [ view_parse ] --END-- [ RunTime:0.008000s ]
INFO: [ view_filter ] --START--
INFO: Run Behavior\WriteHtmlCacheBehavior [ RunTime:0.000000s ]
INFO: Run Behavior\TokenBuildBehavior [ RunTime:0.001000s ]
INFO: [ view_filter ] --END-- [ RunTime:0.001000s ]
INFO: [ app_end ] --START--
INFO: Run Behavior\ShowPageTraceBehavior [ RunTime:0.000000s ]
INFO: [ app_end ] --END-- [ RunTime:0.000000s ]

[ 2018-11-12T20:37:23+08:00 ] 192.168.1.101 /index.php/Article/huodong/id/7.html
INFO: [ app_init ] --START--
INFO: Run Behavior\BuildLiteBehavior [ RunTime:0.000000s ]
INFO: [ app_init ] --END-- [ RunTime:0.000000s ]
INFO: [ app_begin ] --START--
INFO: Run Behavior\ReadHtmlCacheBehavior [ RunTime:0.000000s ]
INFO: Run Behavior\CronRunBehavior [ RunTime:0.001000s ]
INFO: [ app_begin ] --END-- [ RunTime:0.001000s ]
SQL: SHOW COLUMNS FROM `web_webconfig` [ RunTime:0.0010s ]
SQL: SELECT * FROM `web_webconfig` WHERE `id` = 1 LIMIT 1   [ RunTime:0.0010s ]
SQL: SHOW COLUMNS FROM `web_links` [ RunTime:0.0010s ]
SQL: SELECT * FROM `web_links`  [ RunTime:0.0000s ]
SQL: SHOW COLUMNS FROM `web_article` [ RunTime:0.0010s ]
SQL: SHOW COLUMNS FROM `web_power` [ RunTime:0.0010s ]
SQL: SELECT p.pid,p.name,a.art_title,a.id,a.art_type FROM web_power as p INNER JOIN web_article as a on p.son_id=a.art_type  WHERE ( p.pid=234 ) GROUP BY p.name ORDER BY p.id  [ RunTime:0.0000s ]
SQL: SELECT COUNT(*) AS tp_count FROM `web_article` WHERE `art_status` = 1 AND `art_type` = 7 LIMIT 1   [ RunTime:0.0000s ]
SQL: SELECT `art_title`,`id`,`art_type` FROM `web_article` WHERE ( art_type=7 ) LIMIT 0,10   [ RunTime:0.0000s ]
SQL: SELECT p.pid,p.name,a.* FROM web_power as p INNER JOIN web_article as a on p.son_id=a.art_type  WHERE `art_status` = 1 AND `art_type` = '7' ORDER BY p.id  [ RunTime:0.0010s ]
INFO: [ view_parse ] --START--
INFO: [ template_filter ] --START--
INFO: Run Behavior\ContentReplaceBehavior [ RunTime:0.000000s ]
INFO: [ template_filter ] --END-- [ RunTime:0.000000s ]
INFO: Run Behavior\ParseTemplateBehavior [ RunTime:0.006000s ]
INFO: [ view_parse ] --END-- [ RunTime:0.006000s ]
INFO: [ view_filter ] --START--
INFO: Run Behavior\WriteHtmlCacheBehavior [ RunTime:0.000000s ]
INFO: Run Behavior\TokenBuildBehavior [ RunTime:0.001000s ]
INFO: [ view_filter ] --END-- [ RunTime:0.001000s ]
INFO: [ app_end ] --START--
INFO: Run Behavior\ShowPageTraceBehavior [ RunTime:0.000000s ]
INFO: [ app_end ] --END-- [ RunTime:0.000000s ]

[ 2018-11-12T20:37:27+08:00 ] 192.168.1.101 /index.php/Article/activitylist/id/6.html
INFO: [ app_init ] --START--
INFO: Run Behavior\BuildLiteBehavior [ RunTime:0.000000s ]
INFO: [ app_init ] --END-- [ RunTime:0.000000s ]
INFO: [ app_begin ] --START--
INFO: Run Behavior\ReadHtmlCacheBehavior [ RunTime:0.001000s ]
INFO: Run Behavior\CronRunBehavior [ RunTime:0.000000s ]
INFO: [ app_begin ] --END-- [ RunTime:0.001000s ]
SQL: SHOW COLUMNS FROM `web_webconfig` [ RunTime:0.0010s ]
SQL: SELECT * FROM `web_webconfig` WHERE `id` = 1 LIMIT 1   [ RunTime:0.0010s ]
SQL: SHOW COLUMNS FROM `web_links` [ RunTime:0.0010s ]
SQL: SELECT * FROM `web_links`  [ RunTime:0.0000s ]
SQL: SHOW COLUMNS FROM `web_article` [ RunTime:0.0020s ]
SQL: SHOW COLUMNS FROM `web_power` [ RunTime:0.0010s ]
SQL: SELECT p.pid,p.name,a.art_title,a.id,a.art_type FROM web_power as p INNER JOIN web_article as a on p.son_id=a.art_type  WHERE ( pid=85 ) GROUP BY p.name ORDER BY p.id  [ RunTime:0.0000s ]
SQL: SELECT COUNT(*) AS tp_count FROM `web_article` WHERE `art_status` = 1 AND `art_type` = 6 LIMIT 1   [ RunTime:0.0010s ]
SQL: SELECT `art_title`,`id`,`art_type` FROM `web_article` WHERE ( art_type=6 ) LIMIT 0,10   [ RunTime:0.0000s ]
SQL: SELECT p.pid,p.name,a.* FROM web_power as p INNER JOIN web_article as a on p.son_id=a.art_type  WHERE `art_status` = 1 AND `art_type` = '6' ORDER BY p.id  [ RunTime:0.0020s ]
INFO: [ view_parse ] --START--
INFO: [ template_filter ] --START--
INFO: Run Behavior\ContentReplaceBehavior [ RunTime:0.000000s ]
INFO: [ template_filter ] --END-- [ RunTime:0.000000s ]
INFO: Run Behavior\ParseTemplateBehavior [ RunTime:0.007001s ]
INFO: [ view_parse ] --END-- [ RunTime:0.007001s ]
INFO: [ view_filter ] --START--
INFO: Run Behavior\WriteHtmlCacheBehavior [ RunTime:0.000000s ]
INFO: Run Behavior\TokenBuildBehavior [ RunTime:0.000000s ]
INFO: [ view_filter ] --END-- [ RunTime:0.000000s ]
INFO: [ app_end ] --START--
INFO: Run Behavior\ShowPageTraceBehavior [ RunTime:0.001000s ]
INFO: [ app_end ] --END-- [ RunTime:0.001000s ]

[ 2018-11-12T20:37:28+08:00 ] 192.168.1.101 /index.php/Article/product/id/100.html
INFO: [ app_init ] --START--
INFO: Run Behavior\BuildLiteBehavior [ RunTime:0.000000s ]
INFO: [ app_init ] --END-- [ RunTime:0.000000s ]
INFO: [ app_begin ] --START--
INFO: Run Behavior\ReadHtmlCacheBehavior [ RunTime:0.001000s ]
INFO: Run Behavior\CronRunBehavior [ RunTime:0.000000s ]
INFO: [ app_begin ] --END-- [ RunTime:0.001000s ]
SQL: SHOW COLUMNS FROM `web_webconfig` [ RunTime:0.0010s ]
SQL: SELECT * FROM `web_webconfig` WHERE `id` = 1 LIMIT 1   [ RunTime:0.0010s ]
SQL: SHOW COLUMNS FROM `web_links` [ RunTime:0.0010s ]
SQL: SELECT * FROM `web_links`  [ RunTime:0.0000s ]
SQL: SHOW COLUMNS FROM `web_article` [ RunTime:0.0010s ]
SQL: SHOW COLUMNS FROM `web_power` [ RunTime:0.0020s ]
SQL: SELECT p.pid,p.id,p.name,a.* FROM web_power as p INNER JOIN web_article as a on p.son_id=a.art_type  WHERE (  p.pid=86 ) AND (  son_id<>1 ) AND (  son_id<>4 ) AND (  son_id<>5 ) GROUP BY p.name ORDER BY p.id  [ RunTime:0.0020s ]
SQL: SELECT * FROM `web_article` WHERE ( art_type=1 ) LIMIT 1   [ RunTime:0.0000s ]
SQL: SELECT COUNT(*) AS tp_count FROM `web_article` WHERE `art_status` = 1 AND `art_type` = 100 LIMIT 1   [ RunTime:0.0000s ]
SQL: SELECT p.pid,p.id,p.name,a.* FROM web_power as p INNER JOIN web_article as a on p.son_id=a.art_type  WHERE `art_status` = 1 AND `art_type` = '100' ORDER BY p.id  [ RunTime:0.0010s ]
INFO: [ view_parse ] --START--
INFO: [ template_filter ] --START--
INFO: Run Behavior\ContentReplaceBehavior [ RunTime:0.000000s ]
INFO: [ template_filter ] --END-- [ RunTime:0.000000s ]
INFO: Run Behavior\ParseTemplateBehavior [ RunTime:0.007001s ]
INFO: [ view_parse ] --END-- [ RunTime:0.007001s ]
INFO: [ view_filter ] --START--
INFO: Run Behavior\WriteHtmlCacheBehavior [ RunTime:0.000000s ]
INFO: Run Behavior\TokenBuildBehavior [ RunTime:0.000000s ]
INFO: [ view_filter ] --END-- [ RunTime:0.000000s ]
INFO: [ app_end ] --START--
INFO: Run Behavior\ShowPageTraceBehavior [ RunTime:0.000000s ]
INFO: [ app_end ] --END-- [ RunTime:0.000000s ]

[ 2018-11-12T20:37:29+08:00 ] 192.168.1.101 /index.php/Index/index.html
INFO: [ app_init ] --START--
INFO: Run Behavior\BuildLiteBehavior [ RunTime:0.000000s ]
INFO: [ app_init ] --END-- [ RunTime:0.000000s ]
INFO: [ app_begin ] --START--
INFO: Run Behavior\ReadHtmlCacheBehavior [ RunTime:0.001000s ]
INFO: Run Behavior\CronRunBehavior [ RunTime:0.000000s ]
INFO: [ app_begin ] --END-- [ RunTime:0.001000s ]
SQL: SHOW COLUMNS FROM `web_webconfig` [ RunTime:0.0010s ]
SQL: SELECT * FROM `web_webconfig` WHERE `id` = 1 LIMIT 1   [ RunTime:0.0000s ]
SQL: SHOW COLUMNS FROM `web_links` [ RunTime:0.0010s ]
SQL: SELECT * FROM `web_links`  [ RunTime:0.0000s ]
SQL: SHOW COLUMNS FROM `web_picture` [ RunTime:0.0010s ]
SQL: SHOW COLUMNS FROM `web_print` [ RunTime:0.0020s ]
SQL: SELECT * FROM `web_picture` WHERE `type` = 1 AND `status` = 1 LIMIT 3   [ RunTime:0.0000s ]
SQL: SELECT * FROM `web_print` ORDER BY id desc  [ RunTime:0.0010s ]
INFO: [ view_parse ] --START--
INFO: [ template_filter ] --START--
INFO: Run Behavior\ContentReplaceBehavior [ RunTime:0.000000s ]
INFO: [ template_filter ] --END-- [ RunTime:0.000000s ]
NOTIC: [8] Undefined index: id D:\lfs\lfs-master\App\Runtime\Cache\Home\fecaaaddcbaff093f7b7ce7eafabd0d2.php 第 53 行.
NOTIC: [8] Undefined index: id D:\lfs\lfs-master\App\Runtime\Cache\Home\fecaaaddcbaff093f7b7ce7eafabd0d2.php 第 54 行.
NOTIC: [8] Undefined index: id D:\lfs\lfs-master\App\Runtime\Cache\Home\fecaaaddcbaff093f7b7ce7eafabd0d2.php 第 55 行.
NOTIC: [8] Undefined index: id D:\lfs\lfs-master\App\Runtime\Cache\Home\fecaaaddcbaff093f7b7ce7eafabd0d2.php 第 56 行.
NOTIC: [8] Undefined index: id D:\lfs\lfs-master\App\Runtime\Cache\Home\fecaaaddcbaff093f7b7ce7eafabd0d2.php 第 57 行.
NOTIC: [8] Undefined index: id D:\lfs\lfs-master\App\Runtime\Cache\Home\fecaaaddcbaff093f7b7ce7eafabd0d2.php 第 58 行.
NOTIC: [8] Undefined index: id D:\lfs\lfs-master\App\Runtime\Cache\Home\fecaaaddcbaff093f7b7ce7eafabd0d2.php 第 59 行.
NOTIC: [8] Undefined index: art_type D:\lfs\lfs-master\App\Runtime\Cache\Home\fecaaaddcbaff093f7b7ce7eafabd0d2.php 第 106 行.
NOTIC: [8] Undefined index: art_type D:\lfs\lfs-master\App\Runtime\Cache\Home\fecaaaddcbaff093f7b7ce7eafabd0d2.php 第 106 行.
NOTIC: [8] Undefined index: art_type D:\lfs\lfs-master\App\Runtime\Cache\Home\fecaaaddcbaff093f7b7ce7eafabd0d2.php 第 106 行.
NOTIC: [8] Undefined index: art_type D:\lfs\lfs-master\App\Runtime\Cache\Home\fecaaaddcbaff093f7b7ce7eafabd0d2.php 第 106 行.
NOTIC: [8] Undefined index: art_type D:\lfs\lfs-master\App\Runtime\Cache\Home\fecaaaddcbaff093f7b7ce7eafabd0d2.php 第 106 行.
NOTIC: [8] Undefined index: art_type D:\lfs\lfs-master\App\Runtime\Cache\Home\fecaaaddcbaff093f7b7ce7eafabd0d2.php 第 106 行.
INFO: Run Behavior\ParseTemplateBehavior [ RunTime:0.007000s ]
INFO: [ view_parse ] --END-- [ RunTime:0.007000s ]
INFO: [ view_filter ] --START--
INFO: Run Behavior\WriteHtmlCacheBehavior [ RunTime:0.001001s ]
INFO: Run Behavior\TokenBuildBehavior [ RunTime:0.000000s ]
INFO: [ view_filter ] --END-- [ RunTime:0.001001s ]
INFO: [ app_end ] --START--
INFO: Run Behavior\ShowPageTraceBehavior [ RunTime:0.000000s ]
INFO: [ app_end ] --END-- [ RunTime:0.000000s ]

[ 2018-11-12T20:37:29+08:00 ] 192.168.1.101 /Public/images/home/1_03.png
INFO: [ app_init ] --START--
INFO: Run Behavior\BuildLiteBehavior [ RunTime:0.000000s ]
INFO: [ app_init ] --END-- [ RunTime:0.000000s ]

[ 2018-11-12T20:37:33+08:00 ] 192.168.1.101 /index.php/Article/product/id/100.html
INFO: [ app_init ] --START--
INFO: Run Behavior\BuildLiteBehavior [ RunTime:0.000000s ]
INFO: [ app_init ] --END-- [ RunTime:0.000000s ]
INFO: [ app_begin ] --START--
INFO: Run Behavior\ReadHtmlCacheBehavior [ RunTime:0.000000s ]
INFO: Run Behavior\CronRunBehavior [ RunTime:0.000000s ]
INFO: [ app_begin ] --END-- [ RunTime:0.000000s ]
SQL: SHOW COLUMNS FROM `web_webconfig` [ RunTime:0.0010s ]
SQL: SELECT * FROM `web_webconfig` WHERE `id` = 1 LIMIT 1   [ RunTime:0.0000s ]
SQL: SHOW COLUMNS FROM `web_links` [ RunTime:0.0010s ]
SQL: SELECT * FROM `web_links`  [ RunTime:0.0010s ]
SQL: SHOW COLUMNS FROM `web_article` [ RunTime:0.0010s ]
SQL: SHOW COLUMNS FROM `web_power` [ RunTime:0.0010s ]
SQL: SELECT p.pid,p.id,p.name,a.* FROM web_power as p INNER JOIN web_article as a on p.son_id=a.art_type  WHERE (  p.pid=86 ) AND (  son_id<>1 ) AND (  son_id<>4 ) AND (  son_id<>5 ) GROUP BY p.name ORDER BY p.id  [ RunTime:0.0010s ]
SQL: SELECT * FROM `web_article` WHERE ( art_type=1 ) LIMIT 1   [ RunTime:0.0000s ]
SQL: SELECT COUNT(*) AS tp_count FROM `web_article` WHERE `art_status` = 1 AND `art_type` = 100 LIMIT 1   [ RunTime:0.0010s ]
SQL: SELECT p.pid,p.id,p.name,a.* FROM web_power as p INNER JOIN web_article as a on p.son_id=a.art_type  WHERE `art_status` = 1 AND `art_type` = '100' ORDER BY p.id  [ RunTime:0.0010s ]
INFO: [ view_parse ] --START--
INFO: [ template_filter ] --START--
INFO: Run Behavior\ContentReplaceBehavior [ RunTime:0.001000s ]
INFO: [ template_filter ] --END-- [ RunTime:0.001000s ]
INFO: Run Behavior\ParseTemplateBehavior [ RunTime:0.007001s ]
INFO: [ view_parse ] --END-- [ RunTime:0.007001s ]
INFO: [ view_filter ] --START--
INFO: Run Behavior\WriteHtmlCacheBehavior [ RunTime:0.000000s ]
INFO: Run Behavior\TokenBuildBehavior [ RunTime:0.001000s ]
INFO: [ view_filter ] --END-- [ RunTime:0.001000s ]
INFO: [ app_end ] --START--
INFO: Run Behavior\ShowPageTraceBehavior [ RunTime:0.000000s ]
INFO: [ app_end ] --END-- [ RunTime:0.000000s ]

[ 2018-11-12T20:37:37+08:00 ] 192.168.1.101 /index.php/Article/activitylist/id/6.html
INFO: [ app_init ] --START--
INFO: Run Behavior\BuildLiteBehavior [ RunTime:0.000000s ]
INFO: [ app_init ] --END-- [ RunTime:0.001000s ]
INFO: [ app_begin ] --START--
INFO: Run Behavior\ReadHtmlCacheBehavior [ RunTime:0.000000s ]
INFO: Run Behavior\CronRunBehavior [ RunTime:0.000000s ]
INFO: [ app_begin ] --END-- [ RunTime:0.000000s ]
SQL: SHOW COLUMNS FROM `web_webconfig` [ RunTime:0.0010s ]
SQL: SELECT * FROM `web_webconfig` WHERE `id` = 1 LIMIT 1   [ RunTime:0.0010s ]
SQL: SHOW COLUMNS FROM `web_links` [ RunTime:0.0010s ]
SQL: SELECT * FROM `web_links`  [ RunTime:0.0000s ]
SQL: SHOW COLUMNS FROM `web_article` [ RunTime:0.0020s ]
SQL: SHOW COLUMNS FROM `web_power` [ RunTime:0.0010s ]
SQL: SELECT p.pid,p.name,a.art_title,a.id,a.art_type FROM web_power as p INNER JOIN web_article as a on p.son_id=a.art_type  WHERE ( pid=85 ) GROUP BY p.name ORDER BY p.id  [ RunTime:0.0010s ]
SQL: SELECT COUNT(*) AS tp_count FROM `web_article` WHERE `art_status` = 1 AND `art_type` = 6 LIMIT 1   [ RunTime:0.0000s ]
SQL: SELECT `art_title`,`id`,`art_type` FROM `web_article` WHERE ( art_type=6 ) LIMIT 0,10   [ RunTime:0.0010s ]
SQL: SELECT p.pid,p.name,a.* FROM web_power as p INNER JOIN web_article as a on p.son_id=a.art_type  WHERE `art_status` = 1 AND `art_type` = '6' ORDER BY p.id  [ RunTime:0.0010s ]
INFO: [ view_parse ] --START--
INFO: [ template_filter ] --START--
INFO: Run Behavior\ContentReplaceBehavior [ RunTime:0.000000s ]
INFO: [ template_filter ] --END-- [ RunTime:0.000000s ]
INFO: Run Behavior\ParseTemplateBehavior [ RunTime:0.006000s ]
INFO: [ view_parse ] --END-- [ RunTime:0.006000s ]
INFO: [ view_filter ] --START--
INFO: Run Behavior\WriteHtmlCacheBehavior [ RunTime:0.000000s ]
INFO: Run Behavior\TokenBuildBehavior [ RunTime:0.001000s ]
INFO: [ view_filter ] --END-- [ RunTime:0.001000s ]
INFO: [ app_end ] --START--
INFO: Run Behavior\ShowPageTraceBehavior [ RunTime:0.000000s ]
INFO: [ app_end ] --END-- [ RunTime:0.000000s ]

[ 2018-11-12T20:37:39+08:00 ] 192.168.1.101 /index.php/Index/drugstore/id/101.html
INFO: [ app_init ] --START--
INFO: Run Behavior\BuildLiteBehavior [ RunTime:0.000000s ]
INFO: [ app_init ] --END-- [ RunTime:0.000000s ]
INFO: [ app_begin ] --START--
INFO: Run Behavior\ReadHtmlCacheBehavior [ RunTime:0.000000s ]
INFO: Run Behavior\CronRunBehavior [ RunTime:0.000000s ]
INFO: [ app_begin ] --END-- [ RunTime:0.001000s ]
SQL: SHOW COLUMNS FROM `web_webconfig` [ RunTime:0.0020s ]
SQL: SELECT * FROM `web_webconfig` WHERE `id` = 1 LIMIT 1   [ RunTime:0.0000s ]
SQL: SHOW COLUMNS FROM `web_links` [ RunTime:0.0020s ]
SQL: SELECT * FROM `web_links`  [ RunTime:0.0000s ]
SQL: SHOW COLUMNS FROM `web_pharmacy` [ RunTime:0.0010s ]
SQL: SELECT * FROM `web_pharmacy`  [ RunTime:0.0000s ]
INFO: [ view_parse ] --START--
INFO: [ template_filter ] --START--
INFO: Run Behavior\ContentReplaceBehavior [ RunTime:0.000000s ]
INFO: [ template_filter ] --END-- [ RunTime:0.000000s ]
INFO: Run Behavior\ParseTemplateBehavior [ RunTime:0.007001s ]
INFO: [ view_parse ] --END-- [ RunTime:0.007001s ]
INFO: [ view_filter ] --START--
INFO: Run Behavior\WriteHtmlCacheBehavior [ RunTime:0.000000s ]
INFO: Run Behavior\TokenBuildBehavior [ RunTime:0.000000s ]
INFO: [ view_filter ] --END-- [ RunTime:0.000000s ]
INFO: [ app_end ] --START--
INFO: Run Behavior\ShowPageTraceBehavior [ RunTime:0.000000s ]
INFO: [ app_end ] --END-- [ RunTime:0.000000s ]

[ 2018-11-12T20:37:43+08:00 ] 192.168.1.101 /index.php/Article/huodong/id/7.html
INFO: [ app_init ] --START--
INFO: Run Behavior\BuildLiteBehavior [ RunTime:0.000000s ]
INFO: [ app_init ] --END-- [ RunTime:0.000000s ]
INFO: [ app_begin ] --START--
INFO: Run Behavior\ReadHtmlCacheBehavior [ RunTime:0.000000s ]
INFO: Run Behavior\CronRunBehavior [ RunTime:0.000000s ]
INFO: [ app_begin ] --END-- [ RunTime:0.000000s ]
SQL: SHOW COLUMNS FROM `web_webconfig` [ RunTime:0.0010s ]
SQL: SELECT * FROM `web_webconfig` WHERE `id` = 1 LIMIT 1   [ RunTime:0.0010s ]
SQL: SHOW COLUMNS FROM `web_links` [ RunTime:0.0010s ]
SQL: SELECT * FROM `web_links`  [ RunTime:0.0000s ]
SQL: SHOW COLUMNS FROM `web_article` [ RunTime:0.0020s ]
SQL: SHOW COLUMNS FROM `web_power` [ RunTime:0.0010s ]
SQL: SELECT p.pid,p.name,a.art_title,a.id,a.art_type FROM web_power as p INNER JOIN web_article as a on p.son_id=a.art_type  WHERE ( p.pid=234 ) GROUP BY p.name ORDER BY p.id  [ RunTime:0.0000s ]
SQL: SELECT COUNT(*) AS tp_count FROM `web_article` WHERE `art_status` = 1 AND `art_type` = 7 LIMIT 1   [ RunTime:0.0000s ]
SQL: SELECT `art_title`,`id`,`art_type` FROM `web_article` WHERE ( art_type=7 ) LIMIT 0,10   [ RunTime:0.0000s ]
SQL: SELECT p.pid,p.name,a.* FROM web_power as p INNER JOIN web_article as a on p.son_id=a.art_type  WHERE `art_status` = 1 AND `art_type` = '7' ORDER BY p.id  [ RunTime:0.0010s ]
INFO: [ view_parse ] --START--
INFO: [ template_filter ] --START--
INFO: Run Behavior\ContentReplaceBehavior [ RunTime:0.000000s ]
INFO: [ template_filter ] --END-- [ RunTime:0.000000s ]
INFO: Run Behavior\ParseTemplateBehavior [ RunTime:0.006000s ]
INFO: [ view_parse ] --END-- [ RunTime:0.006000s ]
INFO: [ view_filter ] --START--
INFO: Run Behavior\WriteHtmlCacheBehavior [ RunTime:0.001000s ]
INFO: Run Behavior\TokenBuildBehavior [ RunTime:0.000000s ]
INFO: [ view_filter ] --END-- [ RunTime:0.001000s ]
INFO: [ app_end ] --START--
INFO: Run Behavior\ShowPageTraceBehavior [ RunTime:0.000000s ]
INFO: [ app_end ] --END-- [ RunTime:0.000000s ]

[ 2018-11-12T20:37:43+08:00 ] 192.168.1.101 /index.php/Article/brand/id/102.html
INFO: [ app_init ] --START--
INFO: Run Behavior\BuildLiteBehavior [ RunTime:0.000000s ]
INFO: [ app_init ] --END-- [ RunTime:0.000000s ]
INFO: [ app_begin ] --START--
INFO: Run Behavior\ReadHtmlCacheBehavior [ RunTime:0.000000s ]
INFO: Run Behavior\CronRunBehavior [ RunTime:0.000000s ]
INFO: [ app_begin ] --END-- [ RunTime:0.000000s ]
SQL: SHOW COLUMNS FROM `web_webconfig` [ RunTime:0.0010s ]
SQL: SELECT * FROM `web_webconfig` WHERE `id` = 1 LIMIT 1   [ RunTime:0.0000s ]
SQL: SHOW COLUMNS FROM `web_links` [ RunTime:0.0010s ]
SQL: SELECT * FROM `web_links`  [ RunTime:0.0000s ]
SQL: SHOW COLUMNS FROM `web_article` [ RunTime:0.0010s ]
SQL: SHOW COLUMNS FROM `web_power` [ RunTime:0.0010s ]
SQL: SELECT p.pid,p.id,p.name,a.* FROM web_power as p INNER JOIN web_article as a on p.son_id=a.art_type  WHERE (  p.pid=92 ) AND (  p.son_id<>13 ) GROUP BY p.name ORDER BY p.id  [ RunTime:0.0010s ]
SQL: SELECT * FROM `web_article` WHERE ( art_type=8 ) LIMIT 1   [ RunTime:0.0010s ]
SQL: SELECT `art_title`,`id`,`art_type` FROM `web_article` WHERE ( art_type=102 )  [ RunTime:0.0000s ]
SQL: SELECT COUNT(*) AS tp_count FROM `web_article` WHERE `art_status` = 1 AND `art_type` = 102 LIMIT 1   [ RunTime:0.0000s ]
SQL: SELECT p.pid,p.name,a.* FROM web_power as p INNER JOIN web_article as a on p.son_id=a.art_type  WHERE `art_status` = 1 AND `art_type` = '102' ORDER BY p.id  [ RunTime:0.0010s ]
INFO: [ view_parse ] --START--
INFO: [ template_filter ] --START--
INFO: Run Behavior\ContentReplaceBehavior [ RunTime:0.000000s ]
INFO: [ template_filter ] --END-- [ RunTime:0.000000s ]
NOTIC: [8] Use of undefined constant ids - assumed 'ids' D:\lfs\lfs-master\App\Runtime\Cache\Home\c99772e9de07fb1f4917bd40503e9387.php 第 61 行.
NOTIC: [8] Use of undefined constant ids - assumed 'ids' D:\lfs\lfs-master\App\Runtime\Cache\Home\c99772e9de07fb1f4917bd40503e9387.php 第 61 行.
NOTIC: [8] Use of undefined constant ids - assumed 'ids' D:\lfs\lfs-master\App\Runtime\Cache\Home\c99772e9de07fb1f4917bd40503e9387.php 第 61 行.
NOTIC: [8] Use of undefined constant ids - assumed 'ids' D:\lfs\lfs-master\App\Runtime\Cache\Home\c99772e9de07fb1f4917bd40503e9387.php 第 61 行.
NOTIC: [8] Use of undefined constant ids - assumed 'ids' D:\lfs\lfs-master\App\Runtime\Cache\Home\c99772e9de07fb1f4917bd40503e9387.php 第 61 行.
INFO: Run Behavior\ParseTemplateBehavior [ RunTime:0.008000s ]
INFO: [ view_parse ] --END-- [ RunTime:0.008000s ]
INFO: [ view_filter ] --START--
INFO: Run Behavior\WriteHtmlCacheBehavior [ RunTime:0.000000s ]
INFO: Run Behavior\TokenBuildBehavior [ RunTime:0.000000s ]
INFO: [ view_filter ] --END-- [ RunTime:0.000000s ]
INFO: [ app_end ] --START--
INFO: Run Behavior\ShowPageTraceBehavior [ RunTime:0.001000s ]
INFO: [ app_end ] --END-- [ RunTime:0.001000s ]

[ 2018-11-12T20:37:44+08:00 ] 192.168.1.101 /index.php/Article/about/id/19.html
INFO: [ app_init ] --START--
INFO: Run Behavior\BuildLiteBehavior [ RunTime:0.000000s ]
INFO: [ app_init ] --END-- [ RunTime:0.000000s ]
INFO: [ app_begin ] --START--
INFO: Run Behavior\ReadHtmlCacheBehavior [ RunTime:0.001000s ]
INFO: Run Behavior\CronRunBehavior [ RunTime:0.000000s ]
INFO: [ app_begin ] --END-- [ RunTime:0.001000s ]
SQL: SHOW COLUMNS FROM `web_webconfig` [ RunTime:0.0010s ]
SQL: SELECT * FROM `web_webconfig` WHERE `id` = 1 LIMIT 1   [ RunTime:0.0010s ]
SQL: SHOW COLUMNS FROM `web_links` [ RunTime:0.0010s ]
SQL: SELECT * FROM `web_links`  [ RunTime:0.0000s ]
SQL: SHOW COLUMNS FROM `web_webconfig` [ RunTime:0.0010s ]
SQL: SHOW COLUMNS FROM `web_article` [ RunTime:0.0020s ]
SQL: SELECT * FROM `web_webconfig` WHERE `id` = 2 LIMIT 1   [ RunTime:0.0000s ]
INFO: [ view_parse ] --START--
INFO: [ template_filter ] --START--
INFO: Run Behavior\ContentReplaceBehavior [ RunTime:0.000000s ]
INFO: [ template_filter ] --END-- [ RunTime:0.000000s ]
INFO: Run Behavior\ParseTemplateBehavior [ RunTime:0.007001s ]
INFO: [ view_parse ] --END-- [ RunTime:0.007001s ]
INFO: [ view_filter ] --START--
INFO: Run Behavior\WriteHtmlCacheBehavior [ RunTime:0.000000s ]
INFO: Run Behavior\TokenBuildBehavior [ RunTime:0.001000s ]
INFO: [ view_filter ] --END-- [ RunTime:0.001000s ]
INFO: [ app_end ] --START--
INFO: Run Behavior\ShowPageTraceBehavior [ RunTime:0.000000s ]
INFO: [ app_end ] --END-- [ RunTime:0.000000s ]

[ 2018-11-12T20:37:48+08:00 ] 192.168.1.101 /index.php/Article/product/id/100.html
INFO: [ app_init ] --START--
INFO: Run Behavior\BuildLiteBehavior [ RunTime:0.000000s ]
INFO: [ app_init ] --END-- [ RunTime:0.000000s ]
INFO: [ app_begin ] --START--
INFO: Run Behavior\ReadHtmlCacheBehavior [ RunTime:0.000000s ]
INFO: Run Behavior\CronRunBehavior [ RunTime:0.000000s ]
INFO: [ app_begin ] --END-- [ RunTime:0.000000s ]
SQL: SHOW COLUMNS FROM `web_webconfig` [ RunTime:0.0010s ]
SQL: SELECT * FROM `web_webconfig` WHERE `id` = 1 LIMIT 1   [ RunTime:0.0010s ]
SQL: SHOW COLUMNS FROM `web_links` [ RunTime:0.0010s ]
SQL: SELECT * FROM `web_links`  [ RunTime:0.0000s ]
SQL: SHOW COLUMNS FROM `web_article` [ RunTime:0.0010s ]
SQL: SHOW COLUMNS FROM `web_power` [ RunTime:0.0010s ]
SQL: SELECT p.pid,p.id,p.name,a.* FROM web_power as p INNER JOIN web_article as a on p.son_id=a.art_type  WHERE (  p.pid=86 ) AND (  son_id<>1 ) AND (  son_id<>4 ) AND (  son_id<>5 ) GROUP BY p.name ORDER BY p.id  [ RunTime:0.0020s ]
SQL: SELECT * FROM `web_article` WHERE ( art_type=1 ) LIMIT 1   [ RunTime:0.0000s ]
SQL: SELECT COUNT(*) AS tp_count FROM `web_article` WHERE `art_status` = 1 AND `art_type` = 100 LIMIT 1   [ RunTime:0.0000s ]
SQL: SELECT p.pid,p.id,p.name,a.* FROM web_power as p INNER JOIN web_article as a on p.son_id=a.art_type  WHERE `art_status` = 1 AND `art_type` = '100' ORDER BY p.id  [ RunTime:0.0010s ]
INFO: [ view_parse ] --START--
INFO: [ template_filter ] --START--
INFO: Run Behavior\ContentReplaceBehavior [ RunTime:0.000000s ]
INFO: [ template_filter ] --END-- [ RunTime:0.000000s ]
INFO: Run Behavior\ParseTemplateBehavior [ RunTime:0.007000s ]
INFO: [ view_parse ] --END-- [ RunTime:0.007000s ]
INFO: [ view_filter ] --START--
INFO: Run Behavior\WriteHtmlCacheBehavior [ RunTime:0.000000s ]
INFO: Run Behavior\TokenBuildBehavior [ RunTime:0.000000s ]
INFO: [ view_filter ] --END-- [ RunTime:0.000000s ]
INFO: [ app_end ] --START--
INFO: Run Behavior\ShowPageTraceBehavior [ RunTime:0.000000s ]
INFO: [ app_end ] --END-- [ RunTime:0.000000s ]

[ 2018-11-12T20:37:49+08:00 ] 192.168.1.101 /index.php/Index/index.html
INFO: [ app_init ] --START--
INFO: Run Behavior\BuildLiteBehavior [ RunTime:0.000000s ]
INFO: [ app_init ] --END-- [ RunTime:0.000000s ]
INFO: [ app_begin ] --START--
INFO: Run Behavior\ReadHtmlCacheBehavior [ RunTime:0.001000s ]
INFO: Run Behavior\CronRunBehavior [ RunTime:0.000000s ]
INFO: [ app_begin ] --END-- [ RunTime:0.001000s ]
SQL: SHOW COLUMNS FROM `web_webconfig` [ RunTime:0.0010s ]
SQL: SELECT * FROM `web_webconfig` WHERE `id` = 1 LIMIT 1   [ RunTime:0.0000s ]
SQL: SHOW COLUMNS FROM `web_links` [ RunTime:0.0010s ]
SQL: SELECT * FROM `web_links`  [ RunTime:0.0000s ]
SQL: SHOW COLUMNS FROM `web_picture` [ RunTime:0.0010s ]
SQL: SHOW COLUMNS FROM `web_print` [ RunTime:0.0020s ]
SQL: SELECT * FROM `web_picture` WHERE `type` = 1 AND `status` = 1 LIMIT 3   [ RunTime:0.0000s ]
SQL: SELECT * FROM `web_print` ORDER BY id desc  [ RunTime:0.0010s ]
INFO: [ view_parse ] --START--
INFO: [ template_filter ] --START--
INFO: Run Behavior\ContentReplaceBehavior [ RunTime:0.000000s ]
INFO: [ template_filter ] --END-- [ RunTime:0.000000s ]
NOTIC: [8] Undefined index: id D:\lfs\lfs-master\App\Runtime\Cache\Home\fecaaaddcbaff093f7b7ce7eafabd0d2.php 第 53 行.
NOTIC: [8] Undefined index: id D:\lfs\lfs-master\App\Runtime\Cache\Home\fecaaaddcbaff093f7b7ce7eafabd0d2.php 第 54 行.
NOTIC: [8] Undefined index: id D:\lfs\lfs-master\App\Runtime\Cache\Home\fecaaaddcbaff093f7b7ce7eafabd0d2.php 第 55 行.
NOTIC: [8] Undefined index: id D:\lfs\lfs-master\App\Runtime\Cache\Home\fecaaaddcbaff093f7b7ce7eafabd0d2.php 第 56 行.
NOTIC: [8] Undefined index: id D:\lfs\lfs-master\App\Runtime\Cache\Home\fecaaaddcbaff093f7b7ce7eafabd0d2.php 第 57 行.
NOTIC: [8] Undefined index: id D:\lfs\lfs-master\App\Runtime\Cache\Home\fecaaaddcbaff093f7b7ce7eafabd0d2.php 第 58 行.
NOTIC: [8] Undefined index: id D:\lfs\lfs-master\App\Runtime\Cache\Home\fecaaaddcbaff093f7b7ce7eafabd0d2.php 第 59 行.
NOTIC: [8] Undefined index: art_type D:\lfs\lfs-master\App\Runtime\Cache\Home\fecaaaddcbaff093f7b7ce7eafabd0d2.php 第 106 行.
NOTIC: [8] Undefined index: art_type D:\lfs\lfs-master\App\Runtime\Cache\Home\fecaaaddcbaff093f7b7ce7eafabd0d2.php 第 106 行.
NOTIC: [8] Undefined index: art_type D:\lfs\lfs-master\App\Runtime\Cache\Home\fecaaaddcbaff093f7b7ce7eafabd0d2.php 第 106 行.
NOTIC: [8] Undefined index: art_type D:\lfs\lfs-master\App\Runtime\Cache\Home\fecaaaddcbaff093f7b7ce7eafabd0d2.php 第 106 行.
NOTIC: [8] Undefined index: art_type D:\lfs\lfs-master\App\Runtime\Cache\Home\fecaaaddcbaff093f7b7ce7eafabd0d2.php 第 106 行.
NOTIC: [8] Undefined index: art_type D:\lfs\lfs-master\App\Runtime\Cache\Home\fecaaaddcbaff093f7b7ce7eafabd0d2.php 第 106 行.
INFO: Run Behavior\ParseTemplateBehavior [ RunTime:0.008001s ]
INFO: [ view_parse ] --END-- [ RunTime:0.008001s ]
INFO: [ view_filter ] --START--
INFO: Run Behavior\WriteHtmlCacheBehavior [ RunTime:0.000000s ]
INFO: Run Behavior\TokenBuildBehavior [ RunTime:0.000000s ]
INFO: [ view_filter ] --END-- [ RunTime:0.000000s ]
INFO: [ app_end ] --START--
INFO: Run Behavior\ShowPageTraceBehavior [ RunTime:0.000000s ]
INFO: [ app_end ] --END-- [ RunTime:0.000000s ]

[ 2018-11-12T20:37:49+08:00 ] 192.168.1.101 /Public/images/home/1_03.png
INFO: [ app_init ] --START--
INFO: Run Behavior\BuildLiteBehavior [ RunTime:0.000000s ]
INFO: [ app_init ] --END-- [ RunTime:0.001000s ]

[ 2018-11-12T20:52:47+08:00 ] 192.168.1.101 /Public/images/mhome_03.png
INFO: [ app_init ] --START--
INFO: Run Behavior\BuildLiteBehavior [ RunTime:0.000000s ]
INFO: [ app_init ] --END-- [ RunTime:0.000000s ]

[ 2018-11-12T21:34:00+08:00 ] 192.168.1.101 /Public/images/shang.png
INFO: [ app_init ] --START--
INFO: Run Behavior\BuildLiteBehavior [ RunTime:0.000000s ]
INFO: [ app_init ] --END-- [ RunTime:0.000000s ]

