[ 2018-12-26T01:49:52+08:00 ] 203.208.60.58 /Mobile/Index/index.html
INFO: [ app_init ] --START--
INFO: Run Behavior\BuildLiteBehavior [ RunTime:0.000000s ]
INFO: [ app_init ] --END-- [ RunTime:0.000000s ]
INFO: [ app_begin ] --START--
INFO: Run Behavior\ReadHtmlCacheBehavior [ RunTime:0.000000s ]
INFO: Run Behavior\CronRunBehavior [ RunTime:0.000000s ]
INFO: [ app_begin ] --END-- [ RunTime:0.000000s ]
SQL: SHOW COLUMNS FROM `web_webconfig` [ RunTime:0.0000s ]
SQL: SELECT * FROM `web_webconfig` WHERE `id` = 1 LIMIT 1   [ RunTime:0.0000s ]
SQL: SHOW COLUMNS FROM `web_links` [ RunTime:0.0156s ]
SQL: SELECT * FROM `web_links`  [ RunTime:0.0000s ]
SQL: SHOW COLUMNS FROM `web_article` [ RunTime:0.0000s ]
SQL: SHOW COLUMNS FROM `web_picture` [ RunTime:0.0000s ]
SQL: SHOW COLUMNS FROM `web_print` [ RunTime:0.0156s ]
SQL: SELECT * FROM `web_picture` WHERE `type` = 1 AND `status` = 1 ORDER BY id desc LIMIT 3   [ RunTime:0.0000s ]
SQL: SELECT * FROM `web_print` ORDER BY id desc LIMIT 4   [ RunTime:0.0000s ]
SQL: SELECT `art_title`,`id`,`art_type`,`art_info`,`art_img` FROM `web_article` WHERE ( art_type=7 ) ORDER BY id desc LIMIT 4   [ RunTime:0.0000s ]
INFO: [ view_parse ] --START--
INFO: [ template_filter ] --START--
INFO: Run Behavior\ContentReplaceBehavior [ RunTime:0.000000s ]
INFO: [ template_filter ] --END-- [ RunTime:0.000000s ]
NOTIC: [8] Use of undefined constant ids - assumed 'ids' E:\project\lfs-master\App\Runtime\Cache\Mobile\eaaa4603e659289cf24a7ed1f615185e.php 第 201 行.
NOTIC: [8] Use of undefined constant ids - assumed 'ids' E:\project\lfs-master\App\Runtime\Cache\Mobile\eaaa4603e659289cf24a7ed1f615185e.php 第 201 行.
NOTIC: [8] Use of undefined constant ids - assumed 'ids' E:\project\lfs-master\App\Runtime\Cache\Mobile\eaaa4603e659289cf24a7ed1f615185e.php 第 201 行.
NOTIC: [8] Use of undefined constant ids - assumed 'ids' E:\project\lfs-master\App\Runtime\Cache\Mobile\eaaa4603e659289cf24a7ed1f615185e.php 第 201 行.
INFO: Run Behavior\ParseTemplateBehavior [ RunTime:0.015625s ]
INFO: [ view_parse ] --END-- [ RunTime:0.015625s ]
INFO: [ view_filter ] --START--
INFO: Run Behavior\WriteHtmlCacheBehavior [ RunTime:0.000000s ]
INFO: Run Behavior\TokenBuildBehavior [ RunTime:0.000000s ]
INFO: [ view_filter ] --END-- [ RunTime:0.000000s ]
INFO: [ app_end ] --START--
INFO: Run Behavior\ShowPageTraceBehavior [ RunTime:0.000000s ]
INFO: [ app_end ] --END-- [ RunTime:0.000000s ]

[ 2018-12-26T03:40:46+08:00 ] 203.208.60.2 /index.php/mobile/article/jieshao/id/3/ids/101.html
INFO: [ app_init ] --START--
INFO: Run Behavior\BuildLiteBehavior [ RunTime:0.000000s ]
INFO: [ app_init ] --END-- [ RunTime:0.000000s ]
INFO: [ app_begin ] --START--
INFO: Run Behavior\ReadHtmlCacheBehavior [ RunTime:0.000000s ]
INFO: Run Behavior\CronRunBehavior [ RunTime:0.000000s ]
INFO: [ app_begin ] --END-- [ RunTime:0.000000s ]
SQL: SHOW COLUMNS FROM `web_webconfig` [ RunTime:0.0000s ]
SQL: SELECT * FROM `web_webconfig` WHERE `id` = 1 LIMIT 1   [ RunTime:0.0000s ]
SQL: SHOW COLUMNS FROM `web_links` [ RunTime:0.0156s ]
SQL: SELECT * FROM `web_links`  [ RunTime:0.0000s ]
SQL: SHOW COLUMNS FROM `web_article` [ RunTime:0.0000s ]
SQL: SELECT `art_title`,`id`,`art_type` FROM `web_article` WHERE ( art_type>=8 and art_type<13 )  [ RunTime:0.0000s ]
SQL: SELECT `art_title`,`id`,`art_type` FROM `web_article` WHERE ( art_type=1 )  [ RunTime:0.0000s ]
SQL: SHOW COLUMNS FROM `web_power` [ RunTime:0.0000s ]
SQL: SELECT p.pid,p.name,a.* FROM web_power as p INNER JOIN web_article as a on p.son_id=a.art_type  WHERE (  pid=86 ) GROUP BY p.name ORDER BY id desc  [ RunTime:0.0156s ]
SQL: SELECT p.pid,p.name,a.* FROM web_power as p INNER JOIN web_article as a on p.son_id=a.art_type  WHERE ( a.art_type=101 ) ORDER BY id desc  [ RunTime:0.0000s ]
SQL: SELECT * FROM `web_article` WHERE `id` = 101 LIMIT 1   [ RunTime:0.0000s ]
INFO: [ view_parse ] --START--
INFO: [ template_filter ] --START--
INFO: Run Behavior\ContentReplaceBehavior [ RunTime:0.000000s ]
INFO: [ template_filter ] --END-- [ RunTime:0.000000s ]
INFO: Run Behavior\ParseTemplateBehavior [ RunTime:0.015625s ]
INFO: [ view_parse ] --END-- [ RunTime:0.015625s ]
INFO: [ view_filter ] --START--
INFO: Run Behavior\WriteHtmlCacheBehavior [ RunTime:0.000000s ]
INFO: Run Behavior\TokenBuildBehavior [ RunTime:0.000000s ]
INFO: [ view_filter ] --END-- [ RunTime:0.000000s ]
INFO: [ app_end ] --START--
INFO: Run Behavior\ShowPageTraceBehavior [ RunTime:0.000000s ]
INFO: [ app_end ] --END-- [ RunTime:0.000000s ]

[ 2018-12-26T04:00:38+08:00 ] 203.208.60.49 /Mobile/Index/index.html
INFO: [ app_init ] --START--
INFO: Run Behavior\BuildLiteBehavior [ RunTime:0.000000s ]
INFO: [ app_init ] --END-- [ RunTime:0.000000s ]
INFO: [ app_begin ] --START--
INFO: Run Behavior\ReadHtmlCacheBehavior [ RunTime:0.000000s ]
INFO: Run Behavior\CronRunBehavior [ RunTime:0.000000s ]
INFO: [ app_begin ] --END-- [ RunTime:0.000000s ]
SQL: SHOW COLUMNS FROM `web_webconfig` [ RunTime:0.0156s ]
SQL: SELECT * FROM `web_webconfig` WHERE `id` = 1 LIMIT 1   [ RunTime:0.0000s ]
SQL: SHOW COLUMNS FROM `web_links` [ RunTime:0.0000s ]
SQL: SELECT * FROM `web_links`  [ RunTime:0.0000s ]
SQL: SHOW COLUMNS FROM `web_article` [ RunTime:0.0000s ]
SQL: SHOW COLUMNS FROM `web_picture` [ RunTime:0.0156s ]
SQL: SHOW COLUMNS FROM `web_print` [ RunTime:0.0000s ]
SQL: SELECT * FROM `web_picture` WHERE `type` = 1 AND `status` = 1 ORDER BY id desc LIMIT 3   [ RunTime:0.0000s ]
SQL: SELECT * FROM `web_print` ORDER BY id desc LIMIT 4   [ RunTime:0.0000s ]
SQL: SELECT `art_title`,`id`,`art_type`,`art_info`,`art_img` FROM `web_article` WHERE ( art_type=7 ) ORDER BY id desc LIMIT 4   [ RunTime:0.0000s ]
INFO: [ view_parse ] --START--
INFO: [ template_filter ] --START--
INFO: Run Behavior\ContentReplaceBehavior [ RunTime:0.000000s ]
INFO: [ template_filter ] --END-- [ RunTime:0.000000s ]
NOTIC: [8] Use of undefined constant ids - assumed 'ids' E:\project\lfs-master\App\Runtime\Cache\Mobile\eaaa4603e659289cf24a7ed1f615185e.php 第 201 行.
NOTIC: [8] Use of undefined constant ids - assumed 'ids' E:\project\lfs-master\App\Runtime\Cache\Mobile\eaaa4603e659289cf24a7ed1f615185e.php 第 201 行.
NOTIC: [8] Use of undefined constant ids - assumed 'ids' E:\project\lfs-master\App\Runtime\Cache\Mobile\eaaa4603e659289cf24a7ed1f615185e.php 第 201 行.
NOTIC: [8] Use of undefined constant ids - assumed 'ids' E:\project\lfs-master\App\Runtime\Cache\Mobile\eaaa4603e659289cf24a7ed1f615185e.php 第 201 行.
INFO: Run Behavior\ParseTemplateBehavior [ RunTime:0.015625s ]
INFO: [ view_parse ] --END-- [ RunTime:0.015625s ]
INFO: [ view_filter ] --START--
INFO: Run Behavior\WriteHtmlCacheBehavior [ RunTime:0.000000s ]
INFO: Run Behavior\TokenBuildBehavior [ RunTime:0.000000s ]
INFO: [ view_filter ] --END-- [ RunTime:0.000000s ]
INFO: [ app_end ] --START--
INFO: Run Behavior\ShowPageTraceBehavior [ RunTime:0.000000s ]
INFO: [ app_end ] --END-- [ RunTime:0.000000s ]

[ 2018-12-26T08:22:50+08:00 ] 203.208.60.107 /Mobile/Index/index.html
INFO: [ app_init ] --START--
INFO: Run Behavior\BuildLiteBehavior [ RunTime:0.000000s ]
INFO: [ app_init ] --END-- [ RunTime:0.000000s ]
INFO: [ app_begin ] --START--
INFO: Run Behavior\ReadHtmlCacheBehavior [ RunTime:0.000000s ]
INFO: Run Behavior\CronRunBehavior [ RunTime:0.000000s ]
INFO: [ app_begin ] --END-- [ RunTime:0.000000s ]
SQL: SHOW COLUMNS FROM `web_webconfig` [ RunTime:0.0000s ]
SQL: SELECT * FROM `web_webconfig` WHERE `id` = 1 LIMIT 1   [ RunTime:0.0000s ]
SQL: SHOW COLUMNS FROM `web_links` [ RunTime:0.0156s ]
SQL: SELECT * FROM `web_links`  [ RunTime:0.0000s ]
SQL: SHOW COLUMNS FROM `web_article` [ RunTime:0.0000s ]
SQL: SHOW COLUMNS FROM `web_picture` [ RunTime:0.0000s ]
SQL: SHOW COLUMNS FROM `web_print` [ RunTime:0.0156s ]
SQL: SELECT * FROM `web_picture` WHERE `type` = 1 AND `status` = 1 ORDER BY id desc LIMIT 3   [ RunTime:0.0000s ]
SQL: SELECT * FROM `web_print` ORDER BY id desc LIMIT 4   [ RunTime:0.0000s ]
SQL: SELECT `art_title`,`id`,`art_type`,`art_info`,`art_img` FROM `web_article` WHERE ( art_type=7 ) ORDER BY id desc LIMIT 4   [ RunTime:0.0000s ]
INFO: [ view_parse ] --START--
INFO: [ template_filter ] --START--
INFO: Run Behavior\ContentReplaceBehavior [ RunTime:0.000000s ]
INFO: [ template_filter ] --END-- [ RunTime:0.000000s ]
NOTIC: [8] Use of undefined constant ids - assumed 'ids' E:\project\lfs-master\App\Runtime\Cache\Mobile\eaaa4603e659289cf24a7ed1f615185e.php 第 201 行.
NOTIC: [8] Use of undefined constant ids - assumed 'ids' E:\project\lfs-master\App\Runtime\Cache\Mobile\eaaa4603e659289cf24a7ed1f615185e.php 第 201 行.
NOTIC: [8] Use of undefined constant ids - assumed 'ids' E:\project\lfs-master\App\Runtime\Cache\Mobile\eaaa4603e659289cf24a7ed1f615185e.php 第 201 行.
NOTIC: [8] Use of undefined constant ids - assumed 'ids' E:\project\lfs-master\App\Runtime\Cache\Mobile\eaaa4603e659289cf24a7ed1f615185e.php 第 201 行.
INFO: Run Behavior\ParseTemplateBehavior [ RunTime:0.015625s ]
INFO: [ view_parse ] --END-- [ RunTime:0.015625s ]
INFO: [ view_filter ] --START--
INFO: Run Behavior\WriteHtmlCacheBehavior [ RunTime:0.000000s ]
INFO: Run Behavior\TokenBuildBehavior [ RunTime:0.000000s ]
INFO: [ view_filter ] --END-- [ RunTime:0.000000s ]
INFO: [ app_end ] --START--
INFO: Run Behavior\ShowPageTraceBehavior [ RunTime:0.000000s ]
INFO: [ app_end ] --END-- [ RunTime:0.000000s ]

[ 2018-12-26T08:33:00+08:00 ] 203.208.60.31 /Mobile/Index/index.html
INFO: [ app_init ] --START--
INFO: Run Behavior\BuildLiteBehavior [ RunTime:0.000000s ]
INFO: [ app_init ] --END-- [ RunTime:0.000000s ]
INFO: [ app_begin ] --START--
INFO: Run Behavior\ReadHtmlCacheBehavior [ RunTime:0.000000s ]
INFO: Run Behavior\CronRunBehavior [ RunTime:0.000000s ]
INFO: [ app_begin ] --END-- [ RunTime:0.000000s ]
SQL: SHOW COLUMNS FROM `web_webconfig` [ RunTime:0.0000s ]
SQL: SELECT * FROM `web_webconfig` WHERE `id` = 1 LIMIT 1   [ RunTime:0.0000s ]
SQL: SHOW COLUMNS FROM `web_links` [ RunTime:0.0000s ]
SQL: SELECT * FROM `web_links`  [ RunTime:0.0000s ]
SQL: SHOW COLUMNS FROM `web_article` [ RunTime:0.0156s ]
SQL: SHOW COLUMNS FROM `web_picture` [ RunTime:0.0000s ]
SQL: SHOW COLUMNS FROM `web_print` [ RunTime:0.0000s ]
SQL: SELECT * FROM `web_picture` WHERE `type` = 1 AND `status` = 1 ORDER BY id desc LIMIT 3   [ RunTime:0.0000s ]
SQL: SELECT * FROM `web_print` ORDER BY id desc LIMIT 4   [ RunTime:0.0000s ]
SQL: SELECT `art_title`,`id`,`art_type`,`art_info`,`art_img` FROM `web_article` WHERE ( art_type=7 ) ORDER BY id desc LIMIT 4   [ RunTime:0.0000s ]
INFO: [ view_parse ] --START--
INFO: [ template_filter ] --START--
INFO: Run Behavior\ContentReplaceBehavior [ RunTime:0.000000s ]
INFO: [ template_filter ] --END-- [ RunTime:0.000000s ]
NOTIC: [8] Use of undefined constant ids - assumed 'ids' E:\project\lfs-master\App\Runtime\Cache\Mobile\eaaa4603e659289cf24a7ed1f615185e.php 第 201 行.
NOTIC: [8] Use of undefined constant ids - assumed 'ids' E:\project\lfs-master\App\Runtime\Cache\Mobile\eaaa4603e659289cf24a7ed1f615185e.php 第 201 行.
NOTIC: [8] Use of undefined constant ids - assumed 'ids' E:\project\lfs-master\App\Runtime\Cache\Mobile\eaaa4603e659289cf24a7ed1f615185e.php 第 201 行.
NOTIC: [8] Use of undefined constant ids - assumed 'ids' E:\project\lfs-master\App\Runtime\Cache\Mobile\eaaa4603e659289cf24a7ed1f615185e.php 第 201 行.
INFO: Run Behavior\ParseTemplateBehavior [ RunTime:0.015625s ]
INFO: [ view_parse ] --END-- [ RunTime:0.015625s ]
INFO: [ view_filter ] --START--
INFO: Run Behavior\WriteHtmlCacheBehavior [ RunTime:0.000000s ]
INFO: Run Behavior\TokenBuildBehavior [ RunTime:0.000000s ]
INFO: [ view_filter ] --END-- [ RunTime:0.000000s ]
INFO: [ app_end ] --START--
INFO: Run Behavior\ShowPageTraceBehavior [ RunTime:0.000000s ]
INFO: [ app_end ] --END-- [ RunTime:0.015625s ]

[ 2018-12-26T10:55:30+08:00 ] 180.163.220.3 /Mobile/Index/index.html
INFO: [ app_init ] --START--
INFO: Run Behavior\BuildLiteBehavior [ RunTime:0.000000s ]
INFO: [ app_init ] --END-- [ RunTime:0.000000s ]
INFO: [ app_begin ] --START--
INFO: Run Behavior\ReadHtmlCacheBehavior [ RunTime:0.000000s ]
INFO: Run Behavior\CronRunBehavior [ RunTime:0.000000s ]
INFO: [ app_begin ] --END-- [ RunTime:0.000000s ]
SQL: SHOW COLUMNS FROM `web_webconfig` [ RunTime:0.0156s ]
SQL: SELECT * FROM `web_webconfig` WHERE `id` = 1 LIMIT 1   [ RunTime:0.0000s ]
SQL: SHOW COLUMNS FROM `web_links` [ RunTime:0.0000s ]
SQL: SELECT * FROM `web_links`  [ RunTime:0.0000s ]
SQL: SHOW COLUMNS FROM `web_article` [ RunTime:0.0156s ]
SQL: SHOW COLUMNS FROM `web_picture` [ RunTime:0.0000s ]
SQL: SHOW COLUMNS FROM `web_print` [ RunTime:0.0156s ]
SQL: SELECT * FROM `web_picture` WHERE `type` = 1 AND `status` = 1 ORDER BY id desc LIMIT 3   [ RunTime:0.0000s ]
SQL: SELECT * FROM `web_print` ORDER BY id desc LIMIT 4   [ RunTime:0.0000s ]
SQL: SELECT `art_title`,`id`,`art_type`,`art_info`,`art_img` FROM `web_article` WHERE ( art_type=7 ) ORDER BY id desc LIMIT 4   [ RunTime:0.0000s ]
INFO: [ view_parse ] --START--
INFO: [ template_filter ] --START--
INFO: Run Behavior\ContentReplaceBehavior [ RunTime:0.000000s ]
INFO: [ template_filter ] --END-- [ RunTime:0.000000s ]
NOTIC: [8] Use of undefined constant ids - assumed 'ids' E:\project\lfs-master\App\Runtime\Cache\Mobile\eaaa4603e659289cf24a7ed1f615185e.php 第 201 行.
NOTIC: [8] Use of undefined constant ids - assumed 'ids' E:\project\lfs-master\App\Runtime\Cache\Mobile\eaaa4603e659289cf24a7ed1f615185e.php 第 201 行.
NOTIC: [8] Use of undefined constant ids - assumed 'ids' E:\project\lfs-master\App\Runtime\Cache\Mobile\eaaa4603e659289cf24a7ed1f615185e.php 第 201 行.
NOTIC: [8] Use of undefined constant ids - assumed 'ids' E:\project\lfs-master\App\Runtime\Cache\Mobile\eaaa4603e659289cf24a7ed1f615185e.php 第 201 行.
INFO: Run Behavior\ParseTemplateBehavior [ RunTime:0.015625s ]
INFO: [ view_parse ] --END-- [ RunTime:0.015625s ]
INFO: [ view_filter ] --START--
INFO: Run Behavior\WriteHtmlCacheBehavior [ RunTime:0.000000s ]
INFO: Run Behavior\TokenBuildBehavior [ RunTime:0.000000s ]
INFO: [ view_filter ] --END-- [ RunTime:0.000000s ]
INFO: [ app_end ] --START--
INFO: Run Behavior\ShowPageTraceBehavior [ RunTime:0.000000s ]
INFO: [ app_end ] --END-- [ RunTime:0.000000s ]

[ 2018-12-26T11:44:30+08:00 ] 120.86.58.107 /Mobile/Index/index.html
INFO: [ app_init ] --START--
INFO: Run Behavior\BuildLiteBehavior [ RunTime:0.000000s ]
INFO: [ app_init ] --END-- [ RunTime:0.000000s ]
INFO: [ app_begin ] --START--
INFO: Run Behavior\ReadHtmlCacheBehavior [ RunTime:0.000000s ]
INFO: Run Behavior\CronRunBehavior [ RunTime:0.000000s ]
INFO: [ app_begin ] --END-- [ RunTime:0.000000s ]
SQL: SHOW COLUMNS FROM `web_webconfig` [ RunTime:0.0156s ]
SQL: SELECT * FROM `web_webconfig` WHERE `id` = 1 LIMIT 1   [ RunTime:0.0000s ]
SQL: SHOW COLUMNS FROM `web_links` [ RunTime:0.0000s ]
SQL: SELECT * FROM `web_links`  [ RunTime:0.0000s ]
SQL: SHOW COLUMNS FROM `web_article` [ RunTime:0.0000s ]
SQL: SHOW COLUMNS FROM `web_picture` [ RunTime:0.0156s ]
SQL: SHOW COLUMNS FROM `web_print` [ RunTime:0.0000s ]
SQL: SELECT * FROM `web_picture` WHERE `type` = 1 AND `status` = 1 ORDER BY id desc LIMIT 3   [ RunTime:0.0000s ]
SQL: SELECT * FROM `web_print` ORDER BY id desc LIMIT 4   [ RunTime:0.0000s ]
SQL: SELECT `art_title`,`id`,`art_type`,`art_info`,`art_img` FROM `web_article` WHERE ( art_type=7 ) ORDER BY id desc LIMIT 4   [ RunTime:0.0000s ]
INFO: [ view_parse ] --START--
INFO: [ template_filter ] --START--
INFO: Run Behavior\ContentReplaceBehavior [ RunTime:0.000000s ]
INFO: [ template_filter ] --END-- [ RunTime:0.000000s ]
NOTIC: [8] Use of undefined constant ids - assumed 'ids' E:\project\lfs-master\App\Runtime\Cache\Mobile\eaaa4603e659289cf24a7ed1f615185e.php 第 201 行.
NOTIC: [8] Use of undefined constant ids - assumed 'ids' E:\project\lfs-master\App\Runtime\Cache\Mobile\eaaa4603e659289cf24a7ed1f615185e.php 第 201 行.
NOTIC: [8] Use of undefined constant ids - assumed 'ids' E:\project\lfs-master\App\Runtime\Cache\Mobile\eaaa4603e659289cf24a7ed1f615185e.php 第 201 行.
NOTIC: [8] Use of undefined constant ids - assumed 'ids' E:\project\lfs-master\App\Runtime\Cache\Mobile\eaaa4603e659289cf24a7ed1f615185e.php 第 201 行.
INFO: Run Behavior\ParseTemplateBehavior [ RunTime:0.015625s ]
INFO: [ view_parse ] --END-- [ RunTime:0.015625s ]
INFO: [ view_filter ] --START--
INFO: Run Behavior\WriteHtmlCacheBehavior [ RunTime:0.000000s ]
INFO: Run Behavior\TokenBuildBehavior [ RunTime:0.000000s ]
INFO: [ view_filter ] --END-- [ RunTime:0.000000s ]
INFO: [ app_end ] --START--
INFO: Run Behavior\ShowPageTraceBehavior [ RunTime:0.000000s ]
INFO: [ app_end ] --END-- [ RunTime:0.000000s ]

[ 2018-12-26T11:44:42+08:00 ] 120.86.58.107 /index.php/Mobile/Article/product/id/100.html
INFO: [ app_init ] --START--
INFO: Run Behavior\BuildLiteBehavior [ RunTime:0.000000s ]
INFO: [ app_init ] --END-- [ RunTime:0.000000s ]
INFO: [ app_begin ] --START--
INFO: Run Behavior\ReadHtmlCacheBehavior [ RunTime:0.000000s ]
INFO: Run Behavior\CronRunBehavior [ RunTime:0.000000s ]
INFO: [ app_begin ] --END-- [ RunTime:0.000000s ]
SQL: SHOW COLUMNS FROM `web_webconfig` [ RunTime:0.0156s ]
SQL: SELECT * FROM `web_webconfig` WHERE `id` = 1 LIMIT 1   [ RunTime:0.0000s ]
SQL: SHOW COLUMNS FROM `web_links` [ RunTime:0.0000s ]
SQL: SELECT * FROM `web_links`  [ RunTime:0.0000s ]
SQL: SHOW COLUMNS FROM `web_article` [ RunTime:0.0156s ]
SQL: SHOW COLUMNS FROM `web_power` [ RunTime:0.0000s ]
SQL: SELECT p.pid,p.id,p.name,a.* FROM web_power as p INNER JOIN web_article as a on p.son_id=a.art_type  WHERE ( p.pid=86 ) GROUP BY p.name ORDER BY p.id  [ RunTime:0.0000s ]
SQL: SELECT COUNT(*) AS tp_count FROM `web_article` WHERE `art_status` = 1 AND `art_type` IN ('1','2','3','4','5') LIMIT 1   [ RunTime:0.0000s ]
SQL: SELECT p.pid,p.name,a.* FROM web_power as p INNER JOIN web_article as a on p.son_id=a.art_type  WHERE ( pid=86 ) ORDER BY id desc  [ RunTime:0.0156s ]
INFO: [ view_parse ] --START--
INFO: [ template_filter ] --START--
INFO: Run Behavior\ContentReplaceBehavior [ RunTime:0.000000s ]
INFO: [ template_filter ] --END-- [ RunTime:0.000000s ]
INFO: Run Behavior\ParseTemplateBehavior [ RunTime:0.015625s ]
INFO: [ view_parse ] --END-- [ RunTime:0.015625s ]
INFO: [ view_filter ] --START--
INFO: Run Behavior\WriteHtmlCacheBehavior [ RunTime:0.000000s ]
INFO: Run Behavior\TokenBuildBehavior [ RunTime:0.000000s ]
INFO: [ view_filter ] --END-- [ RunTime:0.000000s ]
INFO: [ app_end ] --START--
INFO: Run Behavior\ShowPageTraceBehavior [ RunTime:0.000000s ]
INFO: [ app_end ] --END-- [ RunTime:0.000000s ]

[ 2018-12-26T11:44:52+08:00 ] 120.86.58.107 /index.php/Mobile/Article/jieshao/id/2/ids/26.html
INFO: [ app_init ] --START--
INFO: Run Behavior\BuildLiteBehavior [ RunTime:0.000000s ]
INFO: [ app_init ] --END-- [ RunTime:0.000000s ]
INFO: [ app_begin ] --START--
INFO: Run Behavior\ReadHtmlCacheBehavior [ RunTime:0.000000s ]
INFO: Run Behavior\CronRunBehavior [ RunTime:0.000000s ]
INFO: [ app_begin ] --END-- [ RunTime:0.000000s ]
SQL: SHOW COLUMNS FROM `web_webconfig` [ RunTime:0.0000s ]
SQL: SELECT * FROM `web_webconfig` WHERE `id` = 1 LIMIT 1   [ RunTime:0.0000s ]
SQL: SHOW COLUMNS FROM `web_links` [ RunTime:0.0000s ]
SQL: SELECT * FROM `web_links`  [ RunTime:0.0000s ]
SQL: SHOW COLUMNS FROM `web_article` [ RunTime:0.0156s ]
SQL: SELECT `art_title`,`id`,`art_type` FROM `web_article` WHERE ( art_type>=8 and art_type<13 )  [ RunTime:0.0000s ]
SQL: SELECT `art_title`,`id`,`art_type` FROM `web_article` WHERE ( art_type=1 )  [ RunTime:0.0000s ]
SQL: SHOW COLUMNS FROM `web_power` [ RunTime:0.0000s ]
SQL: SELECT p.pid,p.name,a.* FROM web_power as p INNER JOIN web_article as a on p.son_id=a.art_type  WHERE (  pid=86 ) GROUP BY p.name ORDER BY id desc  [ RunTime:0.0000s ]
SQL: SELECT p.pid,p.name,a.* FROM web_power as p INNER JOIN web_article as a on p.son_id=a.art_type  WHERE ( a.art_type=26 ) ORDER BY id desc  [ RunTime:0.0156s ]
SQL: SELECT * FROM `web_article` WHERE `id` = 26 LIMIT 1   [ RunTime:0.0000s ]
INFO: [ view_parse ] --START--
INFO: [ template_filter ] --START--
INFO: Run Behavior\ContentReplaceBehavior [ RunTime:0.000000s ]
INFO: [ template_filter ] --END-- [ RunTime:0.000000s ]
INFO: Run Behavior\ParseTemplateBehavior [ RunTime:0.000000s ]
INFO: [ view_parse ] --END-- [ RunTime:0.000000s ]
INFO: [ view_filter ] --START--
INFO: Run Behavior\WriteHtmlCacheBehavior [ RunTime:0.000000s ]
INFO: Run Behavior\TokenBuildBehavior [ RunTime:0.000000s ]
INFO: [ view_filter ] --END-- [ RunTime:0.000000s ]
INFO: [ app_end ] --START--
INFO: Run Behavior\ShowPageTraceBehavior [ RunTime:0.000000s ]
INFO: [ app_end ] --END-- [ RunTime:0.000000s ]

[ 2018-12-26T11:45:30+08:00 ] 101.91.60.107 /Mobile/Index/index.html
INFO: [ app_init ] --START--
INFO: Run Behavior\BuildLiteBehavior [ RunTime:0.000000s ]
INFO: [ app_init ] --END-- [ RunTime:0.000000s ]
INFO: [ app_begin ] --START--
INFO: Run Behavior\ReadHtmlCacheBehavior [ RunTime:0.000000s ]
INFO: Run Behavior\CronRunBehavior [ RunTime:0.000000s ]
INFO: [ app_begin ] --END-- [ RunTime:0.000000s ]
SQL: SHOW COLUMNS FROM `web_webconfig` [ RunTime:0.0000s ]
SQL: SELECT * FROM `web_webconfig` WHERE `id` = 1 LIMIT 1   [ RunTime:0.0000s ]
SQL: SHOW COLUMNS FROM `web_links` [ RunTime:0.0156s ]
SQL: SELECT * FROM `web_links`  [ RunTime:0.0000s ]
SQL: SHOW COLUMNS FROM `web_article` [ RunTime:0.0000s ]
SQL: SHOW COLUMNS FROM `web_picture` [ RunTime:0.0000s ]
SQL: SHOW COLUMNS FROM `web_print` [ RunTime:0.0156s ]
SQL: SELECT * FROM `web_picture` WHERE `type` = 1 AND `status` = 1 ORDER BY id desc LIMIT 3   [ RunTime:0.0000s ]
SQL: SELECT * FROM `web_print` ORDER BY id desc LIMIT 4   [ RunTime:0.0000s ]
SQL: SELECT `art_title`,`id`,`art_type`,`art_info`,`art_img` FROM `web_article` WHERE ( art_type=7 ) ORDER BY id desc LIMIT 4   [ RunTime:0.0000s ]
INFO: [ view_parse ] --START--
INFO: [ template_filter ] --START--
INFO: Run Behavior\ContentReplaceBehavior [ RunTime:0.000000s ]
INFO: [ template_filter ] --END-- [ RunTime:0.000000s ]
NOTIC: [8] Use of undefined constant ids - assumed 'ids' E:\project\lfs-master\App\Runtime\Cache\Mobile\eaaa4603e659289cf24a7ed1f615185e.php 第 201 行.
NOTIC: [8] Use of undefined constant ids - assumed 'ids' E:\project\lfs-master\App\Runtime\Cache\Mobile\eaaa4603e659289cf24a7ed1f615185e.php 第 201 行.
NOTIC: [8] Use of undefined constant ids - assumed 'ids' E:\project\lfs-master\App\Runtime\Cache\Mobile\eaaa4603e659289cf24a7ed1f615185e.php 第 201 行.
NOTIC: [8] Use of undefined constant ids - assumed 'ids' E:\project\lfs-master\App\Runtime\Cache\Mobile\eaaa4603e659289cf24a7ed1f615185e.php 第 201 行.
INFO: Run Behavior\ParseTemplateBehavior [ RunTime:0.015625s ]
INFO: [ view_parse ] --END-- [ RunTime:0.015625s ]
INFO: [ view_filter ] --START--
INFO: Run Behavior\WriteHtmlCacheBehavior [ RunTime:0.000000s ]
INFO: Run Behavior\TokenBuildBehavior [ RunTime:0.000000s ]
INFO: [ view_filter ] --END-- [ RunTime:0.000000s ]
INFO: [ app_end ] --START--
INFO: Run Behavior\ShowPageTraceBehavior [ RunTime:0.000000s ]
INFO: [ app_end ] --END-- [ RunTime:0.000000s ]

[ 2018-12-26T11:45:42+08:00 ] 223.166.222.110 /index.php/Mobile/Article/product/id/100.html
INFO: [ app_init ] --START--
INFO: Run Behavior\BuildLiteBehavior [ RunTime:0.000000s ]
INFO: [ app_init ] --END-- [ RunTime:0.000000s ]
INFO: [ app_begin ] --START--
INFO: Run Behavior\ReadHtmlCacheBehavior [ RunTime:0.000000s ]
INFO: Run Behavior\CronRunBehavior [ RunTime:0.000000s ]
INFO: [ app_begin ] --END-- [ RunTime:0.000000s ]
SQL: SHOW COLUMNS FROM `web_webconfig` [ RunTime:0.0000s ]
SQL: SELECT * FROM `web_webconfig` WHERE `id` = 1 LIMIT 1   [ RunTime:0.0000s ]
SQL: SHOW COLUMNS FROM `web_links` [ RunTime:0.0156s ]
SQL: SELECT * FROM `web_links`  [ RunTime:0.0000s ]
SQL: SHOW COLUMNS FROM `web_article` [ RunTime:0.0000s ]
SQL: SHOW COLUMNS FROM `web_power` [ RunTime:0.0000s ]
SQL: SELECT p.pid,p.id,p.name,a.* FROM web_power as p INNER JOIN web_article as a on p.son_id=a.art_type  WHERE ( p.pid=86 ) GROUP BY p.name ORDER BY p.id  [ RunTime:0.0156s ]
SQL: SELECT COUNT(*) AS tp_count FROM `web_article` WHERE `art_status` = 1 AND `art_type` IN ('1','2','3','4','5') LIMIT 1   [ RunTime:0.0000s ]
SQL: SELECT p.pid,p.name,a.* FROM web_power as p INNER JOIN web_article as a on p.son_id=a.art_type  WHERE ( pid=86 ) ORDER BY id desc  [ RunTime:0.0000s ]
INFO: [ view_parse ] --START--
INFO: [ template_filter ] --START--
INFO: Run Behavior\ContentReplaceBehavior [ RunTime:0.000000s ]
INFO: [ template_filter ] --END-- [ RunTime:0.000000s ]
INFO: Run Behavior\ParseTemplateBehavior [ RunTime:0.015625s ]
INFO: [ view_parse ] --END-- [ RunTime:0.015625s ]
INFO: [ view_filter ] --START--
INFO: Run Behavior\WriteHtmlCacheBehavior [ RunTime:0.000000s ]
INFO: Run Behavior\TokenBuildBehavior [ RunTime:0.000000s ]
INFO: [ view_filter ] --END-- [ RunTime:0.000000s ]
INFO: [ app_end ] --START--
INFO: Run Behavior\ShowPageTraceBehavior [ RunTime:0.000000s ]
INFO: [ app_end ] --END-- [ RunTime:0.000000s ]

[ 2018-12-26T11:45:52+08:00 ] 101.89.29.86 /index.php/Mobile/Article/jieshao/id/2/ids/26.html
INFO: [ app_init ] --START--
INFO: Run Behavior\BuildLiteBehavior [ RunTime:0.000000s ]
INFO: [ app_init ] --END-- [ RunTime:0.000000s ]
INFO: [ app_begin ] --START--
INFO: Run Behavior\ReadHtmlCacheBehavior [ RunTime:0.000000s ]
INFO: Run Behavior\CronRunBehavior [ RunTime:0.000000s ]
INFO: [ app_begin ] --END-- [ RunTime:0.000000s ]
SQL: SHOW COLUMNS FROM `web_webconfig` [ RunTime:0.0000s ]
SQL: SELECT * FROM `web_webconfig` WHERE `id` = 1 LIMIT 1   [ RunTime:0.0000s ]
SQL: SHOW COLUMNS FROM `web_links` [ RunTime:0.0000s ]
SQL: SELECT * FROM `web_links`  [ RunTime:0.0156s ]
SQL: SHOW COLUMNS FROM `web_article` [ RunTime:0.0000s ]
SQL: SELECT `art_title`,`id`,`art_type` FROM `web_article` WHERE ( art_type>=8 and art_type<13 )  [ RunTime:0.0000s ]
SQL: SELECT `art_title`,`id`,`art_type` FROM `web_article` WHERE ( art_type=1 )  [ RunTime:0.0000s ]
SQL: SHOW COLUMNS FROM `web_power` [ RunTime:0.0000s ]
SQL: SELECT p.pid,p.name,a.* FROM web_power as p INNER JOIN web_article as a on p.son_id=a.art_type  WHERE (  pid=86 ) GROUP BY p.name ORDER BY id desc  [ RunTime:0.0156s ]
SQL: SELECT p.pid,p.name,a.* FROM web_power as p INNER JOIN web_article as a on p.son_id=a.art_type  WHERE ( a.art_type=26 ) ORDER BY id desc  [ RunTime:0.0000s ]
SQL: SELECT * FROM `web_article` WHERE `id` = 26 LIMIT 1   [ RunTime:0.0000s ]
INFO: [ view_parse ] --START--
INFO: [ template_filter ] --START--
INFO: Run Behavior\ContentReplaceBehavior [ RunTime:0.000000s ]
INFO: [ template_filter ] --END-- [ RunTime:0.000000s ]
INFO: Run Behavior\ParseTemplateBehavior [ RunTime:0.015625s ]
INFO: [ view_parse ] --END-- [ RunTime:0.015625s ]
INFO: [ view_filter ] --START--
INFO: Run Behavior\WriteHtmlCacheBehavior [ RunTime:0.000000s ]
INFO: Run Behavior\TokenBuildBehavior [ RunTime:0.000000s ]
INFO: [ view_filter ] --END-- [ RunTime:0.000000s ]
INFO: [ app_end ] --START--
INFO: Run Behavior\ShowPageTraceBehavior [ RunTime:0.000000s ]
INFO: [ app_end ] --END-- [ RunTime:0.000000s ]

[ 2018-12-26T13:31:04+08:00 ] 42.236.103.106 /Mobile/Index/index.html
INFO: [ app_init ] --START--
INFO: Run Behavior\BuildLiteBehavior [ RunTime:0.000000s ]
INFO: [ app_init ] --END-- [ RunTime:0.000000s ]
INFO: [ app_begin ] --START--
INFO: Run Behavior\ReadHtmlCacheBehavior [ RunTime:0.000000s ]
INFO: Run Behavior\CronRunBehavior [ RunTime:0.000000s ]
INFO: [ app_begin ] --END-- [ RunTime:0.000000s ]
SQL: SHOW COLUMNS FROM `web_webconfig` [ RunTime:0.0000s ]
SQL: SELECT * FROM `web_webconfig` WHERE `id` = 1 LIMIT 1   [ RunTime:0.0000s ]
SQL: SHOW COLUMNS FROM `web_links` [ RunTime:0.0156s ]
SQL: SELECT * FROM `web_links`  [ RunTime:0.0000s ]
SQL: SHOW COLUMNS FROM `web_article` [ RunTime:0.0000s ]
SQL: SHOW COLUMNS FROM `web_picture` [ RunTime:0.0000s ]
SQL: SHOW COLUMNS FROM `web_print` [ RunTime:0.0156s ]
SQL: SELECT * FROM `web_picture` WHERE `type` = 1 AND `status` = 1 ORDER BY id desc LIMIT 3   [ RunTime:0.0000s ]
SQL: SELECT * FROM `web_print` ORDER BY id desc LIMIT 4   [ RunTime:0.0000s ]
SQL: SELECT `art_title`,`id`,`art_type`,`art_info`,`art_img` FROM `web_article` WHERE ( art_type=7 ) ORDER BY id desc LIMIT 4   [ RunTime:0.0000s ]
INFO: [ view_parse ] --START--
INFO: [ template_filter ] --START--
INFO: Run Behavior\ContentReplaceBehavior [ RunTime:0.000000s ]
INFO: [ template_filter ] --END-- [ RunTime:0.000000s ]
NOTIC: [8] Use of undefined constant ids - assumed 'ids' E:\project\lfs-master\App\Runtime\Cache\Mobile\eaaa4603e659289cf24a7ed1f615185e.php 第 201 行.
NOTIC: [8] Use of undefined constant ids - assumed 'ids' E:\project\lfs-master\App\Runtime\Cache\Mobile\eaaa4603e659289cf24a7ed1f615185e.php 第 201 行.
NOTIC: [8] Use of undefined constant ids - assumed 'ids' E:\project\lfs-master\App\Runtime\Cache\Mobile\eaaa4603e659289cf24a7ed1f615185e.php 第 201 行.
NOTIC: [8] Use of undefined constant ids - assumed 'ids' E:\project\lfs-master\App\Runtime\Cache\Mobile\eaaa4603e659289cf24a7ed1f615185e.php 第 201 行.
INFO: Run Behavior\ParseTemplateBehavior [ RunTime:0.015625s ]
INFO: [ view_parse ] --END-- [ RunTime:0.015625s ]
INFO: [ view_filter ] --START--
INFO: Run Behavior\WriteHtmlCacheBehavior [ RunTime:0.000000s ]
INFO: Run Behavior\TokenBuildBehavior [ RunTime:0.000000s ]
INFO: [ view_filter ] --END-- [ RunTime:0.000000s ]
INFO: [ app_end ] --START--
INFO: Run Behavior\ShowPageTraceBehavior [ RunTime:0.000000s ]
INFO: [ app_end ] --END-- [ RunTime:0.000000s ]

[ 2018-12-26T15:57:13+08:00 ] 47.100.53.146 /mobile/index/index.html
INFO: [ app_init ] --START--
INFO: Run Behavior\BuildLiteBehavior [ RunTime:0.000000s ]
INFO: [ app_init ] --END-- [ RunTime:0.000000s ]
INFO: [ app_begin ] --START--
INFO: Run Behavior\ReadHtmlCacheBehavior [ RunTime:0.000000s ]
INFO: Run Behavior\CronRunBehavior [ RunTime:0.000000s ]
INFO: [ app_begin ] --END-- [ RunTime:0.000000s ]
SQL: SHOW COLUMNS FROM `web_webconfig` [ RunTime:0.0156s ]
SQL: SELECT * FROM `web_webconfig` WHERE `id` = 1 LIMIT 1   [ RunTime:0.0000s ]
SQL: SHOW COLUMNS FROM `web_links` [ RunTime:0.0000s ]
SQL: SELECT * FROM `web_links`  [ RunTime:0.0000s ]
SQL: SHOW COLUMNS FROM `web_article` [ RunTime:0.0000s ]
SQL: SHOW COLUMNS FROM `web_picture` [ RunTime:0.0156s ]
SQL: SHOW COLUMNS FROM `web_print` [ RunTime:0.0000s ]
SQL: SELECT * FROM `web_picture` WHERE `type` = 1 AND `status` = 1 ORDER BY id desc LIMIT 3   [ RunTime:0.0000s ]
SQL: SELECT * FROM `web_print` ORDER BY id desc LIMIT 4   [ RunTime:0.0000s ]
SQL: SELECT `art_title`,`id`,`art_type`,`art_info`,`art_img` FROM `web_article` WHERE ( art_type=7 ) ORDER BY id desc LIMIT 4   [ RunTime:0.0000s ]
INFO: [ view_parse ] --START--
INFO: [ template_filter ] --START--
INFO: Run Behavior\ContentReplaceBehavior [ RunTime:0.000000s ]
INFO: [ template_filter ] --END-- [ RunTime:0.000000s ]
NOTIC: [8] Use of undefined constant ids - assumed 'ids' E:\project\lfs-master\App\Runtime\Cache\Mobile\eaaa4603e659289cf24a7ed1f615185e.php 第 201 行.
NOTIC: [8] Use of undefined constant ids - assumed 'ids' E:\project\lfs-master\App\Runtime\Cache\Mobile\eaaa4603e659289cf24a7ed1f615185e.php 第 201 行.
NOTIC: [8] Use of undefined constant ids - assumed 'ids' E:\project\lfs-master\App\Runtime\Cache\Mobile\eaaa4603e659289cf24a7ed1f615185e.php 第 201 行.
NOTIC: [8] Use of undefined constant ids - assumed 'ids' E:\project\lfs-master\App\Runtime\Cache\Mobile\eaaa4603e659289cf24a7ed1f615185e.php 第 201 行.
INFO: Run Behavior\ParseTemplateBehavior [ RunTime:0.015625s ]
INFO: [ view_parse ] --END-- [ RunTime:0.015625s ]
INFO: [ view_filter ] --START--
INFO: Run Behavior\WriteHtmlCacheBehavior [ RunTime:0.000000s ]
INFO: Run Behavior\TokenBuildBehavior [ RunTime:0.000000s ]
INFO: [ view_filter ] --END-- [ RunTime:0.000000s ]
INFO: [ app_end ] --START--
INFO: Run Behavior\ShowPageTraceBehavior [ RunTime:0.000000s ]
INFO: [ app_end ] --END-- [ RunTime:0.015625s ]

[ 2018-12-26T17:56:38+08:00 ] 203.208.60.8 /Mobile/Index/index.html
INFO: [ app_init ] --START--
INFO: Run Behavior\BuildLiteBehavior [ RunTime:0.000000s ]
INFO: [ app_init ] --END-- [ RunTime:0.000000s ]
INFO: [ app_begin ] --START--
INFO: Run Behavior\ReadHtmlCacheBehavior [ RunTime:0.000000s ]
INFO: Run Behavior\CronRunBehavior [ RunTime:0.000000s ]
INFO: [ app_begin ] --END-- [ RunTime:0.000000s ]
SQL: SHOW COLUMNS FROM `web_webconfig` [ RunTime:0.0000s ]
SQL: SELECT * FROM `web_webconfig` WHERE `id` = 1 LIMIT 1   [ RunTime:0.0000s ]
SQL: SHOW COLUMNS FROM `web_links` [ RunTime:0.0156s ]
SQL: SELECT * FROM `web_links`  [ RunTime:0.0000s ]
SQL: SHOW COLUMNS FROM `web_article` [ RunTime:0.0000s ]
SQL: SHOW COLUMNS FROM `web_picture` [ RunTime:0.0000s ]
SQL: SHOW COLUMNS FROM `web_print` [ RunTime:0.0156s ]
SQL: SELECT * FROM `web_picture` WHERE `type` = 1 AND `status` = 1 ORDER BY id desc LIMIT 3   [ RunTime:0.0000s ]
SQL: SELECT * FROM `web_print` ORDER BY id desc LIMIT 4   [ RunTime:0.0000s ]
SQL: SELECT `art_title`,`id`,`art_type`,`art_info`,`art_img` FROM `web_article` WHERE ( art_type=7 ) ORDER BY id desc LIMIT 4   [ RunTime:0.0000s ]
INFO: [ view_parse ] --START--
INFO: [ template_filter ] --START--
INFO: Run Behavior\ContentReplaceBehavior [ RunTime:0.000000s ]
INFO: [ template_filter ] --END-- [ RunTime:0.000000s ]
NOTIC: [8] Use of undefined constant ids - assumed 'ids' E:\project\lfs-master\App\Runtime\Cache\Mobile\eaaa4603e659289cf24a7ed1f615185e.php 第 201 行.
NOTIC: [8] Use of undefined constant ids - assumed 'ids' E:\project\lfs-master\App\Runtime\Cache\Mobile\eaaa4603e659289cf24a7ed1f615185e.php 第 201 行.
NOTIC: [8] Use of undefined constant ids - assumed 'ids' E:\project\lfs-master\App\Runtime\Cache\Mobile\eaaa4603e659289cf24a7ed1f615185e.php 第 201 行.
NOTIC: [8] Use of undefined constant ids - assumed 'ids' E:\project\lfs-master\App\Runtime\Cache\Mobile\eaaa4603e659289cf24a7ed1f615185e.php 第 201 行.
INFO: Run Behavior\ParseTemplateBehavior [ RunTime:0.015625s ]
INFO: [ view_parse ] --END-- [ RunTime:0.015625s ]
INFO: [ view_filter ] --START--
INFO: Run Behavior\WriteHtmlCacheBehavior [ RunTime:0.000000s ]
INFO: Run Behavior\TokenBuildBehavior [ RunTime:0.000000s ]
INFO: [ view_filter ] --END-- [ RunTime:0.000000s ]
INFO: [ app_end ] --START--
INFO: Run Behavior\ShowPageTraceBehavior [ RunTime:0.000000s ]
INFO: [ app_end ] --END-- [ RunTime:0.000000s ]

[ 2018-12-26T19:37:27+08:00 ] 203.208.60.1 /Mobile/Index/index.html
INFO: [ app_init ] --START--
INFO: Run Behavior\BuildLiteBehavior [ RunTime:0.000000s ]
INFO: [ app_init ] --END-- [ RunTime:0.000000s ]
INFO: [ app_begin ] --START--
INFO: Run Behavior\ReadHtmlCacheBehavior [ RunTime:0.000000s ]
INFO: Run Behavior\CronRunBehavior [ RunTime:0.000000s ]
INFO: [ app_begin ] --END-- [ RunTime:0.000000s ]
SQL: SHOW COLUMNS FROM `web_webconfig` [ RunTime:0.0000s ]
SQL: SELECT * FROM `web_webconfig` WHERE `id` = 1 LIMIT 1   [ RunTime:0.0000s ]
SQL: SHOW COLUMNS FROM `web_links` [ RunTime:0.0156s ]
SQL: SELECT * FROM `web_links`  [ RunTime:0.0000s ]
SQL: SHOW COLUMNS FROM `web_article` [ RunTime:0.0000s ]
SQL: SHOW COLUMNS FROM `web_picture` [ RunTime:0.0000s ]
SQL: SHOW COLUMNS FROM `web_print` [ RunTime:0.0156s ]
SQL: SELECT * FROM `web_picture` WHERE `type` = 1 AND `status` = 1 ORDER BY id desc LIMIT 3   [ RunTime:0.0000s ]
SQL: SELECT * FROM `web_print` ORDER BY id desc LIMIT 4   [ RunTime:0.0000s ]
SQL: SELECT `art_title`,`id`,`art_type`,`art_info`,`art_img` FROM `web_article` WHERE ( art_type=7 ) ORDER BY id desc LIMIT 4   [ RunTime:0.0000s ]
INFO: [ view_parse ] --START--
INFO: [ template_filter ] --START--
INFO: Run Behavior\ContentReplaceBehavior [ RunTime:0.000000s ]
INFO: [ template_filter ] --END-- [ RunTime:0.000000s ]
NOTIC: [8] Use of undefined constant ids - assumed 'ids' E:\project\lfs-master\App\Runtime\Cache\Mobile\eaaa4603e659289cf24a7ed1f615185e.php 第 201 行.
NOTIC: [8] Use of undefined constant ids - assumed 'ids' E:\project\lfs-master\App\Runtime\Cache\Mobile\eaaa4603e659289cf24a7ed1f615185e.php 第 201 行.
NOTIC: [8] Use of undefined constant ids - assumed 'ids' E:\project\lfs-master\App\Runtime\Cache\Mobile\eaaa4603e659289cf24a7ed1f615185e.php 第 201 行.
NOTIC: [8] Use of undefined constant ids - assumed 'ids' E:\project\lfs-master\App\Runtime\Cache\Mobile\eaaa4603e659289cf24a7ed1f615185e.php 第 201 行.
INFO: Run Behavior\ParseTemplateBehavior [ RunTime:0.015625s ]
INFO: [ view_parse ] --END-- [ RunTime:0.015625s ]
INFO: [ view_filter ] --START--
INFO: Run Behavior\WriteHtmlCacheBehavior [ RunTime:0.000000s ]
INFO: Run Behavior\TokenBuildBehavior [ RunTime:0.000000s ]
INFO: [ view_filter ] --END-- [ RunTime:0.000000s ]
INFO: [ app_end ] --START--
INFO: Run Behavior\ShowPageTraceBehavior [ RunTime:0.000000s ]
INFO: [ app_end ] --END-- [ RunTime:0.000000s ]

[ 2018-12-26T20:08:58+08:00 ] 106.14.189.11 /index.php/mobile/article/activity/id/8/ids/13.html
INFO: [ app_init ] --START--
INFO: Run Behavior\BuildLiteBehavior [ RunTime:0.000000s ]
INFO: [ app_init ] --END-- [ RunTime:0.000000s ]
INFO: [ app_begin ] --START--
INFO: Run Behavior\ReadHtmlCacheBehavior [ RunTime:0.000000s ]
INFO: Run Behavior\CronRunBehavior [ RunTime:0.000000s ]
INFO: [ app_begin ] --END-- [ RunTime:0.000000s ]
SQL: SHOW COLUMNS FROM `web_webconfig` [ RunTime:0.0000s ]
SQL: SELECT * FROM `web_webconfig` WHERE `id` = 1 LIMIT 1   [ RunTime:0.0000s ]
SQL: SHOW COLUMNS FROM `web_links` [ RunTime:0.0156s ]
SQL: SELECT * FROM `web_links`  [ RunTime:0.0000s ]
SQL: SHOW COLUMNS FROM `web_article` [ RunTime:0.0000s ]
SQL: SELECT `art_title`,`id`,`art_type` FROM `web_article` WHERE ( art_type>=8 and art_type<13 )  [ RunTime:0.0000s ]
SQL: SELECT `art_title`,`id`,`art_type` FROM `web_article` WHERE ( art_type=1 )  [ RunTime:0.0000s ]
SQL: SHOW COLUMNS FROM `web_power` [ RunTime:0.0156s ]
SQL: SELECT p.pid,p.name,a.* FROM web_power as p INNER JOIN web_article as a on p.son_id=a.art_type  WHERE (  pid=92 ) AND (  a.art_type<>13 ) GROUP BY p.name ORDER BY id desc  [ RunTime:0.0000s ]
SQL: SELECT p.name FROM web_power as p INNER JOIN web_article as a on p.son_id = a.art_type  WHERE ( a.id=13 ) LIMIT 1   [ RunTime:0.0000s ]
SQL: SELECT p.pid,p.name,a.* FROM web_power as p INNER JOIN web_article as a on p.son_id=a.art_type  WHERE ( a.art_type=13 ) ORDER BY id desc  [ RunTime:0.0156s ]
SQL: SELECT * FROM `web_article` WHERE `id` = 13 LIMIT 1   [ RunTime:0.0000s ]
INFO: [ view_parse ] --START--
INFO: [ template_filter ] --START--
INFO: Run Behavior\ContentReplaceBehavior [ RunTime:0.000000s ]
INFO: [ template_filter ] --END-- [ RunTime:0.000000s ]
NOTIC: [8] Use of undefined constant ids - assumed 'ids' E:\project\lfs-master\App\Runtime\Cache\Mobile\a598dc77264ab16aad6d4a7cc59bc4ec.php 第 45 行.
NOTIC: [8] Use of undefined constant ids - assumed 'ids' E:\project\lfs-master\App\Runtime\Cache\Mobile\a598dc77264ab16aad6d4a7cc59bc4ec.php 第 45 行.
NOTIC: [8] Use of undefined constant ids - assumed 'ids' E:\project\lfs-master\App\Runtime\Cache\Mobile\a598dc77264ab16aad6d4a7cc59bc4ec.php 第 45 行.
NOTIC: [8] Use of undefined constant ids - assumed 'ids' E:\project\lfs-master\App\Runtime\Cache\Mobile\a598dc77264ab16aad6d4a7cc59bc4ec.php 第 45 行.
NOTIC: [8] Use of undefined constant ids - assumed 'ids' E:\project\lfs-master\App\Runtime\Cache\Mobile\a598dc77264ab16aad6d4a7cc59bc4ec.php 第 45 行.
INFO: Run Behavior\ParseTemplateBehavior [ RunTime:0.000000s ]
INFO: [ view_parse ] --END-- [ RunTime:0.000000s ]
INFO: [ view_filter ] --START--
INFO: Run Behavior\WriteHtmlCacheBehavior [ RunTime:0.000000s ]
INFO: Run Behavior\TokenBuildBehavior [ RunTime:0.000000s ]
INFO: [ view_filter ] --END-- [ RunTime:0.000000s ]
INFO: [ app_end ] --START--
INFO: Run Behavior\ShowPageTraceBehavior [ RunTime:0.015625s ]
INFO: [ app_end ] --END-- [ RunTime:0.015625s ]

[ 2018-12-26T20:28:05+08:00 ] 203.208.60.111 /index.php/mobile/article/jieshao/id/4/ids/177.html
INFO: [ app_init ] --START--
INFO: Run Behavior\BuildLiteBehavior [ RunTime:0.000000s ]
INFO: [ app_init ] --END-- [ RunTime:0.000000s ]
INFO: [ app_begin ] --START--
INFO: Run Behavior\ReadHtmlCacheBehavior [ RunTime:0.000000s ]
INFO: Run Behavior\CronRunBehavior [ RunTime:0.000000s ]
INFO: [ app_begin ] --END-- [ RunTime:0.000000s ]
SQL: SHOW COLUMNS FROM `web_webconfig` [ RunTime:0.0000s ]
SQL: SELECT * FROM `web_webconfig` WHERE `id` = 1 LIMIT 1   [ RunTime:0.0000s ]
SQL: SHOW COLUMNS FROM `web_links` [ RunTime:0.0000s ]
SQL: SELECT * FROM `web_links`  [ RunTime:0.0000s ]
SQL: SHOW COLUMNS FROM `web_article` [ RunTime:0.0156s ]
SQL: SELECT `art_title`,`id`,`art_type` FROM `web_article` WHERE ( art_type>=8 and art_type<13 )  [ RunTime:0.0000s ]
SQL: SELECT `art_title`,`id`,`art_type` FROM `web_article` WHERE ( art_type=1 )  [ RunTime:0.0000s ]
SQL: SHOW COLUMNS FROM `web_power` [ RunTime:0.0000s ]
SQL: SELECT p.pid,p.name,a.* FROM web_power as p INNER JOIN web_article as a on p.son_id=a.art_type  WHERE (  pid=86 ) GROUP BY p.name ORDER BY id desc  [ RunTime:0.0156s ]
SQL: SELECT p.pid,p.name,a.* FROM web_power as p INNER JOIN web_article as a on p.son_id=a.art_type  WHERE ( a.art_type=177 ) ORDER BY id desc  [ RunTime:0.0000s ]
SQL: SELECT * FROM `web_article` WHERE `id` = 177 LIMIT 1   [ RunTime:0.0000s ]
INFO: [ view_parse ] --START--
INFO: [ template_filter ] --START--
INFO: Run Behavior\ContentReplaceBehavior [ RunTime:0.000000s ]
INFO: [ template_filter ] --END-- [ RunTime:0.000000s ]
INFO: Run Behavior\ParseTemplateBehavior [ RunTime:0.015625s ]
INFO: [ view_parse ] --END-- [ RunTime:0.015625s ]
INFO: [ view_filter ] --START--
INFO: Run Behavior\WriteHtmlCacheBehavior [ RunTime:0.000000s ]
INFO: Run Behavior\TokenBuildBehavior [ RunTime:0.000000s ]
INFO: [ view_filter ] --END-- [ RunTime:0.000000s ]
INFO: [ app_end ] --START--
INFO: Run Behavior\ShowPageTraceBehavior [ RunTime:0.000000s ]
INFO: [ app_end ] --END-- [ RunTime:0.000000s ]

[ 2018-12-26T21:38:20+08:00 ] 203.208.60.122 /index.php/mobile/article/jieshao/id/4/ids/189.html
INFO: [ app_init ] --START--
INFO: Run Behavior\BuildLiteBehavior [ RunTime:0.000000s ]
INFO: [ app_init ] --END-- [ RunTime:0.000000s ]
INFO: [ app_begin ] --START--
INFO: Run Behavior\ReadHtmlCacheBehavior [ RunTime:0.000000s ]
INFO: Run Behavior\CronRunBehavior [ RunTime:0.000000s ]
INFO: [ app_begin ] --END-- [ RunTime:0.000000s ]
SQL: SHOW COLUMNS FROM `web_webconfig` [ RunTime:0.0000s ]
SQL: SELECT * FROM `web_webconfig` WHERE `id` = 1 LIMIT 1   [ RunTime:0.0000s ]
SQL: SHOW COLUMNS FROM `web_links` [ RunTime:0.0000s ]
SQL: SELECT * FROM `web_links`  [ RunTime:0.0000s ]
SQL: SHOW COLUMNS FROM `web_article` [ RunTime:0.0156s ]
SQL: SELECT `art_title`,`id`,`art_type` FROM `web_article` WHERE ( art_type>=8 and art_type<13 )  [ RunTime:0.0000s ]
SQL: SELECT `art_title`,`id`,`art_type` FROM `web_article` WHERE ( art_type=1 )  [ RunTime:0.0000s ]
SQL: SHOW COLUMNS FROM `web_power` [ RunTime:0.0000s ]
SQL: SELECT p.pid,p.name,a.* FROM web_power as p INNER JOIN web_article as a on p.son_id=a.art_type  WHERE (  pid=86 ) GROUP BY p.name ORDER BY id desc  [ RunTime:0.0156s ]
SQL: SELECT p.pid,p.name,a.* FROM web_power as p INNER JOIN web_article as a on p.son_id=a.art_type  WHERE ( a.art_type=189 ) ORDER BY id desc  [ RunTime:0.0000s ]
SQL: SELECT * FROM `web_article` WHERE `id` = 189 LIMIT 1   [ RunTime:0.0000s ]
INFO: [ view_parse ] --START--
INFO: [ template_filter ] --START--
INFO: Run Behavior\ContentReplaceBehavior [ RunTime:0.000000s ]
INFO: [ template_filter ] --END-- [ RunTime:0.000000s ]
INFO: Run Behavior\ParseTemplateBehavior [ RunTime:0.015625s ]
INFO: [ view_parse ] --END-- [ RunTime:0.015625s ]
INFO: [ view_filter ] --START--
INFO: Run Behavior\WriteHtmlCacheBehavior [ RunTime:0.000000s ]
INFO: Run Behavior\TokenBuildBehavior [ RunTime:0.000000s ]
INFO: [ view_filter ] --END-- [ RunTime:0.000000s ]
INFO: [ app_end ] --START--
INFO: Run Behavior\ShowPageTraceBehavior [ RunTime:0.000000s ]
INFO: [ app_end ] --END-- [ RunTime:0.000000s ]

