[ 2018-12-16T03:34:56+08:00 ] 47.92.31.65 /Mobile/Index/index.html
INFO: [ app_init ] --START--
INFO: Run Behavior\BuildLiteBehavior [ RunTime:0.000000s ]
INFO: [ app_init ] --END-- [ RunTime:0.000000s ]
INFO: [ app_begin ] --START--
INFO: Run Behavior\ReadHtmlCacheBehavior [ RunTime:0.000000s ]
INFO: Run Behavior\CronRunBehavior [ RunTime:0.000000s ]
INFO: [ app_begin ] --END-- [ RunTime:0.000000s ]
SQL: SHOW COLUMNS FROM `web_webconfig` [ RunTime:0.0156s ]
SQL: SELECT * FROM `web_webconfig` WHERE `id` = 1 LIMIT 1   [ RunTime:0.0000s ]
SQL: SHOW COLUMNS FROM `web_links` [ RunTime:0.0000s ]
SQL: SELECT * FROM `web_links`  [ RunTime:0.0000s ]
SQL: SHOW COLUMNS FROM `web_article` [ RunTime:0.0156s ]
SQL: SHOW COLUMNS FROM `web_picture` [ RunTime:0.0000s ]
SQL: SHOW COLUMNS FROM `web_print` [ RunTime:0.0156s ]
SQL: SELECT * FROM `web_picture` WHERE `type` = 1 AND `status` = 1 ORDER BY id desc LIMIT 3   [ RunTime:0.0000s ]
SQL: SELECT * FROM `web_print` ORDER BY id desc LIMIT 4   [ RunTime:0.0000s ]
SQL: SELECT `art_title`,`id`,`art_type`,`art_info`,`art_img` FROM `web_article` WHERE ( art_type=7 ) ORDER BY id desc LIMIT 4   [ RunTime:0.0000s ]
INFO: [ view_parse ] --START--
INFO: [ template_filter ] --START--
INFO: Run Behavior\ContentReplaceBehavior [ RunTime:0.000000s ]
INFO: [ template_filter ] --END-- [ RunTime:0.000000s ]
NOTIC: [8] Use of undefined constant ids - assumed 'ids' E:\project\lfs-master\App\Runtime\Cache\Mobile\eaaa4603e659289cf24a7ed1f615185e.php 第 201 行.
NOTIC: [8] Use of undefined constant ids - assumed 'ids' E:\project\lfs-master\App\Runtime\Cache\Mobile\eaaa4603e659289cf24a7ed1f615185e.php 第 201 行.
NOTIC: [8] Use of undefined constant ids - assumed 'ids' E:\project\lfs-master\App\Runtime\Cache\Mobile\eaaa4603e659289cf24a7ed1f615185e.php 第 201 行.
NOTIC: [8] Use of undefined constant ids - assumed 'ids' E:\project\lfs-master\App\Runtime\Cache\Mobile\eaaa4603e659289cf24a7ed1f615185e.php 第 201 行.
INFO: Run Behavior\ParseTemplateBehavior [ RunTime:0.000000s ]
INFO: [ view_parse ] --END-- [ RunTime:0.000000s ]
INFO: [ view_filter ] --START--
INFO: Run Behavior\WriteHtmlCacheBehavior [ RunTime:0.000000s ]
INFO: Run Behavior\TokenBuildBehavior [ RunTime:0.015625s ]
INFO: [ view_filter ] --END-- [ RunTime:0.015625s ]
INFO: [ app_end ] --START--
INFO: Run Behavior\ShowPageTraceBehavior [ RunTime:0.000000s ]
INFO: [ app_end ] --END-- [ RunTime:0.000000s ]

[ 2018-12-16T09:32:30+08:00 ] 101.132.100.6 /Mobile/Index/index.html
INFO: [ app_init ] --START--
INFO: Run Behavior\BuildLiteBehavior [ RunTime:0.000000s ]
INFO: [ app_init ] --END-- [ RunTime:0.000000s ]
INFO: [ app_begin ] --START--
INFO: Run Behavior\ReadHtmlCacheBehavior [ RunTime:0.000000s ]
INFO: Run Behavior\CronRunBehavior [ RunTime:0.000000s ]
INFO: [ app_begin ] --END-- [ RunTime:0.000000s ]
SQL: SHOW COLUMNS FROM `web_webconfig` [ RunTime:0.0000s ]
SQL: SELECT * FROM `web_webconfig` WHERE `id` = 1 LIMIT 1   [ RunTime:0.0000s ]
SQL: SHOW COLUMNS FROM `web_links` [ RunTime:0.0000s ]
SQL: SELECT * FROM `web_links`  [ RunTime:0.0000s ]
SQL: SHOW COLUMNS FROM `web_article` [ RunTime:0.0156s ]
SQL: SHOW COLUMNS FROM `web_picture` [ RunTime:0.0000s ]
SQL: SHOW COLUMNS FROM `web_print` [ RunTime:0.0000s ]
SQL: SELECT * FROM `web_picture` WHERE `type` = 1 AND `status` = 1 ORDER BY id desc LIMIT 3   [ RunTime:0.0000s ]
SQL: SELECT * FROM `web_print` ORDER BY id desc LIMIT 4   [ RunTime:0.0000s ]
SQL: SELECT `art_title`,`id`,`art_type`,`art_info`,`art_img` FROM `web_article` WHERE ( art_type=7 ) ORDER BY id desc LIMIT 4   [ RunTime:0.0156s ]
INFO: [ view_parse ] --START--
INFO: [ template_filter ] --START--
INFO: Run Behavior\ContentReplaceBehavior [ RunTime:0.000000s ]
INFO: [ template_filter ] --END-- [ RunTime:0.000000s ]
NOTIC: [8] Use of undefined constant ids - assumed 'ids' E:\project\lfs-master\App\Runtime\Cache\Mobile\eaaa4603e659289cf24a7ed1f615185e.php 第 201 行.
NOTIC: [8] Use of undefined constant ids - assumed 'ids' E:\project\lfs-master\App\Runtime\Cache\Mobile\eaaa4603e659289cf24a7ed1f615185e.php 第 201 行.
NOTIC: [8] Use of undefined constant ids - assumed 'ids' E:\project\lfs-master\App\Runtime\Cache\Mobile\eaaa4603e659289cf24a7ed1f615185e.php 第 201 行.
NOTIC: [8] Use of undefined constant ids - assumed 'ids' E:\project\lfs-master\App\Runtime\Cache\Mobile\eaaa4603e659289cf24a7ed1f615185e.php 第 201 行.
INFO: Run Behavior\ParseTemplateBehavior [ RunTime:0.000000s ]
INFO: [ view_parse ] --END-- [ RunTime:0.000000s ]
INFO: [ view_filter ] --START--
INFO: Run Behavior\WriteHtmlCacheBehavior [ RunTime:0.000000s ]
INFO: Run Behavior\TokenBuildBehavior [ RunTime:0.015625s ]
INFO: [ view_filter ] --END-- [ RunTime:0.015625s ]
INFO: [ app_end ] --START--
INFO: Run Behavior\ShowPageTraceBehavior [ RunTime:0.000000s ]
INFO: [ app_end ] --END-- [ RunTime:0.000000s ]

[ 2018-12-16T11:04:06+08:00 ] 106.14.204.78 /index.php/Mobile/Article/Activity/id/7/ids/63.html
INFO: [ app_init ] --START--
INFO: Run Behavior\BuildLiteBehavior [ RunTime:0.000000s ]
INFO: [ app_init ] --END-- [ RunTime:0.000000s ]
INFO: [ app_begin ] --START--
INFO: Run Behavior\ReadHtmlCacheBehavior [ RunTime:0.000000s ]
INFO: Run Behavior\CronRunBehavior [ RunTime:0.000000s ]
INFO: [ app_begin ] --END-- [ RunTime:0.000000s ]
SQL: SHOW COLUMNS FROM `web_webconfig` [ RunTime:0.0000s ]
SQL: SELECT * FROM `web_webconfig` WHERE `id` = 1 LIMIT 1   [ RunTime:0.0000s ]
SQL: SHOW COLUMNS FROM `web_links` [ RunTime:0.0156s ]
SQL: SELECT * FROM `web_links`  [ RunTime:0.0000s ]
SQL: SHOW COLUMNS FROM `web_article` [ RunTime:0.0000s ]
SQL: SELECT `art_title`,`id`,`art_type` FROM `web_article` WHERE ( art_type>=8 and art_type<13 )  [ RunTime:0.0000s ]
SQL: SELECT `art_title`,`id`,`art_type` FROM `web_article` WHERE ( art_type=1 )  [ RunTime:0.0000s ]
SQL: SHOW COLUMNS FROM `web_power` [ RunTime:0.0000s ]
SQL: SELECT p.pid,p.name,a.* FROM web_power as p INNER JOIN web_article as a on p.son_id=a.art_type  WHERE (  pid=92 ) AND (  a.art_type<>13 ) GROUP BY p.name ORDER BY id desc  [ RunTime:0.0156s ]
SQL: SELECT p.name FROM web_power as p INNER JOIN web_article as a on p.son_id = a.art_type  WHERE ( a.id=63 ) LIMIT 1   [ RunTime:0.0000s ]
SQL: SELECT p.pid,p.name,a.* FROM web_power as p INNER JOIN web_article as a on p.son_id=a.art_type  WHERE ( a.art_type=63 ) ORDER BY id desc  [ RunTime:0.0000s ]
SQL: SELECT * FROM `web_article` WHERE `id` = 63 LIMIT 1   [ RunTime:0.0000s ]
INFO: [ view_parse ] --START--
INFO: [ template_filter ] --START--
INFO: Run Behavior\ContentReplaceBehavior [ RunTime:0.000000s ]
INFO: [ template_filter ] --END-- [ RunTime:0.000000s ]
NOTIC: [8] Use of undefined constant ids - assumed 'ids' E:\project\lfs-master\App\Runtime\Cache\Mobile\37a241d9996ef54d74760b0140af4e17.php 第 45 行.
NOTIC: [8] Use of undefined constant ids - assumed 'ids' E:\project\lfs-master\App\Runtime\Cache\Mobile\37a241d9996ef54d74760b0140af4e17.php 第 45 行.
NOTIC: [8] Use of undefined constant ids - assumed 'ids' E:\project\lfs-master\App\Runtime\Cache\Mobile\37a241d9996ef54d74760b0140af4e17.php 第 45 行.
NOTIC: [8] Use of undefined constant ids - assumed 'ids' E:\project\lfs-master\App\Runtime\Cache\Mobile\37a241d9996ef54d74760b0140af4e17.php 第 45 行.
NOTIC: [8] Use of undefined constant ids - assumed 'ids' E:\project\lfs-master\App\Runtime\Cache\Mobile\37a241d9996ef54d74760b0140af4e17.php 第 45 行.
INFO: Run Behavior\ParseTemplateBehavior [ RunTime:0.015625s ]
INFO: [ view_parse ] --END-- [ RunTime:0.015625s ]
INFO: [ view_filter ] --START--
INFO: Run Behavior\WriteHtmlCacheBehavior [ RunTime:0.000000s ]
INFO: Run Behavior\TokenBuildBehavior [ RunTime:0.000000s ]
INFO: [ view_filter ] --END-- [ RunTime:0.000000s ]
INFO: [ app_end ] --START--
INFO: Run Behavior\ShowPageTraceBehavior [ RunTime:0.000000s ]
INFO: [ app_end ] --END-- [ RunTime:0.000000s ]

[ 2018-12-16T19:56:46+08:00 ] 220.181.108.104 /Mobile/Index/index.html
INFO: [ app_init ] --START--
INFO: Run Behavior\BuildLiteBehavior [ RunTime:0.000000s ]
INFO: [ app_init ] --END-- [ RunTime:0.000000s ]
INFO: [ app_begin ] --START--
INFO: Run Behavior\ReadHtmlCacheBehavior [ RunTime:0.000000s ]
INFO: Run Behavior\CronRunBehavior [ RunTime:0.000000s ]
INFO: [ app_begin ] --END-- [ RunTime:0.000000s ]
SQL: SHOW COLUMNS FROM `web_webconfig` [ RunTime:0.0000s ]
SQL: SELECT * FROM `web_webconfig` WHERE `id` = 1 LIMIT 1   [ RunTime:0.0000s ]
SQL: SHOW COLUMNS FROM `web_links` [ RunTime:0.0000s ]
SQL: SELECT * FROM `web_links`  [ RunTime:0.0000s ]
SQL: SHOW COLUMNS FROM `web_article` [ RunTime:0.0000s ]
SQL: SHOW COLUMNS FROM `web_picture` [ RunTime:0.0156s ]
SQL: SHOW COLUMNS FROM `web_print` [ RunTime:0.0000s ]
SQL: SELECT * FROM `web_picture` WHERE `type` = 1 AND `status` = 1 ORDER BY id desc LIMIT 3   [ RunTime:0.0000s ]
SQL: SELECT * FROM `web_print` ORDER BY id desc LIMIT 4   [ RunTime:0.0000s ]
SQL: SELECT `art_title`,`id`,`art_type`,`art_info`,`art_img` FROM `web_article` WHERE ( art_type=7 ) ORDER BY id desc LIMIT 4   [ RunTime:0.0000s ]
INFO: [ view_parse ] --START--
INFO: [ template_filter ] --START--
INFO: Run Behavior\ContentReplaceBehavior [ RunTime:0.000000s ]
INFO: [ template_filter ] --END-- [ RunTime:0.000000s ]
NOTIC: [8] Use of undefined constant ids - assumed 'ids' E:\project\lfs-master\App\Runtime\Cache\Mobile\eaaa4603e659289cf24a7ed1f615185e.php 第 201 行.
NOTIC: [8] Use of undefined constant ids - assumed 'ids' E:\project\lfs-master\App\Runtime\Cache\Mobile\eaaa4603e659289cf24a7ed1f615185e.php 第 201 行.
NOTIC: [8] Use of undefined constant ids - assumed 'ids' E:\project\lfs-master\App\Runtime\Cache\Mobile\eaaa4603e659289cf24a7ed1f615185e.php 第 201 行.
NOTIC: [8] Use of undefined constant ids - assumed 'ids' E:\project\lfs-master\App\Runtime\Cache\Mobile\eaaa4603e659289cf24a7ed1f615185e.php 第 201 行.
INFO: Run Behavior\ParseTemplateBehavior [ RunTime:0.015625s ]
INFO: [ view_parse ] --END-- [ RunTime:0.015625s ]
INFO: [ view_filter ] --START--
INFO: Run Behavior\WriteHtmlCacheBehavior [ RunTime:0.000000s ]
INFO: Run Behavior\TokenBuildBehavior [ RunTime:0.015625s ]
INFO: [ view_filter ] --END-- [ RunTime:0.015625s ]
INFO: [ app_end ] --START--
INFO: Run Behavior\ShowPageTraceBehavior [ RunTime:0.000000s ]
INFO: [ app_end ] --END-- [ RunTime:0.000000s ]

