[ 2018-12-29T11:01:58+08:00 ] 139.224.11.233 /Mobile/Index/index.html
INFO: [ app_init ] --START--
INFO: Run Behavior\BuildLiteBehavior [ RunTime:0.000000s ]
INFO: [ app_init ] --END-- [ RunTime:0.000000s ]
INFO: [ app_begin ] --START--
INFO: Run Behavior\ReadHtmlCacheBehavior [ RunTime:0.000000s ]
INFO: Run Behavior\CronRunBehavior [ RunTime:0.000000s ]
INFO: [ app_begin ] --END-- [ RunTime:0.000000s ]
SQL: SHOW COLUMNS FROM `web_webconfig` [ RunTime:0.0000s ]
SQL: SELECT * FROM `web_webconfig` WHERE `id` = 1 LIMIT 1   [ RunTime:0.0000s ]
SQL: SHOW COLUMNS FROM `web_links` [ RunTime:0.0156s ]
SQL: SELECT * FROM `web_links`  [ RunTime:0.0000s ]
SQL: SHOW COLUMNS FROM `web_article` [ RunTime:0.0000s ]
SQL: SHOW COLUMNS FROM `web_picture` [ RunTime:0.0156s ]
SQL: SHOW COLUMNS FROM `web_print` [ RunTime:0.0000s ]
SQL: SELECT * FROM `web_picture` WHERE `type` = 1 AND `status` = 1 ORDER BY id desc LIMIT 3   [ RunTime:0.0000s ]
SQL: SELECT * FROM `web_print` ORDER BY id desc LIMIT 4   [ RunTime:0.0000s ]
SQL: SELECT `art_title`,`id`,`art_type`,`art_info`,`art_img` FROM `web_article` WHERE ( art_type=7 ) ORDER BY id desc LIMIT 4   [ RunTime:0.0000s ]
INFO: [ view_parse ] --START--
INFO: [ template_filter ] --START--
INFO: Run Behavior\ContentReplaceBehavior [ RunTime:0.000000s ]
INFO: [ template_filter ] --END-- [ RunTime:0.000000s ]
NOTIC: [8] Use of undefined constant ids - assumed 'ids' E:\project\lfs-master\App\Runtime\Cache\Mobile\eaaa4603e659289cf24a7ed1f615185e.php 第 201 行.
NOTIC: [8] Use of undefined constant ids - assumed 'ids' E:\project\lfs-master\App\Runtime\Cache\Mobile\eaaa4603e659289cf24a7ed1f615185e.php 第 201 行.
NOTIC: [8] Use of undefined constant ids - assumed 'ids' E:\project\lfs-master\App\Runtime\Cache\Mobile\eaaa4603e659289cf24a7ed1f615185e.php 第 201 行.
NOTIC: [8] Use of undefined constant ids - assumed 'ids' E:\project\lfs-master\App\Runtime\Cache\Mobile\eaaa4603e659289cf24a7ed1f615185e.php 第 201 行.
INFO: Run Behavior\ParseTemplateBehavior [ RunTime:0.015625s ]
INFO: [ view_parse ] --END-- [ RunTime:0.015625s ]
INFO: [ view_filter ] --START--
INFO: Run Behavior\WriteHtmlCacheBehavior [ RunTime:0.000000s ]
INFO: Run Behavior\TokenBuildBehavior [ RunTime:0.000000s ]
INFO: [ view_filter ] --END-- [ RunTime:0.000000s ]
INFO: [ app_end ] --START--
INFO: Run Behavior\ShowPageTraceBehavior [ RunTime:0.000000s ]
INFO: [ app_end ] --END-- [ RunTime:0.000000s ]

[ 2018-12-29T11:18:12+08:00 ] 101.132.156.172 /Mobile/Index/index.html
INFO: [ app_init ] --START--
INFO: Run Behavior\BuildLiteBehavior [ RunTime:0.000000s ]
INFO: [ app_init ] --END-- [ RunTime:0.000000s ]
INFO: [ app_begin ] --START--
INFO: Run Behavior\ReadHtmlCacheBehavior [ RunTime:0.000000s ]
INFO: Run Behavior\CronRunBehavior [ RunTime:0.000000s ]
INFO: [ app_begin ] --END-- [ RunTime:0.000000s ]
SQL: SHOW COLUMNS FROM `web_webconfig` [ RunTime:0.0000s ]
SQL: SELECT * FROM `web_webconfig` WHERE `id` = 1 LIMIT 1   [ RunTime:0.0000s ]
SQL: SHOW COLUMNS FROM `web_links` [ RunTime:0.0000s ]
SQL: SELECT * FROM `web_links`  [ RunTime:0.0000s ]
SQL: SHOW COLUMNS FROM `web_article` [ RunTime:0.0000s ]
SQL: SHOW COLUMNS FROM `web_picture` [ RunTime:0.0156s ]
SQL: SHOW COLUMNS FROM `web_print` [ RunTime:0.0000s ]
SQL: SELECT * FROM `web_picture` WHERE `type` = 1 AND `status` = 1 ORDER BY id desc LIMIT 3   [ RunTime:0.0000s ]
SQL: SELECT * FROM `web_print` ORDER BY id desc LIMIT 4   [ RunTime:0.0000s ]
SQL: SELECT `art_title`,`id`,`art_type`,`art_info`,`art_img` FROM `web_article` WHERE ( art_type=7 ) ORDER BY id desc LIMIT 4   [ RunTime:0.0000s ]
INFO: [ view_parse ] --START--
INFO: [ template_filter ] --START--
INFO: Run Behavior\ContentReplaceBehavior [ RunTime:0.000000s ]
INFO: [ template_filter ] --END-- [ RunTime:0.000000s ]
NOTIC: [8] Use of undefined constant ids - assumed 'ids' E:\project\lfs-master\App\Runtime\Cache\Mobile\eaaa4603e659289cf24a7ed1f615185e.php 第 201 行.
NOTIC: [8] Use of undefined constant ids - assumed 'ids' E:\project\lfs-master\App\Runtime\Cache\Mobile\eaaa4603e659289cf24a7ed1f615185e.php 第 201 行.
NOTIC: [8] Use of undefined constant ids - assumed 'ids' E:\project\lfs-master\App\Runtime\Cache\Mobile\eaaa4603e659289cf24a7ed1f615185e.php 第 201 行.
NOTIC: [8] Use of undefined constant ids - assumed 'ids' E:\project\lfs-master\App\Runtime\Cache\Mobile\eaaa4603e659289cf24a7ed1f615185e.php 第 201 行.
INFO: Run Behavior\ParseTemplateBehavior [ RunTime:0.031250s ]
INFO: [ view_parse ] --END-- [ RunTime:0.031250s ]
INFO: [ view_filter ] --START--
INFO: Run Behavior\WriteHtmlCacheBehavior [ RunTime:0.000000s ]
INFO: Run Behavior\TokenBuildBehavior [ RunTime:0.000000s ]
INFO: [ view_filter ] --END-- [ RunTime:0.000000s ]
INFO: [ app_end ] --START--
INFO: Run Behavior\ShowPageTraceBehavior [ RunTime:0.000000s ]
INFO: [ app_end ] --END-- [ RunTime:0.000000s ]

[ 2018-12-29T11:28:37+08:00 ] 139.224.11.233 /Mobile/Index/index.html
INFO: [ app_init ] --START--
INFO: Run Behavior\BuildLiteBehavior [ RunTime:0.000000s ]
INFO: [ app_init ] --END-- [ RunTime:0.000000s ]
INFO: [ app_begin ] --START--
INFO: Run Behavior\ReadHtmlCacheBehavior [ RunTime:0.000000s ]
INFO: Run Behavior\CronRunBehavior [ RunTime:0.000000s ]
INFO: [ app_begin ] --END-- [ RunTime:0.000000s ]
SQL: SHOW COLUMNS FROM `web_webconfig` [ RunTime:0.0156s ]
SQL: SELECT * FROM `web_webconfig` WHERE `id` = 1 LIMIT 1   [ RunTime:0.0000s ]
SQL: SHOW COLUMNS FROM `web_links` [ RunTime:0.0000s ]
SQL: SELECT * FROM `web_links`  [ RunTime:0.0000s ]
SQL: SHOW COLUMNS FROM `web_article` [ RunTime:0.0000s ]
SQL: SHOW COLUMNS FROM `web_picture` [ RunTime:0.0156s ]
SQL: SHOW COLUMNS FROM `web_print` [ RunTime:0.0000s ]
SQL: SELECT * FROM `web_picture` WHERE `type` = 1 AND `status` = 1 ORDER BY id desc LIMIT 3   [ RunTime:0.0000s ]
SQL: SELECT * FROM `web_print` ORDER BY id desc LIMIT 4   [ RunTime:0.0000s ]
SQL: SELECT `art_title`,`id`,`art_type`,`art_info`,`art_img` FROM `web_article` WHERE ( art_type=7 ) ORDER BY id desc LIMIT 4   [ RunTime:0.0000s ]
INFO: [ view_parse ] --START--
INFO: [ template_filter ] --START--
INFO: Run Behavior\ContentReplaceBehavior [ RunTime:0.000000s ]
INFO: [ template_filter ] --END-- [ RunTime:0.000000s ]
NOTIC: [8] Use of undefined constant ids - assumed 'ids' E:\project\lfs-master\App\Runtime\Cache\Mobile\eaaa4603e659289cf24a7ed1f615185e.php 第 201 行.
NOTIC: [8] Use of undefined constant ids - assumed 'ids' E:\project\lfs-master\App\Runtime\Cache\Mobile\eaaa4603e659289cf24a7ed1f615185e.php 第 201 行.
NOTIC: [8] Use of undefined constant ids - assumed 'ids' E:\project\lfs-master\App\Runtime\Cache\Mobile\eaaa4603e659289cf24a7ed1f615185e.php 第 201 行.
NOTIC: [8] Use of undefined constant ids - assumed 'ids' E:\project\lfs-master\App\Runtime\Cache\Mobile\eaaa4603e659289cf24a7ed1f615185e.php 第 201 行.
INFO: Run Behavior\ParseTemplateBehavior [ RunTime:0.015625s ]
INFO: [ view_parse ] --END-- [ RunTime:0.015625s ]
INFO: [ view_filter ] --START--
INFO: Run Behavior\WriteHtmlCacheBehavior [ RunTime:0.000000s ]
INFO: Run Behavior\TokenBuildBehavior [ RunTime:0.000000s ]
INFO: [ view_filter ] --END-- [ RunTime:0.000000s ]
INFO: [ app_end ] --START--
INFO: Run Behavior\ShowPageTraceBehavior [ RunTime:0.000000s ]
INFO: [ app_end ] --END-- [ RunTime:0.000000s ]

[ 2018-12-29T11:56:49+08:00 ] 203.208.60.34 /index.php/mobile/article/products/id/2/ids/26.html
INFO: [ app_init ] --START--
INFO: Run Behavior\BuildLiteBehavior [ RunTime:0.000000s ]
INFO: [ app_init ] --END-- [ RunTime:0.000000s ]
INFO: [ app_begin ] --START--
INFO: Run Behavior\ReadHtmlCacheBehavior [ RunTime:0.000000s ]
INFO: Run Behavior\CronRunBehavior [ RunTime:0.000000s ]
INFO: [ app_begin ] --END-- [ RunTime:0.000000s ]
SQL: SHOW COLUMNS FROM `web_webconfig` [ RunTime:0.0000s ]
SQL: SELECT * FROM `web_webconfig` WHERE `id` = 1 LIMIT 1   [ RunTime:0.0000s ]
SQL: SHOW COLUMNS FROM `web_links` [ RunTime:0.0000s ]
SQL: SELECT * FROM `web_links`  [ RunTime:0.0000s ]
SQL: SHOW COLUMNS FROM `web_article` [ RunTime:0.0000s ]
SQL: SELECT `id`,`art_title`,`art_img`,`art_type`,`art_info` FROM `web_article` WHERE ( art_type=1 )  [ RunTime:0.0000s ]
SQL: SHOW COLUMNS FROM `web_power` [ RunTime:0.0156s ]
SQL: SELECT p.name FROM web_power as p INNER JOIN web_article as a on p.son_id = a.art_type  WHERE ( a.id=26 ) LIMIT 1   [ RunTime:0.0000s ]
SQL: SELECT p.pid,p.id,p.name,a.* FROM web_power as p INNER JOIN web_article as a on p.son_id=a.art_type  WHERE ( p.pid=86 ) GROUP BY p.name ORDER BY p.id  [ RunTime:0.0000s ]
SQL: SELECT COUNT(*) AS tp_count FROM `web_article` WHERE `art_status` = 1 AND `art_type` = 2 LIMIT 1   [ RunTime:0.0000s ]
SQL: SELECT p.pid,p.name,a.* FROM web_power as p INNER JOIN web_article as a on p.son_id=a.art_type  WHERE ( a.art_type=2 ) ORDER BY id desc  [ RunTime:0.0156s ]
INFO: [ view_parse ] --START--
INFO: [ template_filter ] --START--
INFO: Run Behavior\ContentReplaceBehavior [ RunTime:0.000000s ]
INFO: [ template_filter ] --END-- [ RunTime:0.000000s ]
NOTIC: [8] Undefined variable: page E:\project\lfs-master\App\Runtime\Cache\Mobile\66d5384ed3f8eddfdb1e588e4d49cf79.php 第 127 行.
INFO: Run Behavior\ParseTemplateBehavior [ RunTime:0.000000s ]
INFO: [ view_parse ] --END-- [ RunTime:0.000000s ]
INFO: [ view_filter ] --START--
INFO: Run Behavior\WriteHtmlCacheBehavior [ RunTime:0.000000s ]
INFO: Run Behavior\TokenBuildBehavior [ RunTime:0.000000s ]
INFO: [ view_filter ] --END-- [ RunTime:0.000000s ]
INFO: [ app_end ] --START--
INFO: Run Behavior\ShowPageTraceBehavior [ RunTime:0.000000s ]
INFO: [ app_end ] --END-- [ RunTime:0.000000s ]

[ 2018-12-29T12:44:05+08:00 ] 47.92.148.120 /Mobile/Index/index.html
INFO: [ app_init ] --START--
INFO: Run Behavior\BuildLiteBehavior [ RunTime:0.000000s ]
INFO: [ app_init ] --END-- [ RunTime:0.000000s ]
INFO: [ app_begin ] --START--
INFO: Run Behavior\ReadHtmlCacheBehavior [ RunTime:0.000000s ]
INFO: Run Behavior\CronRunBehavior [ RunTime:0.015625s ]
INFO: [ app_begin ] --END-- [ RunTime:0.015625s ]
SQL: SHOW COLUMNS FROM `web_webconfig` [ RunTime:0.0156s ]
SQL: SELECT * FROM `web_webconfig` WHERE `id` = 1 LIMIT 1   [ RunTime:0.0000s ]
SQL: SHOW COLUMNS FROM `web_links` [ RunTime:0.0000s ]
SQL: SELECT * FROM `web_links`  [ RunTime:0.0000s ]
SQL: SHOW COLUMNS FROM `web_article` [ RunTime:0.0000s ]
SQL: SHOW COLUMNS FROM `web_picture` [ RunTime:0.0156s ]
SQL: SHOW COLUMNS FROM `web_print` [ RunTime:0.0000s ]
SQL: SELECT * FROM `web_picture` WHERE `type` = 1 AND `status` = 1 ORDER BY id desc LIMIT 3   [ RunTime:0.0000s ]
SQL: SELECT * FROM `web_print` ORDER BY id desc LIMIT 4   [ RunTime:0.0000s ]
SQL: SELECT `art_title`,`id`,`art_type`,`art_info`,`art_img` FROM `web_article` WHERE ( art_type=7 ) ORDER BY id desc LIMIT 4   [ RunTime:0.0000s ]
INFO: [ view_parse ] --START--
INFO: [ template_filter ] --START--
INFO: Run Behavior\ContentReplaceBehavior [ RunTime:0.000000s ]
INFO: [ template_filter ] --END-- [ RunTime:0.000000s ]
NOTIC: [8] Use of undefined constant ids - assumed 'ids' E:\project\lfs-master\App\Runtime\Cache\Mobile\eaaa4603e659289cf24a7ed1f615185e.php 第 201 行.
NOTIC: [8] Use of undefined constant ids - assumed 'ids' E:\project\lfs-master\App\Runtime\Cache\Mobile\eaaa4603e659289cf24a7ed1f615185e.php 第 201 行.
NOTIC: [8] Use of undefined constant ids - assumed 'ids' E:\project\lfs-master\App\Runtime\Cache\Mobile\eaaa4603e659289cf24a7ed1f615185e.php 第 201 行.
NOTIC: [8] Use of undefined constant ids - assumed 'ids' E:\project\lfs-master\App\Runtime\Cache\Mobile\eaaa4603e659289cf24a7ed1f615185e.php 第 201 行.
INFO: Run Behavior\ParseTemplateBehavior [ RunTime:0.015625s ]
INFO: [ view_parse ] --END-- [ RunTime:0.015625s ]
INFO: [ view_filter ] --START--
INFO: Run Behavior\WriteHtmlCacheBehavior [ RunTime:0.000000s ]
INFO: Run Behavior\TokenBuildBehavior [ RunTime:0.000000s ]
INFO: [ view_filter ] --END-- [ RunTime:0.000000s ]
INFO: [ app_end ] --START--
INFO: Run Behavior\ShowPageTraceBehavior [ RunTime:0.000000s ]
INFO: [ app_end ] --END-- [ RunTime:0.000000s ]

[ 2018-12-29T13:11:21+08:00 ] 101.132.131.7 /Mobile/Index/index.html
INFO: [ app_init ] --START--
INFO: Run Behavior\BuildLiteBehavior [ RunTime:0.000000s ]
INFO: [ app_init ] --END-- [ RunTime:0.000000s ]
INFO: [ app_begin ] --START--
INFO: Run Behavior\ReadHtmlCacheBehavior [ RunTime:0.000000s ]
INFO: Run Behavior\CronRunBehavior [ RunTime:0.000000s ]
INFO: [ app_begin ] --END-- [ RunTime:0.000000s ]
SQL: SHOW COLUMNS FROM `web_webconfig` [ RunTime:0.0000s ]
SQL: SELECT * FROM `web_webconfig` WHERE `id` = 1 LIMIT 1   [ RunTime:0.0000s ]
SQL: SHOW COLUMNS FROM `web_links` [ RunTime:0.0000s ]
SQL: SELECT * FROM `web_links`  [ RunTime:0.0000s ]
SQL: SHOW COLUMNS FROM `web_article` [ RunTime:0.0156s ]
SQL: SHOW COLUMNS FROM `web_picture` [ RunTime:0.0000s ]
SQL: SHOW COLUMNS FROM `web_print` [ RunTime:0.0000s ]
SQL: SELECT * FROM `web_picture` WHERE `type` = 1 AND `status` = 1 ORDER BY id desc LIMIT 3   [ RunTime:0.0000s ]
SQL: SELECT * FROM `web_print` ORDER BY id desc LIMIT 4   [ RunTime:0.0000s ]
SQL: SELECT `art_title`,`id`,`art_type`,`art_info`,`art_img` FROM `web_article` WHERE ( art_type=7 ) ORDER BY id desc LIMIT 4   [ RunTime:0.0156s ]
INFO: [ view_parse ] --START--
INFO: [ template_filter ] --START--
INFO: Run Behavior\ContentReplaceBehavior [ RunTime:0.000000s ]
INFO: [ template_filter ] --END-- [ RunTime:0.000000s ]
NOTIC: [8] Use of undefined constant ids - assumed 'ids' E:\project\lfs-master\App\Runtime\Cache\Mobile\eaaa4603e659289cf24a7ed1f615185e.php 第 201 行.
NOTIC: [8] Use of undefined constant ids - assumed 'ids' E:\project\lfs-master\App\Runtime\Cache\Mobile\eaaa4603e659289cf24a7ed1f615185e.php 第 201 行.
NOTIC: [8] Use of undefined constant ids - assumed 'ids' E:\project\lfs-master\App\Runtime\Cache\Mobile\eaaa4603e659289cf24a7ed1f615185e.php 第 201 行.
NOTIC: [8] Use of undefined constant ids - assumed 'ids' E:\project\lfs-master\App\Runtime\Cache\Mobile\eaaa4603e659289cf24a7ed1f615185e.php 第 201 行.
INFO: Run Behavior\ParseTemplateBehavior [ RunTime:0.000000s ]
INFO: [ view_parse ] --END-- [ RunTime:0.000000s ]
INFO: [ view_filter ] --START--
INFO: Run Behavior\WriteHtmlCacheBehavior [ RunTime:0.000000s ]
INFO: Run Behavior\TokenBuildBehavior [ RunTime:0.000000s ]
INFO: [ view_filter ] --END-- [ RunTime:0.000000s ]
INFO: [ app_end ] --START--
INFO: Run Behavior\ShowPageTraceBehavior [ RunTime:0.000000s ]
INFO: [ app_end ] --END-- [ RunTime:0.000000s ]

[ 2018-12-29T13:23:32+08:00 ] 101.132.69.5 /Mobile/Index/index.html
INFO: [ app_init ] --START--
INFO: Run Behavior\BuildLiteBehavior [ RunTime:0.000000s ]
INFO: [ app_init ] --END-- [ RunTime:0.000000s ]
INFO: [ app_begin ] --START--
INFO: Run Behavior\ReadHtmlCacheBehavior [ RunTime:0.000000s ]
INFO: Run Behavior\CronRunBehavior [ RunTime:0.000000s ]
INFO: [ app_begin ] --END-- [ RunTime:0.000000s ]
SQL: SHOW COLUMNS FROM `web_webconfig` [ RunTime:0.0000s ]
SQL: SELECT * FROM `web_webconfig` WHERE `id` = 1 LIMIT 1   [ RunTime:0.0000s ]
SQL: SHOW COLUMNS FROM `web_links` [ RunTime:0.0156s ]
SQL: SELECT * FROM `web_links`  [ RunTime:0.0000s ]
SQL: SHOW COLUMNS FROM `web_article` [ RunTime:0.0000s ]
SQL: SHOW COLUMNS FROM `web_picture` [ RunTime:0.0000s ]
SQL: SHOW COLUMNS FROM `web_print` [ RunTime:0.0156s ]
SQL: SELECT * FROM `web_picture` WHERE `type` = 1 AND `status` = 1 ORDER BY id desc LIMIT 3   [ RunTime:0.0000s ]
SQL: SELECT * FROM `web_print` ORDER BY id desc LIMIT 4   [ RunTime:0.0000s ]
SQL: SELECT `art_title`,`id`,`art_type`,`art_info`,`art_img` FROM `web_article` WHERE ( art_type=7 ) ORDER BY id desc LIMIT 4   [ RunTime:0.0000s ]
INFO: [ view_parse ] --START--
INFO: [ template_filter ] --START--
INFO: Run Behavior\ContentReplaceBehavior [ RunTime:0.000000s ]
INFO: [ template_filter ] --END-- [ RunTime:0.000000s ]
NOTIC: [8] Use of undefined constant ids - assumed 'ids' E:\project\lfs-master\App\Runtime\Cache\Mobile\eaaa4603e659289cf24a7ed1f615185e.php 第 201 行.
NOTIC: [8] Use of undefined constant ids - assumed 'ids' E:\project\lfs-master\App\Runtime\Cache\Mobile\eaaa4603e659289cf24a7ed1f615185e.php 第 201 行.
NOTIC: [8] Use of undefined constant ids - assumed 'ids' E:\project\lfs-master\App\Runtime\Cache\Mobile\eaaa4603e659289cf24a7ed1f615185e.php 第 201 行.
NOTIC: [8] Use of undefined constant ids - assumed 'ids' E:\project\lfs-master\App\Runtime\Cache\Mobile\eaaa4603e659289cf24a7ed1f615185e.php 第 201 行.
INFO: Run Behavior\ParseTemplateBehavior [ RunTime:0.015625s ]
INFO: [ view_parse ] --END-- [ RunTime:0.015625s ]
INFO: [ view_filter ] --START--
INFO: Run Behavior\WriteHtmlCacheBehavior [ RunTime:0.000000s ]
INFO: Run Behavior\TokenBuildBehavior [ RunTime:0.000000s ]
INFO: [ view_filter ] --END-- [ RunTime:0.000000s ]
INFO: [ app_end ] --START--
INFO: Run Behavior\ShowPageTraceBehavior [ RunTime:0.000000s ]
INFO: [ app_end ] --END-- [ RunTime:0.000000s ]

[ 2018-12-29T13:38:22+08:00 ] 47.98.60.52 /Mobile/Index/index.html
INFO: [ app_init ] --START--
INFO: Run Behavior\BuildLiteBehavior [ RunTime:0.000000s ]
INFO: [ app_init ] --END-- [ RunTime:0.000000s ]
INFO: [ app_begin ] --START--
INFO: Run Behavior\ReadHtmlCacheBehavior [ RunTime:0.000000s ]
INFO: Run Behavior\CronRunBehavior [ RunTime:0.000000s ]
INFO: [ app_begin ] --END-- [ RunTime:0.000000s ]
SQL: SHOW COLUMNS FROM `web_webconfig` [ RunTime:0.0156s ]
SQL: SELECT * FROM `web_webconfig` WHERE `id` = 1 LIMIT 1   [ RunTime:0.0000s ]
SQL: SHOW COLUMNS FROM `web_links` [ RunTime:0.0000s ]
SQL: SELECT * FROM `web_links`  [ RunTime:0.0000s ]
SQL: SHOW COLUMNS FROM `web_article` [ RunTime:0.0000s ]
SQL: SHOW COLUMNS FROM `web_picture` [ RunTime:0.0156s ]
SQL: SHOW COLUMNS FROM `web_print` [ RunTime:0.0000s ]
SQL: SELECT * FROM `web_picture` WHERE `type` = 1 AND `status` = 1 ORDER BY id desc LIMIT 3   [ RunTime:0.0000s ]
SQL: SELECT * FROM `web_print` ORDER BY id desc LIMIT 4   [ RunTime:0.0000s ]
SQL: SELECT `art_title`,`id`,`art_type`,`art_info`,`art_img` FROM `web_article` WHERE ( art_type=7 ) ORDER BY id desc LIMIT 4   [ RunTime:0.0000s ]
INFO: [ view_parse ] --START--
INFO: [ template_filter ] --START--
INFO: Run Behavior\ContentReplaceBehavior [ RunTime:0.000000s ]
INFO: [ template_filter ] --END-- [ RunTime:0.000000s ]
NOTIC: [8] Use of undefined constant ids - assumed 'ids' E:\project\lfs-master\App\Runtime\Cache\Mobile\eaaa4603e659289cf24a7ed1f615185e.php 第 201 行.
NOTIC: [8] Use of undefined constant ids - assumed 'ids' E:\project\lfs-master\App\Runtime\Cache\Mobile\eaaa4603e659289cf24a7ed1f615185e.php 第 201 行.
NOTIC: [8] Use of undefined constant ids - assumed 'ids' E:\project\lfs-master\App\Runtime\Cache\Mobile\eaaa4603e659289cf24a7ed1f615185e.php 第 201 行.
NOTIC: [8] Use of undefined constant ids - assumed 'ids' E:\project\lfs-master\App\Runtime\Cache\Mobile\eaaa4603e659289cf24a7ed1f615185e.php 第 201 行.
INFO: Run Behavior\ParseTemplateBehavior [ RunTime:0.015625s ]
INFO: [ view_parse ] --END-- [ RunTime:0.015625s ]
INFO: [ view_filter ] --START--
INFO: Run Behavior\WriteHtmlCacheBehavior [ RunTime:0.000000s ]
INFO: Run Behavior\TokenBuildBehavior [ RunTime:0.000000s ]
INFO: [ view_filter ] --END-- [ RunTime:0.000000s ]
INFO: [ app_end ] --START--
INFO: Run Behavior\ShowPageTraceBehavior [ RunTime:0.000000s ]
INFO: [ app_end ] --END-- [ RunTime:0.000000s ]

[ 2018-12-29T14:04:19+08:00 ] 101.132.100.6 /Mobile/Index/index.html
INFO: [ app_init ] --START--
INFO: Run Behavior\BuildLiteBehavior [ RunTime:0.000000s ]
INFO: [ app_init ] --END-- [ RunTime:0.000000s ]
INFO: [ app_begin ] --START--
INFO: Run Behavior\ReadHtmlCacheBehavior [ RunTime:0.000000s ]
INFO: Run Behavior\CronRunBehavior [ RunTime:0.000000s ]
INFO: [ app_begin ] --END-- [ RunTime:0.000000s ]
SQL: SHOW COLUMNS FROM `web_webconfig` [ RunTime:0.0000s ]
SQL: SELECT * FROM `web_webconfig` WHERE `id` = 1 LIMIT 1   [ RunTime:0.0000s ]
SQL: SHOW COLUMNS FROM `web_links` [ RunTime:0.0000s ]
SQL: SELECT * FROM `web_links`  [ RunTime:0.0000s ]
SQL: SHOW COLUMNS FROM `web_article` [ RunTime:0.0156s ]
SQL: SHOW COLUMNS FROM `web_picture` [ RunTime:0.0000s ]
SQL: SHOW COLUMNS FROM `web_print` [ RunTime:0.0000s ]
SQL: SELECT * FROM `web_picture` WHERE `type` = 1 AND `status` = 1 ORDER BY id desc LIMIT 3   [ RunTime:0.0000s ]
SQL: SELECT * FROM `web_print` ORDER BY id desc LIMIT 4   [ RunTime:0.0156s ]
SQL: SELECT `art_title`,`id`,`art_type`,`art_info`,`art_img` FROM `web_article` WHERE ( art_type=7 ) ORDER BY id desc LIMIT 4   [ RunTime:0.0000s ]
INFO: [ view_parse ] --START--
INFO: [ template_filter ] --START--
INFO: Run Behavior\ContentReplaceBehavior [ RunTime:0.000000s ]
INFO: [ template_filter ] --END-- [ RunTime:0.000000s ]
NOTIC: [8] Use of undefined constant ids - assumed 'ids' E:\project\lfs-master\App\Runtime\Cache\Mobile\eaaa4603e659289cf24a7ed1f615185e.php 第 201 行.
NOTIC: [8] Use of undefined constant ids - assumed 'ids' E:\project\lfs-master\App\Runtime\Cache\Mobile\eaaa4603e659289cf24a7ed1f615185e.php 第 201 行.
NOTIC: [8] Use of undefined constant ids - assumed 'ids' E:\project\lfs-master\App\Runtime\Cache\Mobile\eaaa4603e659289cf24a7ed1f615185e.php 第 201 行.
NOTIC: [8] Use of undefined constant ids - assumed 'ids' E:\project\lfs-master\App\Runtime\Cache\Mobile\eaaa4603e659289cf24a7ed1f615185e.php 第 201 行.
INFO: Run Behavior\ParseTemplateBehavior [ RunTime:0.015625s ]
INFO: [ view_parse ] --END-- [ RunTime:0.015625s ]
INFO: [ view_filter ] --START--
INFO: Run Behavior\WriteHtmlCacheBehavior [ RunTime:0.000000s ]
INFO: Run Behavior\TokenBuildBehavior [ RunTime:0.000000s ]
INFO: [ view_filter ] --END-- [ RunTime:0.000000s ]
INFO: [ app_end ] --START--
INFO: Run Behavior\ShowPageTraceBehavior [ RunTime:0.000000s ]
INFO: [ app_end ] --END-- [ RunTime:0.000000s ]

[ 2018-12-29T14:23:50+08:00 ] 47.92.105.73 /Mobile/Index/index.html
INFO: [ app_init ] --START--
INFO: Run Behavior\BuildLiteBehavior [ RunTime:0.000000s ]
INFO: [ app_init ] --END-- [ RunTime:0.000000s ]
INFO: [ app_begin ] --START--
INFO: Run Behavior\ReadHtmlCacheBehavior [ RunTime:0.000000s ]
INFO: Run Behavior\CronRunBehavior [ RunTime:0.000000s ]
INFO: [ app_begin ] --END-- [ RunTime:0.000000s ]
SQL: SHOW COLUMNS FROM `web_webconfig` [ RunTime:0.0156s ]
SQL: SELECT * FROM `web_webconfig` WHERE `id` = 1 LIMIT 1   [ RunTime:0.0000s ]
SQL: SHOW COLUMNS FROM `web_links` [ RunTime:0.0000s ]
SQL: SELECT * FROM `web_links`  [ RunTime:0.0000s ]
SQL: SHOW COLUMNS FROM `web_article` [ RunTime:0.0000s ]
SQL: SHOW COLUMNS FROM `web_picture` [ RunTime:0.0156s ]
SQL: SHOW COLUMNS FROM `web_print` [ RunTime:0.0000s ]
SQL: SELECT * FROM `web_picture` WHERE `type` = 1 AND `status` = 1 ORDER BY id desc LIMIT 3   [ RunTime:0.0000s ]
SQL: SELECT * FROM `web_print` ORDER BY id desc LIMIT 4   [ RunTime:0.0156s ]
SQL: SELECT `art_title`,`id`,`art_type`,`art_info`,`art_img` FROM `web_article` WHERE ( art_type=7 ) ORDER BY id desc LIMIT 4   [ RunTime:0.0000s ]
INFO: [ view_parse ] --START--
INFO: [ template_filter ] --START--
INFO: Run Behavior\ContentReplaceBehavior [ RunTime:0.000000s ]
INFO: [ template_filter ] --END-- [ RunTime:0.000000s ]
NOTIC: [8] Use of undefined constant ids - assumed 'ids' E:\project\lfs-master\App\Runtime\Cache\Mobile\eaaa4603e659289cf24a7ed1f615185e.php 第 201 行.
NOTIC: [8] Use of undefined constant ids - assumed 'ids' E:\project\lfs-master\App\Runtime\Cache\Mobile\eaaa4603e659289cf24a7ed1f615185e.php 第 201 行.
NOTIC: [8] Use of undefined constant ids - assumed 'ids' E:\project\lfs-master\App\Runtime\Cache\Mobile\eaaa4603e659289cf24a7ed1f615185e.php 第 201 行.
NOTIC: [8] Use of undefined constant ids - assumed 'ids' E:\project\lfs-master\App\Runtime\Cache\Mobile\eaaa4603e659289cf24a7ed1f615185e.php 第 201 行.
INFO: Run Behavior\ParseTemplateBehavior [ RunTime:0.015625s ]
INFO: [ view_parse ] --END-- [ RunTime:0.015625s ]
INFO: [ view_filter ] --START--
INFO: Run Behavior\WriteHtmlCacheBehavior [ RunTime:0.000000s ]
INFO: Run Behavior\TokenBuildBehavior [ RunTime:0.000000s ]
INFO: [ view_filter ] --END-- [ RunTime:0.000000s ]
INFO: [ app_end ] --START--
INFO: Run Behavior\ShowPageTraceBehavior [ RunTime:0.000000s ]
INFO: [ app_end ] --END-- [ RunTime:0.000000s ]

[ 2018-12-29T14:24:59+08:00 ] 101.132.98.159 /index.php/mobile/article/jieshao/id/4/ids/169.html
INFO: [ app_init ] --START--
INFO: Run Behavior\BuildLiteBehavior [ RunTime:0.000000s ]
INFO: [ app_init ] --END-- [ RunTime:0.000000s ]
INFO: [ app_begin ] --START--
INFO: Run Behavior\ReadHtmlCacheBehavior [ RunTime:0.000000s ]
INFO: Run Behavior\CronRunBehavior [ RunTime:0.015625s ]
INFO: [ app_begin ] --END-- [ RunTime:0.015625s ]
SQL: SHOW COLUMNS FROM `web_webconfig` [ RunTime:0.0000s ]
SQL: SELECT * FROM `web_webconfig` WHERE `id` = 1 LIMIT 1   [ RunTime:0.0000s ]
SQL: SHOW COLUMNS FROM `web_links` [ RunTime:0.0000s ]
SQL: SELECT * FROM `web_links`  [ RunTime:0.0000s ]
SQL: SHOW COLUMNS FROM `web_article` [ RunTime:0.0156s ]
SQL: SELECT `art_title`,`id`,`art_type` FROM `web_article` WHERE ( art_type>=8 and art_type<13 )  [ RunTime:0.0000s ]
SQL: SELECT `art_title`,`id`,`art_type` FROM `web_article` WHERE ( art_type=1 )  [ RunTime:0.0000s ]
SQL: SHOW COLUMNS FROM `web_power` [ RunTime:0.0000s ]
SQL: SELECT p.pid,p.name,a.* FROM web_power as p INNER JOIN web_article as a on p.son_id=a.art_type  WHERE (  pid=86 ) GROUP BY p.name ORDER BY id desc  [ RunTime:0.0156s ]
SQL: SELECT p.pid,p.name,a.* FROM web_power as p INNER JOIN web_article as a on p.son_id=a.art_type  WHERE ( a.art_type=169 ) ORDER BY id desc  [ RunTime:0.0000s ]
SQL: SELECT * FROM `web_article` WHERE `id` = 169 LIMIT 1   [ RunTime:0.0000s ]
INFO: [ view_parse ] --START--
INFO: [ template_filter ] --START--
INFO: Run Behavior\ContentReplaceBehavior [ RunTime:0.000000s ]
INFO: [ template_filter ] --END-- [ RunTime:0.000000s ]
INFO: Run Behavior\ParseTemplateBehavior [ RunTime:0.015625s ]
INFO: [ view_parse ] --END-- [ RunTime:0.015625s ]
INFO: [ view_filter ] --START--
INFO: Run Behavior\WriteHtmlCacheBehavior [ RunTime:0.000000s ]
INFO: Run Behavior\TokenBuildBehavior [ RunTime:0.000000s ]
INFO: [ view_filter ] --END-- [ RunTime:0.000000s ]
INFO: [ app_end ] --START--
INFO: Run Behavior\ShowPageTraceBehavior [ RunTime:0.000000s ]
INFO: [ app_end ] --END-- [ RunTime:0.000000s ]

[ 2018-12-29T14:26:52+08:00 ] 139.224.116.230 /Mobile/Index/index.html
INFO: [ app_init ] --START--
INFO: Run Behavior\BuildLiteBehavior [ RunTime:0.000000s ]
INFO: [ app_init ] --END-- [ RunTime:0.000000s ]
INFO: [ app_begin ] --START--
INFO: Run Behavior\ReadHtmlCacheBehavior [ RunTime:0.000000s ]
INFO: Run Behavior\CronRunBehavior [ RunTime:0.000000s ]
INFO: [ app_begin ] --END-- [ RunTime:0.000000s ]
SQL: SHOW COLUMNS FROM `web_webconfig` [ RunTime:0.0156s ]
SQL: SELECT * FROM `web_webconfig` WHERE `id` = 1 LIMIT 1   [ RunTime:0.0000s ]
SQL: SHOW COLUMNS FROM `web_links` [ RunTime:0.0000s ]
SQL: SELECT * FROM `web_links`  [ RunTime:0.0000s ]
SQL: SHOW COLUMNS FROM `web_article` [ RunTime:0.0000s ]
SQL: SHOW COLUMNS FROM `web_picture` [ RunTime:0.0156s ]
SQL: SHOW COLUMNS FROM `web_print` [ RunTime:0.0000s ]
SQL: SELECT * FROM `web_picture` WHERE `type` = 1 AND `status` = 1 ORDER BY id desc LIMIT 3   [ RunTime:0.0000s ]
SQL: SELECT * FROM `web_print` ORDER BY id desc LIMIT 4   [ RunTime:0.0000s ]
SQL: SELECT `art_title`,`id`,`art_type`,`art_info`,`art_img` FROM `web_article` WHERE ( art_type=7 ) ORDER BY id desc LIMIT 4   [ RunTime:0.0000s ]
INFO: [ view_parse ] --START--
INFO: [ template_filter ] --START--
INFO: Run Behavior\ContentReplaceBehavior [ RunTime:0.000000s ]
INFO: [ template_filter ] --END-- [ RunTime:0.000000s ]
NOTIC: [8] Use of undefined constant ids - assumed 'ids' E:\project\lfs-master\App\Runtime\Cache\Mobile\eaaa4603e659289cf24a7ed1f615185e.php 第 201 行.
NOTIC: [8] Use of undefined constant ids - assumed 'ids' E:\project\lfs-master\App\Runtime\Cache\Mobile\eaaa4603e659289cf24a7ed1f615185e.php 第 201 行.
NOTIC: [8] Use of undefined constant ids - assumed 'ids' E:\project\lfs-master\App\Runtime\Cache\Mobile\eaaa4603e659289cf24a7ed1f615185e.php 第 201 行.
NOTIC: [8] Use of undefined constant ids - assumed 'ids' E:\project\lfs-master\App\Runtime\Cache\Mobile\eaaa4603e659289cf24a7ed1f615185e.php 第 201 行.
INFO: Run Behavior\ParseTemplateBehavior [ RunTime:0.015625s ]
INFO: [ view_parse ] --END-- [ RunTime:0.015625s ]
INFO: [ view_filter ] --START--
INFO: Run Behavior\WriteHtmlCacheBehavior [ RunTime:0.000000s ]
INFO: Run Behavior\TokenBuildBehavior [ RunTime:0.000000s ]
INFO: [ view_filter ] --END-- [ RunTime:0.000000s ]
INFO: [ app_end ] --START--
INFO: Run Behavior\ShowPageTraceBehavior [ RunTime:0.000000s ]
INFO: [ app_end ] --END-- [ RunTime:0.000000s ]

[ 2018-12-29T14:30:16+08:00 ] 42.236.99.154 /Mobile/Index/index.html
INFO: [ app_init ] --START--
INFO: Run Behavior\BuildLiteBehavior [ RunTime:0.000000s ]
INFO: [ app_init ] --END-- [ RunTime:0.015625s ]
INFO: [ app_begin ] --START--
INFO: Run Behavior\ReadHtmlCacheBehavior [ RunTime:0.000000s ]
INFO: Run Behavior\CronRunBehavior [ RunTime:0.000000s ]
INFO: [ app_begin ] --END-- [ RunTime:0.000000s ]
SQL: SHOW COLUMNS FROM `web_webconfig` [ RunTime:0.0156s ]
SQL: SELECT * FROM `web_webconfig` WHERE `id` = 1 LIMIT 1   [ RunTime:0.0000s ]
SQL: SHOW COLUMNS FROM `web_links` [ RunTime:0.0000s ]
SQL: SELECT * FROM `web_links`  [ RunTime:0.0000s ]
SQL: SHOW COLUMNS FROM `web_article` [ RunTime:0.0000s ]
SQL: SHOW COLUMNS FROM `web_picture` [ RunTime:0.0156s ]
SQL: SHOW COLUMNS FROM `web_print` [ RunTime:0.0000s ]
SQL: SELECT * FROM `web_picture` WHERE `type` = 1 AND `status` = 1 ORDER BY id desc LIMIT 3   [ RunTime:0.0000s ]
SQL: SELECT * FROM `web_print` ORDER BY id desc LIMIT 4   [ RunTime:0.0000s ]
SQL: SELECT `art_title`,`id`,`art_type`,`art_info`,`art_img` FROM `web_article` WHERE ( art_type=7 ) ORDER BY id desc LIMIT 4   [ RunTime:0.0000s ]
INFO: [ view_parse ] --START--
INFO: [ template_filter ] --START--
INFO: Run Behavior\ContentReplaceBehavior [ RunTime:0.000000s ]
INFO: [ template_filter ] --END-- [ RunTime:0.000000s ]
NOTIC: [8] Use of undefined constant ids - assumed 'ids' E:\project\lfs-master\App\Runtime\Cache\Mobile\eaaa4603e659289cf24a7ed1f615185e.php 第 201 行.
NOTIC: [8] Use of undefined constant ids - assumed 'ids' E:\project\lfs-master\App\Runtime\Cache\Mobile\eaaa4603e659289cf24a7ed1f615185e.php 第 201 行.
NOTIC: [8] Use of undefined constant ids - assumed 'ids' E:\project\lfs-master\App\Runtime\Cache\Mobile\eaaa4603e659289cf24a7ed1f615185e.php 第 201 行.
NOTIC: [8] Use of undefined constant ids - assumed 'ids' E:\project\lfs-master\App\Runtime\Cache\Mobile\eaaa4603e659289cf24a7ed1f615185e.php 第 201 行.
INFO: Run Behavior\ParseTemplateBehavior [ RunTime:0.015625s ]
INFO: [ view_parse ] --END-- [ RunTime:0.015625s ]
INFO: [ view_filter ] --START--
INFO: Run Behavior\WriteHtmlCacheBehavior [ RunTime:0.000000s ]
INFO: Run Behavior\TokenBuildBehavior [ RunTime:0.000000s ]
INFO: [ view_filter ] --END-- [ RunTime:0.000000s ]
INFO: [ app_end ] --START--
INFO: Run Behavior\ShowPageTraceBehavior [ RunTime:0.000000s ]
INFO: [ app_end ] --END-- [ RunTime:0.000000s ]

[ 2018-12-29T14:42:49+08:00 ] 47.92.5.11 /index.php/mobile/article/jieshao/id/4/ids/157.html
INFO: [ app_init ] --START--
INFO: Run Behavior\BuildLiteBehavior [ RunTime:0.000000s ]
INFO: [ app_init ] --END-- [ RunTime:0.015625s ]
INFO: [ app_begin ] --START--
INFO: Run Behavior\ReadHtmlCacheBehavior [ RunTime:0.000000s ]
INFO: Run Behavior\CronRunBehavior [ RunTime:0.000000s ]
INFO: [ app_begin ] --END-- [ RunTime:0.000000s ]
SQL: SHOW COLUMNS FROM `web_webconfig` [ RunTime:0.0000s ]
SQL: SELECT * FROM `web_webconfig` WHERE `id` = 1 LIMIT 1   [ RunTime:0.0000s ]
SQL: SHOW COLUMNS FROM `web_links` [ RunTime:0.0000s ]
SQL: SELECT * FROM `web_links`  [ RunTime:0.0000s ]
SQL: SHOW COLUMNS FROM `web_article` [ RunTime:0.0156s ]
SQL: SELECT `art_title`,`id`,`art_type` FROM `web_article` WHERE ( art_type>=8 and art_type<13 )  [ RunTime:0.0000s ]
SQL: SELECT `art_title`,`id`,`art_type` FROM `web_article` WHERE ( art_type=1 )  [ RunTime:0.0000s ]
SQL: SHOW COLUMNS FROM `web_power` [ RunTime:0.0000s ]
SQL: SELECT p.pid,p.name,a.* FROM web_power as p INNER JOIN web_article as a on p.son_id=a.art_type  WHERE (  pid=86 ) GROUP BY p.name ORDER BY id desc  [ RunTime:0.0156s ]
SQL: SELECT p.pid,p.name,a.* FROM web_power as p INNER JOIN web_article as a on p.son_id=a.art_type  WHERE ( a.art_type=157 ) ORDER BY id desc  [ RunTime:0.0000s ]
SQL: SELECT * FROM `web_article` WHERE `id` = 157 LIMIT 1   [ RunTime:0.0000s ]
INFO: [ view_parse ] --START--
INFO: [ template_filter ] --START--
INFO: Run Behavior\ContentReplaceBehavior [ RunTime:0.000000s ]
INFO: [ template_filter ] --END-- [ RunTime:0.000000s ]
INFO: Run Behavior\ParseTemplateBehavior [ RunTime:0.015625s ]
INFO: [ view_parse ] --END-- [ RunTime:0.015625s ]
INFO: [ view_filter ] --START--
INFO: Run Behavior\WriteHtmlCacheBehavior [ RunTime:0.000000s ]
INFO: Run Behavior\TokenBuildBehavior [ RunTime:0.000000s ]
INFO: [ view_filter ] --END-- [ RunTime:0.000000s ]
INFO: [ app_end ] --START--
INFO: Run Behavior\ShowPageTraceBehavior [ RunTime:0.000000s ]
INFO: [ app_end ] --END-- [ RunTime:0.000000s ]

[ 2018-12-29T15:45:26+08:00 ] 139.224.116.230 /Mobile/Index/index.html
INFO: [ app_init ] --START--
INFO: Run Behavior\BuildLiteBehavior [ RunTime:0.000000s ]
INFO: [ app_init ] --END-- [ RunTime:0.000000s ]
INFO: [ app_begin ] --START--
INFO: Run Behavior\ReadHtmlCacheBehavior [ RunTime:0.000000s ]
INFO: Run Behavior\CronRunBehavior [ RunTime:0.000000s ]
INFO: [ app_begin ] --END-- [ RunTime:0.000000s ]
SQL: SHOW COLUMNS FROM `web_webconfig` [ RunTime:0.0156s ]
SQL: SELECT * FROM `web_webconfig` WHERE `id` = 1 LIMIT 1   [ RunTime:0.0000s ]
SQL: SHOW COLUMNS FROM `web_links` [ RunTime:0.0000s ]
SQL: SELECT * FROM `web_links`  [ RunTime:0.0000s ]
SQL: SHOW COLUMNS FROM `web_article` [ RunTime:0.0000s ]
SQL: SHOW COLUMNS FROM `web_picture` [ RunTime:0.0156s ]
SQL: SHOW COLUMNS FROM `web_print` [ RunTime:0.0000s ]
SQL: SELECT * FROM `web_picture` WHERE `type` = 1 AND `status` = 1 ORDER BY id desc LIMIT 3   [ RunTime:0.0000s ]
SQL: SELECT * FROM `web_print` ORDER BY id desc LIMIT 4   [ RunTime:0.0000s ]
SQL: SELECT `art_title`,`id`,`art_type`,`art_info`,`art_img` FROM `web_article` WHERE ( art_type=7 ) ORDER BY id desc LIMIT 4   [ RunTime:0.0000s ]
INFO: [ view_parse ] --START--
INFO: [ template_filter ] --START--
INFO: Run Behavior\ContentReplaceBehavior [ RunTime:0.000000s ]
INFO: [ template_filter ] --END-- [ RunTime:0.000000s ]
NOTIC: [8] Use of undefined constant ids - assumed 'ids' E:\project\lfs-master\App\Runtime\Cache\Mobile\eaaa4603e659289cf24a7ed1f615185e.php 第 201 行.
NOTIC: [8] Use of undefined constant ids - assumed 'ids' E:\project\lfs-master\App\Runtime\Cache\Mobile\eaaa4603e659289cf24a7ed1f615185e.php 第 201 行.
NOTIC: [8] Use of undefined constant ids - assumed 'ids' E:\project\lfs-master\App\Runtime\Cache\Mobile\eaaa4603e659289cf24a7ed1f615185e.php 第 201 行.
NOTIC: [8] Use of undefined constant ids - assumed 'ids' E:\project\lfs-master\App\Runtime\Cache\Mobile\eaaa4603e659289cf24a7ed1f615185e.php 第 201 行.
INFO: Run Behavior\ParseTemplateBehavior [ RunTime:0.015625s ]
INFO: [ view_parse ] --END-- [ RunTime:0.015625s ]
INFO: [ view_filter ] --START--
INFO: Run Behavior\WriteHtmlCacheBehavior [ RunTime:0.000000s ]
INFO: Run Behavior\TokenBuildBehavior [ RunTime:0.000000s ]
INFO: [ view_filter ] --END-- [ RunTime:0.000000s ]
INFO: [ app_end ] --START--
INFO: Run Behavior\ShowPageTraceBehavior [ RunTime:0.000000s ]
INFO: [ app_end ] --END-- [ RunTime:0.000000s ]

[ 2018-12-29T16:30:29+08:00 ] 106.14.204.78 /Mobile/Index/index.html
INFO: [ app_init ] --START--
INFO: Run Behavior\BuildLiteBehavior [ RunTime:0.000000s ]
INFO: [ app_init ] --END-- [ RunTime:0.000000s ]
INFO: [ app_begin ] --START--
INFO: Run Behavior\ReadHtmlCacheBehavior [ RunTime:0.000000s ]
INFO: Run Behavior\CronRunBehavior [ RunTime:0.015625s ]
INFO: [ app_begin ] --END-- [ RunTime:0.015625s ]
SQL: SHOW COLUMNS FROM `web_webconfig` [ RunTime:0.0000s ]
SQL: SELECT * FROM `web_webconfig` WHERE `id` = 1 LIMIT 1   [ RunTime:0.0000s ]
SQL: SHOW COLUMNS FROM `web_links` [ RunTime:0.0000s ]
SQL: SELECT * FROM `web_links`  [ RunTime:0.0000s ]
SQL: SHOW COLUMNS FROM `web_article` [ RunTime:0.0156s ]
SQL: SHOW COLUMNS FROM `web_picture` [ RunTime:0.0000s ]
SQL: SHOW COLUMNS FROM `web_print` [ RunTime:0.0156s ]
SQL: SELECT * FROM `web_picture` WHERE `type` = 1 AND `status` = 1 ORDER BY id desc LIMIT 3   [ RunTime:0.0000s ]
SQL: SELECT * FROM `web_print` ORDER BY id desc LIMIT 4   [ RunTime:0.0000s ]
SQL: SELECT `art_title`,`id`,`art_type`,`art_info`,`art_img` FROM `web_article` WHERE ( art_type=7 ) ORDER BY id desc LIMIT 4   [ RunTime:0.0000s ]
INFO: [ view_parse ] --START--
INFO: [ template_filter ] --START--
INFO: Run Behavior\ContentReplaceBehavior [ RunTime:0.000000s ]
INFO: [ template_filter ] --END-- [ RunTime:0.000000s ]
NOTIC: [8] Use of undefined constant ids - assumed 'ids' E:\project\lfs-master\App\Runtime\Cache\Mobile\eaaa4603e659289cf24a7ed1f615185e.php 第 201 行.
NOTIC: [8] Use of undefined constant ids - assumed 'ids' E:\project\lfs-master\App\Runtime\Cache\Mobile\eaaa4603e659289cf24a7ed1f615185e.php 第 201 行.
NOTIC: [8] Use of undefined constant ids - assumed 'ids' E:\project\lfs-master\App\Runtime\Cache\Mobile\eaaa4603e659289cf24a7ed1f615185e.php 第 201 行.
NOTIC: [8] Use of undefined constant ids - assumed 'ids' E:\project\lfs-master\App\Runtime\Cache\Mobile\eaaa4603e659289cf24a7ed1f615185e.php 第 201 行.
INFO: Run Behavior\ParseTemplateBehavior [ RunTime:0.015625s ]
INFO: [ view_parse ] --END-- [ RunTime:0.015625s ]
INFO: [ view_filter ] --START--
INFO: Run Behavior\WriteHtmlCacheBehavior [ RunTime:0.000000s ]
INFO: Run Behavior\TokenBuildBehavior [ RunTime:0.000000s ]
INFO: [ view_filter ] --END-- [ RunTime:0.000000s ]
INFO: [ app_end ] --START--
INFO: Run Behavior\ShowPageTraceBehavior [ RunTime:0.000000s ]
INFO: [ app_end ] --END-- [ RunTime:0.000000s ]

[ 2018-12-29T16:32:51+08:00 ] 101.132.102.45 /Mobile/Index/index.html
INFO: [ app_init ] --START--
INFO: Run Behavior\BuildLiteBehavior [ RunTime:0.000000s ]
INFO: [ app_init ] --END-- [ RunTime:0.000000s ]
INFO: [ app_begin ] --START--
INFO: Run Behavior\ReadHtmlCacheBehavior [ RunTime:0.000000s ]
INFO: Run Behavior\CronRunBehavior [ RunTime:0.000000s ]
INFO: [ app_begin ] --END-- [ RunTime:0.000000s ]
SQL: SHOW COLUMNS FROM `web_webconfig` [ RunTime:0.0000s ]
SQL: SELECT * FROM `web_webconfig` WHERE `id` = 1 LIMIT 1   [ RunTime:0.0000s ]
SQL: SHOW COLUMNS FROM `web_links` [ RunTime:0.0000s ]
SQL: SELECT * FROM `web_links`  [ RunTime:0.0000s ]
SQL: SHOW COLUMNS FROM `web_article` [ RunTime:0.0000s ]
SQL: SHOW COLUMNS FROM `web_picture` [ RunTime:0.0000s ]
SQL: SHOW COLUMNS FROM `web_print` [ RunTime:0.0000s ]
SQL: SELECT * FROM `web_picture` WHERE `type` = 1 AND `status` = 1 ORDER BY id desc LIMIT 3   [ RunTime:0.0000s ]
SQL: SELECT * FROM `web_print` ORDER BY id desc LIMIT 4   [ RunTime:0.0000s ]
SQL: SELECT `art_title`,`id`,`art_type`,`art_info`,`art_img` FROM `web_article` WHERE ( art_type=7 ) ORDER BY id desc LIMIT 4   [ RunTime:0.0000s ]
INFO: [ view_parse ] --START--
INFO: [ template_filter ] --START--
INFO: Run Behavior\ContentReplaceBehavior [ RunTime:0.000000s ]
INFO: [ template_filter ] --END-- [ RunTime:0.000000s ]
NOTIC: [8] Use of undefined constant ids - assumed 'ids' E:\project\lfs-master\App\Runtime\Cache\Mobile\eaaa4603e659289cf24a7ed1f615185e.php 第 201 行.
NOTIC: [8] Use of undefined constant ids - assumed 'ids' E:\project\lfs-master\App\Runtime\Cache\Mobile\eaaa4603e659289cf24a7ed1f615185e.php 第 201 行.
NOTIC: [8] Use of undefined constant ids - assumed 'ids' E:\project\lfs-master\App\Runtime\Cache\Mobile\eaaa4603e659289cf24a7ed1f615185e.php 第 201 行.
NOTIC: [8] Use of undefined constant ids - assumed 'ids' E:\project\lfs-master\App\Runtime\Cache\Mobile\eaaa4603e659289cf24a7ed1f615185e.php 第 201 行.
INFO: Run Behavior\ParseTemplateBehavior [ RunTime:0.015625s ]
INFO: [ view_parse ] --END-- [ RunTime:0.015625s ]
INFO: [ view_filter ] --START--
INFO: Run Behavior\WriteHtmlCacheBehavior [ RunTime:0.000000s ]
INFO: Run Behavior\TokenBuildBehavior [ RunTime:0.000000s ]
INFO: [ view_filter ] --END-- [ RunTime:0.000000s ]
INFO: [ app_end ] --START--
INFO: Run Behavior\ShowPageTraceBehavior [ RunTime:0.000000s ]
INFO: [ app_end ] --END-- [ RunTime:0.000000s ]

[ 2018-12-29T16:49:17+08:00 ] 106.15.201.111 /Mobile/Index/index.html
INFO: [ app_init ] --START--
INFO: Run Behavior\BuildLiteBehavior [ RunTime:0.000000s ]
INFO: [ app_init ] --END-- [ RunTime:0.000000s ]
INFO: [ app_begin ] --START--
INFO: Run Behavior\ReadHtmlCacheBehavior [ RunTime:0.015625s ]
INFO: Run Behavior\CronRunBehavior [ RunTime:0.000000s ]
INFO: [ app_begin ] --END-- [ RunTime:0.015625s ]
SQL: SHOW COLUMNS FROM `web_webconfig` [ RunTime:0.0156s ]
SQL: SELECT * FROM `web_webconfig` WHERE `id` = 1 LIMIT 1   [ RunTime:0.0000s ]
SQL: SHOW COLUMNS FROM `web_links` [ RunTime:0.0000s ]
SQL: SELECT * FROM `web_links`  [ RunTime:0.0000s ]
SQL: SHOW COLUMNS FROM `web_article` [ RunTime:0.0000s ]
SQL: SHOW COLUMNS FROM `web_picture` [ RunTime:0.0156s ]
SQL: SHOW COLUMNS FROM `web_print` [ RunTime:0.0000s ]
SQL: SELECT * FROM `web_picture` WHERE `type` = 1 AND `status` = 1 ORDER BY id desc LIMIT 3   [ RunTime:0.0000s ]
SQL: SELECT * FROM `web_print` ORDER BY id desc LIMIT 4   [ RunTime:0.0000s ]
SQL: SELECT `art_title`,`id`,`art_type`,`art_info`,`art_img` FROM `web_article` WHERE ( art_type=7 ) ORDER BY id desc LIMIT 4   [ RunTime:0.0000s ]
INFO: [ view_parse ] --START--
INFO: [ template_filter ] --START--
INFO: Run Behavior\ContentReplaceBehavior [ RunTime:0.000000s ]
INFO: [ template_filter ] --END-- [ RunTime:0.000000s ]
NOTIC: [8] Use of undefined constant ids - assumed 'ids' E:\project\lfs-master\App\Runtime\Cache\Mobile\eaaa4603e659289cf24a7ed1f615185e.php 第 201 行.
NOTIC: [8] Use of undefined constant ids - assumed 'ids' E:\project\lfs-master\App\Runtime\Cache\Mobile\eaaa4603e659289cf24a7ed1f615185e.php 第 201 行.
NOTIC: [8] Use of undefined constant ids - assumed 'ids' E:\project\lfs-master\App\Runtime\Cache\Mobile\eaaa4603e659289cf24a7ed1f615185e.php 第 201 行.
NOTIC: [8] Use of undefined constant ids - assumed 'ids' E:\project\lfs-master\App\Runtime\Cache\Mobile\eaaa4603e659289cf24a7ed1f615185e.php 第 201 行.
INFO: Run Behavior\ParseTemplateBehavior [ RunTime:0.015625s ]
INFO: [ view_parse ] --END-- [ RunTime:0.015625s ]
INFO: [ view_filter ] --START--
INFO: Run Behavior\WriteHtmlCacheBehavior [ RunTime:0.000000s ]
INFO: Run Behavior\TokenBuildBehavior [ RunTime:0.000000s ]
INFO: [ view_filter ] --END-- [ RunTime:0.000000s ]
INFO: [ app_end ] --START--
INFO: Run Behavior\ShowPageTraceBehavior [ RunTime:0.000000s ]
INFO: [ app_end ] --END-- [ RunTime:0.000000s ]

[ 2018-12-29T16:52:17+08:00 ] 101.132.106.40 /Mobile/Index/index.html
INFO: [ app_init ] --START--
INFO: Run Behavior\BuildLiteBehavior [ RunTime:0.000000s ]
INFO: [ app_init ] --END-- [ RunTime:0.000000s ]
INFO: [ app_begin ] --START--
INFO: Run Behavior\ReadHtmlCacheBehavior [ RunTime:0.000000s ]
INFO: Run Behavior\CronRunBehavior [ RunTime:0.000000s ]
INFO: [ app_begin ] --END-- [ RunTime:0.000000s ]
SQL: SHOW COLUMNS FROM `web_webconfig` [ RunTime:0.0156s ]
SQL: SELECT * FROM `web_webconfig` WHERE `id` = 1 LIMIT 1   [ RunTime:0.0000s ]
SQL: SHOW COLUMNS FROM `web_links` [ RunTime:0.0000s ]
SQL: SELECT * FROM `web_links`  [ RunTime:0.0000s ]
SQL: SHOW COLUMNS FROM `web_article` [ RunTime:0.0000s ]
SQL: SHOW COLUMNS FROM `web_picture` [ RunTime:0.0156s ]
SQL: SHOW COLUMNS FROM `web_print` [ RunTime:0.0000s ]
SQL: SELECT * FROM `web_picture` WHERE `type` = 1 AND `status` = 1 ORDER BY id desc LIMIT 3   [ RunTime:0.0000s ]
SQL: SELECT * FROM `web_print` ORDER BY id desc LIMIT 4   [ RunTime:0.0000s ]
SQL: SELECT `art_title`,`id`,`art_type`,`art_info`,`art_img` FROM `web_article` WHERE ( art_type=7 ) ORDER BY id desc LIMIT 4   [ RunTime:0.0000s ]
INFO: [ view_parse ] --START--
INFO: [ template_filter ] --START--
INFO: Run Behavior\ContentReplaceBehavior [ RunTime:0.000000s ]
INFO: [ template_filter ] --END-- [ RunTime:0.000000s ]
NOTIC: [8] Use of undefined constant ids - assumed 'ids' E:\project\lfs-master\App\Runtime\Cache\Mobile\eaaa4603e659289cf24a7ed1f615185e.php 第 201 行.
NOTIC: [8] Use of undefined constant ids - assumed 'ids' E:\project\lfs-master\App\Runtime\Cache\Mobile\eaaa4603e659289cf24a7ed1f615185e.php 第 201 行.
NOTIC: [8] Use of undefined constant ids - assumed 'ids' E:\project\lfs-master\App\Runtime\Cache\Mobile\eaaa4603e659289cf24a7ed1f615185e.php 第 201 行.
NOTIC: [8] Use of undefined constant ids - assumed 'ids' E:\project\lfs-master\App\Runtime\Cache\Mobile\eaaa4603e659289cf24a7ed1f615185e.php 第 201 行.
INFO: Run Behavior\ParseTemplateBehavior [ RunTime:0.015625s ]
INFO: [ view_parse ] --END-- [ RunTime:0.015625s ]
INFO: [ view_filter ] --START--
INFO: Run Behavior\WriteHtmlCacheBehavior [ RunTime:0.000000s ]
INFO: Run Behavior\TokenBuildBehavior [ RunTime:0.000000s ]
INFO: [ view_filter ] --END-- [ RunTime:0.000000s ]
INFO: [ app_end ] --START--
INFO: Run Behavior\ShowPageTraceBehavior [ RunTime:0.000000s ]
INFO: [ app_end ] --END-- [ RunTime:0.000000s ]

[ 2018-12-29T17:43:57+08:00 ] 106.15.201.111 /Mobile/Index/index.html
INFO: [ app_init ] --START--
INFO: Run Behavior\BuildLiteBehavior [ RunTime:0.000000s ]
INFO: [ app_init ] --END-- [ RunTime:0.000000s ]
INFO: [ app_begin ] --START--
INFO: Run Behavior\ReadHtmlCacheBehavior [ RunTime:0.000000s ]
INFO: Run Behavior\CronRunBehavior [ RunTime:0.000000s ]
INFO: [ app_begin ] --END-- [ RunTime:0.000000s ]
SQL: SHOW COLUMNS FROM `web_webconfig` [ RunTime:0.0156s ]
SQL: SELECT * FROM `web_webconfig` WHERE `id` = 1 LIMIT 1   [ RunTime:0.0000s ]
SQL: SHOW COLUMNS FROM `web_links` [ RunTime:0.0000s ]
SQL: SELECT * FROM `web_links`  [ RunTime:0.0000s ]
SQL: SHOW COLUMNS FROM `web_article` [ RunTime:0.0000s ]
SQL: SHOW COLUMNS FROM `web_picture` [ RunTime:0.0156s ]
SQL: SHOW COLUMNS FROM `web_print` [ RunTime:0.0000s ]
SQL: SELECT * FROM `web_picture` WHERE `type` = 1 AND `status` = 1 ORDER BY id desc LIMIT 3   [ RunTime:0.0000s ]
SQL: SELECT * FROM `web_print` ORDER BY id desc LIMIT 4   [ RunTime:0.0000s ]
SQL: SELECT `art_title`,`id`,`art_type`,`art_info`,`art_img` FROM `web_article` WHERE ( art_type=7 ) ORDER BY id desc LIMIT 4   [ RunTime:0.0000s ]
INFO: [ view_parse ] --START--
INFO: [ template_filter ] --START--
INFO: Run Behavior\ContentReplaceBehavior [ RunTime:0.000000s ]
INFO: [ template_filter ] --END-- [ RunTime:0.000000s ]
NOTIC: [8] Use of undefined constant ids - assumed 'ids' E:\project\lfs-master\App\Runtime\Cache\Mobile\eaaa4603e659289cf24a7ed1f615185e.php 第 201 行.
NOTIC: [8] Use of undefined constant ids - assumed 'ids' E:\project\lfs-master\App\Runtime\Cache\Mobile\eaaa4603e659289cf24a7ed1f615185e.php 第 201 行.
NOTIC: [8] Use of undefined constant ids - assumed 'ids' E:\project\lfs-master\App\Runtime\Cache\Mobile\eaaa4603e659289cf24a7ed1f615185e.php 第 201 行.
NOTIC: [8] Use of undefined constant ids - assumed 'ids' E:\project\lfs-master\App\Runtime\Cache\Mobile\eaaa4603e659289cf24a7ed1f615185e.php 第 201 行.
INFO: Run Behavior\ParseTemplateBehavior [ RunTime:0.015625s ]
INFO: [ view_parse ] --END-- [ RunTime:0.015625s ]
INFO: [ view_filter ] --START--
INFO: Run Behavior\WriteHtmlCacheBehavior [ RunTime:0.000000s ]
INFO: Run Behavior\TokenBuildBehavior [ RunTime:0.000000s ]
INFO: [ view_filter ] --END-- [ RunTime:0.000000s ]
INFO: [ app_end ] --START--
INFO: Run Behavior\ShowPageTraceBehavior [ RunTime:0.000000s ]
INFO: [ app_end ] --END-- [ RunTime:0.000000s ]

[ 2018-12-29T18:28:52+08:00 ] 101.132.144.145 /Mobile/Index/index.html
INFO: [ app_init ] --START--
INFO: Run Behavior\BuildLiteBehavior [ RunTime:0.000000s ]
INFO: [ app_init ] --END-- [ RunTime:0.015625s ]
INFO: [ app_begin ] --START--
INFO: Run Behavior\ReadHtmlCacheBehavior [ RunTime:0.000000s ]
INFO: Run Behavior\CronRunBehavior [ RunTime:0.000000s ]
INFO: [ app_begin ] --END-- [ RunTime:0.000000s ]
SQL: SHOW COLUMNS FROM `web_webconfig` [ RunTime:0.0000s ]
SQL: SELECT * FROM `web_webconfig` WHERE `id` = 1 LIMIT 1   [ RunTime:0.0000s ]
SQL: SHOW COLUMNS FROM `web_links` [ RunTime:0.0000s ]
SQL: SELECT * FROM `web_links`  [ RunTime:0.0000s ]
SQL: SHOW COLUMNS FROM `web_article` [ RunTime:0.0156s ]
SQL: SHOW COLUMNS FROM `web_picture` [ RunTime:0.0000s ]
SQL: SHOW COLUMNS FROM `web_print` [ RunTime:0.0000s ]
SQL: SELECT * FROM `web_picture` WHERE `type` = 1 AND `status` = 1 ORDER BY id desc LIMIT 3   [ RunTime:0.0000s ]
SQL: SELECT * FROM `web_print` ORDER BY id desc LIMIT 4   [ RunTime:0.0156s ]
SQL: SELECT `art_title`,`id`,`art_type`,`art_info`,`art_img` FROM `web_article` WHERE ( art_type=7 ) ORDER BY id desc LIMIT 4   [ RunTime:0.0000s ]
INFO: [ view_parse ] --START--
INFO: [ template_filter ] --START--
INFO: Run Behavior\ContentReplaceBehavior [ RunTime:0.000000s ]
INFO: [ template_filter ] --END-- [ RunTime:0.000000s ]
NOTIC: [8] Use of undefined constant ids - assumed 'ids' E:\project\lfs-master\App\Runtime\Cache\Mobile\eaaa4603e659289cf24a7ed1f615185e.php 第 201 行.
NOTIC: [8] Use of undefined constant ids - assumed 'ids' E:\project\lfs-master\App\Runtime\Cache\Mobile\eaaa4603e659289cf24a7ed1f615185e.php 第 201 行.
NOTIC: [8] Use of undefined constant ids - assumed 'ids' E:\project\lfs-master\App\Runtime\Cache\Mobile\eaaa4603e659289cf24a7ed1f615185e.php 第 201 行.
NOTIC: [8] Use of undefined constant ids - assumed 'ids' E:\project\lfs-master\App\Runtime\Cache\Mobile\eaaa4603e659289cf24a7ed1f615185e.php 第 201 行.
INFO: Run Behavior\ParseTemplateBehavior [ RunTime:0.015625s ]
INFO: [ view_parse ] --END-- [ RunTime:0.015625s ]
INFO: [ view_filter ] --START--
INFO: Run Behavior\WriteHtmlCacheBehavior [ RunTime:0.000000s ]
INFO: Run Behavior\TokenBuildBehavior [ RunTime:0.000000s ]
INFO: [ view_filter ] --END-- [ RunTime:0.000000s ]
INFO: [ app_end ] --START--
INFO: Run Behavior\ShowPageTraceBehavior [ RunTime:0.000000s ]
INFO: [ app_end ] --END-- [ RunTime:0.000000s ]

[ 2018-12-29T18:31:21+08:00 ] 47.92.50.96 /Mobile/Index/index.html
INFO: [ app_init ] --START--
INFO: Run Behavior\BuildLiteBehavior [ RunTime:0.000000s ]
INFO: [ app_init ] --END-- [ RunTime:0.000000s ]
INFO: [ app_begin ] --START--
INFO: Run Behavior\ReadHtmlCacheBehavior [ RunTime:0.000000s ]
INFO: Run Behavior\CronRunBehavior [ RunTime:0.000000s ]
INFO: [ app_begin ] --END-- [ RunTime:0.000000s ]
SQL: SHOW COLUMNS FROM `web_webconfig` [ RunTime:0.0156s ]
SQL: SELECT * FROM `web_webconfig` WHERE `id` = 1 LIMIT 1   [ RunTime:0.0000s ]
SQL: SHOW COLUMNS FROM `web_links` [ RunTime:0.0000s ]
SQL: SELECT * FROM `web_links`  [ RunTime:0.0000s ]
SQL: SHOW COLUMNS FROM `web_article` [ RunTime:0.0000s ]
SQL: SHOW COLUMNS FROM `web_picture` [ RunTime:0.0000s ]
SQL: SHOW COLUMNS FROM `web_print` [ RunTime:0.0000s ]
SQL: SELECT * FROM `web_picture` WHERE `type` = 1 AND `status` = 1 ORDER BY id desc LIMIT 3   [ RunTime:0.0000s ]
SQL: SELECT * FROM `web_print` ORDER BY id desc LIMIT 4   [ RunTime:0.0000s ]
SQL: SELECT `art_title`,`id`,`art_type`,`art_info`,`art_img` FROM `web_article` WHERE ( art_type=7 ) ORDER BY id desc LIMIT 4   [ RunTime:0.0000s ]
INFO: [ view_parse ] --START--
INFO: [ template_filter ] --START--
INFO: Run Behavior\ContentReplaceBehavior [ RunTime:0.000000s ]
INFO: [ template_filter ] --END-- [ RunTime:0.000000s ]
NOTIC: [8] Use of undefined constant ids - assumed 'ids' E:\project\lfs-master\App\Runtime\Cache\Mobile\eaaa4603e659289cf24a7ed1f615185e.php 第 201 行.
NOTIC: [8] Use of undefined constant ids - assumed 'ids' E:\project\lfs-master\App\Runtime\Cache\Mobile\eaaa4603e659289cf24a7ed1f615185e.php 第 201 行.
NOTIC: [8] Use of undefined constant ids - assumed 'ids' E:\project\lfs-master\App\Runtime\Cache\Mobile\eaaa4603e659289cf24a7ed1f615185e.php 第 201 行.
NOTIC: [8] Use of undefined constant ids - assumed 'ids' E:\project\lfs-master\App\Runtime\Cache\Mobile\eaaa4603e659289cf24a7ed1f615185e.php 第 201 行.
INFO: Run Behavior\ParseTemplateBehavior [ RunTime:0.015625s ]
INFO: [ view_parse ] --END-- [ RunTime:0.015625s ]
INFO: [ view_filter ] --START--
INFO: Run Behavior\WriteHtmlCacheBehavior [ RunTime:0.000000s ]
INFO: Run Behavior\TokenBuildBehavior [ RunTime:0.000000s ]
INFO: [ view_filter ] --END-- [ RunTime:0.000000s ]
INFO: [ app_end ] --START--
INFO: Run Behavior\ShowPageTraceBehavior [ RunTime:0.000000s ]
INFO: [ app_end ] --END-- [ RunTime:0.000000s ]

[ 2018-12-29T19:20:38+08:00 ] 59.45.67.163 /Mobile/Index/index.html
INFO: [ app_init ] --START--
INFO: Run Behavior\BuildLiteBehavior [ RunTime:0.000000s ]
INFO: [ app_init ] --END-- [ RunTime:0.000000s ]
INFO: [ app_begin ] --START--
INFO: Run Behavior\ReadHtmlCacheBehavior [ RunTime:0.000000s ]
INFO: Run Behavior\CronRunBehavior [ RunTime:0.000000s ]
INFO: [ app_begin ] --END-- [ RunTime:0.000000s ]
SQL: SHOW COLUMNS FROM `web_webconfig` [ RunTime:0.0000s ]
SQL: SELECT * FROM `web_webconfig` WHERE `id` = 1 LIMIT 1   [ RunTime:0.0000s ]
SQL: SHOW COLUMNS FROM `web_links` [ RunTime:0.0000s ]
SQL: SELECT * FROM `web_links`  [ RunTime:0.0000s ]
SQL: SHOW COLUMNS FROM `web_article` [ RunTime:0.0156s ]
SQL: SHOW COLUMNS FROM `web_picture` [ RunTime:0.0000s ]
SQL: SHOW COLUMNS FROM `web_print` [ RunTime:0.0000s ]
SQL: SELECT * FROM `web_picture` WHERE `type` = 1 AND `status` = 1 ORDER BY id desc LIMIT 3   [ RunTime:0.0000s ]
SQL: SELECT * FROM `web_print` ORDER BY id desc LIMIT 4   [ RunTime:0.0000s ]
SQL: SELECT `art_title`,`id`,`art_type`,`art_info`,`art_img` FROM `web_article` WHERE ( art_type=7 ) ORDER BY id desc LIMIT 4   [ RunTime:0.0000s ]
INFO: [ view_parse ] --START--
INFO: [ template_filter ] --START--
INFO: Run Behavior\ContentReplaceBehavior [ RunTime:0.000000s ]
INFO: [ template_filter ] --END-- [ RunTime:0.000000s ]
NOTIC: [8] Use of undefined constant ids - assumed 'ids' E:\project\lfs-master\App\Runtime\Cache\Mobile\eaaa4603e659289cf24a7ed1f615185e.php 第 201 行.
NOTIC: [8] Use of undefined constant ids - assumed 'ids' E:\project\lfs-master\App\Runtime\Cache\Mobile\eaaa4603e659289cf24a7ed1f615185e.php 第 201 行.
NOTIC: [8] Use of undefined constant ids - assumed 'ids' E:\project\lfs-master\App\Runtime\Cache\Mobile\eaaa4603e659289cf24a7ed1f615185e.php 第 201 行.
NOTIC: [8] Use of undefined constant ids - assumed 'ids' E:\project\lfs-master\App\Runtime\Cache\Mobile\eaaa4603e659289cf24a7ed1f615185e.php 第 201 行.
INFO: Run Behavior\ParseTemplateBehavior [ RunTime:0.015625s ]
INFO: [ view_parse ] --END-- [ RunTime:0.015625s ]
INFO: [ view_filter ] --START--
INFO: Run Behavior\WriteHtmlCacheBehavior [ RunTime:0.000000s ]
INFO: Run Behavior\TokenBuildBehavior [ RunTime:0.000000s ]
INFO: [ view_filter ] --END-- [ RunTime:0.000000s ]
INFO: [ app_end ] --START--
INFO: Run Behavior\ShowPageTraceBehavior [ RunTime:0.000000s ]
INFO: [ app_end ] --END-- [ RunTime:0.000000s ]

[ 2018-12-29T22:20:34+08:00 ] 183.3.255.35 /Mobile/Index/index.html
INFO: [ app_init ] --START--
INFO: Run Behavior\BuildLiteBehavior [ RunTime:0.000000s ]
INFO: [ app_init ] --END-- [ RunTime:0.000000s ]
INFO: [ app_begin ] --START--
INFO: Run Behavior\ReadHtmlCacheBehavior [ RunTime:0.000000s ]
INFO: Run Behavior\CronRunBehavior [ RunTime:0.000000s ]
INFO: [ app_begin ] --END-- [ RunTime:0.000000s ]
SQL: SHOW COLUMNS FROM `web_webconfig` [ RunTime:0.0000s ]
SQL: SELECT * FROM `web_webconfig` WHERE `id` = 1 LIMIT 1   [ RunTime:0.0000s ]
SQL: SHOW COLUMNS FROM `web_links` [ RunTime:0.0000s ]
SQL: SELECT * FROM `web_links`  [ RunTime:0.0000s ]
SQL: SHOW COLUMNS FROM `web_article` [ RunTime:0.0156s ]
SQL: SHOW COLUMNS FROM `web_picture` [ RunTime:0.0000s ]
SQL: SHOW COLUMNS FROM `web_print` [ RunTime:0.0000s ]
SQL: SELECT * FROM `web_picture` WHERE `type` = 1 AND `status` = 1 ORDER BY id desc LIMIT 3   [ RunTime:0.0000s ]
SQL: SELECT * FROM `web_print` ORDER BY id desc LIMIT 4   [ RunTime:0.0000s ]
SQL: SELECT `art_title`,`id`,`art_type`,`art_info`,`art_img` FROM `web_article` WHERE ( art_type=7 ) ORDER BY id desc LIMIT 4   [ RunTime:0.0000s ]
INFO: [ view_parse ] --START--
INFO: [ template_filter ] --START--
INFO: Run Behavior\ContentReplaceBehavior [ RunTime:0.000000s ]
INFO: [ template_filter ] --END-- [ RunTime:0.000000s ]
NOTIC: [8] Use of undefined constant ids - assumed 'ids' E:\project\lfs-master\App\Runtime\Cache\Mobile\eaaa4603e659289cf24a7ed1f615185e.php 第 201 行.
NOTIC: [8] Use of undefined constant ids - assumed 'ids' E:\project\lfs-master\App\Runtime\Cache\Mobile\eaaa4603e659289cf24a7ed1f615185e.php 第 201 行.
NOTIC: [8] Use of undefined constant ids - assumed 'ids' E:\project\lfs-master\App\Runtime\Cache\Mobile\eaaa4603e659289cf24a7ed1f615185e.php 第 201 行.
NOTIC: [8] Use of undefined constant ids - assumed 'ids' E:\project\lfs-master\App\Runtime\Cache\Mobile\eaaa4603e659289cf24a7ed1f615185e.php 第 201 行.
INFO: Run Behavior\ParseTemplateBehavior [ RunTime:0.015625s ]
INFO: [ view_parse ] --END-- [ RunTime:0.015625s ]
INFO: [ view_filter ] --START--
INFO: Run Behavior\WriteHtmlCacheBehavior [ RunTime:0.000000s ]
INFO: Run Behavior\TokenBuildBehavior [ RunTime:0.000000s ]
INFO: [ view_filter ] --END-- [ RunTime:0.000000s ]
INFO: [ app_end ] --START--
INFO: Run Behavior\ShowPageTraceBehavior [ RunTime:0.000000s ]
INFO: [ app_end ] --END-- [ RunTime:0.000000s ]

[ 2018-12-29T22:21:34+08:00 ] 101.89.239.216 /Mobile/Index/index.html
INFO: [ app_init ] --START--
INFO: Run Behavior\BuildLiteBehavior [ RunTime:0.000000s ]
INFO: [ app_init ] --END-- [ RunTime:0.000000s ]
INFO: [ app_begin ] --START--
INFO: Run Behavior\ReadHtmlCacheBehavior [ RunTime:0.000000s ]
INFO: Run Behavior\CronRunBehavior [ RunTime:0.000000s ]
INFO: [ app_begin ] --END-- [ RunTime:0.000000s ]
SQL: SHOW COLUMNS FROM `web_webconfig` [ RunTime:0.0000s ]
SQL: SELECT * FROM `web_webconfig` WHERE `id` = 1 LIMIT 1   [ RunTime:0.0000s ]
SQL: SHOW COLUMNS FROM `web_links` [ RunTime:0.0000s ]
SQL: SELECT * FROM `web_links`  [ RunTime:0.0156s ]
SQL: SHOW COLUMNS FROM `web_article` [ RunTime:0.0000s ]
SQL: SHOW COLUMNS FROM `web_picture` [ RunTime:0.0000s ]
SQL: SHOW COLUMNS FROM `web_print` [ RunTime:0.0000s ]
SQL: SELECT * FROM `web_picture` WHERE `type` = 1 AND `status` = 1 ORDER BY id desc LIMIT 3   [ RunTime:0.0000s ]
SQL: SELECT * FROM `web_print` ORDER BY id desc LIMIT 4   [ RunTime:0.0000s ]
SQL: SELECT `art_title`,`id`,`art_type`,`art_info`,`art_img` FROM `web_article` WHERE ( art_type=7 ) ORDER BY id desc LIMIT 4   [ RunTime:0.0000s ]
INFO: [ view_parse ] --START--
INFO: [ template_filter ] --START--
INFO: Run Behavior\ContentReplaceBehavior [ RunTime:0.000000s ]
INFO: [ template_filter ] --END-- [ RunTime:0.000000s ]
NOTIC: [8] Use of undefined constant ids - assumed 'ids' E:\project\lfs-master\App\Runtime\Cache\Mobile\eaaa4603e659289cf24a7ed1f615185e.php 第 201 行.
NOTIC: [8] Use of undefined constant ids - assumed 'ids' E:\project\lfs-master\App\Runtime\Cache\Mobile\eaaa4603e659289cf24a7ed1f615185e.php 第 201 行.
NOTIC: [8] Use of undefined constant ids - assumed 'ids' E:\project\lfs-master\App\Runtime\Cache\Mobile\eaaa4603e659289cf24a7ed1f615185e.php 第 201 行.
NOTIC: [8] Use of undefined constant ids - assumed 'ids' E:\project\lfs-master\App\Runtime\Cache\Mobile\eaaa4603e659289cf24a7ed1f615185e.php 第 201 行.
INFO: Run Behavior\ParseTemplateBehavior [ RunTime:0.015625s ]
INFO: [ view_parse ] --END-- [ RunTime:0.015625s ]
INFO: [ view_filter ] --START--
INFO: Run Behavior\WriteHtmlCacheBehavior [ RunTime:0.000000s ]
INFO: Run Behavior\TokenBuildBehavior [ RunTime:0.000000s ]
INFO: [ view_filter ] --END-- [ RunTime:0.000000s ]
INFO: [ app_end ] --START--
INFO: Run Behavior\ShowPageTraceBehavior [ RunTime:0.000000s ]
INFO: [ app_end ] --END-- [ RunTime:0.000000s ]

