[ 2018-12-27T03:00:34+08:00 ] 203.208.60.94 /Mobile/Index/index.html
INFO: [ app_init ] --START--
INFO: Run Behavior\BuildLiteBehavior [ RunTime:0.000000s ]
INFO: [ app_init ] --END-- [ RunTime:0.000000s ]
INFO: [ app_begin ] --START--
INFO: Run Behavior\ReadHtmlCacheBehavior [ RunTime:0.000000s ]
INFO: Run Behavior\CronRunBehavior [ RunTime:0.000000s ]
INFO: [ app_begin ] --END-- [ RunTime:0.000000s ]
SQL: SHOW COLUMNS FROM `web_webconfig` [ RunTime:0.0000s ]
SQL: SELECT * FROM `web_webconfig` WHERE `id` = 1 LIMIT 1   [ RunTime:0.0000s ]
SQL: SHOW COLUMNS FROM `web_links` [ RunTime:0.0000s ]
SQL: SELECT * FROM `web_links`  [ RunTime:0.0000s ]
SQL: SHOW COLUMNS FROM `web_article` [ RunTime:0.0156s ]
SQL: SHOW COLUMNS FROM `web_picture` [ RunTime:0.0000s ]
SQL: SHOW COLUMNS FROM `web_print` [ RunTime:0.0156s ]
SQL: SELECT * FROM `web_picture` WHERE `type` = 1 AND `status` = 1 ORDER BY id desc LIMIT 3   [ RunTime:0.0000s ]
SQL: SELECT * FROM `web_print` ORDER BY id desc LIMIT 4   [ RunTime:0.0156s ]
SQL: SELECT `art_title`,`id`,`art_type`,`art_info`,`art_img` FROM `web_article` WHERE ( art_type=7 ) ORDER BY id desc LIMIT 4   [ RunTime:0.0000s ]
INFO: [ view_parse ] --START--
INFO: [ template_filter ] --START--
INFO: Run Behavior\ContentReplaceBehavior [ RunTime:0.000000s ]
INFO: [ template_filter ] --END-- [ RunTime:0.000000s ]
NOTIC: [8] Use of undefined constant ids - assumed 'ids' E:\project\lfs-master\App\Runtime\Cache\Mobile\eaaa4603e659289cf24a7ed1f615185e.php 第 201 行.
NOTIC: [8] Use of undefined constant ids - assumed 'ids' E:\project\lfs-master\App\Runtime\Cache\Mobile\eaaa4603e659289cf24a7ed1f615185e.php 第 201 行.
NOTIC: [8] Use of undefined constant ids - assumed 'ids' E:\project\lfs-master\App\Runtime\Cache\Mobile\eaaa4603e659289cf24a7ed1f615185e.php 第 201 行.
NOTIC: [8] Use of undefined constant ids - assumed 'ids' E:\project\lfs-master\App\Runtime\Cache\Mobile\eaaa4603e659289cf24a7ed1f615185e.php 第 201 行.
INFO: Run Behavior\ParseTemplateBehavior [ RunTime:0.015625s ]
INFO: [ view_parse ] --END-- [ RunTime:0.015625s ]
INFO: [ view_filter ] --START--
INFO: Run Behavior\WriteHtmlCacheBehavior [ RunTime:0.000000s ]
INFO: Run Behavior\TokenBuildBehavior [ RunTime:0.000000s ]
INFO: [ view_filter ] --END-- [ RunTime:0.000000s ]
INFO: [ app_end ] --START--
INFO: Run Behavior\ShowPageTraceBehavior [ RunTime:0.000000s ]
INFO: [ app_end ] --END-- [ RunTime:0.000000s ]

[ 2018-12-27T05:11:31+08:00 ] 203.208.60.126 /Mobile/Index/index.html
INFO: [ app_init ] --START--
INFO: Run Behavior\BuildLiteBehavior [ RunTime:0.000000s ]
INFO: [ app_init ] --END-- [ RunTime:0.000000s ]
INFO: [ app_begin ] --START--
INFO: Run Behavior\ReadHtmlCacheBehavior [ RunTime:0.000000s ]
INFO: Run Behavior\CronRunBehavior [ RunTime:0.000000s ]
INFO: [ app_begin ] --END-- [ RunTime:0.000000s ]
SQL: SHOW COLUMNS FROM `web_webconfig` [ RunTime:0.0156s ]
SQL: SELECT * FROM `web_webconfig` WHERE `id` = 1 LIMIT 1   [ RunTime:0.0000s ]
SQL: SHOW COLUMNS FROM `web_links` [ RunTime:0.0000s ]
SQL: SELECT * FROM `web_links`  [ RunTime:0.0000s ]
SQL: SHOW COLUMNS FROM `web_article` [ RunTime:0.0000s ]
SQL: SHOW COLUMNS FROM `web_picture` [ RunTime:0.0156s ]
SQL: SHOW COLUMNS FROM `web_print` [ RunTime:0.0000s ]
SQL: SELECT * FROM `web_picture` WHERE `type` = 1 AND `status` = 1 ORDER BY id desc LIMIT 3   [ RunTime:0.0000s ]
SQL: SELECT * FROM `web_print` ORDER BY id desc LIMIT 4   [ RunTime:0.0000s ]
SQL: SELECT `art_title`,`id`,`art_type`,`art_info`,`art_img` FROM `web_article` WHERE ( art_type=7 ) ORDER BY id desc LIMIT 4   [ RunTime:0.0000s ]
INFO: [ view_parse ] --START--
INFO: [ template_filter ] --START--
INFO: Run Behavior\ContentReplaceBehavior [ RunTime:0.000000s ]
INFO: [ template_filter ] --END-- [ RunTime:0.000000s ]
NOTIC: [8] Use of undefined constant ids - assumed 'ids' E:\project\lfs-master\App\Runtime\Cache\Mobile\eaaa4603e659289cf24a7ed1f615185e.php 第 201 行.
NOTIC: [8] Use of undefined constant ids - assumed 'ids' E:\project\lfs-master\App\Runtime\Cache\Mobile\eaaa4603e659289cf24a7ed1f615185e.php 第 201 行.
NOTIC: [8] Use of undefined constant ids - assumed 'ids' E:\project\lfs-master\App\Runtime\Cache\Mobile\eaaa4603e659289cf24a7ed1f615185e.php 第 201 行.
NOTIC: [8] Use of undefined constant ids - assumed 'ids' E:\project\lfs-master\App\Runtime\Cache\Mobile\eaaa4603e659289cf24a7ed1f615185e.php 第 201 行.
INFO: Run Behavior\ParseTemplateBehavior [ RunTime:0.015625s ]
INFO: [ view_parse ] --END-- [ RunTime:0.015625s ]
INFO: [ view_filter ] --START--
INFO: Run Behavior\WriteHtmlCacheBehavior [ RunTime:0.000000s ]
INFO: Run Behavior\TokenBuildBehavior [ RunTime:0.000000s ]
INFO: [ view_filter ] --END-- [ RunTime:0.000000s ]
INFO: [ app_end ] --START--
INFO: Run Behavior\ShowPageTraceBehavior [ RunTime:0.000000s ]
INFO: [ app_end ] --END-- [ RunTime:0.000000s ]

[ 2018-12-27T08:38:42+08:00 ] 42.236.103.106 /Mobile/Index/index.html
INFO: [ app_init ] --START--
INFO: Run Behavior\BuildLiteBehavior [ RunTime:0.000000s ]
INFO: [ app_init ] --END-- [ RunTime:0.000000s ]
INFO: [ app_begin ] --START--
INFO: Run Behavior\ReadHtmlCacheBehavior [ RunTime:0.000000s ]
INFO: Run Behavior\CronRunBehavior [ RunTime:0.000000s ]
INFO: [ app_begin ] --END-- [ RunTime:0.000000s ]
SQL: SHOW COLUMNS FROM `web_webconfig` [ RunTime:0.0000s ]
SQL: SELECT * FROM `web_webconfig` WHERE `id` = 1 LIMIT 1   [ RunTime:0.0000s ]
SQL: SHOW COLUMNS FROM `web_links` [ RunTime:0.0156s ]
SQL: SELECT * FROM `web_links`  [ RunTime:0.0000s ]
SQL: SHOW COLUMNS FROM `web_article` [ RunTime:0.0000s ]
SQL: SHOW COLUMNS FROM `web_picture` [ RunTime:0.0000s ]
SQL: SHOW COLUMNS FROM `web_print` [ RunTime:0.0156s ]
SQL: SELECT * FROM `web_picture` WHERE `type` = 1 AND `status` = 1 ORDER BY id desc LIMIT 3   [ RunTime:0.0000s ]
SQL: SELECT * FROM `web_print` ORDER BY id desc LIMIT 4   [ RunTime:0.0000s ]
SQL: SELECT `art_title`,`id`,`art_type`,`art_info`,`art_img` FROM `web_article` WHERE ( art_type=7 ) ORDER BY id desc LIMIT 4   [ RunTime:0.0000s ]
INFO: [ view_parse ] --START--
INFO: [ template_filter ] --START--
INFO: Run Behavior\ContentReplaceBehavior [ RunTime:0.000000s ]
INFO: [ template_filter ] --END-- [ RunTime:0.000000s ]
NOTIC: [8] Use of undefined constant ids - assumed 'ids' E:\project\lfs-master\App\Runtime\Cache\Mobile\eaaa4603e659289cf24a7ed1f615185e.php 第 201 行.
NOTIC: [8] Use of undefined constant ids - assumed 'ids' E:\project\lfs-master\App\Runtime\Cache\Mobile\eaaa4603e659289cf24a7ed1f615185e.php 第 201 行.
NOTIC: [8] Use of undefined constant ids - assumed 'ids' E:\project\lfs-master\App\Runtime\Cache\Mobile\eaaa4603e659289cf24a7ed1f615185e.php 第 201 行.
NOTIC: [8] Use of undefined constant ids - assumed 'ids' E:\project\lfs-master\App\Runtime\Cache\Mobile\eaaa4603e659289cf24a7ed1f615185e.php 第 201 行.
INFO: Run Behavior\ParseTemplateBehavior [ RunTime:0.015625s ]
INFO: [ view_parse ] --END-- [ RunTime:0.015625s ]
INFO: [ view_filter ] --START--
INFO: Run Behavior\WriteHtmlCacheBehavior [ RunTime:0.000000s ]
INFO: Run Behavior\TokenBuildBehavior [ RunTime:0.000000s ]
INFO: [ view_filter ] --END-- [ RunTime:0.000000s ]
INFO: [ app_end ] --START--
INFO: Run Behavior\ShowPageTraceBehavior [ RunTime:0.000000s ]
INFO: [ app_end ] --END-- [ RunTime:0.000000s ]

[ 2018-12-27T10:20:46+08:00 ] 180.163.220.68 /Mobile/Index/index.html
INFO: [ app_init ] --START--
INFO: Run Behavior\BuildLiteBehavior [ RunTime:0.000000s ]
INFO: [ app_init ] --END-- [ RunTime:0.000000s ]
INFO: [ app_begin ] --START--
INFO: Run Behavior\ReadHtmlCacheBehavior [ RunTime:0.000000s ]
INFO: Run Behavior\CronRunBehavior [ RunTime:0.000000s ]
INFO: [ app_begin ] --END-- [ RunTime:0.000000s ]
SQL: SHOW COLUMNS FROM `web_webconfig` [ RunTime:0.0000s ]
SQL: SELECT * FROM `web_webconfig` WHERE `id` = 1 LIMIT 1   [ RunTime:0.0000s ]
SQL: SHOW COLUMNS FROM `web_links` [ RunTime:0.0156s ]
SQL: SELECT * FROM `web_links`  [ RunTime:0.0000s ]
SQL: SHOW COLUMNS FROM `web_article` [ RunTime:0.0000s ]
SQL: SHOW COLUMNS FROM `web_picture` [ RunTime:0.0000s ]
SQL: SHOW COLUMNS FROM `web_print` [ RunTime:0.0156s ]
SQL: SELECT * FROM `web_picture` WHERE `type` = 1 AND `status` = 1 ORDER BY id desc LIMIT 3   [ RunTime:0.0000s ]
SQL: SELECT * FROM `web_print` ORDER BY id desc LIMIT 4   [ RunTime:0.0000s ]
SQL: SELECT `art_title`,`id`,`art_type`,`art_info`,`art_img` FROM `web_article` WHERE ( art_type=7 ) ORDER BY id desc LIMIT 4   [ RunTime:0.0000s ]
INFO: [ view_parse ] --START--
INFO: [ template_filter ] --START--
INFO: Run Behavior\ContentReplaceBehavior [ RunTime:0.000000s ]
INFO: [ template_filter ] --END-- [ RunTime:0.000000s ]
NOTIC: [8] Use of undefined constant ids - assumed 'ids' E:\project\lfs-master\App\Runtime\Cache\Mobile\eaaa4603e659289cf24a7ed1f615185e.php 第 201 行.
NOTIC: [8] Use of undefined constant ids - assumed 'ids' E:\project\lfs-master\App\Runtime\Cache\Mobile\eaaa4603e659289cf24a7ed1f615185e.php 第 201 行.
NOTIC: [8] Use of undefined constant ids - assumed 'ids' E:\project\lfs-master\App\Runtime\Cache\Mobile\eaaa4603e659289cf24a7ed1f615185e.php 第 201 行.
NOTIC: [8] Use of undefined constant ids - assumed 'ids' E:\project\lfs-master\App\Runtime\Cache\Mobile\eaaa4603e659289cf24a7ed1f615185e.php 第 201 行.
INFO: Run Behavior\ParseTemplateBehavior [ RunTime:0.015625s ]
INFO: [ view_parse ] --END-- [ RunTime:0.015625s ]
INFO: [ view_filter ] --START--
INFO: Run Behavior\WriteHtmlCacheBehavior [ RunTime:0.000000s ]
INFO: Run Behavior\TokenBuildBehavior [ RunTime:0.000000s ]
INFO: [ view_filter ] --END-- [ RunTime:0.000000s ]
INFO: [ app_end ] --START--
INFO: Run Behavior\ShowPageTraceBehavior [ RunTime:0.000000s ]
INFO: [ app_end ] --END-- [ RunTime:0.000000s ]

[ 2018-12-27T13:25:12+08:00 ] 203.208.60.86 /Mobile/Index/index.html
INFO: [ app_init ] --START--
INFO: Run Behavior\BuildLiteBehavior [ RunTime:0.000000s ]
INFO: [ app_init ] --END-- [ RunTime:0.000000s ]
INFO: [ app_begin ] --START--
INFO: Run Behavior\ReadHtmlCacheBehavior [ RunTime:0.000000s ]
INFO: Run Behavior\CronRunBehavior [ RunTime:0.000000s ]
INFO: [ app_begin ] --END-- [ RunTime:0.000000s ]
SQL: SHOW COLUMNS FROM `web_webconfig` [ RunTime:0.0156s ]
SQL: SELECT * FROM `web_webconfig` WHERE `id` = 1 LIMIT 1   [ RunTime:0.0000s ]
SQL: SHOW COLUMNS FROM `web_links` [ RunTime:0.0000s ]
SQL: SELECT * FROM `web_links`  [ RunTime:0.0000s ]
SQL: SHOW COLUMNS FROM `web_article` [ RunTime:0.0000s ]
SQL: SHOW COLUMNS FROM `web_picture` [ RunTime:0.0156s ]
SQL: SHOW COLUMNS FROM `web_print` [ RunTime:0.0000s ]
SQL: SELECT * FROM `web_picture` WHERE `type` = 1 AND `status` = 1 ORDER BY id desc LIMIT 3   [ RunTime:0.0000s ]
SQL: SELECT * FROM `web_print` ORDER BY id desc LIMIT 4   [ RunTime:0.0000s ]
SQL: SELECT `art_title`,`id`,`art_type`,`art_info`,`art_img` FROM `web_article` WHERE ( art_type=7 ) ORDER BY id desc LIMIT 4   [ RunTime:0.0000s ]
INFO: [ view_parse ] --START--
INFO: [ template_filter ] --START--
INFO: Run Behavior\ContentReplaceBehavior [ RunTime:0.000000s ]
INFO: [ template_filter ] --END-- [ RunTime:0.000000s ]
NOTIC: [8] Use of undefined constant ids - assumed 'ids' E:\project\lfs-master\App\Runtime\Cache\Mobile\eaaa4603e659289cf24a7ed1f615185e.php 第 201 行.
NOTIC: [8] Use of undefined constant ids - assumed 'ids' E:\project\lfs-master\App\Runtime\Cache\Mobile\eaaa4603e659289cf24a7ed1f615185e.php 第 201 行.
NOTIC: [8] Use of undefined constant ids - assumed 'ids' E:\project\lfs-master\App\Runtime\Cache\Mobile\eaaa4603e659289cf24a7ed1f615185e.php 第 201 行.
NOTIC: [8] Use of undefined constant ids - assumed 'ids' E:\project\lfs-master\App\Runtime\Cache\Mobile\eaaa4603e659289cf24a7ed1f615185e.php 第 201 行.
INFO: Run Behavior\ParseTemplateBehavior [ RunTime:0.015625s ]
INFO: [ view_parse ] --END-- [ RunTime:0.015625s ]
INFO: [ view_filter ] --START--
INFO: Run Behavior\WriteHtmlCacheBehavior [ RunTime:0.000000s ]
INFO: Run Behavior\TokenBuildBehavior [ RunTime:0.000000s ]
INFO: [ view_filter ] --END-- [ RunTime:0.000000s ]
INFO: [ app_end ] --START--
INFO: Run Behavior\ShowPageTraceBehavior [ RunTime:0.000000s ]
INFO: [ app_end ] --END-- [ RunTime:0.000000s ]

[ 2018-12-27T14:15:46+08:00 ] 203.208.60.118 /Mobile/Index/index.html
INFO: [ app_init ] --START--
INFO: Run Behavior\BuildLiteBehavior [ RunTime:0.000000s ]
INFO: [ app_init ] --END-- [ RunTime:0.000000s ]
INFO: [ app_begin ] --START--
INFO: Run Behavior\ReadHtmlCacheBehavior [ RunTime:0.000000s ]
INFO: Run Behavior\CronRunBehavior [ RunTime:0.000000s ]
INFO: [ app_begin ] --END-- [ RunTime:0.000000s ]
SQL: SHOW COLUMNS FROM `web_webconfig` [ RunTime:0.0000s ]
SQL: SELECT * FROM `web_webconfig` WHERE `id` = 1 LIMIT 1   [ RunTime:0.0000s ]
SQL: SHOW COLUMNS FROM `web_links` [ RunTime:0.0000s ]
SQL: SELECT * FROM `web_links`  [ RunTime:0.0000s ]
SQL: SHOW COLUMNS FROM `web_article` [ RunTime:0.0156s ]
SQL: SHOW COLUMNS FROM `web_picture` [ RunTime:0.0000s ]
SQL: SHOW COLUMNS FROM `web_print` [ RunTime:0.0000s ]
SQL: SELECT * FROM `web_picture` WHERE `type` = 1 AND `status` = 1 ORDER BY id desc LIMIT 3   [ RunTime:0.0000s ]
SQL: SELECT * FROM `web_print` ORDER BY id desc LIMIT 4   [ RunTime:0.0156s ]
SQL: SELECT `art_title`,`id`,`art_type`,`art_info`,`art_img` FROM `web_article` WHERE ( art_type=7 ) ORDER BY id desc LIMIT 4   [ RunTime:0.0000s ]
INFO: [ view_parse ] --START--
INFO: [ template_filter ] --START--
INFO: Run Behavior\ContentReplaceBehavior [ RunTime:0.000000s ]
INFO: [ template_filter ] --END-- [ RunTime:0.000000s ]
NOTIC: [8] Use of undefined constant ids - assumed 'ids' E:\project\lfs-master\App\Runtime\Cache\Mobile\eaaa4603e659289cf24a7ed1f615185e.php 第 201 行.
NOTIC: [8] Use of undefined constant ids - assumed 'ids' E:\project\lfs-master\App\Runtime\Cache\Mobile\eaaa4603e659289cf24a7ed1f615185e.php 第 201 行.
NOTIC: [8] Use of undefined constant ids - assumed 'ids' E:\project\lfs-master\App\Runtime\Cache\Mobile\eaaa4603e659289cf24a7ed1f615185e.php 第 201 行.
NOTIC: [8] Use of undefined constant ids - assumed 'ids' E:\project\lfs-master\App\Runtime\Cache\Mobile\eaaa4603e659289cf24a7ed1f615185e.php 第 201 行.
INFO: Run Behavior\ParseTemplateBehavior [ RunTime:0.000000s ]
INFO: [ view_parse ] --END-- [ RunTime:0.000000s ]
INFO: [ view_filter ] --START--
INFO: Run Behavior\WriteHtmlCacheBehavior [ RunTime:0.000000s ]
INFO: Run Behavior\TokenBuildBehavior [ RunTime:0.015625s ]
INFO: [ view_filter ] --END-- [ RunTime:0.015625s ]
INFO: [ app_end ] --START--
INFO: Run Behavior\ShowPageTraceBehavior [ RunTime:0.000000s ]
INFO: [ app_end ] --END-- [ RunTime:0.000000s ]

[ 2018-12-27T20:23:09+08:00 ] 101.132.69.5 /mobile/index/index.html
INFO: [ app_init ] --START--
INFO: Run Behavior\BuildLiteBehavior [ RunTime:0.000000s ]
INFO: [ app_init ] --END-- [ RunTime:0.000000s ]
INFO: [ app_begin ] --START--
INFO: Run Behavior\ReadHtmlCacheBehavior [ RunTime:0.000000s ]
INFO: Run Behavior\CronRunBehavior [ RunTime:0.000000s ]
INFO: [ app_begin ] --END-- [ RunTime:0.000000s ]
SQL: SHOW COLUMNS FROM `web_webconfig` [ RunTime:0.0000s ]
SQL: SELECT * FROM `web_webconfig` WHERE `id` = 1 LIMIT 1   [ RunTime:0.0000s ]
SQL: SHOW COLUMNS FROM `web_links` [ RunTime:0.0000s ]
SQL: SELECT * FROM `web_links`  [ RunTime:0.0000s ]
SQL: SHOW COLUMNS FROM `web_article` [ RunTime:0.0156s ]
SQL: SHOW COLUMNS FROM `web_picture` [ RunTime:0.0000s ]
SQL: SHOW COLUMNS FROM `web_print` [ RunTime:0.0000s ]
SQL: SELECT * FROM `web_picture` WHERE `type` = 1 AND `status` = 1 ORDER BY id desc LIMIT 3   [ RunTime:0.0000s ]
SQL: SELECT * FROM `web_print` ORDER BY id desc LIMIT 4   [ RunTime:0.0156s ]
SQL: SELECT `art_title`,`id`,`art_type`,`art_info`,`art_img` FROM `web_article` WHERE ( art_type=7 ) ORDER BY id desc LIMIT 4   [ RunTime:0.0000s ]
INFO: [ view_parse ] --START--
INFO: [ template_filter ] --START--
INFO: Run Behavior\ContentReplaceBehavior [ RunTime:0.000000s ]
INFO: [ template_filter ] --END-- [ RunTime:0.000000s ]
NOTIC: [8] Use of undefined constant ids - assumed 'ids' E:\project\lfs-master\App\Runtime\Cache\Mobile\eaaa4603e659289cf24a7ed1f615185e.php 第 201 行.
NOTIC: [8] Use of undefined constant ids - assumed 'ids' E:\project\lfs-master\App\Runtime\Cache\Mobile\eaaa4603e659289cf24a7ed1f615185e.php 第 201 行.
NOTIC: [8] Use of undefined constant ids - assumed 'ids' E:\project\lfs-master\App\Runtime\Cache\Mobile\eaaa4603e659289cf24a7ed1f615185e.php 第 201 行.
NOTIC: [8] Use of undefined constant ids - assumed 'ids' E:\project\lfs-master\App\Runtime\Cache\Mobile\eaaa4603e659289cf24a7ed1f615185e.php 第 201 行.
INFO: Run Behavior\ParseTemplateBehavior [ RunTime:0.000000s ]
INFO: [ view_parse ] --END-- [ RunTime:0.000000s ]
INFO: [ view_filter ] --START--
INFO: Run Behavior\WriteHtmlCacheBehavior [ RunTime:0.015625s ]
INFO: Run Behavior\TokenBuildBehavior [ RunTime:0.000000s ]
INFO: [ view_filter ] --END-- [ RunTime:0.015625s ]
INFO: [ app_end ] --START--
INFO: Run Behavior\ShowPageTraceBehavior [ RunTime:0.000000s ]
INFO: [ app_end ] --END-- [ RunTime:0.000000s ]

[ 2018-12-27T21:27:13+08:00 ] 203.208.60.47 /index.php/mobile/article/jieshao/id/4/ids/182.html
INFO: [ app_init ] --START--
INFO: Run Behavior\BuildLiteBehavior [ RunTime:0.000000s ]
INFO: [ app_init ] --END-- [ RunTime:0.000000s ]
INFO: [ app_begin ] --START--
INFO: Run Behavior\ReadHtmlCacheBehavior [ RunTime:0.000000s ]
INFO: Run Behavior\CronRunBehavior [ RunTime:0.000000s ]
INFO: [ app_begin ] --END-- [ RunTime:0.000000s ]
SQL: SHOW COLUMNS FROM `web_webconfig` [ RunTime:0.0000s ]
SQL: SELECT * FROM `web_webconfig` WHERE `id` = 1 LIMIT 1   [ RunTime:0.0000s ]
SQL: SHOW COLUMNS FROM `web_links` [ RunTime:0.0000s ]
SQL: SELECT * FROM `web_links`  [ RunTime:0.0000s ]
SQL: SHOW COLUMNS FROM `web_article` [ RunTime:0.0000s ]
SQL: SELECT `art_title`,`id`,`art_type` FROM `web_article` WHERE ( art_type>=8 and art_type<13 )  [ RunTime:0.0000s ]
SQL: SELECT `art_title`,`id`,`art_type` FROM `web_article` WHERE ( art_type=1 )  [ RunTime:0.0000s ]
SQL: SHOW COLUMNS FROM `web_power` [ RunTime:0.0000s ]
SQL: SELECT p.pid,p.name,a.* FROM web_power as p INNER JOIN web_article as a on p.son_id=a.art_type  WHERE (  pid=86 ) GROUP BY p.name ORDER BY id desc  [ RunTime:0.0000s ]
SQL: SELECT p.pid,p.name,a.* FROM web_power as p INNER JOIN web_article as a on p.son_id=a.art_type  WHERE ( a.art_type=182 ) ORDER BY id desc  [ RunTime:0.0000s ]
SQL: SELECT * FROM `web_article` WHERE `id` = 182 LIMIT 1   [ RunTime:0.0000s ]
INFO: [ view_parse ] --START--
INFO: [ template_filter ] --START--
INFO: Run Behavior\ContentReplaceBehavior [ RunTime:0.000000s ]
INFO: [ template_filter ] --END-- [ RunTime:0.000000s ]
INFO: Run Behavior\ParseTemplateBehavior [ RunTime:0.000000s ]
INFO: [ view_parse ] --END-- [ RunTime:0.000000s ]
INFO: [ view_filter ] --START--
INFO: Run Behavior\WriteHtmlCacheBehavior [ RunTime:0.000000s ]
INFO: Run Behavior\TokenBuildBehavior [ RunTime:0.000000s ]
INFO: [ view_filter ] --END-- [ RunTime:0.000000s ]
INFO: [ app_end ] --START--
INFO: Run Behavior\ShowPageTraceBehavior [ RunTime:0.015625s ]
INFO: [ app_end ] --END-- [ RunTime:0.015625s ]

[ 2018-12-27T22:07:39+08:00 ] 203.208.60.51 /index.php/mobile/article/jieshao/id/4/ids/204.html
INFO: [ app_init ] --START--
INFO: Run Behavior\BuildLiteBehavior [ RunTime:0.000000s ]
INFO: [ app_init ] --END-- [ RunTime:0.000000s ]
INFO: [ app_begin ] --START--
INFO: Run Behavior\ReadHtmlCacheBehavior [ RunTime:0.000000s ]
INFO: Run Behavior\CronRunBehavior [ RunTime:0.000000s ]
INFO: [ app_begin ] --END-- [ RunTime:0.000000s ]
SQL: SHOW COLUMNS FROM `web_webconfig` [ RunTime:0.0156s ]
SQL: SELECT * FROM `web_webconfig` WHERE `id` = 1 LIMIT 1   [ RunTime:0.0000s ]
SQL: SHOW COLUMNS FROM `web_links` [ RunTime:0.0000s ]
SQL: SELECT * FROM `web_links`  [ RunTime:0.0000s ]
SQL: SHOW COLUMNS FROM `web_article` [ RunTime:0.0000s ]
SQL: SELECT `art_title`,`id`,`art_type` FROM `web_article` WHERE ( art_type>=8 and art_type<13 )  [ RunTime:0.0000s ]
SQL: SELECT `art_title`,`id`,`art_type` FROM `web_article` WHERE ( art_type=1 )  [ RunTime:0.0000s ]
SQL: SHOW COLUMNS FROM `web_power` [ RunTime:0.0156s ]
SQL: SELECT p.pid,p.name,a.* FROM web_power as p INNER JOIN web_article as a on p.son_id=a.art_type  WHERE (  pid=86 ) GROUP BY p.name ORDER BY id desc  [ RunTime:0.0000s ]
SQL: SELECT p.pid,p.name,a.* FROM web_power as p INNER JOIN web_article as a on p.son_id=a.art_type  WHERE ( a.art_type=204 ) ORDER BY id desc  [ RunTime:0.0000s ]
SQL: SELECT * FROM `web_article` WHERE `id` = 204 LIMIT 1   [ RunTime:0.0000s ]
INFO: [ view_parse ] --START--
INFO: [ template_filter ] --START--
INFO: Run Behavior\ContentReplaceBehavior [ RunTime:0.000000s ]
INFO: [ template_filter ] --END-- [ RunTime:0.000000s ]
INFO: Run Behavior\ParseTemplateBehavior [ RunTime:0.015625s ]
INFO: [ view_parse ] --END-- [ RunTime:0.015625s ]
INFO: [ view_filter ] --START--
INFO: Run Behavior\WriteHtmlCacheBehavior [ RunTime:0.000000s ]
INFO: Run Behavior\TokenBuildBehavior [ RunTime:0.000000s ]
INFO: [ view_filter ] --END-- [ RunTime:0.000000s ]
INFO: [ app_end ] --START--
INFO: Run Behavior\ShowPageTraceBehavior [ RunTime:0.000000s ]
INFO: [ app_end ] --END-- [ RunTime:0.000000s ]

[ 2018-12-27T22:37:58+08:00 ] 203.208.60.100 /Mobile/Index/index.html
INFO: [ app_init ] --START--
INFO: Run Behavior\BuildLiteBehavior [ RunTime:0.000000s ]
INFO: [ app_init ] --END-- [ RunTime:0.000000s ]
INFO: [ app_begin ] --START--
INFO: Run Behavior\ReadHtmlCacheBehavior [ RunTime:0.000000s ]
INFO: Run Behavior\CronRunBehavior [ RunTime:0.000000s ]
INFO: [ app_begin ] --END-- [ RunTime:0.000000s ]
SQL: SHOW COLUMNS FROM `web_webconfig` [ RunTime:0.0156s ]
SQL: SELECT * FROM `web_webconfig` WHERE `id` = 1 LIMIT 1   [ RunTime:0.0000s ]
SQL: SHOW COLUMNS FROM `web_links` [ RunTime:0.0000s ]
SQL: SELECT * FROM `web_links`  [ RunTime:0.0000s ]
SQL: SHOW COLUMNS FROM `web_article` [ RunTime:0.0000s ]
SQL: SHOW COLUMNS FROM `web_picture` [ RunTime:0.0156s ]
SQL: SHOW COLUMNS FROM `web_print` [ RunTime:0.0000s ]
SQL: SELECT * FROM `web_picture` WHERE `type` = 1 AND `status` = 1 ORDER BY id desc LIMIT 3   [ RunTime:0.0000s ]
SQL: SELECT * FROM `web_print` ORDER BY id desc LIMIT 4   [ RunTime:0.0000s ]
SQL: SELECT `art_title`,`id`,`art_type`,`art_info`,`art_img` FROM `web_article` WHERE ( art_type=7 ) ORDER BY id desc LIMIT 4   [ RunTime:0.0000s ]
INFO: [ view_parse ] --START--
INFO: [ template_filter ] --START--
INFO: Run Behavior\ContentReplaceBehavior [ RunTime:0.000000s ]
INFO: [ template_filter ] --END-- [ RunTime:0.000000s ]
NOTIC: [8] Use of undefined constant ids - assumed 'ids' E:\project\lfs-master\App\Runtime\Cache\Mobile\eaaa4603e659289cf24a7ed1f615185e.php 第 201 行.
NOTIC: [8] Use of undefined constant ids - assumed 'ids' E:\project\lfs-master\App\Runtime\Cache\Mobile\eaaa4603e659289cf24a7ed1f615185e.php 第 201 行.
NOTIC: [8] Use of undefined constant ids - assumed 'ids' E:\project\lfs-master\App\Runtime\Cache\Mobile\eaaa4603e659289cf24a7ed1f615185e.php 第 201 行.
NOTIC: [8] Use of undefined constant ids - assumed 'ids' E:\project\lfs-master\App\Runtime\Cache\Mobile\eaaa4603e659289cf24a7ed1f615185e.php 第 201 行.
INFO: Run Behavior\ParseTemplateBehavior [ RunTime:0.015625s ]
INFO: [ view_parse ] --END-- [ RunTime:0.015625s ]
INFO: [ view_filter ] --START--
INFO: Run Behavior\WriteHtmlCacheBehavior [ RunTime:0.000000s ]
INFO: Run Behavior\TokenBuildBehavior [ RunTime:0.000000s ]
INFO: [ view_filter ] --END-- [ RunTime:0.000000s ]
INFO: [ app_end ] --START--
INFO: Run Behavior\ShowPageTraceBehavior [ RunTime:0.000000s ]
INFO: [ app_end ] --END-- [ RunTime:0.000000s ]

