[ 2018-11-09T10:03:18+08:00 ] 127.0.0.1 /Mobile/Index/index.html
INFO: [ app_init ] --START--
INFO: Run Behavior\BuildLiteBehavior [ RunTime:0.000000s ]
INFO: [ app_init ] --END-- [ RunTime:0.000000s ]
INFO: [ app_begin ] --START--
INFO: Run Behavior\ReadHtmlCacheBehavior [ RunTime:0.001000s ]
INFO: Run Behavior\CronRunBehavior [ RunTime:0.000000s ]
INFO: [ app_begin ] --END-- [ RunTime:0.001000s ]
SQL: SHOW COLUMNS FROM `web_webconfig` [ RunTime:0.0020s ]
SQL: SELECT * FROM `web_webconfig` WHERE `id` = 1 LIMIT 1   [ RunTime:0.0010s ]
SQL: SHOW COLUMNS FROM `web_links` [ RunTime:0.0020s ]
SQL: SELECT * FROM `web_links`  [ RunTime:0.0010s ]
SQL: SHOW COLUMNS FROM `web_article` [ RunTime:0.0050s ]
SQL: SHOW COLUMNS FROM `web_picture` [ RunTime:0.0020s ]
SQL: SHOW COLUMNS FROM `web_print` [ RunTime:0.0030s ]
SQL: SELECT * FROM `web_picture` WHERE `type` = 1 AND `status` = 1 ORDER BY id desc LIMIT 3   [ RunTime:0.0000s ]
SQL: SELECT * FROM `web_print` ORDER BY id desc LIMIT 4   [ RunTime:0.0010s ]
SQL: SELECT `art_title`,`id`,`art_type`,`art_info`,`art_img` FROM `web_article` WHERE ( art_type=7 ) ORDER BY id desc LIMIT 4   [ RunTime:0.0030s ]
INFO: [ view_parse ] --START--
INFO: [ template_filter ] --START--
INFO: Run Behavior\ContentReplaceBehavior [ RunTime:0.000000s ]
INFO: [ template_filter ] --END-- [ RunTime:0.001000s ]
NOTIC: [8] Use of undefined constant ids - assumed 'ids' F:\lfs\lfs-master\App\Runtime\Cache\Mobile\846c480c7e7ee52229d4a3f596e89b38.php 第 139 行.
NOTIC: [8] Use of undefined constant ids - assumed 'ids' F:\lfs\lfs-master\App\Runtime\Cache\Mobile\846c480c7e7ee52229d4a3f596e89b38.php 第 139 行.
NOTIC: [8] Use of undefined constant ids - assumed 'ids' F:\lfs\lfs-master\App\Runtime\Cache\Mobile\846c480c7e7ee52229d4a3f596e89b38.php 第 139 行.
NOTIC: [8] Use of undefined constant ids - assumed 'ids' F:\lfs\lfs-master\App\Runtime\Cache\Mobile\846c480c7e7ee52229d4a3f596e89b38.php 第 139 行.
INFO: Run Behavior\ParseTemplateBehavior [ RunTime:0.013001s ]
INFO: [ view_parse ] --END-- [ RunTime:0.013001s ]
INFO: [ view_filter ] --START--
INFO: Run Behavior\WriteHtmlCacheBehavior [ RunTime:0.001000s ]
INFO: Run Behavior\TokenBuildBehavior [ RunTime:0.002000s ]
INFO: [ view_filter ] --END-- [ RunTime:0.003000s ]
INFO: [ app_end ] --START--
INFO: Run Behavior\ShowPageTraceBehavior [ RunTime:0.001000s ]
INFO: [ app_end ] --END-- [ RunTime:0.001000s ]

[ 2018-11-09T10:05:25+08:00 ] 127.0.0.1 /Mobile/Index/index.html
INFO: [ app_init ] --START--
INFO: Run Behavior\BuildLiteBehavior [ RunTime:0.000000s ]
INFO: [ app_init ] --END-- [ RunTime:0.000000s ]
INFO: [ app_begin ] --START--
INFO: Run Behavior\ReadHtmlCacheBehavior [ RunTime:0.001000s ]
INFO: Run Behavior\CronRunBehavior [ RunTime:0.000000s ]
INFO: [ app_begin ] --END-- [ RunTime:0.002000s ]
SQL: SHOW COLUMNS FROM `web_webconfig` [ RunTime:0.0020s ]
SQL: SELECT * FROM `web_webconfig` WHERE `id` = 1 LIMIT 1   [ RunTime:0.0010s ]
SQL: SHOW COLUMNS FROM `web_links` [ RunTime:0.0020s ]
SQL: SELECT * FROM `web_links`  [ RunTime:0.0000s ]
SQL: SHOW COLUMNS FROM `web_article` [ RunTime:0.0020s ]
SQL: SHOW COLUMNS FROM `web_picture` [ RunTime:0.0010s ]
SQL: SHOW COLUMNS FROM `web_print` [ RunTime:0.0020s ]
SQL: SELECT * FROM `web_picture` WHERE `type` = 1 AND `status` = 1 ORDER BY id desc LIMIT 3   [ RunTime:0.0000s ]
SQL: SELECT * FROM `web_print` ORDER BY id desc LIMIT 4   [ RunTime:0.0010s ]
SQL: SELECT `art_title`,`id`,`art_type`,`art_info`,`art_img` FROM `web_article` WHERE ( art_type=7 ) ORDER BY id desc LIMIT 4   [ RunTime:0.0000s ]
INFO: [ view_parse ] --START--
INFO: [ template_filter ] --START--
INFO: Run Behavior\ContentReplaceBehavior [ RunTime:0.000000s ]
INFO: [ template_filter ] --END-- [ RunTime:0.000000s ]
NOTIC: [8] Use of undefined constant ids - assumed 'ids' F:\lfs\lfs-master\App\Runtime\Cache\Mobile\846c480c7e7ee52229d4a3f596e89b38.php 第 139 行.
NOTIC: [8] Use of undefined constant ids - assumed 'ids' F:\lfs\lfs-master\App\Runtime\Cache\Mobile\846c480c7e7ee52229d4a3f596e89b38.php 第 139 行.
NOTIC: [8] Use of undefined constant ids - assumed 'ids' F:\lfs\lfs-master\App\Runtime\Cache\Mobile\846c480c7e7ee52229d4a3f596e89b38.php 第 139 行.
NOTIC: [8] Use of undefined constant ids - assumed 'ids' F:\lfs\lfs-master\App\Runtime\Cache\Mobile\846c480c7e7ee52229d4a3f596e89b38.php 第 139 行.
INFO: Run Behavior\ParseTemplateBehavior [ RunTime:0.012000s ]
INFO: [ view_parse ] --END-- [ RunTime:0.013000s ]
INFO: [ view_filter ] --START--
INFO: Run Behavior\WriteHtmlCacheBehavior [ RunTime:0.000000s ]
INFO: Run Behavior\TokenBuildBehavior [ RunTime:0.001000s ]
INFO: [ view_filter ] --END-- [ RunTime:0.001000s ]
INFO: [ app_end ] --START--
INFO: Run Behavior\ShowPageTraceBehavior [ RunTime:0.001000s ]
INFO: [ app_end ] --END-- [ RunTime:0.001000s ]

[ 2018-11-09T10:06:54+08:00 ] 127.0.0.1 /Mobile/Index/index.html
INFO: [ app_init ] --START--
INFO: Run Behavior\BuildLiteBehavior [ RunTime:0.000000s ]
INFO: [ app_init ] --END-- [ RunTime:0.001000s ]
INFO: [ app_begin ] --START--
INFO: Run Behavior\ReadHtmlCacheBehavior [ RunTime:0.001000s ]
INFO: Run Behavior\CronRunBehavior [ RunTime:0.001000s ]
INFO: [ app_begin ] --END-- [ RunTime:0.002000s ]
SQL: SHOW COLUMNS FROM `web_webconfig` [ RunTime:0.0020s ]
SQL: SELECT * FROM `web_webconfig` WHERE `id` = 1 LIMIT 1   [ RunTime:0.0000s ]
SQL: SHOW COLUMNS FROM `web_links` [ RunTime:0.0020s ]
SQL: SELECT * FROM `web_links`  [ RunTime:0.0000s ]
SQL: SHOW COLUMNS FROM `web_article` [ RunTime:0.0020s ]
SQL: SHOW COLUMNS FROM `web_picture` [ RunTime:0.0030s ]
SQL: SHOW COLUMNS FROM `web_print` [ RunTime:0.0020s ]
SQL: SELECT * FROM `web_picture` WHERE `type` = 1 AND `status` = 1 ORDER BY id desc LIMIT 3   [ RunTime:0.0000s ]
SQL: SELECT * FROM `web_print` ORDER BY id desc LIMIT 4   [ RunTime:0.0010s ]
SQL: SELECT `art_title`,`id`,`art_type`,`art_info`,`art_img` FROM `web_article` WHERE ( art_type=7 ) ORDER BY id desc LIMIT 4   [ RunTime:0.0000s ]
INFO: [ view_parse ] --START--
INFO: [ template_filter ] --START--
INFO: Run Behavior\ContentReplaceBehavior [ RunTime:0.000000s ]
INFO: [ template_filter ] --END-- [ RunTime:0.000000s ]
NOTIC: [8] Use of undefined constant ids - assumed 'ids' F:\lfs\lfs-master\App\Runtime\Cache\Mobile\846c480c7e7ee52229d4a3f596e89b38.php 第 142 行.
NOTIC: [8] Use of undefined constant ids - assumed 'ids' F:\lfs\lfs-master\App\Runtime\Cache\Mobile\846c480c7e7ee52229d4a3f596e89b38.php 第 142 行.
NOTIC: [8] Use of undefined constant ids - assumed 'ids' F:\lfs\lfs-master\App\Runtime\Cache\Mobile\846c480c7e7ee52229d4a3f596e89b38.php 第 142 行.
NOTIC: [8] Use of undefined constant ids - assumed 'ids' F:\lfs\lfs-master\App\Runtime\Cache\Mobile\846c480c7e7ee52229d4a3f596e89b38.php 第 142 行.
INFO: Run Behavior\ParseTemplateBehavior [ RunTime:0.013001s ]
INFO: [ view_parse ] --END-- [ RunTime:0.013001s ]
INFO: [ view_filter ] --START--
INFO: Run Behavior\WriteHtmlCacheBehavior [ RunTime:0.001000s ]
INFO: Run Behavior\TokenBuildBehavior [ RunTime:0.001000s ]
INFO: [ view_filter ] --END-- [ RunTime:0.002000s ]
INFO: [ app_end ] --START--
INFO: Run Behavior\ShowPageTraceBehavior [ RunTime:0.001000s ]
INFO: [ app_end ] --END-- [ RunTime:0.001000s ]

[ 2018-11-09T10:07:58+08:00 ] 127.0.0.1 /Mobile/Index/index.html
INFO: [ app_init ] --START--
INFO: Run Behavior\BuildLiteBehavior [ RunTime:0.000000s ]
INFO: [ app_init ] --END-- [ RunTime:0.000000s ]
INFO: [ app_begin ] --START--
INFO: Run Behavior\ReadHtmlCacheBehavior [ RunTime:0.001001s ]
INFO: Run Behavior\CronRunBehavior [ RunTime:0.001000s ]
INFO: [ app_begin ] --END-- [ RunTime:0.002001s ]
SQL: SHOW COLUMNS FROM `web_webconfig` [ RunTime:0.0020s ]
SQL: SELECT * FROM `web_webconfig` WHERE `id` = 1 LIMIT 1   [ RunTime:0.0010s ]
SQL: SHOW COLUMNS FROM `web_links` [ RunTime:0.0020s ]
SQL: SELECT * FROM `web_links`  [ RunTime:0.0000s ]
SQL: SHOW COLUMNS FROM `web_article` [ RunTime:0.0040s ]
SQL: SHOW COLUMNS FROM `web_picture` [ RunTime:0.0020s ]
SQL: SHOW COLUMNS FROM `web_print` [ RunTime:0.0020s ]
SQL: SELECT * FROM `web_picture` WHERE `type` = 1 AND `status` = 1 ORDER BY id desc LIMIT 3   [ RunTime:0.0010s ]
SQL: SELECT * FROM `web_print` ORDER BY id desc LIMIT 4   [ RunTime:0.0010s ]
SQL: SELECT `art_title`,`id`,`art_type`,`art_info`,`art_img` FROM `web_article` WHERE ( art_type=7 ) ORDER BY id desc LIMIT 4   [ RunTime:0.0000s ]
INFO: [ view_parse ] --START--
INFO: [ template_filter ] --START--
INFO: Run Behavior\ContentReplaceBehavior [ RunTime:0.000000s ]
INFO: [ template_filter ] --END-- [ RunTime:0.000000s ]
NOTIC: [8] Use of undefined constant ids - assumed 'ids' F:\lfs\lfs-master\App\Runtime\Cache\Mobile\846c480c7e7ee52229d4a3f596e89b38.php 第 142 行.
NOTIC: [8] Use of undefined constant ids - assumed 'ids' F:\lfs\lfs-master\App\Runtime\Cache\Mobile\846c480c7e7ee52229d4a3f596e89b38.php 第 142 行.
NOTIC: [8] Use of undefined constant ids - assumed 'ids' F:\lfs\lfs-master\App\Runtime\Cache\Mobile\846c480c7e7ee52229d4a3f596e89b38.php 第 142 行.
NOTIC: [8] Use of undefined constant ids - assumed 'ids' F:\lfs\lfs-master\App\Runtime\Cache\Mobile\846c480c7e7ee52229d4a3f596e89b38.php 第 142 行.
INFO: Run Behavior\ParseTemplateBehavior [ RunTime:0.015001s ]
INFO: [ view_parse ] --END-- [ RunTime:0.015001s ]
INFO: [ view_filter ] --START--
INFO: Run Behavior\WriteHtmlCacheBehavior [ RunTime:0.000000s ]
INFO: Run Behavior\TokenBuildBehavior [ RunTime:0.001000s ]
INFO: [ view_filter ] --END-- [ RunTime:0.002000s ]
INFO: [ app_end ] --START--
INFO: Run Behavior\ShowPageTraceBehavior [ RunTime:0.001000s ]
INFO: [ app_end ] --END-- [ RunTime:0.001000s ]

[ 2018-11-09T10:09:02+08:00 ] 127.0.0.1 /Mobile/Index/index.html
INFO: [ app_init ] --START--
INFO: Run Behavior\BuildLiteBehavior [ RunTime:0.000000s ]
INFO: [ app_init ] --END-- [ RunTime:0.000000s ]
INFO: [ app_begin ] --START--
INFO: Run Behavior\ReadHtmlCacheBehavior [ RunTime:0.000000s ]
INFO: Run Behavior\CronRunBehavior [ RunTime:0.001000s ]
INFO: [ app_begin ] --END-- [ RunTime:0.001000s ]
SQL: SHOW COLUMNS FROM `web_webconfig` [ RunTime:0.0020s ]
SQL: SELECT * FROM `web_webconfig` WHERE `id` = 1 LIMIT 1   [ RunTime:0.0010s ]
SQL: SHOW COLUMNS FROM `web_links` [ RunTime:0.0020s ]
SQL: SELECT * FROM `web_links`  [ RunTime:0.0000s ]
SQL: SHOW COLUMNS FROM `web_article` [ RunTime:0.0040s ]
SQL: SHOW COLUMNS FROM `web_picture` [ RunTime:0.0020s ]
SQL: SHOW COLUMNS FROM `web_print` [ RunTime:0.0040s ]
SQL: SELECT * FROM `web_picture` WHERE `type` = 1 AND `status` = 1 ORDER BY id desc LIMIT 3   [ RunTime:0.0010s ]
SQL: SELECT * FROM `web_print` ORDER BY id desc LIMIT 4   [ RunTime:0.0010s ]
SQL: SELECT `art_title`,`id`,`art_type`,`art_info`,`art_img` FROM `web_article` WHERE ( art_type=7 ) ORDER BY id desc LIMIT 4   [ RunTime:0.0030s ]
INFO: [ view_parse ] --START--
INFO: [ template_filter ] --START--
INFO: Run Behavior\ContentReplaceBehavior [ RunTime:0.001000s ]
INFO: [ template_filter ] --END-- [ RunTime:0.001000s ]
NOTIC: [8] Use of undefined constant ids - assumed 'ids' F:\lfs\lfs-master\App\Runtime\Cache\Mobile\846c480c7e7ee52229d4a3f596e89b38.php 第 142 行.
NOTIC: [8] Use of undefined constant ids - assumed 'ids' F:\lfs\lfs-master\App\Runtime\Cache\Mobile\846c480c7e7ee52229d4a3f596e89b38.php 第 142 行.
NOTIC: [8] Use of undefined constant ids - assumed 'ids' F:\lfs\lfs-master\App\Runtime\Cache\Mobile\846c480c7e7ee52229d4a3f596e89b38.php 第 142 行.
NOTIC: [8] Use of undefined constant ids - assumed 'ids' F:\lfs\lfs-master\App\Runtime\Cache\Mobile\846c480c7e7ee52229d4a3f596e89b38.php 第 142 行.
INFO: Run Behavior\ParseTemplateBehavior [ RunTime:0.020001s ]
INFO: [ view_parse ] --END-- [ RunTime:0.020001s ]
INFO: [ view_filter ] --START--
INFO: Run Behavior\WriteHtmlCacheBehavior [ RunTime:0.001000s ]
INFO: Run Behavior\TokenBuildBehavior [ RunTime:0.001000s ]
INFO: [ view_filter ] --END-- [ RunTime:0.002000s ]
NOTIC: [2] Cannot modify header information - headers already sent by (output started at F:\lfs\lfs-master\App\Mobile\Controller\IndexController.class.php:16) F:\lfs\lfs-master\Libs\ThinkPHP\Library\Think\View.class.php 第 91 行.
NOTIC: [2] Cannot modify header information - headers already sent by (output started at F:\lfs\lfs-master\App\Mobile\Controller\IndexController.class.php:16) F:\lfs\lfs-master\Libs\ThinkPHP\Library\Think\View.class.php 第 92 行.
NOTIC: [2] Cannot modify header information - headers already sent by (output started at F:\lfs\lfs-master\App\Mobile\Controller\IndexController.class.php:16) F:\lfs\lfs-master\Libs\ThinkPHP\Library\Think\View.class.php 第 93 行.
INFO: [ app_end ] --START--
INFO: Run Behavior\ShowPageTraceBehavior [ RunTime:0.001000s ]
INFO: [ app_end ] --END-- [ RunTime:0.001000s ]

[ 2018-11-09T10:11:19+08:00 ] 127.0.0.1 /Mobile/Index/index.html
INFO: [ app_init ] --START--
INFO: Run Behavior\BuildLiteBehavior [ RunTime:0.000000s ]
INFO: [ app_init ] --END-- [ RunTime:0.001000s ]
INFO: [ app_begin ] --START--
INFO: Run Behavior\ReadHtmlCacheBehavior [ RunTime:0.001000s ]
INFO: Run Behavior\CronRunBehavior [ RunTime:0.000000s ]
INFO: [ app_begin ] --END-- [ RunTime:0.001000s ]
SQL: SHOW COLUMNS FROM `web_webconfig` [ RunTime:0.0020s ]
SQL: SELECT * FROM `web_webconfig` WHERE `id` = 1 LIMIT 1   [ RunTime:0.0010s ]
SQL: SHOW COLUMNS FROM `web_links` [ RunTime:0.0020s ]
SQL: SELECT * FROM `web_links`  [ RunTime:0.0000s ]
SQL: SHOW COLUMNS FROM `web_article` [ RunTime:0.0020s ]
SQL: SHOW COLUMNS FROM `web_picture` [ RunTime:0.0030s ]
SQL: SHOW COLUMNS FROM `web_print` [ RunTime:0.0020s ]
SQL: SELECT * FROM `web_picture` WHERE `type` = 1 AND `status` = 1 ORDER BY id desc LIMIT 3   [ RunTime:0.0000s ]
SQL: SELECT * FROM `web_print` ORDER BY id desc LIMIT 4   [ RunTime:0.0010s ]
SQL: SELECT `art_title`,`id`,`art_type`,`art_info`,`art_img` FROM `web_article` WHERE ( art_type=7 ) ORDER BY id desc LIMIT 4   [ RunTime:0.0010s ]
INFO: [ view_parse ] --START--
INFO: [ template_filter ] --START--
INFO: Run Behavior\ContentReplaceBehavior [ RunTime:0.000000s ]
INFO: [ template_filter ] --END-- [ RunTime:0.000000s ]
NOTIC: [8] Use of undefined constant ids - assumed 'ids' F:\lfs\lfs-master\App\Runtime\Cache\Mobile\846c480c7e7ee52229d4a3f596e89b38.php 第 143 行.
NOTIC: [8] Use of undefined constant ids - assumed 'ids' F:\lfs\lfs-master\App\Runtime\Cache\Mobile\846c480c7e7ee52229d4a3f596e89b38.php 第 143 行.
NOTIC: [8] Use of undefined constant ids - assumed 'ids' F:\lfs\lfs-master\App\Runtime\Cache\Mobile\846c480c7e7ee52229d4a3f596e89b38.php 第 143 行.
NOTIC: [8] Use of undefined constant ids - assumed 'ids' F:\lfs\lfs-master\App\Runtime\Cache\Mobile\846c480c7e7ee52229d4a3f596e89b38.php 第 143 行.
INFO: Run Behavior\ParseTemplateBehavior [ RunTime:0.013001s ]
INFO: [ view_parse ] --END-- [ RunTime:0.013001s ]
INFO: [ view_filter ] --START--
INFO: Run Behavior\WriteHtmlCacheBehavior [ RunTime:0.000000s ]
INFO: Run Behavior\TokenBuildBehavior [ RunTime:0.002000s ]
INFO: [ view_filter ] --END-- [ RunTime:0.002000s ]
INFO: [ app_end ] --START--
INFO: Run Behavior\ShowPageTraceBehavior [ RunTime:0.001000s ]
INFO: [ app_end ] --END-- [ RunTime:0.001000s ]

[ 2018-11-09T10:11:50+08:00 ] 127.0.0.1 /Mobile/Index/index.html
INFO: [ app_init ] --START--
INFO: Run Behavior\BuildLiteBehavior [ RunTime:0.000000s ]
INFO: [ app_init ] --END-- [ RunTime:0.000000s ]
INFO: [ app_begin ] --START--
INFO: Run Behavior\ReadHtmlCacheBehavior [ RunTime:0.001000s ]
INFO: Run Behavior\CronRunBehavior [ RunTime:0.001000s ]
INFO: [ app_begin ] --END-- [ RunTime:0.002000s ]
SQL: SHOW COLUMNS FROM `web_webconfig` [ RunTime:0.0020s ]
SQL: SELECT * FROM `web_webconfig` WHERE `id` = 1 LIMIT 1   [ RunTime:0.0000s ]
SQL: SHOW COLUMNS FROM `web_links` [ RunTime:0.0020s ]
SQL: SELECT * FROM `web_links`  [ RunTime:0.0000s ]
SQL: SHOW COLUMNS FROM `web_article` [ RunTime:0.0020s ]
SQL: SHOW COLUMNS FROM `web_picture` [ RunTime:0.0020s ]
SQL: SHOW COLUMNS FROM `web_print` [ RunTime:0.0020s ]
SQL: SELECT * FROM `web_picture` WHERE `type` = 1 AND `status` = 1 ORDER BY id desc LIMIT 3   [ RunTime:0.0000s ]
SQL: SELECT * FROM `web_print` ORDER BY id desc LIMIT 4   [ RunTime:0.0000s ]
SQL: SELECT `art_title`,`id`,`art_type`,`art_info`,`art_img` FROM `web_article` WHERE ( art_type=7 ) ORDER BY id desc LIMIT 4   [ RunTime:0.0020s ]
INFO: [ view_parse ] --START--
INFO: [ template_filter ] --START--
INFO: Run Behavior\ContentReplaceBehavior [ RunTime:0.000000s ]
INFO: [ template_filter ] --END-- [ RunTime:0.000000s ]
NOTIC: [8] Use of undefined constant ids - assumed 'ids' F:\lfs\lfs-master\App\Runtime\Cache\Mobile\846c480c7e7ee52229d4a3f596e89b38.php 第 143 行.
NOTIC: [8] Use of undefined constant ids - assumed 'ids' F:\lfs\lfs-master\App\Runtime\Cache\Mobile\846c480c7e7ee52229d4a3f596e89b38.php 第 143 行.
NOTIC: [8] Use of undefined constant ids - assumed 'ids' F:\lfs\lfs-master\App\Runtime\Cache\Mobile\846c480c7e7ee52229d4a3f596e89b38.php 第 143 行.
NOTIC: [8] Use of undefined constant ids - assumed 'ids' F:\lfs\lfs-master\App\Runtime\Cache\Mobile\846c480c7e7ee52229d4a3f596e89b38.php 第 143 行.
INFO: Run Behavior\ParseTemplateBehavior [ RunTime:0.013001s ]
INFO: [ view_parse ] --END-- [ RunTime:0.013001s ]
INFO: [ view_filter ] --START--
INFO: Run Behavior\WriteHtmlCacheBehavior [ RunTime:0.000000s ]
INFO: Run Behavior\TokenBuildBehavior [ RunTime:0.001000s ]
INFO: [ view_filter ] --END-- [ RunTime:0.002000s ]
INFO: [ app_end ] --START--
INFO: Run Behavior\ShowPageTraceBehavior [ RunTime:0.001000s ]
INFO: [ app_end ] --END-- [ RunTime:0.001000s ]

[ 2018-11-09T10:17:28+08:00 ] 127.0.0.1 /Mobile/Index/index.html
INFO: [ app_init ] --START--
INFO: Run Behavior\BuildLiteBehavior [ RunTime:0.000000s ]
INFO: [ app_init ] --END-- [ RunTime:0.000000s ]
INFO: [ app_begin ] --START--
INFO: Run Behavior\ReadHtmlCacheBehavior [ RunTime:0.001000s ]
INFO: Run Behavior\CronRunBehavior [ RunTime:0.000000s ]
INFO: [ app_begin ] --END-- [ RunTime:0.001000s ]
SQL: SHOW COLUMNS FROM `web_webconfig` [ RunTime:0.0030s ]
SQL: SELECT * FROM `web_webconfig` WHERE `id` = 1 LIMIT 1   [ RunTime:0.0000s ]
SQL: SHOW COLUMNS FROM `web_links` [ RunTime:0.0020s ]
SQL: SELECT * FROM `web_links`  [ RunTime:0.0000s ]
SQL: SHOW COLUMNS FROM `web_article` [ RunTime:0.0020s ]
SQL: SHOW COLUMNS FROM `web_picture` [ RunTime:0.0020s ]
SQL: SHOW COLUMNS FROM `web_print` [ RunTime:0.0020s ]
SQL: SELECT * FROM `web_picture` WHERE `type` = 1 AND `status` = 1 ORDER BY id desc LIMIT 3   [ RunTime:0.0000s ]
SQL: SELECT * FROM `web_print` ORDER BY id desc LIMIT 4   [ RunTime:0.0010s ]
SQL: SELECT `art_title`,`id`,`art_type`,`art_info`,`art_img` FROM `web_article` WHERE ( art_type=7 ) ORDER BY id desc LIMIT 4   [ RunTime:0.0010s ]
INFO: [ view_parse ] --START--
INFO: [ template_filter ] --START--
INFO: Run Behavior\ContentReplaceBehavior [ RunTime:0.000000s ]
INFO: [ template_filter ] --END-- [ RunTime:0.000000s ]
NOTIC: [8] Use of undefined constant ids - assumed 'ids' F:\lfs\lfs-master\App\Runtime\Cache\Mobile\846c480c7e7ee52229d4a3f596e89b38.php 第 143 行.
NOTIC: [8] Use of undefined constant ids - assumed 'ids' F:\lfs\lfs-master\App\Runtime\Cache\Mobile\846c480c7e7ee52229d4a3f596e89b38.php 第 143 行.
NOTIC: [8] Use of undefined constant ids - assumed 'ids' F:\lfs\lfs-master\App\Runtime\Cache\Mobile\846c480c7e7ee52229d4a3f596e89b38.php 第 143 行.
NOTIC: [8] Use of undefined constant ids - assumed 'ids' F:\lfs\lfs-master\App\Runtime\Cache\Mobile\846c480c7e7ee52229d4a3f596e89b38.php 第 143 行.
INFO: Run Behavior\ParseTemplateBehavior [ RunTime:0.013001s ]
INFO: [ view_parse ] --END-- [ RunTime:0.013001s ]
INFO: [ view_filter ] --START--
INFO: Run Behavior\WriteHtmlCacheBehavior [ RunTime:0.000000s ]
INFO: Run Behavior\TokenBuildBehavior [ RunTime:0.001000s ]
INFO: [ view_filter ] --END-- [ RunTime:0.001000s ]
INFO: [ app_end ] --START--
INFO: Run Behavior\ShowPageTraceBehavior [ RunTime:0.001000s ]
INFO: [ app_end ] --END-- [ RunTime:0.001000s ]

[ 2018-11-09T10:17:36+08:00 ] 127.0.0.1 /Mobile/Index/index.html
INFO: [ app_init ] --START--
INFO: Run Behavior\BuildLiteBehavior [ RunTime:0.000000s ]
INFO: [ app_init ] --END-- [ RunTime:0.000000s ]
INFO: [ app_begin ] --START--
INFO: Run Behavior\ReadHtmlCacheBehavior [ RunTime:0.000000s ]
INFO: Run Behavior\CronRunBehavior [ RunTime:0.001000s ]
INFO: [ app_begin ] --END-- [ RunTime:0.001000s ]
SQL: SHOW COLUMNS FROM `web_webconfig` [ RunTime:0.0020s ]
SQL: SELECT * FROM `web_webconfig` WHERE `id` = 1 LIMIT 1   [ RunTime:0.0000s ]
SQL: SHOW COLUMNS FROM `web_links` [ RunTime:0.0010s ]
SQL: SELECT * FROM `web_links`  [ RunTime:0.0000s ]
SQL: SHOW COLUMNS FROM `web_article` [ RunTime:0.0020s ]
SQL: SHOW COLUMNS FROM `web_picture` [ RunTime:0.0020s ]
SQL: SHOW COLUMNS FROM `web_print` [ RunTime:0.0020s ]
SQL: SELECT * FROM `web_picture` WHERE `type` = 1 AND `status` = 1 ORDER BY id desc LIMIT 3   [ RunTime:0.0000s ]
SQL: SELECT * FROM `web_print` ORDER BY id desc LIMIT 4   [ RunTime:0.0010s ]
SQL: SELECT `art_title`,`id`,`art_type`,`art_info`,`art_img` FROM `web_article` WHERE ( art_type=7 ) ORDER BY id desc LIMIT 4   [ RunTime:0.0010s ]
INFO: [ view_parse ] --START--
INFO: [ template_filter ] --START--
INFO: Run Behavior\ContentReplaceBehavior [ RunTime:0.000000s ]
INFO: [ template_filter ] --END-- [ RunTime:0.000000s ]
NOTIC: [8] Use of undefined constant ids - assumed 'ids' F:\lfs\lfs-master\App\Runtime\Cache\Mobile\846c480c7e7ee52229d4a3f596e89b38.php 第 143 行.
NOTIC: [8] Use of undefined constant ids - assumed 'ids' F:\lfs\lfs-master\App\Runtime\Cache\Mobile\846c480c7e7ee52229d4a3f596e89b38.php 第 143 行.
NOTIC: [8] Use of undefined constant ids - assumed 'ids' F:\lfs\lfs-master\App\Runtime\Cache\Mobile\846c480c7e7ee52229d4a3f596e89b38.php 第 143 行.
NOTIC: [8] Use of undefined constant ids - assumed 'ids' F:\lfs\lfs-master\App\Runtime\Cache\Mobile\846c480c7e7ee52229d4a3f596e89b38.php 第 143 行.
INFO: Run Behavior\ParseTemplateBehavior [ RunTime:0.014000s ]
INFO: [ view_parse ] --END-- [ RunTime:0.014000s ]
INFO: [ view_filter ] --START--
INFO: Run Behavior\WriteHtmlCacheBehavior [ RunTime:0.000000s ]
INFO: Run Behavior\TokenBuildBehavior [ RunTime:0.001001s ]
INFO: [ view_filter ] --END-- [ RunTime:0.001001s ]
INFO: [ app_end ] --START--
INFO: Run Behavior\ShowPageTraceBehavior [ RunTime:0.001000s ]
INFO: [ app_end ] --END-- [ RunTime:0.001000s ]

[ 2018-11-09T10:18:23+08:00 ] 127.0.0.1 /Mobile/Index/index.html
INFO: [ app_init ] --START--
INFO: Run Behavior\BuildLiteBehavior [ RunTime:0.000000s ]
INFO: [ app_init ] --END-- [ RunTime:0.000000s ]
INFO: [ app_begin ] --START--
INFO: Run Behavior\ReadHtmlCacheBehavior [ RunTime:0.001000s ]
INFO: Run Behavior\CronRunBehavior [ RunTime:0.000000s ]
INFO: [ app_begin ] --END-- [ RunTime:0.001000s ]
SQL: SHOW COLUMNS FROM `web_webconfig` [ RunTime:0.0020s ]
SQL: SELECT * FROM `web_webconfig` WHERE `id` = 1 LIMIT 1   [ RunTime:0.0010s ]
SQL: SHOW COLUMNS FROM `web_links` [ RunTime:0.0010s ]
SQL: SELECT * FROM `web_links`  [ RunTime:0.0000s ]
SQL: SHOW COLUMNS FROM `web_article` [ RunTime:0.0030s ]
SQL: SHOW COLUMNS FROM `web_picture` [ RunTime:0.0020s ]
SQL: SHOW COLUMNS FROM `web_print` [ RunTime:0.0020s ]
SQL: SELECT * FROM `web_picture` WHERE `type` = 1 AND `status` = 1 ORDER BY id desc LIMIT 3   [ RunTime:0.0000s ]
SQL: SELECT * FROM `web_print` ORDER BY id desc LIMIT 4   [ RunTime:0.0010s ]
SQL: SELECT `art_title`,`id`,`art_type`,`art_info`,`art_img` FROM `web_article` WHERE ( art_type=7 ) ORDER BY id desc LIMIT 4   [ RunTime:0.0010s ]
INFO: [ view_parse ] --START--
INFO: [ template_filter ] --START--
INFO: Run Behavior\ContentReplaceBehavior [ RunTime:0.000000s ]
INFO: [ template_filter ] --END-- [ RunTime:0.000000s ]
NOTIC: [8] Use of undefined constant ids - assumed 'ids' F:\lfs\lfs-master\App\Runtime\Cache\Mobile\846c480c7e7ee52229d4a3f596e89b38.php 第 146 行.
NOTIC: [8] Use of undefined constant ids - assumed 'ids' F:\lfs\lfs-master\App\Runtime\Cache\Mobile\846c480c7e7ee52229d4a3f596e89b38.php 第 146 行.
NOTIC: [8] Use of undefined constant ids - assumed 'ids' F:\lfs\lfs-master\App\Runtime\Cache\Mobile\846c480c7e7ee52229d4a3f596e89b38.php 第 146 行.
NOTIC: [8] Use of undefined constant ids - assumed 'ids' F:\lfs\lfs-master\App\Runtime\Cache\Mobile\846c480c7e7ee52229d4a3f596e89b38.php 第 146 行.
INFO: Run Behavior\ParseTemplateBehavior [ RunTime:0.014001s ]
INFO: [ view_parse ] --END-- [ RunTime:0.014001s ]
INFO: [ view_filter ] --START--
INFO: Run Behavior\WriteHtmlCacheBehavior [ RunTime:0.000000s ]
INFO: Run Behavior\TokenBuildBehavior [ RunTime:0.001000s ]
INFO: [ view_filter ] --END-- [ RunTime:0.001000s ]
INFO: [ app_end ] --START--
INFO: Run Behavior\ShowPageTraceBehavior [ RunTime:0.000000s ]
INFO: [ app_end ] --END-- [ RunTime:0.000000s ]

[ 2018-11-09T10:18:39+08:00 ] 127.0.0.1 /Mobile/Index/index.html
INFO: [ app_init ] --START--
INFO: Run Behavior\BuildLiteBehavior [ RunTime:0.000000s ]
INFO: [ app_init ] --END-- [ RunTime:0.000000s ]
INFO: [ app_begin ] --START--
INFO: Run Behavior\ReadHtmlCacheBehavior [ RunTime:0.001000s ]
INFO: Run Behavior\CronRunBehavior [ RunTime:0.000000s ]
INFO: [ app_begin ] --END-- [ RunTime:0.001000s ]
SQL: SHOW COLUMNS FROM `web_webconfig` [ RunTime:0.0020s ]
SQL: SELECT * FROM `web_webconfig` WHERE `id` = 1 LIMIT 1   [ RunTime:0.0000s ]
SQL: SHOW COLUMNS FROM `web_links` [ RunTime:0.0020s ]
SQL: SELECT * FROM `web_links`  [ RunTime:0.0010s ]
SQL: SHOW COLUMNS FROM `web_article` [ RunTime:0.0020s ]
SQL: SHOW COLUMNS FROM `web_picture` [ RunTime:0.0020s ]
SQL: SHOW COLUMNS FROM `web_print` [ RunTime:0.0030s ]
SQL: SELECT * FROM `web_picture` WHERE `type` = 1 AND `status` = 1 ORDER BY id desc LIMIT 3   [ RunTime:0.0000s ]
SQL: SELECT * FROM `web_print` ORDER BY id desc LIMIT 4   [ RunTime:0.0020s ]
SQL: SELECT `art_title`,`id`,`art_type`,`art_info`,`art_img` FROM `web_article` WHERE ( art_type=7 ) ORDER BY id desc LIMIT 4   [ RunTime:0.0000s ]
INFO: [ view_parse ] --START--
INFO: [ template_filter ] --START--
INFO: Run Behavior\ContentReplaceBehavior [ RunTime:0.000000s ]
INFO: [ template_filter ] --END-- [ RunTime:0.000000s ]
NOTIC: [8] Use of undefined constant ids - assumed 'ids' F:\lfs\lfs-master\App\Runtime\Cache\Mobile\846c480c7e7ee52229d4a3f596e89b38.php 第 146 行.
NOTIC: [8] Use of undefined constant ids - assumed 'ids' F:\lfs\lfs-master\App\Runtime\Cache\Mobile\846c480c7e7ee52229d4a3f596e89b38.php 第 146 行.
NOTIC: [8] Use of undefined constant ids - assumed 'ids' F:\lfs\lfs-master\App\Runtime\Cache\Mobile\846c480c7e7ee52229d4a3f596e89b38.php 第 146 行.
NOTIC: [8] Use of undefined constant ids - assumed 'ids' F:\lfs\lfs-master\App\Runtime\Cache\Mobile\846c480c7e7ee52229d4a3f596e89b38.php 第 146 行.
INFO: Run Behavior\ParseTemplateBehavior [ RunTime:0.013001s ]
INFO: [ view_parse ] --END-- [ RunTime:0.013001s ]
INFO: [ view_filter ] --START--
INFO: Run Behavior\WriteHtmlCacheBehavior [ RunTime:0.000000s ]
INFO: Run Behavior\TokenBuildBehavior [ RunTime:0.002000s ]
INFO: [ view_filter ] --END-- [ RunTime:0.002000s ]
INFO: [ app_end ] --START--
INFO: Run Behavior\ShowPageTraceBehavior [ RunTime:0.001000s ]
INFO: [ app_end ] --END-- [ RunTime:0.001000s ]

