[ 2018-11-27T00:03:34+08:00 ] 203.208.60.125 /Mobile/Index/index.html
INFO: [ app_init ] --START--
INFO: Run Behavior\BuildLiteBehavior [ RunTime:0.000000s ]
INFO: [ app_init ] --END-- [ RunTime:0.000000s ]
INFO: [ app_begin ] --START--
INFO: Run Behavior\ReadHtmlCacheBehavior [ RunTime:0.000000s ]
INFO: Run Behavior\CronRunBehavior [ RunTime:0.000000s ]
INFO: [ app_begin ] --END-- [ RunTime:0.000000s ]
SQL: SHOW COLUMNS FROM `web_webconfig` [ RunTime:0.0000s ]
SQL: SELECT * FROM `web_webconfig` WHERE `id` = 1 LIMIT 1   [ RunTime:0.0000s ]
SQL: SHOW COLUMNS FROM `web_links` [ RunTime:0.0156s ]
SQL: SELECT * FROM `web_links`  [ RunTime:0.0000s ]
SQL: SHOW COLUMNS FROM `web_article` [ RunTime:0.0000s ]
SQL: SHOW COLUMNS FROM `web_picture` [ RunTime:0.0000s ]
SQL: SHOW COLUMNS FROM `web_print` [ RunTime:0.0000s ]
SQL: SELECT * FROM `web_picture` WHERE `type` = 1 AND `status` = 1 ORDER BY id desc LIMIT 3   [ RunTime:0.0000s ]
SQL: SELECT * FROM `web_print` ORDER BY id desc LIMIT 4   [ RunTime:0.0000s ]
SQL: SELECT `art_title`,`id`,`art_type`,`art_info`,`art_img` FROM `web_article` WHERE ( art_type=7 ) ORDER BY id desc LIMIT 4   [ RunTime:0.0000s ]
INFO: [ view_parse ] --START--
INFO: [ template_filter ] --START--
INFO: Run Behavior\ContentReplaceBehavior [ RunTime:0.000000s ]
INFO: [ template_filter ] --END-- [ RunTime:0.000000s ]
NOTIC: [8] Use of undefined constant ids - assumed 'ids' E:\project\lfs-master\App\Runtime\Cache\Mobile\eaaa4603e659289cf24a7ed1f615185e.php 第 201 行.
NOTIC: [8] Use of undefined constant ids - assumed 'ids' E:\project\lfs-master\App\Runtime\Cache\Mobile\eaaa4603e659289cf24a7ed1f615185e.php 第 201 行.
NOTIC: [8] Use of undefined constant ids - assumed 'ids' E:\project\lfs-master\App\Runtime\Cache\Mobile\eaaa4603e659289cf24a7ed1f615185e.php 第 201 行.
NOTIC: [8] Use of undefined constant ids - assumed 'ids' E:\project\lfs-master\App\Runtime\Cache\Mobile\eaaa4603e659289cf24a7ed1f615185e.php 第 201 行.
INFO: Run Behavior\ParseTemplateBehavior [ RunTime:0.015625s ]
INFO: [ view_parse ] --END-- [ RunTime:0.015625s ]
INFO: [ view_filter ] --START--
INFO: Run Behavior\WriteHtmlCacheBehavior [ RunTime:0.000000s ]
INFO: Run Behavior\TokenBuildBehavior [ RunTime:0.000000s ]
INFO: [ view_filter ] --END-- [ RunTime:0.000000s ]
INFO: [ app_end ] --START--
INFO: Run Behavior\ShowPageTraceBehavior [ RunTime:0.000000s ]
INFO: [ app_end ] --END-- [ RunTime:0.000000s ]

[ 2018-11-27T04:35:39+08:00 ] 203.208.60.119 /Mobile/Index/index.html
INFO: [ app_init ] --START--
INFO: Run Behavior\BuildLiteBehavior [ RunTime:0.000000s ]
INFO: [ app_init ] --END-- [ RunTime:0.000000s ]
INFO: [ app_begin ] --START--
INFO: Run Behavior\ReadHtmlCacheBehavior [ RunTime:0.000000s ]
INFO: Run Behavior\CronRunBehavior [ RunTime:0.000000s ]
INFO: [ app_begin ] --END-- [ RunTime:0.000000s ]
SQL: SHOW COLUMNS FROM `web_webconfig` [ RunTime:0.0000s ]
SQL: SELECT * FROM `web_webconfig` WHERE `id` = 1 LIMIT 1   [ RunTime:0.0000s ]
SQL: SHOW COLUMNS FROM `web_links` [ RunTime:0.0000s ]
SQL: SELECT * FROM `web_links`  [ RunTime:0.0000s ]
SQL: SHOW COLUMNS FROM `web_article` [ RunTime:0.0156s ]
SQL: SHOW COLUMNS FROM `web_picture` [ RunTime:0.0000s ]
SQL: SHOW COLUMNS FROM `web_print` [ RunTime:0.0000s ]
SQL: SELECT * FROM `web_picture` WHERE `type` = 1 AND `status` = 1 ORDER BY id desc LIMIT 3   [ RunTime:0.0000s ]
SQL: SELECT * FROM `web_print` ORDER BY id desc LIMIT 4   [ RunTime:0.0156s ]
SQL: SELECT `art_title`,`id`,`art_type`,`art_info`,`art_img` FROM `web_article` WHERE ( art_type=7 ) ORDER BY id desc LIMIT 4   [ RunTime:0.0000s ]
INFO: [ view_parse ] --START--
INFO: [ template_filter ] --START--
INFO: Run Behavior\ContentReplaceBehavior [ RunTime:0.000000s ]
INFO: [ template_filter ] --END-- [ RunTime:0.000000s ]
NOTIC: [8] Use of undefined constant ids - assumed 'ids' E:\project\lfs-master\App\Runtime\Cache\Mobile\eaaa4603e659289cf24a7ed1f615185e.php 第 201 行.
NOTIC: [8] Use of undefined constant ids - assumed 'ids' E:\project\lfs-master\App\Runtime\Cache\Mobile\eaaa4603e659289cf24a7ed1f615185e.php 第 201 行.
NOTIC: [8] Use of undefined constant ids - assumed 'ids' E:\project\lfs-master\App\Runtime\Cache\Mobile\eaaa4603e659289cf24a7ed1f615185e.php 第 201 行.
NOTIC: [8] Use of undefined constant ids - assumed 'ids' E:\project\lfs-master\App\Runtime\Cache\Mobile\eaaa4603e659289cf24a7ed1f615185e.php 第 201 行.
INFO: Run Behavior\ParseTemplateBehavior [ RunTime:0.015625s ]
INFO: [ view_parse ] --END-- [ RunTime:0.015625s ]
INFO: [ view_filter ] --START--
INFO: Run Behavior\WriteHtmlCacheBehavior [ RunTime:0.000000s ]
INFO: Run Behavior\TokenBuildBehavior [ RunTime:0.000000s ]
INFO: [ view_filter ] --END-- [ RunTime:0.000000s ]
INFO: [ app_end ] --START--
INFO: Run Behavior\ShowPageTraceBehavior [ RunTime:0.000000s ]
INFO: [ app_end ] --END-- [ RunTime:0.000000s ]

[ 2018-11-27T05:51:51+08:00 ] 47.98.60.52 /index.php/Mobile/Article/pages/id/7/ids/66.html
INFO: [ app_init ] --START--
INFO: Run Behavior\BuildLiteBehavior [ RunTime:0.000000s ]
INFO: [ app_init ] --END-- [ RunTime:0.000000s ]
INFO: [ app_begin ] --START--
INFO: Run Behavior\ReadHtmlCacheBehavior [ RunTime:0.000000s ]
INFO: Run Behavior\CronRunBehavior [ RunTime:0.000000s ]
INFO: [ app_begin ] --END-- [ RunTime:0.000000s ]
SQL: SHOW COLUMNS FROM `web_webconfig` [ RunTime:0.0000s ]
SQL: SELECT * FROM `web_webconfig` WHERE `id` = 1 LIMIT 1   [ RunTime:0.0000s ]
SQL: SHOW COLUMNS FROM `web_links` [ RunTime:0.0156s ]
SQL: SELECT * FROM `web_links`  [ RunTime:0.0000s ]
SQL: SHOW COLUMNS FROM `web_article` [ RunTime:0.0000s ]
SQL: SELECT `art_title`,`id`,`art_type` FROM `web_article` WHERE ( art_type>=8 and art_type<13 )  [ RunTime:0.0000s ]
SQL: SELECT `art_title`,`id`,`art_type` FROM `web_article` WHERE ( art_type=1 )  [ RunTime:0.0000s ]
SQL: SHOW COLUMNS FROM `web_power` [ RunTime:0.0000s ]
SQL: SELECT p.pid,p.name,a.* FROM web_power as p INNER JOIN web_article as a on p.son_id=a.art_type  WHERE (  pid=92 ) AND (  a.art_type<>13 ) GROUP BY p.name ORDER BY id desc  [ RunTime:0.0156s ]
SQL: SELECT p.name FROM web_power as p INNER JOIN web_article as a on p.son_id = a.art_type  WHERE ( a.id=66 ) LIMIT 1   [ RunTime:0.0000s ]
SQL: SELECT p.pid,p.name,a.* FROM web_power as p INNER JOIN web_article as a on p.son_id=a.art_type  WHERE ( a.art_type=66 ) ORDER BY id desc  [ RunTime:0.0000s ]
SQL: SELECT * FROM `web_article` WHERE `id` = 66 LIMIT 1   [ RunTime:0.0000s ]
INFO: [ view_parse ] --START--
INFO: [ template_filter ] --START--
INFO: Run Behavior\ContentReplaceBehavior [ RunTime:0.000000s ]
INFO: [ template_filter ] --END-- [ RunTime:0.000000s ]
NOTIC: [8] Use of undefined constant ids - assumed 'ids' E:\project\lfs-master\App\Runtime\Cache\Mobile\38f57791a5cff46dd66092a6ecb73e03.php 第 85 行.
NOTIC: [8] Use of undefined constant ids - assumed 'ids' E:\project\lfs-master\App\Runtime\Cache\Mobile\38f57791a5cff46dd66092a6ecb73e03.php 第 85 行.
NOTIC: [8] Use of undefined constant ids - assumed 'ids' E:\project\lfs-master\App\Runtime\Cache\Mobile\38f57791a5cff46dd66092a6ecb73e03.php 第 85 行.
NOTIC: [8] Use of undefined constant ids - assumed 'ids' E:\project\lfs-master\App\Runtime\Cache\Mobile\38f57791a5cff46dd66092a6ecb73e03.php 第 85 行.
NOTIC: [8] Use of undefined constant ids - assumed 'ids' E:\project\lfs-master\App\Runtime\Cache\Mobile\38f57791a5cff46dd66092a6ecb73e03.php 第 85 行.
NOTIC: [8] Use of undefined constant ids - assumed 'ids' E:\project\lfs-master\App\Runtime\Cache\Mobile\38f57791a5cff46dd66092a6ecb73e03.php 第 92 行.
NOTIC: [8] Use of undefined constant ids - assumed 'ids' E:\project\lfs-master\App\Runtime\Cache\Mobile\38f57791a5cff46dd66092a6ecb73e03.php 第 92 行.
NOTIC: [8] Use of undefined constant ids - assumed 'ids' E:\project\lfs-master\App\Runtime\Cache\Mobile\38f57791a5cff46dd66092a6ecb73e03.php 第 92 行.
NOTIC: [8] Use of undefined constant ids - assumed 'ids' E:\project\lfs-master\App\Runtime\Cache\Mobile\38f57791a5cff46dd66092a6ecb73e03.php 第 92 行.
NOTIC: [8] Use of undefined constant ids - assumed 'ids' E:\project\lfs-master\App\Runtime\Cache\Mobile\38f57791a5cff46dd66092a6ecb73e03.php 第 92 行.
INFO: Run Behavior\ParseTemplateBehavior [ RunTime:0.015625s ]
INFO: [ view_parse ] --END-- [ RunTime:0.015625s ]
INFO: [ view_filter ] --START--
INFO: Run Behavior\WriteHtmlCacheBehavior [ RunTime:0.000000s ]
INFO: Run Behavior\TokenBuildBehavior [ RunTime:0.000000s ]
INFO: [ view_filter ] --END-- [ RunTime:0.000000s ]
INFO: [ app_end ] --START--
INFO: Run Behavior\ShowPageTraceBehavior [ RunTime:0.000000s ]
INFO: [ app_end ] --END-- [ RunTime:0.000000s ]

[ 2018-11-27T06:15:03+08:00 ] 47.97.192.46 /index.php/Mobile/Article/pages/id/13/ids/12.html
INFO: [ app_init ] --START--
INFO: Run Behavior\BuildLiteBehavior [ RunTime:0.000000s ]
INFO: [ app_init ] --END-- [ RunTime:0.000000s ]
INFO: [ app_begin ] --START--
INFO: Run Behavior\ReadHtmlCacheBehavior [ RunTime:0.000000s ]
INFO: Run Behavior\CronRunBehavior [ RunTime:0.000000s ]
INFO: [ app_begin ] --END-- [ RunTime:0.000000s ]
SQL: SHOW COLUMNS FROM `web_webconfig` [ RunTime:0.0000s ]
SQL: SELECT * FROM `web_webconfig` WHERE `id` = 1 LIMIT 1   [ RunTime:0.0000s ]
SQL: SHOW COLUMNS FROM `web_links` [ RunTime:0.0156s ]
SQL: SELECT * FROM `web_links`  [ RunTime:0.0000s ]
SQL: SHOW COLUMNS FROM `web_article` [ RunTime:0.0000s ]
SQL: SELECT `art_title`,`id`,`art_type` FROM `web_article` WHERE ( art_type>=8 and art_type<13 )  [ RunTime:0.0000s ]
SQL: SELECT `art_title`,`id`,`art_type` FROM `web_article` WHERE ( art_type=1 )  [ RunTime:0.0000s ]
SQL: SHOW COLUMNS FROM `web_power` [ RunTime:0.0000s ]
SQL: SELECT p.pid,p.name,a.* FROM web_power as p INNER JOIN web_article as a on p.son_id=a.art_type  WHERE (  pid=92 ) AND (  a.art_type<>13 ) GROUP BY p.name ORDER BY id desc  [ RunTime:0.0156s ]
SQL: SELECT p.name FROM web_power as p INNER JOIN web_article as a on p.son_id = a.art_type  WHERE ( a.id=12 ) LIMIT 1   [ RunTime:0.0000s ]
SQL: SELECT p.pid,p.name,a.* FROM web_power as p INNER JOIN web_article as a on p.son_id=a.art_type  WHERE ( a.art_type=12 ) ORDER BY id desc  [ RunTime:0.0000s ]
SQL: SELECT * FROM `web_article` WHERE `id` = 12 LIMIT 1   [ RunTime:0.0000s ]
INFO: [ view_parse ] --START--
INFO: [ template_filter ] --START--
INFO: Run Behavior\ContentReplaceBehavior [ RunTime:0.000000s ]
INFO: [ template_filter ] --END-- [ RunTime:0.000000s ]
NOTIC: [8] Use of undefined constant ids - assumed 'ids' E:\project\lfs-master\App\Runtime\Cache\Mobile\38f57791a5cff46dd66092a6ecb73e03.php 第 85 行.
NOTIC: [8] Use of undefined constant ids - assumed 'ids' E:\project\lfs-master\App\Runtime\Cache\Mobile\38f57791a5cff46dd66092a6ecb73e03.php 第 85 行.
NOTIC: [8] Use of undefined constant ids - assumed 'ids' E:\project\lfs-master\App\Runtime\Cache\Mobile\38f57791a5cff46dd66092a6ecb73e03.php 第 85 行.
NOTIC: [8] Use of undefined constant ids - assumed 'ids' E:\project\lfs-master\App\Runtime\Cache\Mobile\38f57791a5cff46dd66092a6ecb73e03.php 第 85 行.
NOTIC: [8] Use of undefined constant ids - assumed 'ids' E:\project\lfs-master\App\Runtime\Cache\Mobile\38f57791a5cff46dd66092a6ecb73e03.php 第 85 行.
NOTIC: [8] Use of undefined constant ids - assumed 'ids' E:\project\lfs-master\App\Runtime\Cache\Mobile\38f57791a5cff46dd66092a6ecb73e03.php 第 92 行.
NOTIC: [8] Use of undefined constant ids - assumed 'ids' E:\project\lfs-master\App\Runtime\Cache\Mobile\38f57791a5cff46dd66092a6ecb73e03.php 第 92 行.
NOTIC: [8] Use of undefined constant ids - assumed 'ids' E:\project\lfs-master\App\Runtime\Cache\Mobile\38f57791a5cff46dd66092a6ecb73e03.php 第 92 行.
NOTIC: [8] Use of undefined constant ids - assumed 'ids' E:\project\lfs-master\App\Runtime\Cache\Mobile\38f57791a5cff46dd66092a6ecb73e03.php 第 92 行.
NOTIC: [8] Use of undefined constant ids - assumed 'ids' E:\project\lfs-master\App\Runtime\Cache\Mobile\38f57791a5cff46dd66092a6ecb73e03.php 第 92 行.
INFO: Run Behavior\ParseTemplateBehavior [ RunTime:0.015625s ]
INFO: [ view_parse ] --END-- [ RunTime:0.015625s ]
INFO: [ view_filter ] --START--
INFO: Run Behavior\WriteHtmlCacheBehavior [ RunTime:0.000000s ]
INFO: Run Behavior\TokenBuildBehavior [ RunTime:0.000000s ]
INFO: [ view_filter ] --END-- [ RunTime:0.000000s ]
INFO: [ app_end ] --START--
INFO: Run Behavior\ShowPageTraceBehavior [ RunTime:0.000000s ]
INFO: [ app_end ] --END-- [ RunTime:0.000000s ]

[ 2018-11-27T07:21:13+08:00 ] 101.132.126.80 /index.php/Mobile/Article/pages_pp/id/13.html
INFO: [ app_init ] --START--
INFO: Run Behavior\BuildLiteBehavior [ RunTime:0.000000s ]
INFO: [ app_init ] --END-- [ RunTime:0.000000s ]
INFO: [ app_begin ] --START--
INFO: Run Behavior\ReadHtmlCacheBehavior [ RunTime:0.000000s ]
INFO: Run Behavior\CronRunBehavior [ RunTime:0.000000s ]
INFO: [ app_begin ] --END-- [ RunTime:0.000000s ]
SQL: SHOW COLUMNS FROM `web_webconfig` [ RunTime:0.0000s ]
SQL: SELECT * FROM `web_webconfig` WHERE `id` = 1 LIMIT 1   [ RunTime:0.0000s ]
SQL: SHOW COLUMNS FROM `web_links` [ RunTime:0.0156s ]
SQL: SELECT * FROM `web_links`  [ RunTime:0.0000s ]
SQL: SHOW COLUMNS FROM `web_article` [ RunTime:0.0000s ]
SQL: SHOW COLUMNS FROM `web_power` [ RunTime:0.0000s ]
SQL: SELECT p.pid,p.name,a.* FROM web_power as p INNER JOIN web_article as a on p.son_id=a.art_type  WHERE (  pid=92 ) AND (  a.art_type<>13 ) GROUP BY p.name ORDER BY id desc  [ RunTime:0.0156s ]
SQL: SELECT p.pid,p.name,a.* FROM web_power as p INNER JOIN web_article as a on p.son_id=a.art_type  WHERE ( a.art_type=13 ) ORDER BY id desc  [ RunTime:0.0000s ]
INFO: [ view_parse ] --START--
INFO: [ template_filter ] --START--
INFO: Run Behavior\ContentReplaceBehavior [ RunTime:0.000000s ]
INFO: [ template_filter ] --END-- [ RunTime:0.000000s ]
NOTIC: [8] Use of undefined constant ids - assumed 'ids' E:\project\lfs-master\App\Runtime\Cache\Mobile\de733a6e678364d551cf07ede4fda518.php 第 66 行.
NOTIC: [8] Use of undefined constant ids - assumed 'ids' E:\project\lfs-master\App\Runtime\Cache\Mobile\de733a6e678364d551cf07ede4fda518.php 第 66 行.
NOTIC: [8] Use of undefined constant ids - assumed 'ids' E:\project\lfs-master\App\Runtime\Cache\Mobile\de733a6e678364d551cf07ede4fda518.php 第 66 行.
NOTIC: [8] Use of undefined constant ids - assumed 'ids' E:\project\lfs-master\App\Runtime\Cache\Mobile\de733a6e678364d551cf07ede4fda518.php 第 66 行.
NOTIC: [8] Use of undefined constant ids - assumed 'ids' E:\project\lfs-master\App\Runtime\Cache\Mobile\de733a6e678364d551cf07ede4fda518.php 第 66 行.
INFO: Run Behavior\ParseTemplateBehavior [ RunTime:0.015625s ]
INFO: [ view_parse ] --END-- [ RunTime:0.015625s ]
INFO: [ view_filter ] --START--
INFO: Run Behavior\WriteHtmlCacheBehavior [ RunTime:0.000000s ]
INFO: Run Behavior\TokenBuildBehavior [ RunTime:0.000000s ]
INFO: [ view_filter ] --END-- [ RunTime:0.000000s ]
INFO: [ app_end ] --START--
INFO: Run Behavior\ShowPageTraceBehavior [ RunTime:0.000000s ]
INFO: [ app_end ] --END-- [ RunTime:0.000000s ]

[ 2018-11-27T07:37:47+08:00 ] 47.100.1.70 /index.php/Mobile/Article/pages/id/12/ids/24.html
INFO: [ app_init ] --START--
INFO: Run Behavior\BuildLiteBehavior [ RunTime:0.000000s ]
INFO: [ app_init ] --END-- [ RunTime:0.015625s ]
INFO: [ app_begin ] --START--
INFO: Run Behavior\ReadHtmlCacheBehavior [ RunTime:0.000000s ]
INFO: Run Behavior\CronRunBehavior [ RunTime:0.000000s ]
INFO: [ app_begin ] --END-- [ RunTime:0.000000s ]
SQL: SHOW COLUMNS FROM `web_webconfig` [ RunTime:0.0000s ]
SQL: SELECT * FROM `web_webconfig` WHERE `id` = 1 LIMIT 1   [ RunTime:0.0000s ]
SQL: SHOW COLUMNS FROM `web_links` [ RunTime:0.0000s ]
SQL: SELECT * FROM `web_links`  [ RunTime:0.0000s ]
SQL: SHOW COLUMNS FROM `web_article` [ RunTime:0.0156s ]
SQL: SELECT `art_title`,`id`,`art_type` FROM `web_article` WHERE ( art_type>=8 and art_type<13 )  [ RunTime:0.0000s ]
SQL: SELECT `art_title`,`id`,`art_type` FROM `web_article` WHERE ( art_type=1 )  [ RunTime:0.0000s ]
SQL: SHOW COLUMNS FROM `web_power` [ RunTime:0.0000s ]
SQL: SELECT p.pid,p.name,a.* FROM web_power as p INNER JOIN web_article as a on p.son_id=a.art_type  WHERE (  pid=92 ) AND (  a.art_type<>13 ) GROUP BY p.name ORDER BY id desc  [ RunTime:0.0000s ]
SQL: SELECT p.name FROM web_power as p INNER JOIN web_article as a on p.son_id = a.art_type  WHERE ( a.id=24 ) LIMIT 1   [ RunTime:0.0000s ]
SQL: SELECT p.pid,p.name,a.* FROM web_power as p INNER JOIN web_article as a on p.son_id=a.art_type  WHERE ( a.art_type=24 ) ORDER BY id desc  [ RunTime:0.0156s ]
SQL: SELECT * FROM `web_article` WHERE `id` = 24 LIMIT 1   [ RunTime:0.0000s ]
INFO: [ view_parse ] --START--
INFO: [ template_filter ] --START--
INFO: Run Behavior\ContentReplaceBehavior [ RunTime:0.000000s ]
INFO: [ template_filter ] --END-- [ RunTime:0.000000s ]
NOTIC: [8] Use of undefined constant ids - assumed 'ids' E:\project\lfs-master\App\Runtime\Cache\Mobile\38f57791a5cff46dd66092a6ecb73e03.php 第 85 行.
NOTIC: [8] Use of undefined constant ids - assumed 'ids' E:\project\lfs-master\App\Runtime\Cache\Mobile\38f57791a5cff46dd66092a6ecb73e03.php 第 85 行.
NOTIC: [8] Use of undefined constant ids - assumed 'ids' E:\project\lfs-master\App\Runtime\Cache\Mobile\38f57791a5cff46dd66092a6ecb73e03.php 第 85 行.
NOTIC: [8] Use of undefined constant ids - assumed 'ids' E:\project\lfs-master\App\Runtime\Cache\Mobile\38f57791a5cff46dd66092a6ecb73e03.php 第 85 行.
NOTIC: [8] Use of undefined constant ids - assumed 'ids' E:\project\lfs-master\App\Runtime\Cache\Mobile\38f57791a5cff46dd66092a6ecb73e03.php 第 85 行.
NOTIC: [8] Use of undefined constant ids - assumed 'ids' E:\project\lfs-master\App\Runtime\Cache\Mobile\38f57791a5cff46dd66092a6ecb73e03.php 第 92 行.
NOTIC: [8] Use of undefined constant ids - assumed 'ids' E:\project\lfs-master\App\Runtime\Cache\Mobile\38f57791a5cff46dd66092a6ecb73e03.php 第 92 行.
NOTIC: [8] Use of undefined constant ids - assumed 'ids' E:\project\lfs-master\App\Runtime\Cache\Mobile\38f57791a5cff46dd66092a6ecb73e03.php 第 92 行.
NOTIC: [8] Use of undefined constant ids - assumed 'ids' E:\project\lfs-master\App\Runtime\Cache\Mobile\38f57791a5cff46dd66092a6ecb73e03.php 第 92 行.
NOTIC: [8] Use of undefined constant ids - assumed 'ids' E:\project\lfs-master\App\Runtime\Cache\Mobile\38f57791a5cff46dd66092a6ecb73e03.php 第 92 行.
INFO: Run Behavior\ParseTemplateBehavior [ RunTime:0.000000s ]
INFO: [ view_parse ] --END-- [ RunTime:0.000000s ]
INFO: [ view_filter ] --START--
INFO: Run Behavior\WriteHtmlCacheBehavior [ RunTime:0.000000s ]
INFO: Run Behavior\TokenBuildBehavior [ RunTime:0.000000s ]
INFO: [ view_filter ] --END-- [ RunTime:0.000000s ]
INFO: [ app_end ] --START--
INFO: Run Behavior\ShowPageTraceBehavior [ RunTime:0.000000s ]
INFO: [ app_end ] --END-- [ RunTime:0.015625s ]

[ 2018-11-27T08:05:13+08:00 ] 47.100.38.9 /index.php/Mobile/Article/pages/id/13/ids/6.html
INFO: [ app_init ] --START--
INFO: Run Behavior\BuildLiteBehavior [ RunTime:0.000000s ]
INFO: [ app_init ] --END-- [ RunTime:0.000000s ]
INFO: [ app_begin ] --START--
INFO: Run Behavior\ReadHtmlCacheBehavior [ RunTime:0.000000s ]
INFO: Run Behavior\CronRunBehavior [ RunTime:0.000000s ]
INFO: [ app_begin ] --END-- [ RunTime:0.000000s ]
SQL: SHOW COLUMNS FROM `web_webconfig` [ RunTime:0.0156s ]
SQL: SELECT * FROM `web_webconfig` WHERE `id` = 1 LIMIT 1   [ RunTime:0.0000s ]
SQL: SHOW COLUMNS FROM `web_links` [ RunTime:0.0000s ]
SQL: SELECT * FROM `web_links`  [ RunTime:0.0000s ]
SQL: SHOW COLUMNS FROM `web_article` [ RunTime:0.0156s ]
SQL: SELECT `art_title`,`id`,`art_type` FROM `web_article` WHERE ( art_type>=8 and art_type<13 )  [ RunTime:0.0000s ]
SQL: SELECT `art_title`,`id`,`art_type` FROM `web_article` WHERE ( art_type=1 )  [ RunTime:0.0000s ]
SQL: SHOW COLUMNS FROM `web_power` [ RunTime:0.0000s ]
SQL: SELECT p.pid,p.name,a.* FROM web_power as p INNER JOIN web_article as a on p.son_id=a.art_type  WHERE (  pid=92 ) AND (  a.art_type<>13 ) GROUP BY p.name ORDER BY id desc  [ RunTime:0.0156s ]
SQL: SELECT p.name FROM web_power as p INNER JOIN web_article as a on p.son_id = a.art_type  WHERE ( a.id=6 ) LIMIT 1   [ RunTime:0.0000s ]
SQL: SELECT p.pid,p.name,a.* FROM web_power as p INNER JOIN web_article as a on p.son_id=a.art_type  WHERE ( a.art_type=6 ) ORDER BY id desc  [ RunTime:0.0156s ]
SQL: SELECT * FROM `web_article` WHERE `id` = 6 LIMIT 1   [ RunTime:0.0000s ]
INFO: [ view_parse ] --START--
INFO: [ template_filter ] --START--
INFO: Run Behavior\ContentReplaceBehavior [ RunTime:0.000000s ]
INFO: [ template_filter ] --END-- [ RunTime:0.000000s ]
NOTIC: [8] Use of undefined constant ids - assumed 'ids' E:\project\lfs-master\App\Runtime\Cache\Mobile\38f57791a5cff46dd66092a6ecb73e03.php 第 85 行.
NOTIC: [8] Use of undefined constant ids - assumed 'ids' E:\project\lfs-master\App\Runtime\Cache\Mobile\38f57791a5cff46dd66092a6ecb73e03.php 第 85 行.
NOTIC: [8] Use of undefined constant ids - assumed 'ids' E:\project\lfs-master\App\Runtime\Cache\Mobile\38f57791a5cff46dd66092a6ecb73e03.php 第 85 行.
NOTIC: [8] Use of undefined constant ids - assumed 'ids' E:\project\lfs-master\App\Runtime\Cache\Mobile\38f57791a5cff46dd66092a6ecb73e03.php 第 85 行.
NOTIC: [8] Use of undefined constant ids - assumed 'ids' E:\project\lfs-master\App\Runtime\Cache\Mobile\38f57791a5cff46dd66092a6ecb73e03.php 第 85 行.
NOTIC: [8] Use of undefined constant ids - assumed 'ids' E:\project\lfs-master\App\Runtime\Cache\Mobile\38f57791a5cff46dd66092a6ecb73e03.php 第 92 行.
NOTIC: [8] Use of undefined constant ids - assumed 'ids' E:\project\lfs-master\App\Runtime\Cache\Mobile\38f57791a5cff46dd66092a6ecb73e03.php 第 92 行.
NOTIC: [8] Use of undefined constant ids - assumed 'ids' E:\project\lfs-master\App\Runtime\Cache\Mobile\38f57791a5cff46dd66092a6ecb73e03.php 第 92 行.
NOTIC: [8] Use of undefined constant ids - assumed 'ids' E:\project\lfs-master\App\Runtime\Cache\Mobile\38f57791a5cff46dd66092a6ecb73e03.php 第 92 行.
NOTIC: [8] Use of undefined constant ids - assumed 'ids' E:\project\lfs-master\App\Runtime\Cache\Mobile\38f57791a5cff46dd66092a6ecb73e03.php 第 92 行.
INFO: Run Behavior\ParseTemplateBehavior [ RunTime:0.015625s ]
INFO: [ view_parse ] --END-- [ RunTime:0.015625s ]
INFO: [ view_filter ] --START--
INFO: Run Behavior\WriteHtmlCacheBehavior [ RunTime:0.000000s ]
INFO: Run Behavior\TokenBuildBehavior [ RunTime:0.000000s ]
INFO: [ view_filter ] --END-- [ RunTime:0.000000s ]
INFO: [ app_end ] --START--
INFO: Run Behavior\ShowPageTraceBehavior [ RunTime:0.000000s ]
INFO: [ app_end ] --END-- [ RunTime:0.000000s ]

[ 2018-11-27T08:32:40+08:00 ] 106.15.176.145 /index.php/Mobile/Article/pages/id/8/ids/13.html
INFO: [ app_init ] --START--
INFO: Run Behavior\BuildLiteBehavior [ RunTime:0.000000s ]
INFO: [ app_init ] --END-- [ RunTime:0.000000s ]
INFO: [ app_begin ] --START--
INFO: Run Behavior\ReadHtmlCacheBehavior [ RunTime:0.015625s ]
INFO: Run Behavior\CronRunBehavior [ RunTime:0.000000s ]
INFO: [ app_begin ] --END-- [ RunTime:0.015625s ]
SQL: SHOW COLUMNS FROM `web_webconfig` [ RunTime:0.0000s ]
SQL: SELECT * FROM `web_webconfig` WHERE `id` = 1 LIMIT 1   [ RunTime:0.0000s ]
SQL: SHOW COLUMNS FROM `web_links` [ RunTime:0.0156s ]
SQL: SELECT * FROM `web_links`  [ RunTime:0.0000s ]
SQL: SHOW COLUMNS FROM `web_article` [ RunTime:0.0000s ]
SQL: SELECT `art_title`,`id`,`art_type` FROM `web_article` WHERE ( art_type>=8 and art_type<13 )  [ RunTime:0.0000s ]
SQL: SELECT `art_title`,`id`,`art_type` FROM `web_article` WHERE ( art_type=1 )  [ RunTime:0.0000s ]
SQL: SHOW COLUMNS FROM `web_power` [ RunTime:0.0156s ]
SQL: SELECT p.pid,p.name,a.* FROM web_power as p INNER JOIN web_article as a on p.son_id=a.art_type  WHERE (  pid=92 ) AND (  a.art_type<>13 ) GROUP BY p.name ORDER BY id desc  [ RunTime:0.0000s ]
SQL: SELECT p.name FROM web_power as p INNER JOIN web_article as a on p.son_id = a.art_type  WHERE ( a.id=13 ) LIMIT 1   [ RunTime:0.0000s ]
SQL: SELECT p.pid,p.name,a.* FROM web_power as p INNER JOIN web_article as a on p.son_id=a.art_type  WHERE ( a.art_type=13 ) ORDER BY id desc  [ RunTime:0.0156s ]
SQL: SELECT * FROM `web_article` WHERE `id` = 13 LIMIT 1   [ RunTime:0.0000s ]
INFO: [ view_parse ] --START--
INFO: [ template_filter ] --START--
INFO: Run Behavior\ContentReplaceBehavior [ RunTime:0.000000s ]
INFO: [ template_filter ] --END-- [ RunTime:0.000000s ]
NOTIC: [8] Use of undefined constant ids - assumed 'ids' E:\project\lfs-master\App\Runtime\Cache\Mobile\38f57791a5cff46dd66092a6ecb73e03.php 第 85 行.
NOTIC: [8] Use of undefined constant ids - assumed 'ids' E:\project\lfs-master\App\Runtime\Cache\Mobile\38f57791a5cff46dd66092a6ecb73e03.php 第 85 行.
NOTIC: [8] Use of undefined constant ids - assumed 'ids' E:\project\lfs-master\App\Runtime\Cache\Mobile\38f57791a5cff46dd66092a6ecb73e03.php 第 85 行.
NOTIC: [8] Use of undefined constant ids - assumed 'ids' E:\project\lfs-master\App\Runtime\Cache\Mobile\38f57791a5cff46dd66092a6ecb73e03.php 第 85 行.
NOTIC: [8] Use of undefined constant ids - assumed 'ids' E:\project\lfs-master\App\Runtime\Cache\Mobile\38f57791a5cff46dd66092a6ecb73e03.php 第 85 行.
NOTIC: [8] Use of undefined constant ids - assumed 'ids' E:\project\lfs-master\App\Runtime\Cache\Mobile\38f57791a5cff46dd66092a6ecb73e03.php 第 92 行.
NOTIC: [8] Use of undefined constant ids - assumed 'ids' E:\project\lfs-master\App\Runtime\Cache\Mobile\38f57791a5cff46dd66092a6ecb73e03.php 第 92 行.
NOTIC: [8] Use of undefined constant ids - assumed 'ids' E:\project\lfs-master\App\Runtime\Cache\Mobile\38f57791a5cff46dd66092a6ecb73e03.php 第 92 行.
NOTIC: [8] Use of undefined constant ids - assumed 'ids' E:\project\lfs-master\App\Runtime\Cache\Mobile\38f57791a5cff46dd66092a6ecb73e03.php 第 92 行.
NOTIC: [8] Use of undefined constant ids - assumed 'ids' E:\project\lfs-master\App\Runtime\Cache\Mobile\38f57791a5cff46dd66092a6ecb73e03.php 第 92 行.
INFO: Run Behavior\ParseTemplateBehavior [ RunTime:0.015625s ]
INFO: [ view_parse ] --END-- [ RunTime:0.015625s ]
INFO: [ view_filter ] --START--
INFO: Run Behavior\WriteHtmlCacheBehavior [ RunTime:0.000000s ]
INFO: Run Behavior\TokenBuildBehavior [ RunTime:0.000000s ]
INFO: [ view_filter ] --END-- [ RunTime:0.000000s ]
INFO: [ app_end ] --START--
INFO: Run Behavior\ShowPageTraceBehavior [ RunTime:0.000000s ]
INFO: [ app_end ] --END-- [ RunTime:0.000000s ]

[ 2018-11-27T09:04:52+08:00 ] 47.97.216.82 /index.php/Mobile/Article/pages/id/13/ids/14.html
INFO: [ app_init ] --START--
INFO: Run Behavior\BuildLiteBehavior [ RunTime:0.000000s ]
INFO: [ app_init ] --END-- [ RunTime:0.000000s ]
INFO: [ app_begin ] --START--
INFO: Run Behavior\ReadHtmlCacheBehavior [ RunTime:0.000000s ]
INFO: Run Behavior\CronRunBehavior [ RunTime:0.000000s ]
INFO: [ app_begin ] --END-- [ RunTime:0.000000s ]
SQL: SHOW COLUMNS FROM `web_webconfig` [ RunTime:0.0000s ]
SQL: SELECT * FROM `web_webconfig` WHERE `id` = 1 LIMIT 1   [ RunTime:0.0000s ]
SQL: SHOW COLUMNS FROM `web_links` [ RunTime:0.0000s ]
SQL: SELECT * FROM `web_links`  [ RunTime:0.0000s ]
SQL: SHOW COLUMNS FROM `web_article` [ RunTime:0.0156s ]
SQL: SELECT `art_title`,`id`,`art_type` FROM `web_article` WHERE ( art_type>=8 and art_type<13 )  [ RunTime:0.0000s ]
SQL: SELECT `art_title`,`id`,`art_type` FROM `web_article` WHERE ( art_type=1 )  [ RunTime:0.0000s ]
SQL: SHOW COLUMNS FROM `web_power` [ RunTime:0.0000s ]
SQL: SELECT p.pid,p.name,a.* FROM web_power as p INNER JOIN web_article as a on p.son_id=a.art_type  WHERE (  pid=92 ) AND (  a.art_type<>13 ) GROUP BY p.name ORDER BY id desc  [ RunTime:0.0000s ]
SQL: SELECT p.name FROM web_power as p INNER JOIN web_article as a on p.son_id = a.art_type  WHERE ( a.id=14 ) LIMIT 1   [ RunTime:0.0000s ]
SQL: SELECT p.pid,p.name,a.* FROM web_power as p INNER JOIN web_article as a on p.son_id=a.art_type  WHERE ( a.art_type=14 ) ORDER BY id desc  [ RunTime:0.0156s ]
SQL: SELECT * FROM `web_article` WHERE `id` = 14 LIMIT 1   [ RunTime:0.0000s ]
INFO: [ view_parse ] --START--
INFO: [ template_filter ] --START--
INFO: Run Behavior\ContentReplaceBehavior [ RunTime:0.000000s ]
INFO: [ template_filter ] --END-- [ RunTime:0.000000s ]
NOTIC: [8] Use of undefined constant ids - assumed 'ids' E:\project\lfs-master\App\Runtime\Cache\Mobile\38f57791a5cff46dd66092a6ecb73e03.php 第 85 行.
NOTIC: [8] Use of undefined constant ids - assumed 'ids' E:\project\lfs-master\App\Runtime\Cache\Mobile\38f57791a5cff46dd66092a6ecb73e03.php 第 85 行.
NOTIC: [8] Use of undefined constant ids - assumed 'ids' E:\project\lfs-master\App\Runtime\Cache\Mobile\38f57791a5cff46dd66092a6ecb73e03.php 第 85 行.
NOTIC: [8] Use of undefined constant ids - assumed 'ids' E:\project\lfs-master\App\Runtime\Cache\Mobile\38f57791a5cff46dd66092a6ecb73e03.php 第 85 行.
NOTIC: [8] Use of undefined constant ids - assumed 'ids' E:\project\lfs-master\App\Runtime\Cache\Mobile\38f57791a5cff46dd66092a6ecb73e03.php 第 85 行.
NOTIC: [8] Use of undefined constant ids - assumed 'ids' E:\project\lfs-master\App\Runtime\Cache\Mobile\38f57791a5cff46dd66092a6ecb73e03.php 第 92 行.
NOTIC: [8] Use of undefined constant ids - assumed 'ids' E:\project\lfs-master\App\Runtime\Cache\Mobile\38f57791a5cff46dd66092a6ecb73e03.php 第 92 行.
NOTIC: [8] Use of undefined constant ids - assumed 'ids' E:\project\lfs-master\App\Runtime\Cache\Mobile\38f57791a5cff46dd66092a6ecb73e03.php 第 92 行.
NOTIC: [8] Use of undefined constant ids - assumed 'ids' E:\project\lfs-master\App\Runtime\Cache\Mobile\38f57791a5cff46dd66092a6ecb73e03.php 第 92 行.
NOTIC: [8] Use of undefined constant ids - assumed 'ids' E:\project\lfs-master\App\Runtime\Cache\Mobile\38f57791a5cff46dd66092a6ecb73e03.php 第 92 行.
INFO: Run Behavior\ParseTemplateBehavior [ RunTime:0.015625s ]
INFO: [ view_parse ] --END-- [ RunTime:0.015625s ]
INFO: [ view_filter ] --START--
INFO: Run Behavior\WriteHtmlCacheBehavior [ RunTime:0.000000s ]
INFO: Run Behavior\TokenBuildBehavior [ RunTime:0.000000s ]
INFO: [ view_filter ] --END-- [ RunTime:0.000000s ]
INFO: [ app_end ] --START--
INFO: Run Behavior\ShowPageTraceBehavior [ RunTime:0.000000s ]
INFO: [ app_end ] --END-- [ RunTime:0.000000s ]

[ 2018-11-27T09:05:39+08:00 ] 139.224.11.233 /index.php/Mobile/Article/pages/id/7/ids/65.html
INFO: [ app_init ] --START--
INFO: Run Behavior\BuildLiteBehavior [ RunTime:0.000000s ]
INFO: [ app_init ] --END-- [ RunTime:0.000000s ]
INFO: [ app_begin ] --START--
INFO: Run Behavior\ReadHtmlCacheBehavior [ RunTime:0.000000s ]
INFO: Run Behavior\CronRunBehavior [ RunTime:0.000000s ]
INFO: [ app_begin ] --END-- [ RunTime:0.000000s ]
SQL: SHOW COLUMNS FROM `web_webconfig` [ RunTime:0.0000s ]
SQL: SELECT * FROM `web_webconfig` WHERE `id` = 1 LIMIT 1   [ RunTime:0.0000s ]
SQL: SHOW COLUMNS FROM `web_links` [ RunTime:0.0156s ]
SQL: SELECT * FROM `web_links`  [ RunTime:0.0000s ]
SQL: SHOW COLUMNS FROM `web_article` [ RunTime:0.0000s ]
SQL: SELECT `art_title`,`id`,`art_type` FROM `web_article` WHERE ( art_type>=8 and art_type<13 )  [ RunTime:0.0000s ]
SQL: SELECT `art_title`,`id`,`art_type` FROM `web_article` WHERE ( art_type=1 )  [ RunTime:0.0000s ]
SQL: SHOW COLUMNS FROM `web_power` [ RunTime:0.0000s ]
SQL: SELECT p.pid,p.name,a.* FROM web_power as p INNER JOIN web_article as a on p.son_id=a.art_type  WHERE (  pid=92 ) AND (  a.art_type<>13 ) GROUP BY p.name ORDER BY id desc  [ RunTime:0.0156s ]
SQL: SELECT p.name FROM web_power as p INNER JOIN web_article as a on p.son_id = a.art_type  WHERE ( a.id=65 ) LIMIT 1   [ RunTime:0.0000s ]
SQL: SELECT p.pid,p.name,a.* FROM web_power as p INNER JOIN web_article as a on p.son_id=a.art_type  WHERE ( a.art_type=65 ) ORDER BY id desc  [ RunTime:0.0000s ]
SQL: SELECT * FROM `web_article` WHERE `id` = 65 LIMIT 1   [ RunTime:0.0000s ]
INFO: [ view_parse ] --START--
INFO: [ template_filter ] --START--
INFO: Run Behavior\ContentReplaceBehavior [ RunTime:0.000000s ]
INFO: [ template_filter ] --END-- [ RunTime:0.000000s ]
NOTIC: [8] Use of undefined constant ids - assumed 'ids' E:\project\lfs-master\App\Runtime\Cache\Mobile\38f57791a5cff46dd66092a6ecb73e03.php 第 85 行.
NOTIC: [8] Use of undefined constant ids - assumed 'ids' E:\project\lfs-master\App\Runtime\Cache\Mobile\38f57791a5cff46dd66092a6ecb73e03.php 第 85 行.
NOTIC: [8] Use of undefined constant ids - assumed 'ids' E:\project\lfs-master\App\Runtime\Cache\Mobile\38f57791a5cff46dd66092a6ecb73e03.php 第 85 行.
NOTIC: [8] Use of undefined constant ids - assumed 'ids' E:\project\lfs-master\App\Runtime\Cache\Mobile\38f57791a5cff46dd66092a6ecb73e03.php 第 85 行.
NOTIC: [8] Use of undefined constant ids - assumed 'ids' E:\project\lfs-master\App\Runtime\Cache\Mobile\38f57791a5cff46dd66092a6ecb73e03.php 第 85 行.
NOTIC: [8] Use of undefined constant ids - assumed 'ids' E:\project\lfs-master\App\Runtime\Cache\Mobile\38f57791a5cff46dd66092a6ecb73e03.php 第 92 行.
NOTIC: [8] Use of undefined constant ids - assumed 'ids' E:\project\lfs-master\App\Runtime\Cache\Mobile\38f57791a5cff46dd66092a6ecb73e03.php 第 92 行.
NOTIC: [8] Use of undefined constant ids - assumed 'ids' E:\project\lfs-master\App\Runtime\Cache\Mobile\38f57791a5cff46dd66092a6ecb73e03.php 第 92 行.
NOTIC: [8] Use of undefined constant ids - assumed 'ids' E:\project\lfs-master\App\Runtime\Cache\Mobile\38f57791a5cff46dd66092a6ecb73e03.php 第 92 行.
NOTIC: [8] Use of undefined constant ids - assumed 'ids' E:\project\lfs-master\App\Runtime\Cache\Mobile\38f57791a5cff46dd66092a6ecb73e03.php 第 92 行.
INFO: Run Behavior\ParseTemplateBehavior [ RunTime:0.015625s ]
INFO: [ view_parse ] --END-- [ RunTime:0.015625s ]
INFO: [ view_filter ] --START--
INFO: Run Behavior\WriteHtmlCacheBehavior [ RunTime:0.000000s ]
INFO: Run Behavior\TokenBuildBehavior [ RunTime:0.000000s ]
INFO: [ view_filter ] --END-- [ RunTime:0.000000s ]
INFO: [ app_end ] --START--
INFO: Run Behavior\ShowPageTraceBehavior [ RunTime:0.000000s ]
INFO: [ app_end ] --END-- [ RunTime:0.000000s ]

[ 2018-11-27T09:39:55+08:00 ] 47.92.105.73 /index.php/mobile/article/activity/id/7/ids/113.html
INFO: [ app_init ] --START--
INFO: Run Behavior\BuildLiteBehavior [ RunTime:0.000000s ]
INFO: [ app_init ] --END-- [ RunTime:0.000000s ]
INFO: [ app_begin ] --START--
INFO: Run Behavior\ReadHtmlCacheBehavior [ RunTime:0.015625s ]
INFO: Run Behavior\CronRunBehavior [ RunTime:0.000000s ]
INFO: [ app_begin ] --END-- [ RunTime:0.015625s ]
SQL: SHOW COLUMNS FROM `web_webconfig` [ RunTime:0.0000s ]
SQL: SELECT * FROM `web_webconfig` WHERE `id` = 1 LIMIT 1   [ RunTime:0.0000s ]
SQL: SHOW COLUMNS FROM `web_links` [ RunTime:0.0000s ]
SQL: SELECT * FROM `web_links`  [ RunTime:0.0000s ]
SQL: SHOW COLUMNS FROM `web_article` [ RunTime:0.0156s ]
SQL: SELECT `art_title`,`id`,`art_type` FROM `web_article` WHERE ( art_type>=8 and art_type<13 )  [ RunTime:0.0000s ]
SQL: SELECT `art_title`,`id`,`art_type` FROM `web_article` WHERE ( art_type=1 )  [ RunTime:0.0000s ]
SQL: SHOW COLUMNS FROM `web_power` [ RunTime:0.0000s ]
SQL: SELECT p.pid,p.name,a.* FROM web_power as p INNER JOIN web_article as a on p.son_id=a.art_type  WHERE (  pid=92 ) AND (  a.art_type<>13 ) GROUP BY p.name ORDER BY id desc  [ RunTime:0.0000s ]
SQL: SELECT p.name FROM web_power as p INNER JOIN web_article as a on p.son_id = a.art_type  WHERE ( a.id=113 ) LIMIT 1   [ RunTime:0.0000s ]
SQL: SELECT p.pid,p.name,a.* FROM web_power as p INNER JOIN web_article as a on p.son_id=a.art_type  WHERE ( a.art_type=113 ) ORDER BY id desc  [ RunTime:0.0156s ]
SQL: SELECT * FROM `web_article` WHERE `id` = 113 LIMIT 1   [ RunTime:0.0000s ]
INFO: [ view_parse ] --START--
INFO: [ template_filter ] --START--
INFO: Run Behavior\ContentReplaceBehavior [ RunTime:0.000000s ]
INFO: [ template_filter ] --END-- [ RunTime:0.000000s ]
NOTIC: [8] Use of undefined constant ids - assumed 'ids' E:\project\lfs-master\App\Runtime\Cache\Mobile\a598dc77264ab16aad6d4a7cc59bc4ec.php 第 45 行.
NOTIC: [8] Use of undefined constant ids - assumed 'ids' E:\project\lfs-master\App\Runtime\Cache\Mobile\a598dc77264ab16aad6d4a7cc59bc4ec.php 第 45 行.
NOTIC: [8] Use of undefined constant ids - assumed 'ids' E:\project\lfs-master\App\Runtime\Cache\Mobile\a598dc77264ab16aad6d4a7cc59bc4ec.php 第 45 行.
NOTIC: [8] Use of undefined constant ids - assumed 'ids' E:\project\lfs-master\App\Runtime\Cache\Mobile\a598dc77264ab16aad6d4a7cc59bc4ec.php 第 45 行.
NOTIC: [8] Use of undefined constant ids - assumed 'ids' E:\project\lfs-master\App\Runtime\Cache\Mobile\a598dc77264ab16aad6d4a7cc59bc4ec.php 第 45 行.
INFO: Run Behavior\ParseTemplateBehavior [ RunTime:0.000000s ]
INFO: [ view_parse ] --END-- [ RunTime:0.000000s ]
INFO: [ view_filter ] --START--
INFO: Run Behavior\WriteHtmlCacheBehavior [ RunTime:0.000000s ]
INFO: Run Behavior\TokenBuildBehavior [ RunTime:0.000000s ]
INFO: [ view_filter ] --END-- [ RunTime:0.000000s ]
INFO: [ app_end ] --START--
INFO: Run Behavior\ShowPageTraceBehavior [ RunTime:0.000000s ]
INFO: [ app_end ] --END-- [ RunTime:0.000000s ]

[ 2018-11-27T09:48:37+08:00 ] 101.132.177.30 /index.php/Mobile/Article/pages/id/13/ids/21.html
INFO: [ app_init ] --START--
INFO: Run Behavior\BuildLiteBehavior [ RunTime:0.000000s ]
INFO: [ app_init ] --END-- [ RunTime:0.000000s ]
INFO: [ app_begin ] --START--
INFO: Run Behavior\ReadHtmlCacheBehavior [ RunTime:0.015625s ]
INFO: Run Behavior\CronRunBehavior [ RunTime:0.000000s ]
INFO: [ app_begin ] --END-- [ RunTime:0.015625s ]
SQL: SHOW COLUMNS FROM `web_webconfig` [ RunTime:0.0156s ]
SQL: SELECT * FROM `web_webconfig` WHERE `id` = 1 LIMIT 1   [ RunTime:0.0000s ]
SQL: SHOW COLUMNS FROM `web_links` [ RunTime:0.0000s ]
SQL: SELECT * FROM `web_links`  [ RunTime:0.0000s ]
SQL: SHOW COLUMNS FROM `web_article` [ RunTime:0.0156s ]
SQL: SELECT `art_title`,`id`,`art_type` FROM `web_article` WHERE ( art_type>=8 and art_type<13 )  [ RunTime:0.0000s ]
SQL: SELECT `art_title`,`id`,`art_type` FROM `web_article` WHERE ( art_type=1 )  [ RunTime:0.0000s ]
SQL: SHOW COLUMNS FROM `web_power` [ RunTime:0.0000s ]
SQL: SELECT p.pid,p.name,a.* FROM web_power as p INNER JOIN web_article as a on p.son_id=a.art_type  WHERE (  pid=92 ) AND (  a.art_type<>13 ) GROUP BY p.name ORDER BY id desc  [ RunTime:0.0000s ]
SQL: SELECT p.name FROM web_power as p INNER JOIN web_article as a on p.son_id = a.art_type  WHERE ( a.id=21 ) LIMIT 1   [ RunTime:0.0000s ]
SQL: SELECT p.pid,p.name,a.* FROM web_power as p INNER JOIN web_article as a on p.son_id=a.art_type  WHERE ( a.art_type=21 ) ORDER BY id desc  [ RunTime:0.0156s ]
SQL: SELECT * FROM `web_article` WHERE `id` = 21 LIMIT 1   [ RunTime:0.0000s ]
INFO: [ view_parse ] --START--
INFO: [ template_filter ] --START--
INFO: Run Behavior\ContentReplaceBehavior [ RunTime:0.000000s ]
INFO: [ template_filter ] --END-- [ RunTime:0.000000s ]
NOTIC: [8] Use of undefined constant ids - assumed 'ids' E:\project\lfs-master\App\Runtime\Cache\Mobile\38f57791a5cff46dd66092a6ecb73e03.php 第 85 行.
NOTIC: [8] Use of undefined constant ids - assumed 'ids' E:\project\lfs-master\App\Runtime\Cache\Mobile\38f57791a5cff46dd66092a6ecb73e03.php 第 85 行.
NOTIC: [8] Use of undefined constant ids - assumed 'ids' E:\project\lfs-master\App\Runtime\Cache\Mobile\38f57791a5cff46dd66092a6ecb73e03.php 第 85 行.
NOTIC: [8] Use of undefined constant ids - assumed 'ids' E:\project\lfs-master\App\Runtime\Cache\Mobile\38f57791a5cff46dd66092a6ecb73e03.php 第 85 行.
NOTIC: [8] Use of undefined constant ids - assumed 'ids' E:\project\lfs-master\App\Runtime\Cache\Mobile\38f57791a5cff46dd66092a6ecb73e03.php 第 85 行.
NOTIC: [8] Use of undefined constant ids - assumed 'ids' E:\project\lfs-master\App\Runtime\Cache\Mobile\38f57791a5cff46dd66092a6ecb73e03.php 第 92 行.
NOTIC: [8] Use of undefined constant ids - assumed 'ids' E:\project\lfs-master\App\Runtime\Cache\Mobile\38f57791a5cff46dd66092a6ecb73e03.php 第 92 行.
NOTIC: [8] Use of undefined constant ids - assumed 'ids' E:\project\lfs-master\App\Runtime\Cache\Mobile\38f57791a5cff46dd66092a6ecb73e03.php 第 92 行.
NOTIC: [8] Use of undefined constant ids - assumed 'ids' E:\project\lfs-master\App\Runtime\Cache\Mobile\38f57791a5cff46dd66092a6ecb73e03.php 第 92 行.
NOTIC: [8] Use of undefined constant ids - assumed 'ids' E:\project\lfs-master\App\Runtime\Cache\Mobile\38f57791a5cff46dd66092a6ecb73e03.php 第 92 行.
INFO: Run Behavior\ParseTemplateBehavior [ RunTime:0.000000s ]
INFO: [ view_parse ] --END-- [ RunTime:0.015625s ]
INFO: [ view_filter ] --START--
INFO: Run Behavior\WriteHtmlCacheBehavior [ RunTime:0.000000s ]
INFO: Run Behavior\TokenBuildBehavior [ RunTime:0.000000s ]
INFO: [ view_filter ] --END-- [ RunTime:0.000000s ]
INFO: [ app_end ] --START--
INFO: Run Behavior\ShowPageTraceBehavior [ RunTime:0.000000s ]
INFO: [ app_end ] --END-- [ RunTime:0.000000s ]

[ 2018-11-27T09:51:20+08:00 ] 47.96.12.13 /index.php/Mobile/Article/pages/id/9/ids/18.html
INFO: [ app_init ] --START--
INFO: Run Behavior\BuildLiteBehavior [ RunTime:0.000000s ]
INFO: [ app_init ] --END-- [ RunTime:0.000000s ]
INFO: [ app_begin ] --START--
INFO: Run Behavior\ReadHtmlCacheBehavior [ RunTime:0.000000s ]
INFO: Run Behavior\CronRunBehavior [ RunTime:0.000000s ]
INFO: [ app_begin ] --END-- [ RunTime:0.000000s ]
SQL: SHOW COLUMNS FROM `web_webconfig` [ RunTime:0.0000s ]
SQL: SELECT * FROM `web_webconfig` WHERE `id` = 1 LIMIT 1   [ RunTime:0.0000s ]
SQL: SHOW COLUMNS FROM `web_links` [ RunTime:0.0156s ]
SQL: SELECT * FROM `web_links`  [ RunTime:0.0000s ]
SQL: SHOW COLUMNS FROM `web_article` [ RunTime:0.0000s ]
SQL: SELECT `art_title`,`id`,`art_type` FROM `web_article` WHERE ( art_type>=8 and art_type<13 )  [ RunTime:0.0000s ]
SQL: SELECT `art_title`,`id`,`art_type` FROM `web_article` WHERE ( art_type=1 )  [ RunTime:0.0000s ]
SQL: SHOW COLUMNS FROM `web_power` [ RunTime:0.0000s ]
SQL: SELECT p.pid,p.name,a.* FROM web_power as p INNER JOIN web_article as a on p.son_id=a.art_type  WHERE (  pid=92 ) AND (  a.art_type<>13 ) GROUP BY p.name ORDER BY id desc  [ RunTime:0.0156s ]
SQL: SELECT p.name FROM web_power as p INNER JOIN web_article as a on p.son_id = a.art_type  WHERE ( a.id=18 ) LIMIT 1   [ RunTime:0.0000s ]
SQL: SELECT p.pid,p.name,a.* FROM web_power as p INNER JOIN web_article as a on p.son_id=a.art_type  WHERE ( a.art_type=18 ) ORDER BY id desc  [ RunTime:0.0000s ]
SQL: SELECT * FROM `web_article` WHERE `id` = 18 LIMIT 1   [ RunTime:0.0000s ]
INFO: [ view_parse ] --START--
INFO: [ template_filter ] --START--
INFO: Run Behavior\ContentReplaceBehavior [ RunTime:0.000000s ]
INFO: [ template_filter ] --END-- [ RunTime:0.000000s ]
NOTIC: [8] Use of undefined constant ids - assumed 'ids' E:\project\lfs-master\App\Runtime\Cache\Mobile\38f57791a5cff46dd66092a6ecb73e03.php 第 85 行.
NOTIC: [8] Use of undefined constant ids - assumed 'ids' E:\project\lfs-master\App\Runtime\Cache\Mobile\38f57791a5cff46dd66092a6ecb73e03.php 第 85 行.
NOTIC: [8] Use of undefined constant ids - assumed 'ids' E:\project\lfs-master\App\Runtime\Cache\Mobile\38f57791a5cff46dd66092a6ecb73e03.php 第 85 行.
NOTIC: [8] Use of undefined constant ids - assumed 'ids' E:\project\lfs-master\App\Runtime\Cache\Mobile\38f57791a5cff46dd66092a6ecb73e03.php 第 85 行.
NOTIC: [8] Use of undefined constant ids - assumed 'ids' E:\project\lfs-master\App\Runtime\Cache\Mobile\38f57791a5cff46dd66092a6ecb73e03.php 第 85 行.
NOTIC: [8] Use of undefined constant ids - assumed 'ids' E:\project\lfs-master\App\Runtime\Cache\Mobile\38f57791a5cff46dd66092a6ecb73e03.php 第 92 行.
NOTIC: [8] Use of undefined constant ids - assumed 'ids' E:\project\lfs-master\App\Runtime\Cache\Mobile\38f57791a5cff46dd66092a6ecb73e03.php 第 92 行.
NOTIC: [8] Use of undefined constant ids - assumed 'ids' E:\project\lfs-master\App\Runtime\Cache\Mobile\38f57791a5cff46dd66092a6ecb73e03.php 第 92 行.
NOTIC: [8] Use of undefined constant ids - assumed 'ids' E:\project\lfs-master\App\Runtime\Cache\Mobile\38f57791a5cff46dd66092a6ecb73e03.php 第 92 行.
NOTIC: [8] Use of undefined constant ids - assumed 'ids' E:\project\lfs-master\App\Runtime\Cache\Mobile\38f57791a5cff46dd66092a6ecb73e03.php 第 92 行.
INFO: Run Behavior\ParseTemplateBehavior [ RunTime:0.015625s ]
INFO: [ view_parse ] --END-- [ RunTime:0.015625s ]
INFO: [ view_filter ] --START--
INFO: Run Behavior\WriteHtmlCacheBehavior [ RunTime:0.000000s ]
INFO: Run Behavior\TokenBuildBehavior [ RunTime:0.000000s ]
INFO: [ view_filter ] --END-- [ RunTime:0.000000s ]
INFO: [ app_end ] --START--
INFO: Run Behavior\ShowPageTraceBehavior [ RunTime:0.000000s ]
INFO: [ app_end ] --END-- [ RunTime:0.000000s ]

[ 2018-11-27T09:57:47+08:00 ] 116.62.215.53 /index.php/Mobile/Article/pages/id/13/ids/9.html
INFO: [ app_init ] --START--
INFO: Run Behavior\BuildLiteBehavior [ RunTime:0.000000s ]
INFO: [ app_init ] --END-- [ RunTime:0.000000s ]
INFO: [ app_begin ] --START--
INFO: Run Behavior\ReadHtmlCacheBehavior [ RunTime:0.000000s ]
INFO: Run Behavior\CronRunBehavior [ RunTime:0.000000s ]
INFO: [ app_begin ] --END-- [ RunTime:0.000000s ]
SQL: SHOW COLUMNS FROM `web_webconfig` [ RunTime:0.0000s ]
SQL: SELECT * FROM `web_webconfig` WHERE `id` = 1 LIMIT 1   [ RunTime:0.0000s ]
SQL: SHOW COLUMNS FROM `web_links` [ RunTime:0.0000s ]
SQL: SELECT * FROM `web_links`  [ RunTime:0.0000s ]
SQL: SHOW COLUMNS FROM `web_article` [ RunTime:0.0156s ]
SQL: SELECT `art_title`,`id`,`art_type` FROM `web_article` WHERE ( art_type>=8 and art_type<13 )  [ RunTime:0.0000s ]
SQL: SELECT `art_title`,`id`,`art_type` FROM `web_article` WHERE ( art_type=1 )  [ RunTime:0.0000s ]
SQL: SHOW COLUMNS FROM `web_power` [ RunTime:0.0000s ]
SQL: SELECT p.pid,p.name,a.* FROM web_power as p INNER JOIN web_article as a on p.son_id=a.art_type  WHERE (  pid=92 ) AND (  a.art_type<>13 ) GROUP BY p.name ORDER BY id desc  [ RunTime:0.0156s ]
SQL: SELECT p.name FROM web_power as p INNER JOIN web_article as a on p.son_id = a.art_type  WHERE ( a.id=9 ) LIMIT 1   [ RunTime:0.0000s ]
SQL: SELECT p.pid,p.name,a.* FROM web_power as p INNER JOIN web_article as a on p.son_id=a.art_type  WHERE ( a.art_type=9 ) ORDER BY id desc  [ RunTime:0.0000s ]
SQL: SELECT * FROM `web_article` WHERE `id` = 9 LIMIT 1   [ RunTime:0.0000s ]
INFO: [ view_parse ] --START--
INFO: [ template_filter ] --START--
INFO: Run Behavior\ContentReplaceBehavior [ RunTime:0.000000s ]
INFO: [ template_filter ] --END-- [ RunTime:0.000000s ]
NOTIC: [8] Use of undefined constant ids - assumed 'ids' E:\project\lfs-master\App\Runtime\Cache\Mobile\38f57791a5cff46dd66092a6ecb73e03.php 第 85 行.
NOTIC: [8] Use of undefined constant ids - assumed 'ids' E:\project\lfs-master\App\Runtime\Cache\Mobile\38f57791a5cff46dd66092a6ecb73e03.php 第 85 行.
NOTIC: [8] Use of undefined constant ids - assumed 'ids' E:\project\lfs-master\App\Runtime\Cache\Mobile\38f57791a5cff46dd66092a6ecb73e03.php 第 85 行.
NOTIC: [8] Use of undefined constant ids - assumed 'ids' E:\project\lfs-master\App\Runtime\Cache\Mobile\38f57791a5cff46dd66092a6ecb73e03.php 第 85 行.
NOTIC: [8] Use of undefined constant ids - assumed 'ids' E:\project\lfs-master\App\Runtime\Cache\Mobile\38f57791a5cff46dd66092a6ecb73e03.php 第 85 行.
NOTIC: [8] Use of undefined constant ids - assumed 'ids' E:\project\lfs-master\App\Runtime\Cache\Mobile\38f57791a5cff46dd66092a6ecb73e03.php 第 92 行.
NOTIC: [8] Use of undefined constant ids - assumed 'ids' E:\project\lfs-master\App\Runtime\Cache\Mobile\38f57791a5cff46dd66092a6ecb73e03.php 第 92 行.
NOTIC: [8] Use of undefined constant ids - assumed 'ids' E:\project\lfs-master\App\Runtime\Cache\Mobile\38f57791a5cff46dd66092a6ecb73e03.php 第 92 行.
NOTIC: [8] Use of undefined constant ids - assumed 'ids' E:\project\lfs-master\App\Runtime\Cache\Mobile\38f57791a5cff46dd66092a6ecb73e03.php 第 92 行.
NOTIC: [8] Use of undefined constant ids - assumed 'ids' E:\project\lfs-master\App\Runtime\Cache\Mobile\38f57791a5cff46dd66092a6ecb73e03.php 第 92 行.
INFO: Run Behavior\ParseTemplateBehavior [ RunTime:0.015625s ]
INFO: [ view_parse ] --END-- [ RunTime:0.015625s ]
INFO: [ view_filter ] --START--
INFO: Run Behavior\WriteHtmlCacheBehavior [ RunTime:0.000000s ]
INFO: Run Behavior\TokenBuildBehavior [ RunTime:0.000000s ]
INFO: [ view_filter ] --END-- [ RunTime:0.000000s ]
INFO: [ app_end ] --START--
INFO: Run Behavior\ShowPageTraceBehavior [ RunTime:0.000000s ]
INFO: [ app_end ] --END-- [ RunTime:0.000000s ]

[ 2018-11-27T09:58:03+08:00 ] 101.132.131.7 /index.php/Mobile/Article/pages/id/7/ids/78.html
INFO: [ app_init ] --START--
INFO: Run Behavior\BuildLiteBehavior [ RunTime:0.000000s ]
INFO: [ app_init ] --END-- [ RunTime:0.000000s ]
INFO: [ app_begin ] --START--
INFO: Run Behavior\ReadHtmlCacheBehavior [ RunTime:0.000000s ]
INFO: Run Behavior\CronRunBehavior [ RunTime:0.000000s ]
INFO: [ app_begin ] --END-- [ RunTime:0.000000s ]
SQL: SHOW COLUMNS FROM `web_webconfig` [ RunTime:0.0000s ]
SQL: SELECT * FROM `web_webconfig` WHERE `id` = 1 LIMIT 1   [ RunTime:0.0000s ]
SQL: SHOW COLUMNS FROM `web_links` [ RunTime:0.0156s ]
SQL: SELECT * FROM `web_links`  [ RunTime:0.0000s ]
SQL: SHOW COLUMNS FROM `web_article` [ RunTime:0.0000s ]
SQL: SELECT `art_title`,`id`,`art_type` FROM `web_article` WHERE ( art_type>=8 and art_type<13 )  [ RunTime:0.0000s ]
SQL: SELECT `art_title`,`id`,`art_type` FROM `web_article` WHERE ( art_type=1 )  [ RunTime:0.0000s ]
SQL: SHOW COLUMNS FROM `web_power` [ RunTime:0.0000s ]
SQL: SELECT p.pid,p.name,a.* FROM web_power as p INNER JOIN web_article as a on p.son_id=a.art_type  WHERE (  pid=92 ) AND (  a.art_type<>13 ) GROUP BY p.name ORDER BY id desc  [ RunTime:0.0156s ]
SQL: SELECT p.name FROM web_power as p INNER JOIN web_article as a on p.son_id = a.art_type  WHERE ( a.id=78 ) LIMIT 1   [ RunTime:0.0000s ]
SQL: SELECT p.pid,p.name,a.* FROM web_power as p INNER JOIN web_article as a on p.son_id=a.art_type  WHERE ( a.art_type=78 ) ORDER BY id desc  [ RunTime:0.0000s ]
SQL: SELECT * FROM `web_article` WHERE `id` = 78 LIMIT 1   [ RunTime:0.0000s ]
INFO: [ view_parse ] --START--
INFO: [ template_filter ] --START--
INFO: Run Behavior\ContentReplaceBehavior [ RunTime:0.000000s ]
INFO: [ template_filter ] --END-- [ RunTime:0.000000s ]
NOTIC: [8] Use of undefined constant ids - assumed 'ids' E:\project\lfs-master\App\Runtime\Cache\Mobile\38f57791a5cff46dd66092a6ecb73e03.php 第 85 行.
NOTIC: [8] Use of undefined constant ids - assumed 'ids' E:\project\lfs-master\App\Runtime\Cache\Mobile\38f57791a5cff46dd66092a6ecb73e03.php 第 85 行.
NOTIC: [8] Use of undefined constant ids - assumed 'ids' E:\project\lfs-master\App\Runtime\Cache\Mobile\38f57791a5cff46dd66092a6ecb73e03.php 第 85 行.
NOTIC: [8] Use of undefined constant ids - assumed 'ids' E:\project\lfs-master\App\Runtime\Cache\Mobile\38f57791a5cff46dd66092a6ecb73e03.php 第 85 行.
NOTIC: [8] Use of undefined constant ids - assumed 'ids' E:\project\lfs-master\App\Runtime\Cache\Mobile\38f57791a5cff46dd66092a6ecb73e03.php 第 85 行.
NOTIC: [8] Use of undefined constant ids - assumed 'ids' E:\project\lfs-master\App\Runtime\Cache\Mobile\38f57791a5cff46dd66092a6ecb73e03.php 第 92 行.
NOTIC: [8] Use of undefined constant ids - assumed 'ids' E:\project\lfs-master\App\Runtime\Cache\Mobile\38f57791a5cff46dd66092a6ecb73e03.php 第 92 行.
NOTIC: [8] Use of undefined constant ids - assumed 'ids' E:\project\lfs-master\App\Runtime\Cache\Mobile\38f57791a5cff46dd66092a6ecb73e03.php 第 92 行.
NOTIC: [8] Use of undefined constant ids - assumed 'ids' E:\project\lfs-master\App\Runtime\Cache\Mobile\38f57791a5cff46dd66092a6ecb73e03.php 第 92 行.
NOTIC: [8] Use of undefined constant ids - assumed 'ids' E:\project\lfs-master\App\Runtime\Cache\Mobile\38f57791a5cff46dd66092a6ecb73e03.php 第 92 行.
INFO: Run Behavior\ParseTemplateBehavior [ RunTime:0.015625s ]
INFO: [ view_parse ] --END-- [ RunTime:0.015625s ]
INFO: [ view_filter ] --START--
INFO: Run Behavior\WriteHtmlCacheBehavior [ RunTime:0.000000s ]
INFO: Run Behavior\TokenBuildBehavior [ RunTime:0.000000s ]
INFO: [ view_filter ] --END-- [ RunTime:0.000000s ]
INFO: [ app_end ] --START--
INFO: Run Behavior\ShowPageTraceBehavior [ RunTime:0.000000s ]
INFO: [ app_end ] --END-- [ RunTime:0.000000s ]

[ 2018-11-27T10:04:16+08:00 ] 101.132.188.111 /index.php/Mobile/Index/index.html
INFO: [ app_init ] --START--
INFO: Run Behavior\BuildLiteBehavior [ RunTime:0.000000s ]
INFO: [ app_init ] --END-- [ RunTime:0.000000s ]
INFO: [ app_begin ] --START--
INFO: Run Behavior\ReadHtmlCacheBehavior [ RunTime:0.000000s ]
INFO: Run Behavior\CronRunBehavior [ RunTime:0.000000s ]
INFO: [ app_begin ] --END-- [ RunTime:0.000000s ]
SQL: SHOW COLUMNS FROM `web_webconfig` [ RunTime:0.0000s ]
SQL: SELECT * FROM `web_webconfig` WHERE `id` = 1 LIMIT 1   [ RunTime:0.0000s ]
SQL: SHOW COLUMNS FROM `web_links` [ RunTime:0.0156s ]
SQL: SELECT * FROM `web_links`  [ RunTime:0.0000s ]
SQL: SHOW COLUMNS FROM `web_article` [ RunTime:0.0000s ]
SQL: SHOW COLUMNS FROM `web_picture` [ RunTime:0.0000s ]
SQL: SHOW COLUMNS FROM `web_print` [ RunTime:0.0156s ]
SQL: SELECT * FROM `web_picture` WHERE `type` = 1 AND `status` = 1 ORDER BY id desc LIMIT 3   [ RunTime:0.0000s ]
SQL: SELECT * FROM `web_print` ORDER BY id desc LIMIT 4   [ RunTime:0.0000s ]
SQL: SELECT `art_title`,`id`,`art_type`,`art_info`,`art_img` FROM `web_article` WHERE ( art_type=7 ) ORDER BY id desc LIMIT 4   [ RunTime:0.0000s ]
INFO: [ view_parse ] --START--
INFO: [ template_filter ] --START--
INFO: Run Behavior\ContentReplaceBehavior [ RunTime:0.000000s ]
INFO: [ template_filter ] --END-- [ RunTime:0.000000s ]
NOTIC: [8] Use of undefined constant ids - assumed 'ids' E:\project\lfs-master\App\Runtime\Cache\Mobile\eaaa4603e659289cf24a7ed1f615185e.php 第 201 行.
NOTIC: [8] Use of undefined constant ids - assumed 'ids' E:\project\lfs-master\App\Runtime\Cache\Mobile\eaaa4603e659289cf24a7ed1f615185e.php 第 201 行.
NOTIC: [8] Use of undefined constant ids - assumed 'ids' E:\project\lfs-master\App\Runtime\Cache\Mobile\eaaa4603e659289cf24a7ed1f615185e.php 第 201 行.
NOTIC: [8] Use of undefined constant ids - assumed 'ids' E:\project\lfs-master\App\Runtime\Cache\Mobile\eaaa4603e659289cf24a7ed1f615185e.php 第 201 行.
INFO: Run Behavior\ParseTemplateBehavior [ RunTime:0.015625s ]
INFO: [ view_parse ] --END-- [ RunTime:0.015625s ]
INFO: [ view_filter ] --START--
INFO: Run Behavior\WriteHtmlCacheBehavior [ RunTime:0.000000s ]
INFO: Run Behavior\TokenBuildBehavior [ RunTime:0.000000s ]
INFO: [ view_filter ] --END-- [ RunTime:0.000000s ]
INFO: [ app_end ] --START--
INFO: Run Behavior\ShowPageTraceBehavior [ RunTime:0.000000s ]
INFO: [ app_end ] --END-- [ RunTime:0.000000s ]

[ 2018-11-27T10:15:26+08:00 ] 47.100.100.21 /index.php/Mobile/Article/pages/id/7/ids/80.html
INFO: [ app_init ] --START--
INFO: Run Behavior\BuildLiteBehavior [ RunTime:0.000000s ]
INFO: [ app_init ] --END-- [ RunTime:0.000000s ]
INFO: [ app_begin ] --START--
INFO: Run Behavior\ReadHtmlCacheBehavior [ RunTime:0.000000s ]
INFO: Run Behavior\CronRunBehavior [ RunTime:0.000000s ]
INFO: [ app_begin ] --END-- [ RunTime:0.000000s ]
SQL: SHOW COLUMNS FROM `web_webconfig` [ RunTime:0.0000s ]
SQL: SELECT * FROM `web_webconfig` WHERE `id` = 1 LIMIT 1   [ RunTime:0.0000s ]
SQL: SHOW COLUMNS FROM `web_links` [ RunTime:0.0156s ]
SQL: SELECT * FROM `web_links`  [ RunTime:0.0000s ]
SQL: SHOW COLUMNS FROM `web_article` [ RunTime:0.0000s ]
SQL: SELECT `art_title`,`id`,`art_type` FROM `web_article` WHERE ( art_type>=8 and art_type<13 )  [ RunTime:0.0000s ]
SQL: SELECT `art_title`,`id`,`art_type` FROM `web_article` WHERE ( art_type=1 )  [ RunTime:0.0000s ]
SQL: SHOW COLUMNS FROM `web_power` [ RunTime:0.0000s ]
SQL: SELECT p.pid,p.name,a.* FROM web_power as p INNER JOIN web_article as a on p.son_id=a.art_type  WHERE (  pid=92 ) AND (  a.art_type<>13 ) GROUP BY p.name ORDER BY id desc  [ RunTime:0.0156s ]
SQL: SELECT p.name FROM web_power as p INNER JOIN web_article as a on p.son_id = a.art_type  WHERE ( a.id=80 ) LIMIT 1   [ RunTime:0.0000s ]
SQL: SELECT p.pid,p.name,a.* FROM web_power as p INNER JOIN web_article as a on p.son_id=a.art_type  WHERE ( a.art_type=80 ) ORDER BY id desc  [ RunTime:0.0000s ]
SQL: SELECT * FROM `web_article` WHERE `id` = 80 LIMIT 1   [ RunTime:0.0000s ]
INFO: [ view_parse ] --START--
INFO: [ template_filter ] --START--
INFO: Run Behavior\ContentReplaceBehavior [ RunTime:0.000000s ]
INFO: [ template_filter ] --END-- [ RunTime:0.000000s ]
NOTIC: [8] Use of undefined constant ids - assumed 'ids' E:\project\lfs-master\App\Runtime\Cache\Mobile\38f57791a5cff46dd66092a6ecb73e03.php 第 85 行.
NOTIC: [8] Use of undefined constant ids - assumed 'ids' E:\project\lfs-master\App\Runtime\Cache\Mobile\38f57791a5cff46dd66092a6ecb73e03.php 第 85 行.
NOTIC: [8] Use of undefined constant ids - assumed 'ids' E:\project\lfs-master\App\Runtime\Cache\Mobile\38f57791a5cff46dd66092a6ecb73e03.php 第 85 行.
NOTIC: [8] Use of undefined constant ids - assumed 'ids' E:\project\lfs-master\App\Runtime\Cache\Mobile\38f57791a5cff46dd66092a6ecb73e03.php 第 85 行.
NOTIC: [8] Use of undefined constant ids - assumed 'ids' E:\project\lfs-master\App\Runtime\Cache\Mobile\38f57791a5cff46dd66092a6ecb73e03.php 第 85 行.
NOTIC: [8] Use of undefined constant ids - assumed 'ids' E:\project\lfs-master\App\Runtime\Cache\Mobile\38f57791a5cff46dd66092a6ecb73e03.php 第 92 行.
NOTIC: [8] Use of undefined constant ids - assumed 'ids' E:\project\lfs-master\App\Runtime\Cache\Mobile\38f57791a5cff46dd66092a6ecb73e03.php 第 92 行.
NOTIC: [8] Use of undefined constant ids - assumed 'ids' E:\project\lfs-master\App\Runtime\Cache\Mobile\38f57791a5cff46dd66092a6ecb73e03.php 第 92 行.
NOTIC: [8] Use of undefined constant ids - assumed 'ids' E:\project\lfs-master\App\Runtime\Cache\Mobile\38f57791a5cff46dd66092a6ecb73e03.php 第 92 行.
NOTIC: [8] Use of undefined constant ids - assumed 'ids' E:\project\lfs-master\App\Runtime\Cache\Mobile\38f57791a5cff46dd66092a6ecb73e03.php 第 92 行.
INFO: Run Behavior\ParseTemplateBehavior [ RunTime:0.015625s ]
INFO: [ view_parse ] --END-- [ RunTime:0.015625s ]
INFO: [ view_filter ] --START--
INFO: Run Behavior\WriteHtmlCacheBehavior [ RunTime:0.000000s ]
INFO: Run Behavior\TokenBuildBehavior [ RunTime:0.000000s ]
INFO: [ view_filter ] --END-- [ RunTime:0.000000s ]
INFO: [ app_end ] --START--
INFO: Run Behavior\ShowPageTraceBehavior [ RunTime:0.000000s ]
INFO: [ app_end ] --END-- [ RunTime:0.000000s ]

[ 2018-11-27T10:21:04+08:00 ] 39.107.127.149 /Mobile/Index/index.html
INFO: [ app_init ] --START--
INFO: Run Behavior\BuildLiteBehavior [ RunTime:0.000000s ]
INFO: [ app_init ] --END-- [ RunTime:0.015625s ]
INFO: [ app_begin ] --START--
INFO: Run Behavior\ReadHtmlCacheBehavior [ RunTime:0.000000s ]
INFO: Run Behavior\CronRunBehavior [ RunTime:0.000000s ]
INFO: [ app_begin ] --END-- [ RunTime:0.000000s ]
SQL: SHOW COLUMNS FROM `web_webconfig` [ RunTime:0.0000s ]
SQL: SELECT * FROM `web_webconfig` WHERE `id` = 1 LIMIT 1   [ RunTime:0.0000s ]
SQL: SHOW COLUMNS FROM `web_links` [ RunTime:0.0156s ]
SQL: SELECT * FROM `web_links`  [ RunTime:0.0000s ]
SQL: SHOW COLUMNS FROM `web_article` [ RunTime:0.0000s ]
SQL: SHOW COLUMNS FROM `web_picture` [ RunTime:0.0000s ]
SQL: SHOW COLUMNS FROM `web_print` [ RunTime:0.0156s ]
SQL: SELECT * FROM `web_picture` WHERE `type` = 1 AND `status` = 1 ORDER BY id desc LIMIT 3   [ RunTime:0.0000s ]
SQL: SELECT * FROM `web_print` ORDER BY id desc LIMIT 4   [ RunTime:0.0000s ]
SQL: SELECT `art_title`,`id`,`art_type`,`art_info`,`art_img` FROM `web_article` WHERE ( art_type=7 ) ORDER BY id desc LIMIT 4   [ RunTime:0.0000s ]
INFO: [ view_parse ] --START--
INFO: [ template_filter ] --START--
INFO: Run Behavior\ContentReplaceBehavior [ RunTime:0.000000s ]
INFO: [ template_filter ] --END-- [ RunTime:0.000000s ]
NOTIC: [8] Use of undefined constant ids - assumed 'ids' E:\project\lfs-master\App\Runtime\Cache\Mobile\eaaa4603e659289cf24a7ed1f615185e.php 第 201 行.
NOTIC: [8] Use of undefined constant ids - assumed 'ids' E:\project\lfs-master\App\Runtime\Cache\Mobile\eaaa4603e659289cf24a7ed1f615185e.php 第 201 行.
NOTIC: [8] Use of undefined constant ids - assumed 'ids' E:\project\lfs-master\App\Runtime\Cache\Mobile\eaaa4603e659289cf24a7ed1f615185e.php 第 201 行.
NOTIC: [8] Use of undefined constant ids - assumed 'ids' E:\project\lfs-master\App\Runtime\Cache\Mobile\eaaa4603e659289cf24a7ed1f615185e.php 第 201 行.
INFO: Run Behavior\ParseTemplateBehavior [ RunTime:0.015625s ]
INFO: [ view_parse ] --END-- [ RunTime:0.015625s ]
INFO: [ view_filter ] --START--
INFO: Run Behavior\WriteHtmlCacheBehavior [ RunTime:0.000000s ]
INFO: Run Behavior\TokenBuildBehavior [ RunTime:0.000000s ]
INFO: [ view_filter ] --END-- [ RunTime:0.000000s ]
INFO: [ app_end ] --START--
INFO: Run Behavior\ShowPageTraceBehavior [ RunTime:0.000000s ]
INFO: [ app_end ] --END-- [ RunTime:0.000000s ]

[ 2018-11-27T10:42:46+08:00 ] 47.92.103.177 /index.php/Mobile/Article/pages/id/13/ids/15.html
INFO: [ app_init ] --START--
INFO: Run Behavior\BuildLiteBehavior [ RunTime:0.000000s ]
INFO: [ app_init ] --END-- [ RunTime:0.000000s ]
INFO: [ app_begin ] --START--
INFO: Run Behavior\ReadHtmlCacheBehavior [ RunTime:0.000000s ]
INFO: Run Behavior\CronRunBehavior [ RunTime:0.000000s ]
INFO: [ app_begin ] --END-- [ RunTime:0.000000s ]
SQL: SHOW COLUMNS FROM `web_webconfig` [ RunTime:0.0000s ]
SQL: SELECT * FROM `web_webconfig` WHERE `id` = 1 LIMIT 1   [ RunTime:0.0000s ]
SQL: SHOW COLUMNS FROM `web_links` [ RunTime:0.0156s ]
SQL: SELECT * FROM `web_links`  [ RunTime:0.0000s ]
SQL: SHOW COLUMNS FROM `web_article` [ RunTime:0.0000s ]
SQL: SELECT `art_title`,`id`,`art_type` FROM `web_article` WHERE ( art_type>=8 and art_type<13 )  [ RunTime:0.0000s ]
SQL: SELECT `art_title`,`id`,`art_type` FROM `web_article` WHERE ( art_type=1 )  [ RunTime:0.0000s ]
SQL: SHOW COLUMNS FROM `web_power` [ RunTime:0.0000s ]
SQL: SELECT p.pid,p.name,a.* FROM web_power as p INNER JOIN web_article as a on p.son_id=a.art_type  WHERE (  pid=92 ) AND (  a.art_type<>13 ) GROUP BY p.name ORDER BY id desc  [ RunTime:0.0156s ]
SQL: SELECT p.name FROM web_power as p INNER JOIN web_article as a on p.son_id = a.art_type  WHERE ( a.id=15 ) LIMIT 1   [ RunTime:0.0000s ]
SQL: SELECT p.pid,p.name,a.* FROM web_power as p INNER JOIN web_article as a on p.son_id=a.art_type  WHERE ( a.art_type=15 ) ORDER BY id desc  [ RunTime:0.0000s ]
SQL: SELECT * FROM `web_article` WHERE `id` = 15 LIMIT 1   [ RunTime:0.0000s ]
INFO: [ view_parse ] --START--
INFO: [ template_filter ] --START--
INFO: Run Behavior\ContentReplaceBehavior [ RunTime:0.000000s ]
INFO: [ template_filter ] --END-- [ RunTime:0.000000s ]
NOTIC: [8] Use of undefined constant ids - assumed 'ids' E:\project\lfs-master\App\Runtime\Cache\Mobile\38f57791a5cff46dd66092a6ecb73e03.php 第 85 行.
NOTIC: [8] Use of undefined constant ids - assumed 'ids' E:\project\lfs-master\App\Runtime\Cache\Mobile\38f57791a5cff46dd66092a6ecb73e03.php 第 85 行.
NOTIC: [8] Use of undefined constant ids - assumed 'ids' E:\project\lfs-master\App\Runtime\Cache\Mobile\38f57791a5cff46dd66092a6ecb73e03.php 第 85 行.
NOTIC: [8] Use of undefined constant ids - assumed 'ids' E:\project\lfs-master\App\Runtime\Cache\Mobile\38f57791a5cff46dd66092a6ecb73e03.php 第 85 行.
NOTIC: [8] Use of undefined constant ids - assumed 'ids' E:\project\lfs-master\App\Runtime\Cache\Mobile\38f57791a5cff46dd66092a6ecb73e03.php 第 85 行.
NOTIC: [8] Use of undefined constant ids - assumed 'ids' E:\project\lfs-master\App\Runtime\Cache\Mobile\38f57791a5cff46dd66092a6ecb73e03.php 第 92 行.
NOTIC: [8] Use of undefined constant ids - assumed 'ids' E:\project\lfs-master\App\Runtime\Cache\Mobile\38f57791a5cff46dd66092a6ecb73e03.php 第 92 行.
NOTIC: [8] Use of undefined constant ids - assumed 'ids' E:\project\lfs-master\App\Runtime\Cache\Mobile\38f57791a5cff46dd66092a6ecb73e03.php 第 92 行.
NOTIC: [8] Use of undefined constant ids - assumed 'ids' E:\project\lfs-master\App\Runtime\Cache\Mobile\38f57791a5cff46dd66092a6ecb73e03.php 第 92 行.
NOTIC: [8] Use of undefined constant ids - assumed 'ids' E:\project\lfs-master\App\Runtime\Cache\Mobile\38f57791a5cff46dd66092a6ecb73e03.php 第 92 行.
INFO: Run Behavior\ParseTemplateBehavior [ RunTime:0.015625s ]
INFO: [ view_parse ] --END-- [ RunTime:0.015625s ]
INFO: [ view_filter ] --START--
INFO: Run Behavior\WriteHtmlCacheBehavior [ RunTime:0.000000s ]
INFO: Run Behavior\TokenBuildBehavior [ RunTime:0.000000s ]
INFO: [ view_filter ] --END-- [ RunTime:0.000000s ]
INFO: [ app_end ] --START--
INFO: Run Behavior\ShowPageTraceBehavior [ RunTime:0.000000s ]
INFO: [ app_end ] --END-- [ RunTime:0.000000s ]

[ 2018-11-27T10:44:08+08:00 ] 101.132.182.68 /index.php/Mobile/Article/pages/id/13/ids/19.html
INFO: [ app_init ] --START--
INFO: Run Behavior\BuildLiteBehavior [ RunTime:0.000000s ]
INFO: [ app_init ] --END-- [ RunTime:0.000000s ]
INFO: [ app_begin ] --START--
INFO: Run Behavior\ReadHtmlCacheBehavior [ RunTime:0.000000s ]
INFO: Run Behavior\CronRunBehavior [ RunTime:0.000000s ]
INFO: [ app_begin ] --END-- [ RunTime:0.000000s ]
SQL: SHOW COLUMNS FROM `web_webconfig` [ RunTime:0.0000s ]
SQL: SELECT * FROM `web_webconfig` WHERE `id` = 1 LIMIT 1   [ RunTime:0.0000s ]
SQL: SHOW COLUMNS FROM `web_links` [ RunTime:0.0156s ]
SQL: SELECT * FROM `web_links`  [ RunTime:0.0000s ]
SQL: SHOW COLUMNS FROM `web_article` [ RunTime:0.0000s ]
SQL: SELECT `art_title`,`id`,`art_type` FROM `web_article` WHERE ( art_type>=8 and art_type<13 )  [ RunTime:0.0000s ]
SQL: SELECT `art_title`,`id`,`art_type` FROM `web_article` WHERE ( art_type=1 )  [ RunTime:0.0156s ]
SQL: SHOW COLUMNS FROM `web_power` [ RunTime:0.0000s ]
SQL: SELECT p.pid,p.name,a.* FROM web_power as p INNER JOIN web_article as a on p.son_id=a.art_type  WHERE (  pid=92 ) AND (  a.art_type<>13 ) GROUP BY p.name ORDER BY id desc  [ RunTime:0.0156s ]
SQL: SELECT p.name FROM web_power as p INNER JOIN web_article as a on p.son_id = a.art_type  WHERE ( a.id=19 ) LIMIT 1   [ RunTime:0.0000s ]
SQL: SELECT p.pid,p.name,a.* FROM web_power as p INNER JOIN web_article as a on p.son_id=a.art_type  WHERE ( a.art_type=19 ) ORDER BY id desc  [ RunTime:0.0000s ]
SQL: SELECT * FROM `web_article` WHERE `id` = 19 LIMIT 1   [ RunTime:0.0000s ]
INFO: [ view_parse ] --START--
INFO: [ template_filter ] --START--
INFO: Run Behavior\ContentReplaceBehavior [ RunTime:0.000000s ]
INFO: [ template_filter ] --END-- [ RunTime:0.000000s ]
NOTIC: [8] Use of undefined constant ids - assumed 'ids' E:\project\lfs-master\App\Runtime\Cache\Mobile\38f57791a5cff46dd66092a6ecb73e03.php 第 85 行.
NOTIC: [8] Use of undefined constant ids - assumed 'ids' E:\project\lfs-master\App\Runtime\Cache\Mobile\38f57791a5cff46dd66092a6ecb73e03.php 第 85 行.
NOTIC: [8] Use of undefined constant ids - assumed 'ids' E:\project\lfs-master\App\Runtime\Cache\Mobile\38f57791a5cff46dd66092a6ecb73e03.php 第 85 行.
NOTIC: [8] Use of undefined constant ids - assumed 'ids' E:\project\lfs-master\App\Runtime\Cache\Mobile\38f57791a5cff46dd66092a6ecb73e03.php 第 85 行.
NOTIC: [8] Use of undefined constant ids - assumed 'ids' E:\project\lfs-master\App\Runtime\Cache\Mobile\38f57791a5cff46dd66092a6ecb73e03.php 第 85 行.
NOTIC: [8] Use of undefined constant ids - assumed 'ids' E:\project\lfs-master\App\Runtime\Cache\Mobile\38f57791a5cff46dd66092a6ecb73e03.php 第 92 行.
NOTIC: [8] Use of undefined constant ids - assumed 'ids' E:\project\lfs-master\App\Runtime\Cache\Mobile\38f57791a5cff46dd66092a6ecb73e03.php 第 92 行.
NOTIC: [8] Use of undefined constant ids - assumed 'ids' E:\project\lfs-master\App\Runtime\Cache\Mobile\38f57791a5cff46dd66092a6ecb73e03.php 第 92 行.
NOTIC: [8] Use of undefined constant ids - assumed 'ids' E:\project\lfs-master\App\Runtime\Cache\Mobile\38f57791a5cff46dd66092a6ecb73e03.php 第 92 行.
NOTIC: [8] Use of undefined constant ids - assumed 'ids' E:\project\lfs-master\App\Runtime\Cache\Mobile\38f57791a5cff46dd66092a6ecb73e03.php 第 92 行.
INFO: Run Behavior\ParseTemplateBehavior [ RunTime:0.015625s ]
INFO: [ view_parse ] --END-- [ RunTime:0.015625s ]
INFO: [ view_filter ] --START--
INFO: Run Behavior\WriteHtmlCacheBehavior [ RunTime:0.000000s ]
INFO: Run Behavior\TokenBuildBehavior [ RunTime:0.000000s ]
INFO: [ view_filter ] --END-- [ RunTime:0.000000s ]
INFO: [ app_end ] --START--
INFO: Run Behavior\ShowPageTraceBehavior [ RunTime:0.000000s ]
INFO: [ app_end ] --END-- [ RunTime:0.000000s ]

[ 2018-11-27T10:44:33+08:00 ] 47.92.148.120 /index.php/Mobile/Article/jieshao/id/3/ids/36.html
INFO: [ app_init ] --START--
INFO: Run Behavior\BuildLiteBehavior [ RunTime:0.000000s ]
INFO: [ app_init ] --END-- [ RunTime:0.000000s ]
INFO: [ app_begin ] --START--
INFO: Run Behavior\ReadHtmlCacheBehavior [ RunTime:0.000000s ]
INFO: Run Behavior\CronRunBehavior [ RunTime:0.000000s ]
INFO: [ app_begin ] --END-- [ RunTime:0.000000s ]
SQL: SHOW COLUMNS FROM `web_webconfig` [ RunTime:0.0000s ]
SQL: SELECT * FROM `web_webconfig` WHERE `id` = 1 LIMIT 1   [ RunTime:0.0000s ]
SQL: SHOW COLUMNS FROM `web_links` [ RunTime:0.0156s ]
SQL: SELECT * FROM `web_links`  [ RunTime:0.0000s ]
SQL: SHOW COLUMNS FROM `web_article` [ RunTime:0.0000s ]
SQL: SELECT `art_title`,`id`,`art_type` FROM `web_article` WHERE ( art_type>=8 and art_type<13 )  [ RunTime:0.0000s ]
SQL: SELECT `art_title`,`id`,`art_type` FROM `web_article` WHERE ( art_type=1 )  [ RunTime:0.0000s ]
SQL: SHOW COLUMNS FROM `web_power` [ RunTime:0.0000s ]
SQL: SELECT p.pid,p.name,a.* FROM web_power as p INNER JOIN web_article as a on p.son_id=a.art_type  WHERE (  pid=86 ) GROUP BY p.name ORDER BY id desc  [ RunTime:0.0156s ]
SQL: SELECT p.pid,p.name,a.* FROM web_power as p INNER JOIN web_article as a on p.son_id=a.art_type  WHERE ( a.art_type=36 ) ORDER BY id desc  [ RunTime:0.0000s ]
SQL: SELECT * FROM `web_article` WHERE `id` = 36 LIMIT 1   [ RunTime:0.0000s ]
INFO: [ view_parse ] --START--
INFO: [ template_filter ] --START--
INFO: Run Behavior\ContentReplaceBehavior [ RunTime:0.000000s ]
INFO: [ template_filter ] --END-- [ RunTime:0.000000s ]
INFO: Run Behavior\ParseTemplateBehavior [ RunTime:0.015625s ]
INFO: [ view_parse ] --END-- [ RunTime:0.015625s ]
INFO: [ view_filter ] --START--
INFO: Run Behavior\WriteHtmlCacheBehavior [ RunTime:0.000000s ]
INFO: Run Behavior\TokenBuildBehavior [ RunTime:0.000000s ]
INFO: [ view_filter ] --END-- [ RunTime:0.000000s ]
INFO: [ app_end ] --START--
INFO: Run Behavior\ShowPageTraceBehavior [ RunTime:0.000000s ]
INFO: [ app_end ] --END-- [ RunTime:0.000000s ]

[ 2018-11-27T11:38:52+08:00 ] 106.15.229.102 /index.php/Mobile/Article/products/id/3/ids/36.html
INFO: [ app_init ] --START--
INFO: Run Behavior\BuildLiteBehavior [ RunTime:0.000000s ]
INFO: [ app_init ] --END-- [ RunTime:0.000000s ]
INFO: [ app_begin ] --START--
INFO: Run Behavior\ReadHtmlCacheBehavior [ RunTime:0.000000s ]
INFO: Run Behavior\CronRunBehavior [ RunTime:0.000000s ]
INFO: [ app_begin ] --END-- [ RunTime:0.000000s ]
SQL: SHOW COLUMNS FROM `web_webconfig` [ RunTime:0.0000s ]
SQL: SELECT * FROM `web_webconfig` WHERE `id` = 1 LIMIT 1   [ RunTime:0.0000s ]
SQL: SHOW COLUMNS FROM `web_links` [ RunTime:0.0156s ]
SQL: SELECT * FROM `web_links`  [ RunTime:0.0000s ]
SQL: SHOW COLUMNS FROM `web_article` [ RunTime:0.0000s ]
SQL: SELECT `id`,`art_title`,`art_img`,`art_type`,`art_info` FROM `web_article` WHERE ( art_type=1 )  [ RunTime:0.0000s ]
SQL: SHOW COLUMNS FROM `web_power` [ RunTime:0.0000s ]
SQL: SELECT p.name FROM web_power as p INNER JOIN web_article as a on p.son_id = a.art_type  WHERE ( a.id=36 ) LIMIT 1   [ RunTime:0.0000s ]
SQL: SELECT p.pid,p.id,p.name,a.* FROM web_power as p INNER JOIN web_article as a on p.son_id=a.art_type  WHERE ( p.pid=86 ) GROUP BY p.name ORDER BY p.id  [ RunTime:0.0156s ]
SQL: SELECT COUNT(*) AS tp_count FROM `web_article` WHERE `art_status` = 1 AND `art_type` = 3 LIMIT 1   [ RunTime:0.0000s ]
SQL: SELECT p.pid,p.name,a.* FROM web_power as p INNER JOIN web_article as a on p.son_id=a.art_type  WHERE ( a.art_type=3 ) ORDER BY id desc  [ RunTime:0.0000s ]
INFO: [ view_parse ] --START--
INFO: [ template_filter ] --START--
INFO: Run Behavior\ContentReplaceBehavior [ RunTime:0.000000s ]
INFO: [ template_filter ] --END-- [ RunTime:0.000000s ]
NOTIC: [8] Undefined variable: page E:\project\lfs-master\App\Runtime\Cache\Mobile\66d5384ed3f8eddfdb1e588e4d49cf79.php 第 127 行.
INFO: Run Behavior\ParseTemplateBehavior [ RunTime:0.015625s ]
INFO: [ view_parse ] --END-- [ RunTime:0.015625s ]
INFO: [ view_filter ] --START--
INFO: Run Behavior\WriteHtmlCacheBehavior [ RunTime:0.000000s ]
INFO: Run Behavior\TokenBuildBehavior [ RunTime:0.000000s ]
INFO: [ view_filter ] --END-- [ RunTime:0.000000s ]
INFO: [ app_end ] --START--
INFO: Run Behavior\ShowPageTraceBehavior [ RunTime:0.000000s ]
INFO: [ app_end ] --END-- [ RunTime:0.000000s ]

[ 2018-11-27T11:52:16+08:00 ] 101.132.177.14 /index.php/Mobile/Article/pages/id/13/ids/11.html
INFO: [ app_init ] --START--
INFO: Run Behavior\BuildLiteBehavior [ RunTime:0.000000s ]
INFO: [ app_init ] --END-- [ RunTime:0.000000s ]
INFO: [ app_begin ] --START--
INFO: Run Behavior\ReadHtmlCacheBehavior [ RunTime:0.000000s ]
INFO: Run Behavior\CronRunBehavior [ RunTime:0.000000s ]
INFO: [ app_begin ] --END-- [ RunTime:0.000000s ]
SQL: SHOW COLUMNS FROM `web_webconfig` [ RunTime:0.0156s ]
SQL: SELECT * FROM `web_webconfig` WHERE `id` = 1 LIMIT 1   [ RunTime:0.0000s ]
SQL: SHOW COLUMNS FROM `web_links` [ RunTime:0.0000s ]
SQL: SELECT * FROM `web_links`  [ RunTime:0.0000s ]
SQL: SHOW COLUMNS FROM `web_article` [ RunTime:0.0000s ]
SQL: SELECT `art_title`,`id`,`art_type` FROM `web_article` WHERE ( art_type>=8 and art_type<13 )  [ RunTime:0.0000s ]
SQL: SELECT `art_title`,`id`,`art_type` FROM `web_article` WHERE ( art_type=1 )  [ RunTime:0.0000s ]
SQL: SHOW COLUMNS FROM `web_power` [ RunTime:0.0156s ]
SQL: SELECT p.pid,p.name,a.* FROM web_power as p INNER JOIN web_article as a on p.son_id=a.art_type  WHERE (  pid=92 ) AND (  a.art_type<>13 ) GROUP BY p.name ORDER BY id desc  [ RunTime:0.0000s ]
SQL: SELECT p.name FROM web_power as p INNER JOIN web_article as a on p.son_id = a.art_type  WHERE ( a.id=11 ) LIMIT 1   [ RunTime:0.0000s ]
SQL: SELECT p.pid,p.name,a.* FROM web_power as p INNER JOIN web_article as a on p.son_id=a.art_type  WHERE ( a.art_type=11 ) ORDER BY id desc  [ RunTime:0.0000s ]
SQL: SELECT * FROM `web_article` WHERE `id` = 11 LIMIT 1   [ RunTime:0.0000s ]
INFO: [ view_parse ] --START--
INFO: [ template_filter ] --START--
INFO: Run Behavior\ContentReplaceBehavior [ RunTime:0.000000s ]
INFO: [ template_filter ] --END-- [ RunTime:0.000000s ]
NOTIC: [8] Use of undefined constant ids - assumed 'ids' E:\project\lfs-master\App\Runtime\Cache\Mobile\38f57791a5cff46dd66092a6ecb73e03.php 第 85 行.
NOTIC: [8] Use of undefined constant ids - assumed 'ids' E:\project\lfs-master\App\Runtime\Cache\Mobile\38f57791a5cff46dd66092a6ecb73e03.php 第 85 行.
NOTIC: [8] Use of undefined constant ids - assumed 'ids' E:\project\lfs-master\App\Runtime\Cache\Mobile\38f57791a5cff46dd66092a6ecb73e03.php 第 85 行.
NOTIC: [8] Use of undefined constant ids - assumed 'ids' E:\project\lfs-master\App\Runtime\Cache\Mobile\38f57791a5cff46dd66092a6ecb73e03.php 第 85 行.
NOTIC: [8] Use of undefined constant ids - assumed 'ids' E:\project\lfs-master\App\Runtime\Cache\Mobile\38f57791a5cff46dd66092a6ecb73e03.php 第 85 行.
NOTIC: [8] Use of undefined constant ids - assumed 'ids' E:\project\lfs-master\App\Runtime\Cache\Mobile\38f57791a5cff46dd66092a6ecb73e03.php 第 92 行.
NOTIC: [8] Use of undefined constant ids - assumed 'ids' E:\project\lfs-master\App\Runtime\Cache\Mobile\38f57791a5cff46dd66092a6ecb73e03.php 第 92 行.
NOTIC: [8] Use of undefined constant ids - assumed 'ids' E:\project\lfs-master\App\Runtime\Cache\Mobile\38f57791a5cff46dd66092a6ecb73e03.php 第 92 行.
NOTIC: [8] Use of undefined constant ids - assumed 'ids' E:\project\lfs-master\App\Runtime\Cache\Mobile\38f57791a5cff46dd66092a6ecb73e03.php 第 92 行.
NOTIC: [8] Use of undefined constant ids - assumed 'ids' E:\project\lfs-master\App\Runtime\Cache\Mobile\38f57791a5cff46dd66092a6ecb73e03.php 第 92 行.
INFO: Run Behavior\ParseTemplateBehavior [ RunTime:0.015625s ]
INFO: [ view_parse ] --END-- [ RunTime:0.015625s ]
INFO: [ view_filter ] --START--
INFO: Run Behavior\WriteHtmlCacheBehavior [ RunTime:0.000000s ]
INFO: Run Behavior\TokenBuildBehavior [ RunTime:0.000000s ]
INFO: [ view_filter ] --END-- [ RunTime:0.000000s ]
INFO: [ app_end ] --START--
INFO: Run Behavior\ShowPageTraceBehavior [ RunTime:0.000000s ]
INFO: [ app_end ] --END-- [ RunTime:0.000000s ]

[ 2018-11-27T11:55:37+08:00 ] 106.15.191.180 /index.php/mobile/article/jieshao/id/4/ids/116.html
INFO: [ app_init ] --START--
INFO: Run Behavior\BuildLiteBehavior [ RunTime:0.000000s ]
INFO: [ app_init ] --END-- [ RunTime:0.000000s ]
INFO: [ app_begin ] --START--
INFO: Run Behavior\ReadHtmlCacheBehavior [ RunTime:0.000000s ]
INFO: Run Behavior\CronRunBehavior [ RunTime:0.000000s ]
INFO: [ app_begin ] --END-- [ RunTime:0.000000s ]
SQL: SHOW COLUMNS FROM `web_webconfig` [ RunTime:0.0000s ]
SQL: SELECT * FROM `web_webconfig` WHERE `id` = 1 LIMIT 1   [ RunTime:0.0000s ]
SQL: SHOW COLUMNS FROM `web_links` [ RunTime:0.0156s ]
SQL: SELECT * FROM `web_links`  [ RunTime:0.0000s ]
SQL: SHOW COLUMNS FROM `web_article` [ RunTime:0.0000s ]
SQL: SELECT `art_title`,`id`,`art_type` FROM `web_article` WHERE ( art_type>=8 and art_type<13 )  [ RunTime:0.0000s ]
SQL: SELECT `art_title`,`id`,`art_type` FROM `web_article` WHERE ( art_type=1 )  [ RunTime:0.0000s ]
SQL: SHOW COLUMNS FROM `web_power` [ RunTime:0.0156s ]
SQL: SELECT p.pid,p.name,a.* FROM web_power as p INNER JOIN web_article as a on p.son_id=a.art_type  WHERE (  pid=86 ) GROUP BY p.name ORDER BY id desc  [ RunTime:0.0156s ]
SQL: SELECT p.pid,p.name,a.* FROM web_power as p INNER JOIN web_article as a on p.son_id=a.art_type  WHERE ( a.art_type=116 ) ORDER BY id desc  [ RunTime:0.0000s ]
SQL: SELECT * FROM `web_article` WHERE `id` = 116 LIMIT 1   [ RunTime:0.0000s ]
INFO: [ view_parse ] --START--
INFO: [ template_filter ] --START--
INFO: Run Behavior\ContentReplaceBehavior [ RunTime:0.000000s ]
INFO: [ template_filter ] --END-- [ RunTime:0.000000s ]
INFO: Run Behavior\ParseTemplateBehavior [ RunTime:0.015625s ]
INFO: [ view_parse ] --END-- [ RunTime:0.015625s ]
INFO: [ view_filter ] --START--
INFO: Run Behavior\WriteHtmlCacheBehavior [ RunTime:0.000000s ]
INFO: Run Behavior\TokenBuildBehavior [ RunTime:0.000000s ]
INFO: [ view_filter ] --END-- [ RunTime:0.000000s ]
INFO: [ app_end ] --START--
INFO: Run Behavior\ShowPageTraceBehavior [ RunTime:0.000000s ]
INFO: [ app_end ] --END-- [ RunTime:0.000000s ]

[ 2018-11-27T12:02:01+08:00 ] 47.92.71.118 /index.php/Mobile/Article/jieshao/id/3/ids/37.html
INFO: [ app_init ] --START--
INFO: Run Behavior\BuildLiteBehavior [ RunTime:0.000000s ]
INFO: [ app_init ] --END-- [ RunTime:0.000000s ]
INFO: [ app_begin ] --START--
INFO: Run Behavior\ReadHtmlCacheBehavior [ RunTime:0.000000s ]
INFO: Run Behavior\CronRunBehavior [ RunTime:0.000000s ]
INFO: [ app_begin ] --END-- [ RunTime:0.000000s ]
SQL: SHOW COLUMNS FROM `web_webconfig` [ RunTime:0.0000s ]
SQL: SELECT * FROM `web_webconfig` WHERE `id` = 1 LIMIT 1   [ RunTime:0.0000s ]
SQL: SHOW COLUMNS FROM `web_links` [ RunTime:0.0156s ]
SQL: SELECT * FROM `web_links`  [ RunTime:0.0000s ]
SQL: SHOW COLUMNS FROM `web_article` [ RunTime:0.0000s ]
SQL: SELECT `art_title`,`id`,`art_type` FROM `web_article` WHERE ( art_type>=8 and art_type<13 )  [ RunTime:0.0000s ]
SQL: SELECT `art_title`,`id`,`art_type` FROM `web_article` WHERE ( art_type=1 )  [ RunTime:0.0000s ]
SQL: SHOW COLUMNS FROM `web_power` [ RunTime:0.0000s ]
SQL: SELECT p.pid,p.name,a.* FROM web_power as p INNER JOIN web_article as a on p.son_id=a.art_type  WHERE (  pid=86 ) GROUP BY p.name ORDER BY id desc  [ RunTime:0.0156s ]
SQL: SELECT p.pid,p.name,a.* FROM web_power as p INNER JOIN web_article as a on p.son_id=a.art_type  WHERE ( a.art_type=37 ) ORDER BY id desc  [ RunTime:0.0000s ]
SQL: SELECT * FROM `web_article` WHERE `id` = 37 LIMIT 1   [ RunTime:0.0000s ]
INFO: [ view_parse ] --START--
INFO: [ template_filter ] --START--
INFO: Run Behavior\ContentReplaceBehavior [ RunTime:0.000000s ]
INFO: [ template_filter ] --END-- [ RunTime:0.000000s ]
INFO: Run Behavior\ParseTemplateBehavior [ RunTime:0.015625s ]
INFO: [ view_parse ] --END-- [ RunTime:0.015625s ]
INFO: [ view_filter ] --START--
INFO: Run Behavior\WriteHtmlCacheBehavior [ RunTime:0.000000s ]
INFO: Run Behavior\TokenBuildBehavior [ RunTime:0.000000s ]
INFO: [ view_filter ] --END-- [ RunTime:0.000000s ]
INFO: [ app_end ] --START--
INFO: Run Behavior\ShowPageTraceBehavior [ RunTime:0.000000s ]
INFO: [ app_end ] --END-- [ RunTime:0.000000s ]

[ 2018-11-27T12:20:44+08:00 ] 47.92.138.160 /index.php/mobile/article/activity/id/6/ids/95.html
INFO: [ app_init ] --START--
INFO: Run Behavior\BuildLiteBehavior [ RunTime:0.000000s ]
INFO: [ app_init ] --END-- [ RunTime:0.000000s ]
INFO: [ app_begin ] --START--
INFO: Run Behavior\ReadHtmlCacheBehavior [ RunTime:0.000000s ]
INFO: Run Behavior\CronRunBehavior [ RunTime:0.000000s ]
INFO: [ app_begin ] --END-- [ RunTime:0.000000s ]
SQL: SHOW COLUMNS FROM `web_webconfig` [ RunTime:0.0000s ]
SQL: SELECT * FROM `web_webconfig` WHERE `id` = 1 LIMIT 1   [ RunTime:0.0000s ]
SQL: SHOW COLUMNS FROM `web_links` [ RunTime:0.0156s ]
SQL: SELECT * FROM `web_links`  [ RunTime:0.0000s ]
SQL: SHOW COLUMNS FROM `web_article` [ RunTime:0.0000s ]
SQL: SELECT `art_title`,`id`,`art_type` FROM `web_article` WHERE ( art_type>=8 and art_type<13 )  [ RunTime:0.0000s ]
SQL: SELECT `art_title`,`id`,`art_type` FROM `web_article` WHERE ( art_type=1 )  [ RunTime:0.0000s ]
SQL: SHOW COLUMNS FROM `web_power` [ RunTime:0.0000s ]
SQL: SELECT p.pid,p.name,a.* FROM web_power as p INNER JOIN web_article as a on p.son_id=a.art_type  WHERE (  pid=92 ) AND (  a.art_type<>13 ) GROUP BY p.name ORDER BY id desc  [ RunTime:0.0156s ]
SQL: SELECT p.name FROM web_power as p INNER JOIN web_article as a on p.son_id = a.art_type  WHERE ( a.id=95 ) LIMIT 1   [ RunTime:0.0000s ]
SQL: SELECT p.pid,p.name,a.* FROM web_power as p INNER JOIN web_article as a on p.son_id=a.art_type  WHERE ( a.art_type=95 ) ORDER BY id desc  [ RunTime:0.0000s ]
SQL: SELECT * FROM `web_article` WHERE `id` = 95 LIMIT 1   [ RunTime:0.0000s ]
INFO: [ view_parse ] --START--
INFO: [ template_filter ] --START--
INFO: Run Behavior\ContentReplaceBehavior [ RunTime:0.000000s ]
INFO: [ template_filter ] --END-- [ RunTime:0.000000s ]
NOTIC: [8] Use of undefined constant ids - assumed 'ids' E:\project\lfs-master\App\Runtime\Cache\Mobile\a598dc77264ab16aad6d4a7cc59bc4ec.php 第 45 行.
NOTIC: [8] Use of undefined constant ids - assumed 'ids' E:\project\lfs-master\App\Runtime\Cache\Mobile\a598dc77264ab16aad6d4a7cc59bc4ec.php 第 45 行.
NOTIC: [8] Use of undefined constant ids - assumed 'ids' E:\project\lfs-master\App\Runtime\Cache\Mobile\a598dc77264ab16aad6d4a7cc59bc4ec.php 第 45 行.
NOTIC: [8] Use of undefined constant ids - assumed 'ids' E:\project\lfs-master\App\Runtime\Cache\Mobile\a598dc77264ab16aad6d4a7cc59bc4ec.php 第 45 行.
NOTIC: [8] Use of undefined constant ids - assumed 'ids' E:\project\lfs-master\App\Runtime\Cache\Mobile\a598dc77264ab16aad6d4a7cc59bc4ec.php 第 45 行.
INFO: Run Behavior\ParseTemplateBehavior [ RunTime:0.015625s ]
INFO: [ view_parse ] --END-- [ RunTime:0.015625s ]
INFO: [ view_filter ] --START--
INFO: Run Behavior\WriteHtmlCacheBehavior [ RunTime:0.000000s ]
INFO: Run Behavior\TokenBuildBehavior [ RunTime:0.000000s ]
INFO: [ view_filter ] --END-- [ RunTime:0.000000s ]
INFO: [ app_end ] --START--
INFO: Run Behavior\ShowPageTraceBehavior [ RunTime:0.000000s ]
INFO: [ app_end ] --END-- [ RunTime:0.000000s ]

[ 2018-11-27T12:38:54+08:00 ] 120.79.184.41 /index.php/Mobile/Article/pages/id/10/ids/22.html
INFO: [ app_init ] --START--
INFO: Run Behavior\BuildLiteBehavior [ RunTime:0.000000s ]
INFO: [ app_init ] --END-- [ RunTime:0.000000s ]
INFO: [ app_begin ] --START--
INFO: Run Behavior\ReadHtmlCacheBehavior [ RunTime:0.000000s ]
INFO: Run Behavior\CronRunBehavior [ RunTime:0.000000s ]
INFO: [ app_begin ] --END-- [ RunTime:0.000000s ]
SQL: SHOW COLUMNS FROM `web_webconfig` [ RunTime:0.0000s ]
SQL: SELECT * FROM `web_webconfig` WHERE `id` = 1 LIMIT 1   [ RunTime:0.0000s ]
SQL: SHOW COLUMNS FROM `web_links` [ RunTime:0.0156s ]
SQL: SELECT * FROM `web_links`  [ RunTime:0.0000s ]
SQL: SHOW COLUMNS FROM `web_article` [ RunTime:0.0000s ]
SQL: SELECT `art_title`,`id`,`art_type` FROM `web_article` WHERE ( art_type>=8 and art_type<13 )  [ RunTime:0.0000s ]
SQL: SELECT `art_title`,`id`,`art_type` FROM `web_article` WHERE ( art_type=1 )  [ RunTime:0.0000s ]
SQL: SHOW COLUMNS FROM `web_power` [ RunTime:0.0000s ]
SQL: SELECT p.pid,p.name,a.* FROM web_power as p INNER JOIN web_article as a on p.son_id=a.art_type  WHERE (  pid=92 ) AND (  a.art_type<>13 ) GROUP BY p.name ORDER BY id desc  [ RunTime:0.0156s ]
SQL: SELECT p.name FROM web_power as p INNER JOIN web_article as a on p.son_id = a.art_type  WHERE ( a.id=22 ) LIMIT 1   [ RunTime:0.0000s ]
SQL: SELECT p.pid,p.name,a.* FROM web_power as p INNER JOIN web_article as a on p.son_id=a.art_type  WHERE ( a.art_type=22 ) ORDER BY id desc  [ RunTime:0.0000s ]
SQL: SELECT * FROM `web_article` WHERE `id` = 22 LIMIT 1   [ RunTime:0.0000s ]
INFO: [ view_parse ] --START--
INFO: [ template_filter ] --START--
INFO: Run Behavior\ContentReplaceBehavior [ RunTime:0.000000s ]
INFO: [ template_filter ] --END-- [ RunTime:0.000000s ]
NOTIC: [8] Use of undefined constant ids - assumed 'ids' E:\project\lfs-master\App\Runtime\Cache\Mobile\38f57791a5cff46dd66092a6ecb73e03.php 第 85 行.
NOTIC: [8] Use of undefined constant ids - assumed 'ids' E:\project\lfs-master\App\Runtime\Cache\Mobile\38f57791a5cff46dd66092a6ecb73e03.php 第 85 行.
NOTIC: [8] Use of undefined constant ids - assumed 'ids' E:\project\lfs-master\App\Runtime\Cache\Mobile\38f57791a5cff46dd66092a6ecb73e03.php 第 85 行.
NOTIC: [8] Use of undefined constant ids - assumed 'ids' E:\project\lfs-master\App\Runtime\Cache\Mobile\38f57791a5cff46dd66092a6ecb73e03.php 第 85 行.
NOTIC: [8] Use of undefined constant ids - assumed 'ids' E:\project\lfs-master\App\Runtime\Cache\Mobile\38f57791a5cff46dd66092a6ecb73e03.php 第 85 行.
NOTIC: [8] Use of undefined constant ids - assumed 'ids' E:\project\lfs-master\App\Runtime\Cache\Mobile\38f57791a5cff46dd66092a6ecb73e03.php 第 92 行.
NOTIC: [8] Use of undefined constant ids - assumed 'ids' E:\project\lfs-master\App\Runtime\Cache\Mobile\38f57791a5cff46dd66092a6ecb73e03.php 第 92 行.
NOTIC: [8] Use of undefined constant ids - assumed 'ids' E:\project\lfs-master\App\Runtime\Cache\Mobile\38f57791a5cff46dd66092a6ecb73e03.php 第 92 行.
NOTIC: [8] Use of undefined constant ids - assumed 'ids' E:\project\lfs-master\App\Runtime\Cache\Mobile\38f57791a5cff46dd66092a6ecb73e03.php 第 92 行.
NOTIC: [8] Use of undefined constant ids - assumed 'ids' E:\project\lfs-master\App\Runtime\Cache\Mobile\38f57791a5cff46dd66092a6ecb73e03.php 第 92 行.
INFO: Run Behavior\ParseTemplateBehavior [ RunTime:0.015625s ]
INFO: [ view_parse ] --END-- [ RunTime:0.015625s ]
INFO: [ view_filter ] --START--
INFO: Run Behavior\WriteHtmlCacheBehavior [ RunTime:0.000000s ]
INFO: Run Behavior\TokenBuildBehavior [ RunTime:0.000000s ]
INFO: [ view_filter ] --END-- [ RunTime:0.000000s ]
INFO: [ app_end ] --START--
INFO: Run Behavior\ShowPageTraceBehavior [ RunTime:0.000000s ]
INFO: [ app_end ] --END-- [ RunTime:0.000000s ]

[ 2018-11-27T19:00:58+08:00 ] 203.208.60.62 /index.php/mobile/article/jieshao/id/4/ids/116.html
INFO: [ app_init ] --START--
INFO: Run Behavior\BuildLiteBehavior [ RunTime:0.000000s ]
INFO: [ app_init ] --END-- [ RunTime:0.000000s ]
INFO: [ app_begin ] --START--
INFO: Run Behavior\ReadHtmlCacheBehavior [ RunTime:0.000000s ]
INFO: Run Behavior\CronRunBehavior [ RunTime:0.000000s ]
INFO: [ app_begin ] --END-- [ RunTime:0.000000s ]
SQL: SHOW COLUMNS FROM `web_webconfig` [ RunTime:0.0000s ]
SQL: SELECT * FROM `web_webconfig` WHERE `id` = 1 LIMIT 1   [ RunTime:0.0000s ]
SQL: SHOW COLUMNS FROM `web_links` [ RunTime:0.0000s ]
SQL: SELECT * FROM `web_links`  [ RunTime:0.0000s ]
SQL: SHOW COLUMNS FROM `web_article` [ RunTime:0.0000s ]
SQL: SELECT `art_title`,`id`,`art_type` FROM `web_article` WHERE ( art_type>=8 and art_type<13 )  [ RunTime:0.0000s ]
SQL: SELECT `art_title`,`id`,`art_type` FROM `web_article` WHERE ( art_type=1 )  [ RunTime:0.0000s ]
SQL: SHOW COLUMNS FROM `web_power` [ RunTime:0.0000s ]
SQL: SELECT p.pid,p.name,a.* FROM web_power as p INNER JOIN web_article as a on p.son_id=a.art_type  WHERE (  pid=86 ) GROUP BY p.name ORDER BY id desc  [ RunTime:0.0000s ]
SQL: SELECT p.pid,p.name,a.* FROM web_power as p INNER JOIN web_article as a on p.son_id=a.art_type  WHERE ( a.art_type=116 ) ORDER BY id desc  [ RunTime:0.0000s ]
SQL: SELECT * FROM `web_article` WHERE `id` = 116 LIMIT 1   [ RunTime:0.0000s ]
INFO: [ view_parse ] --START--
INFO: [ template_filter ] --START--
INFO: Run Behavior\ContentReplaceBehavior [ RunTime:0.000000s ]
INFO: [ template_filter ] --END-- [ RunTime:0.000000s ]
INFO: Run Behavior\ParseTemplateBehavior [ RunTime:0.015625s ]
INFO: [ view_parse ] --END-- [ RunTime:0.015625s ]
INFO: [ view_filter ] --START--
INFO: Run Behavior\WriteHtmlCacheBehavior [ RunTime:0.000000s ]
INFO: Run Behavior\TokenBuildBehavior [ RunTime:0.000000s ]
INFO: [ view_filter ] --END-- [ RunTime:0.000000s ]
INFO: [ app_end ] --START--
INFO: Run Behavior\ShowPageTraceBehavior [ RunTime:0.000000s ]
INFO: [ app_end ] --END-- [ RunTime:0.000000s ]

[ 2018-11-27T22:02:20+08:00 ] 203.208.60.9 /Mobile/Index/index.html
INFO: [ app_init ] --START--
INFO: Run Behavior\BuildLiteBehavior [ RunTime:0.000000s ]
INFO: [ app_init ] --END-- [ RunTime:0.000000s ]
INFO: [ app_begin ] --START--
INFO: Run Behavior\ReadHtmlCacheBehavior [ RunTime:0.000000s ]
INFO: Run Behavior\CronRunBehavior [ RunTime:0.000000s ]
INFO: [ app_begin ] --END-- [ RunTime:0.000000s ]
SQL: SHOW COLUMNS FROM `web_webconfig` [ RunTime:0.0000s ]
SQL: SELECT * FROM `web_webconfig` WHERE `id` = 1 LIMIT 1   [ RunTime:0.0000s ]
SQL: SHOW COLUMNS FROM `web_links` [ RunTime:0.0000s ]
SQL: SELECT * FROM `web_links`  [ RunTime:0.0000s ]
SQL: SHOW COLUMNS FROM `web_article` [ RunTime:0.0000s ]
SQL: SHOW COLUMNS FROM `web_picture` [ RunTime:0.0000s ]
SQL: SHOW COLUMNS FROM `web_print` [ RunTime:0.0000s ]
SQL: SELECT * FROM `web_picture` WHERE `type` = 1 AND `status` = 1 ORDER BY id desc LIMIT 3   [ RunTime:0.0000s ]
SQL: SELECT * FROM `web_print` ORDER BY id desc LIMIT 4   [ RunTime:0.0000s ]
SQL: SELECT `art_title`,`id`,`art_type`,`art_info`,`art_img` FROM `web_article` WHERE ( art_type=7 ) ORDER BY id desc LIMIT 4   [ RunTime:0.0000s ]
INFO: [ view_parse ] --START--
INFO: [ template_filter ] --START--
INFO: Run Behavior\ContentReplaceBehavior [ RunTime:0.000000s ]
INFO: [ template_filter ] --END-- [ RunTime:0.000000s ]
NOTIC: [8] Use of undefined constant ids - assumed 'ids' E:\project\lfs-master\App\Runtime\Cache\Mobile\eaaa4603e659289cf24a7ed1f615185e.php 第 201 行.
NOTIC: [8] Use of undefined constant ids - assumed 'ids' E:\project\lfs-master\App\Runtime\Cache\Mobile\eaaa4603e659289cf24a7ed1f615185e.php 第 201 行.
NOTIC: [8] Use of undefined constant ids - assumed 'ids' E:\project\lfs-master\App\Runtime\Cache\Mobile\eaaa4603e659289cf24a7ed1f615185e.php 第 201 行.
NOTIC: [8] Use of undefined constant ids - assumed 'ids' E:\project\lfs-master\App\Runtime\Cache\Mobile\eaaa4603e659289cf24a7ed1f615185e.php 第 201 行.
INFO: Run Behavior\ParseTemplateBehavior [ RunTime:0.015625s ]
INFO: [ view_parse ] --END-- [ RunTime:0.015625s ]
INFO: [ view_filter ] --START--
INFO: Run Behavior\WriteHtmlCacheBehavior [ RunTime:0.000000s ]
INFO: Run Behavior\TokenBuildBehavior [ RunTime:0.000000s ]
INFO: [ view_filter ] --END-- [ RunTime:0.000000s ]
INFO: [ app_end ] --START--
INFO: Run Behavior\ShowPageTraceBehavior [ RunTime:0.000000s ]
INFO: [ app_end ] --END-- [ RunTime:0.000000s ]

[ 2018-11-27T22:07:09+08:00 ] 203.208.60.0 /index.php/Mobile/Article/products/id/5/ids/33.html
INFO: [ app_init ] --START--
INFO: Run Behavior\BuildLiteBehavior [ RunTime:0.000000s ]
INFO: [ app_init ] --END-- [ RunTime:0.000000s ]
INFO: [ app_begin ] --START--
INFO: Run Behavior\ReadHtmlCacheBehavior [ RunTime:0.000000s ]
INFO: Run Behavior\CronRunBehavior [ RunTime:0.000000s ]
INFO: [ app_begin ] --END-- [ RunTime:0.000000s ]
SQL: SHOW COLUMNS FROM `web_webconfig` [ RunTime:0.0000s ]
SQL: SELECT * FROM `web_webconfig` WHERE `id` = 1 LIMIT 1   [ RunTime:0.0000s ]
SQL: SHOW COLUMNS FROM `web_links` [ RunTime:0.0156s ]
SQL: SELECT * FROM `web_links`  [ RunTime:0.0000s ]
SQL: SHOW COLUMNS FROM `web_article` [ RunTime:0.0000s ]
SQL: SELECT `id`,`art_title`,`art_img`,`art_type`,`art_info` FROM `web_article` WHERE ( art_type=1 )  [ RunTime:0.0000s ]
SQL: SHOW COLUMNS FROM `web_power` [ RunTime:0.0000s ]
SQL: SELECT p.name FROM web_power as p INNER JOIN web_article as a on p.son_id = a.art_type  WHERE ( a.id=33 ) LIMIT 1   [ RunTime:0.0000s ]
SQL: SELECT p.pid,p.id,p.name,a.* FROM web_power as p INNER JOIN web_article as a on p.son_id=a.art_type  WHERE ( p.pid=86 ) GROUP BY p.name ORDER BY p.id  [ RunTime:0.0156s ]
SQL: SELECT COUNT(*) AS tp_count FROM `web_article` WHERE `art_status` = 1 AND `art_type` = 5 LIMIT 1   [ RunTime:0.0000s ]
SQL: SELECT p.pid,p.name,a.* FROM web_power as p INNER JOIN web_article as a on p.son_id=a.art_type  WHERE ( a.art_type=5 ) ORDER BY id desc  [ RunTime:0.0000s ]
INFO: [ view_parse ] --START--
INFO: [ template_filter ] --START--
INFO: Run Behavior\ContentReplaceBehavior [ RunTime:0.000000s ]
INFO: [ template_filter ] --END-- [ RunTime:0.000000s ]
NOTIC: [8] Undefined variable: page E:\project\lfs-master\App\Runtime\Cache\Mobile\66d5384ed3f8eddfdb1e588e4d49cf79.php 第 127 行.
INFO: Run Behavior\ParseTemplateBehavior [ RunTime:0.015625s ]
INFO: [ view_parse ] --END-- [ RunTime:0.015625s ]
INFO: [ view_filter ] --START--
INFO: Run Behavior\WriteHtmlCacheBehavior [ RunTime:0.000000s ]
INFO: Run Behavior\TokenBuildBehavior [ RunTime:0.000000s ]
INFO: [ view_filter ] --END-- [ RunTime:0.000000s ]
INFO: [ app_end ] --START--
INFO: Run Behavior\ShowPageTraceBehavior [ RunTime:0.000000s ]
INFO: [ app_end ] --END-- [ RunTime:0.000000s ]

